ARM GAS  C:\Users\30806\AppData\Local\Temp\ccctOJVd.s 			page 1


   1              		.cpu cortex-m4
   2              		.arch armv7e-m
   3              		.fpu fpv4-sp-d16
   4              		.eabi_attribute 27, 1
   5              		.eabi_attribute 28, 1
   6              		.eabi_attribute 20, 1
   7              		.eabi_attribute 21, 1
   8              		.eabi_attribute 23, 3
   9              		.eabi_attribute 24, 1
  10              		.eabi_attribute 25, 1
  11              		.eabi_attribute 26, 1
  12              		.eabi_attribute 30, 1
  13              		.eabi_attribute 34, 1
  14              		.eabi_attribute 18, 4
  15              		.file	"stm32f4xx_it.c"
  16              		.text
  17              	.Ltext0:
  18              		.cfi_sections	.debug_frame
  19              		.section	.text.NMI_Handler,"ax",%progbits
  20              		.align	1
  21              		.global	NMI_Handler
  22              		.syntax unified
  23              		.thumb
  24              		.thumb_func
  26              	NMI_Handler:
  27              	.LFB139:
  28              		.file 1 "Core/Src/stm32f4xx_it.c"
   1:Core/Src/stm32f4xx_it.c **** /* USER CODE BEGIN Header */
   2:Core/Src/stm32f4xx_it.c **** /**
   3:Core/Src/stm32f4xx_it.c ****   ******************************************************************************
   4:Core/Src/stm32f4xx_it.c ****   * @file    stm32f4xx_it.c
   5:Core/Src/stm32f4xx_it.c ****   * @brief   Interrupt Service Routines.
   6:Core/Src/stm32f4xx_it.c ****   ******************************************************************************
   7:Core/Src/stm32f4xx_it.c ****   * @attention
   8:Core/Src/stm32f4xx_it.c ****   *
   9:Core/Src/stm32f4xx_it.c ****   * Copyright (c) 2024 STMicroelectronics.
  10:Core/Src/stm32f4xx_it.c ****   * All rights reserved.
  11:Core/Src/stm32f4xx_it.c ****   *
  12:Core/Src/stm32f4xx_it.c ****   * This software is licensed under terms that can be found in the LICENSE file
  13:Core/Src/stm32f4xx_it.c ****   * in the root directory of this software component.
  14:Core/Src/stm32f4xx_it.c ****   * If no LICENSE file comes with this software, it is provided AS-IS.
  15:Core/Src/stm32f4xx_it.c ****   *
  16:Core/Src/stm32f4xx_it.c ****   ******************************************************************************
  17:Core/Src/stm32f4xx_it.c ****   */
  18:Core/Src/stm32f4xx_it.c **** /* USER CODE END Header */
  19:Core/Src/stm32f4xx_it.c **** 
  20:Core/Src/stm32f4xx_it.c **** /* Includes ------------------------------------------------------------------*/
  21:Core/Src/stm32f4xx_it.c **** #include "main.h"
  22:Core/Src/stm32f4xx_it.c **** #include "stm32f4xx_it.h"
  23:Core/Src/stm32f4xx_it.c **** /* Private includes ----------------------------------------------------------*/
  24:Core/Src/stm32f4xx_it.c **** /* USER CODE BEGIN Includes */
  25:Core/Src/stm32f4xx_it.c **** 
  26:Core/Src/stm32f4xx_it.c **** /* USER CODE END Includes */
  27:Core/Src/stm32f4xx_it.c **** 
  28:Core/Src/stm32f4xx_it.c **** /* Private typedef -----------------------------------------------------------*/
  29:Core/Src/stm32f4xx_it.c **** /* USER CODE BEGIN TD */
  30:Core/Src/stm32f4xx_it.c **** 
ARM GAS  C:\Users\30806\AppData\Local\Temp\ccctOJVd.s 			page 2


  31:Core/Src/stm32f4xx_it.c **** /* USER CODE END TD */
  32:Core/Src/stm32f4xx_it.c **** 
  33:Core/Src/stm32f4xx_it.c **** /* Private define ------------------------------------------------------------*/
  34:Core/Src/stm32f4xx_it.c **** /* USER CODE BEGIN PD */
  35:Core/Src/stm32f4xx_it.c **** 
  36:Core/Src/stm32f4xx_it.c **** /* USER CODE END PD */
  37:Core/Src/stm32f4xx_it.c **** 
  38:Core/Src/stm32f4xx_it.c **** /* Private macro -------------------------------------------------------------*/
  39:Core/Src/stm32f4xx_it.c **** /* USER CODE BEGIN PM */
  40:Core/Src/stm32f4xx_it.c **** 
  41:Core/Src/stm32f4xx_it.c **** /* USER CODE END PM */
  42:Core/Src/stm32f4xx_it.c **** 
  43:Core/Src/stm32f4xx_it.c **** /* Private variables ---------------------------------------------------------*/
  44:Core/Src/stm32f4xx_it.c **** /* USER CODE BEGIN PV */
  45:Core/Src/stm32f4xx_it.c **** 
  46:Core/Src/stm32f4xx_it.c **** /* USER CODE END PV */
  47:Core/Src/stm32f4xx_it.c **** 
  48:Core/Src/stm32f4xx_it.c **** /* Private function prototypes -----------------------------------------------*/
  49:Core/Src/stm32f4xx_it.c **** /* USER CODE BEGIN PFP */
  50:Core/Src/stm32f4xx_it.c **** 
  51:Core/Src/stm32f4xx_it.c **** /* USER CODE END PFP */
  52:Core/Src/stm32f4xx_it.c **** 
  53:Core/Src/stm32f4xx_it.c **** /* Private user code ---------------------------------------------------------*/
  54:Core/Src/stm32f4xx_it.c **** /* USER CODE BEGIN 0 */
  55:Core/Src/stm32f4xx_it.c **** 
  56:Core/Src/stm32f4xx_it.c **** /* USER CODE END 0 */
  57:Core/Src/stm32f4xx_it.c **** 
  58:Core/Src/stm32f4xx_it.c **** /* External variables --------------------------------------------------------*/
  59:Core/Src/stm32f4xx_it.c **** extern CAN_HandleTypeDef hcan1;
  60:Core/Src/stm32f4xx_it.c **** extern CAN_HandleTypeDef hcan2;
  61:Core/Src/stm32f4xx_it.c **** extern DMA_HandleTypeDef hdma_usart3_rx;
  62:Core/Src/stm32f4xx_it.c **** extern DMA_HandleTypeDef hdma_usart6_rx;
  63:Core/Src/stm32f4xx_it.c **** extern DMA_HandleTypeDef hdma_usart6_tx;
  64:Core/Src/stm32f4xx_it.c **** extern UART_HandleTypeDef huart3;
  65:Core/Src/stm32f4xx_it.c **** extern UART_HandleTypeDef huart6;
  66:Core/Src/stm32f4xx_it.c **** extern TIM_HandleTypeDef htim1;
  67:Core/Src/stm32f4xx_it.c **** 
  68:Core/Src/stm32f4xx_it.c **** /* USER CODE BEGIN EV */
  69:Core/Src/stm32f4xx_it.c **** 
  70:Core/Src/stm32f4xx_it.c **** /* USER CODE END EV */
  71:Core/Src/stm32f4xx_it.c **** 
  72:Core/Src/stm32f4xx_it.c **** /******************************************************************************/
  73:Core/Src/stm32f4xx_it.c **** /*           Cortex-M4 Processor Interruption and Exception Handlers          */
  74:Core/Src/stm32f4xx_it.c **** /******************************************************************************/
  75:Core/Src/stm32f4xx_it.c **** /**
  76:Core/Src/stm32f4xx_it.c ****   * @brief This function handles Non maskable interrupt.
  77:Core/Src/stm32f4xx_it.c ****   */
  78:Core/Src/stm32f4xx_it.c **** void NMI_Handler(void)
  79:Core/Src/stm32f4xx_it.c **** {
  29              		.loc 1 79 1 view -0
  30              		.cfi_startproc
  31              		@ Volatile: function does not return.
  32              		@ args = 0, pretend = 0, frame = 0
  33              		@ frame_needed = 0, uses_anonymous_args = 0
  34              		@ link register save eliminated.
  35              	.L2:
  80:Core/Src/stm32f4xx_it.c ****   /* USER CODE BEGIN NonMaskableInt_IRQn 0 */
ARM GAS  C:\Users\30806\AppData\Local\Temp\ccctOJVd.s 			page 3


  81:Core/Src/stm32f4xx_it.c **** 
  82:Core/Src/stm32f4xx_it.c ****   /* USER CODE END NonMaskableInt_IRQn 0 */
  83:Core/Src/stm32f4xx_it.c ****   /* USER CODE BEGIN NonMaskableInt_IRQn 1 */
  84:Core/Src/stm32f4xx_it.c ****    while (1)
  36              		.loc 1 84 4 discriminator 1 view .LVU1
  85:Core/Src/stm32f4xx_it.c ****   {
  86:Core/Src/stm32f4xx_it.c ****   }
  37              		.loc 1 86 3 discriminator 1 view .LVU2
  84:Core/Src/stm32f4xx_it.c ****   {
  38              		.loc 1 84 10 discriminator 1 view .LVU3
  39 0000 FEE7     		b	.L2
  40              		.cfi_endproc
  41              	.LFE139:
  43              		.section	.text.HardFault_Handler,"ax",%progbits
  44              		.align	1
  45              		.global	HardFault_Handler
  46              		.syntax unified
  47              		.thumb
  48              		.thumb_func
  50              	HardFault_Handler:
  51              	.LFB140:
  87:Core/Src/stm32f4xx_it.c ****   /* USER CODE END NonMaskableInt_IRQn 1 */
  88:Core/Src/stm32f4xx_it.c **** }
  89:Core/Src/stm32f4xx_it.c **** 
  90:Core/Src/stm32f4xx_it.c **** /**
  91:Core/Src/stm32f4xx_it.c ****   * @brief This function handles Hard fault interrupt.
  92:Core/Src/stm32f4xx_it.c ****   */
  93:Core/Src/stm32f4xx_it.c **** void HardFault_Handler(void)
  94:Core/Src/stm32f4xx_it.c **** {
  52              		.loc 1 94 1 view -0
  53              		.cfi_startproc
  54              		@ Volatile: function does not return.
  55              		@ args = 0, pretend = 0, frame = 0
  56              		@ frame_needed = 0, uses_anonymous_args = 0
  57              		@ link register save eliminated.
  58              	.L4:
  95:Core/Src/stm32f4xx_it.c ****   /* USER CODE BEGIN HardFault_IRQn 0 */
  96:Core/Src/stm32f4xx_it.c **** 
  97:Core/Src/stm32f4xx_it.c ****   /* USER CODE END HardFault_IRQn 0 */
  98:Core/Src/stm32f4xx_it.c ****   while (1)
  59              		.loc 1 98 3 discriminator 1 view .LVU5
  99:Core/Src/stm32f4xx_it.c ****   {
 100:Core/Src/stm32f4xx_it.c ****     /* USER CODE BEGIN W1_HardFault_IRQn 0 */
 101:Core/Src/stm32f4xx_it.c ****     /* USER CODE END W1_HardFault_IRQn 0 */
 102:Core/Src/stm32f4xx_it.c ****   }
  60              		.loc 1 102 3 discriminator 1 view .LVU6
  98:Core/Src/stm32f4xx_it.c ****   {
  61              		.loc 1 98 9 discriminator 1 view .LVU7
  62 0000 FEE7     		b	.L4
  63              		.cfi_endproc
  64              	.LFE140:
  66              		.section	.text.MemManage_Handler,"ax",%progbits
  67              		.align	1
  68              		.global	MemManage_Handler
  69              		.syntax unified
  70              		.thumb
  71              		.thumb_func
ARM GAS  C:\Users\30806\AppData\Local\Temp\ccctOJVd.s 			page 4


  73              	MemManage_Handler:
  74              	.LFB141:
 103:Core/Src/stm32f4xx_it.c **** }
 104:Core/Src/stm32f4xx_it.c **** 
 105:Core/Src/stm32f4xx_it.c **** /**
 106:Core/Src/stm32f4xx_it.c ****   * @brief This function handles Memory management fault.
 107:Core/Src/stm32f4xx_it.c ****   */
 108:Core/Src/stm32f4xx_it.c **** void MemManage_Handler(void)
 109:Core/Src/stm32f4xx_it.c **** {
  75              		.loc 1 109 1 view -0
  76              		.cfi_startproc
  77              		@ Volatile: function does not return.
  78              		@ args = 0, pretend = 0, frame = 0
  79              		@ frame_needed = 0, uses_anonymous_args = 0
  80              		@ link register save eliminated.
  81              	.L6:
 110:Core/Src/stm32f4xx_it.c ****   /* USER CODE BEGIN MemoryManagement_IRQn 0 */
 111:Core/Src/stm32f4xx_it.c **** 
 112:Core/Src/stm32f4xx_it.c ****   /* USER CODE END MemoryManagement_IRQn 0 */
 113:Core/Src/stm32f4xx_it.c ****   while (1)
  82              		.loc 1 113 3 discriminator 1 view .LVU9
 114:Core/Src/stm32f4xx_it.c ****   {
 115:Core/Src/stm32f4xx_it.c ****     /* USER CODE BEGIN W1_MemoryManagement_IRQn 0 */
 116:Core/Src/stm32f4xx_it.c ****     /* USER CODE END W1_MemoryManagement_IRQn 0 */
 117:Core/Src/stm32f4xx_it.c ****   }
  83              		.loc 1 117 3 discriminator 1 view .LVU10
 113:Core/Src/stm32f4xx_it.c ****   {
  84              		.loc 1 113 9 discriminator 1 view .LVU11
  85 0000 FEE7     		b	.L6
  86              		.cfi_endproc
  87              	.LFE141:
  89              		.section	.text.BusFault_Handler,"ax",%progbits
  90              		.align	1
  91              		.global	BusFault_Handler
  92              		.syntax unified
  93              		.thumb
  94              		.thumb_func
  96              	BusFault_Handler:
  97              	.LFB142:
 118:Core/Src/stm32f4xx_it.c **** }
 119:Core/Src/stm32f4xx_it.c **** 
 120:Core/Src/stm32f4xx_it.c **** /**
 121:Core/Src/stm32f4xx_it.c ****   * @brief This function handles Pre-fetch fault, memory access fault.
 122:Core/Src/stm32f4xx_it.c ****   */
 123:Core/Src/stm32f4xx_it.c **** void BusFault_Handler(void)
 124:Core/Src/stm32f4xx_it.c **** {
  98              		.loc 1 124 1 view -0
  99              		.cfi_startproc
 100              		@ Volatile: function does not return.
 101              		@ args = 0, pretend = 0, frame = 0
 102              		@ frame_needed = 0, uses_anonymous_args = 0
 103              		@ link register save eliminated.
 104              	.L8:
 125:Core/Src/stm32f4xx_it.c ****   /* USER CODE BEGIN BusFault_IRQn 0 */
 126:Core/Src/stm32f4xx_it.c **** 
 127:Core/Src/stm32f4xx_it.c ****   /* USER CODE END BusFault_IRQn 0 */
 128:Core/Src/stm32f4xx_it.c ****   while (1)
ARM GAS  C:\Users\30806\AppData\Local\Temp\ccctOJVd.s 			page 5


 105              		.loc 1 128 3 discriminator 1 view .LVU13
 129:Core/Src/stm32f4xx_it.c ****   {
 130:Core/Src/stm32f4xx_it.c ****     /* USER CODE BEGIN W1_BusFault_IRQn 0 */
 131:Core/Src/stm32f4xx_it.c ****     /* USER CODE END W1_BusFault_IRQn 0 */
 132:Core/Src/stm32f4xx_it.c ****   }
 106              		.loc 1 132 3 discriminator 1 view .LVU14
 128:Core/Src/stm32f4xx_it.c ****   {
 107              		.loc 1 128 9 discriminator 1 view .LVU15
 108 0000 FEE7     		b	.L8
 109              		.cfi_endproc
 110              	.LFE142:
 112              		.section	.text.UsageFault_Handler,"ax",%progbits
 113              		.align	1
 114              		.global	UsageFault_Handler
 115              		.syntax unified
 116              		.thumb
 117              		.thumb_func
 119              	UsageFault_Handler:
 120              	.LFB143:
 133:Core/Src/stm32f4xx_it.c **** }
 134:Core/Src/stm32f4xx_it.c **** 
 135:Core/Src/stm32f4xx_it.c **** /**
 136:Core/Src/stm32f4xx_it.c ****   * @brief This function handles Undefined instruction or illegal state.
 137:Core/Src/stm32f4xx_it.c ****   */
 138:Core/Src/stm32f4xx_it.c **** void UsageFault_Handler(void)
 139:Core/Src/stm32f4xx_it.c **** {
 121              		.loc 1 139 1 view -0
 122              		.cfi_startproc
 123              		@ Volatile: function does not return.
 124              		@ args = 0, pretend = 0, frame = 0
 125              		@ frame_needed = 0, uses_anonymous_args = 0
 126              		@ link register save eliminated.
 127              	.L10:
 140:Core/Src/stm32f4xx_it.c ****   /* USER CODE BEGIN UsageFault_IRQn 0 */
 141:Core/Src/stm32f4xx_it.c **** 
 142:Core/Src/stm32f4xx_it.c ****   /* USER CODE END UsageFault_IRQn 0 */
 143:Core/Src/stm32f4xx_it.c ****   while (1)
 128              		.loc 1 143 3 discriminator 1 view .LVU17
 144:Core/Src/stm32f4xx_it.c ****   {
 145:Core/Src/stm32f4xx_it.c ****     /* USER CODE BEGIN W1_UsageFault_IRQn 0 */
 146:Core/Src/stm32f4xx_it.c ****     /* USER CODE END W1_UsageFault_IRQn 0 */
 147:Core/Src/stm32f4xx_it.c ****   }
 129              		.loc 1 147 3 discriminator 1 view .LVU18
 143:Core/Src/stm32f4xx_it.c ****   {
 130              		.loc 1 143 9 discriminator 1 view .LVU19
 131 0000 FEE7     		b	.L10
 132              		.cfi_endproc
 133              	.LFE143:
 135              		.section	.text.DebugMon_Handler,"ax",%progbits
 136              		.align	1
 137              		.global	DebugMon_Handler
 138              		.syntax unified
 139              		.thumb
 140              		.thumb_func
 142              	DebugMon_Handler:
 143              	.LFB144:
 148:Core/Src/stm32f4xx_it.c **** }
ARM GAS  C:\Users\30806\AppData\Local\Temp\ccctOJVd.s 			page 6


 149:Core/Src/stm32f4xx_it.c **** 
 150:Core/Src/stm32f4xx_it.c **** /**
 151:Core/Src/stm32f4xx_it.c ****   * @brief This function handles Debug monitor.
 152:Core/Src/stm32f4xx_it.c ****   */
 153:Core/Src/stm32f4xx_it.c **** void DebugMon_Handler(void)
 154:Core/Src/stm32f4xx_it.c **** {
 144              		.loc 1 154 1 view -0
 145              		.cfi_startproc
 146              		@ args = 0, pretend = 0, frame = 0
 147              		@ frame_needed = 0, uses_anonymous_args = 0
 148              		@ link register save eliminated.
 155:Core/Src/stm32f4xx_it.c ****   /* USER CODE BEGIN DebugMonitor_IRQn 0 */
 156:Core/Src/stm32f4xx_it.c **** 
 157:Core/Src/stm32f4xx_it.c ****   /* USER CODE END DebugMonitor_IRQn 0 */
 158:Core/Src/stm32f4xx_it.c ****   /* USER CODE BEGIN DebugMonitor_IRQn 1 */
 159:Core/Src/stm32f4xx_it.c **** 
 160:Core/Src/stm32f4xx_it.c ****   /* USER CODE END DebugMonitor_IRQn 1 */
 161:Core/Src/stm32f4xx_it.c **** }
 149              		.loc 1 161 1 view .LVU21
 150 0000 7047     		bx	lr
 151              		.cfi_endproc
 152              	.LFE144:
 154              		.section	.text.DMA1_Stream1_IRQHandler,"ax",%progbits
 155              		.align	1
 156              		.global	DMA1_Stream1_IRQHandler
 157              		.syntax unified
 158              		.thumb
 159              		.thumb_func
 161              	DMA1_Stream1_IRQHandler:
 162              	.LFB145:
 162:Core/Src/stm32f4xx_it.c **** 
 163:Core/Src/stm32f4xx_it.c **** /******************************************************************************/
 164:Core/Src/stm32f4xx_it.c **** /* STM32F4xx Peripheral Interrupt Handlers                                    */
 165:Core/Src/stm32f4xx_it.c **** /* Add here the Interrupt Handlers for the used peripherals.                  */
 166:Core/Src/stm32f4xx_it.c **** /* For the available peripheral interrupt handler names,                      */
 167:Core/Src/stm32f4xx_it.c **** /* please refer to the startup file (startup_stm32f4xx.s).                    */
 168:Core/Src/stm32f4xx_it.c **** /******************************************************************************/
 169:Core/Src/stm32f4xx_it.c **** 
 170:Core/Src/stm32f4xx_it.c **** /**
 171:Core/Src/stm32f4xx_it.c ****   * @brief This function handles DMA1 stream1 global interrupt.
 172:Core/Src/stm32f4xx_it.c ****   */
 173:Core/Src/stm32f4xx_it.c **** void DMA1_Stream1_IRQHandler(void)
 174:Core/Src/stm32f4xx_it.c **** {
 163              		.loc 1 174 1 view -0
 164              		.cfi_startproc
 165              		@ args = 0, pretend = 0, frame = 0
 166              		@ frame_needed = 0, uses_anonymous_args = 0
 167 0000 08B5     		push	{r3, lr}
 168              	.LCFI0:
 169              		.cfi_def_cfa_offset 8
 170              		.cfi_offset 3, -8
 171              		.cfi_offset 14, -4
 175:Core/Src/stm32f4xx_it.c ****   /* USER CODE BEGIN DMA1_Stream1_IRQn 0 */
 176:Core/Src/stm32f4xx_it.c **** 
 177:Core/Src/stm32f4xx_it.c ****   /* USER CODE END DMA1_Stream1_IRQn 0 */
 178:Core/Src/stm32f4xx_it.c ****   HAL_DMA_IRQHandler(&hdma_usart3_rx);
 172              		.loc 1 178 3 view .LVU23
ARM GAS  C:\Users\30806\AppData\Local\Temp\ccctOJVd.s 			page 7


 173 0002 0248     		ldr	r0, .L14
 174 0004 FFF7FEFF 		bl	HAL_DMA_IRQHandler
 175              	.LVL0:
 179:Core/Src/stm32f4xx_it.c ****   /* USER CODE BEGIN DMA1_Stream1_IRQn 1 */
 180:Core/Src/stm32f4xx_it.c **** 
 181:Core/Src/stm32f4xx_it.c ****   /* USER CODE END DMA1_Stream1_IRQn 1 */
 182:Core/Src/stm32f4xx_it.c **** }
 176              		.loc 1 182 1 is_stmt 0 view .LVU24
 177 0008 08BD     		pop	{r3, pc}
 178              	.L15:
 179 000a 00BF     		.align	2
 180              	.L14:
 181 000c 00000000 		.word	hdma_usart3_rx
 182              		.cfi_endproc
 183              	.LFE145:
 185              		.section	.text.CAN1_TX_IRQHandler,"ax",%progbits
 186              		.align	1
 187              		.global	CAN1_TX_IRQHandler
 188              		.syntax unified
 189              		.thumb
 190              		.thumb_func
 192              	CAN1_TX_IRQHandler:
 193              	.LFB146:
 183:Core/Src/stm32f4xx_it.c **** 
 184:Core/Src/stm32f4xx_it.c **** /**
 185:Core/Src/stm32f4xx_it.c ****   * @brief This function handles CAN1 TX interrupts.
 186:Core/Src/stm32f4xx_it.c ****   */
 187:Core/Src/stm32f4xx_it.c **** void CAN1_TX_IRQHandler(void)
 188:Core/Src/stm32f4xx_it.c **** {
 194              		.loc 1 188 1 is_stmt 1 view -0
 195              		.cfi_startproc
 196              		@ args = 0, pretend = 0, frame = 0
 197              		@ frame_needed = 0, uses_anonymous_args = 0
 198 0000 08B5     		push	{r3, lr}
 199              	.LCFI1:
 200              		.cfi_def_cfa_offset 8
 201              		.cfi_offset 3, -8
 202              		.cfi_offset 14, -4
 189:Core/Src/stm32f4xx_it.c ****   /* USER CODE BEGIN CAN1_TX_IRQn 0 */
 190:Core/Src/stm32f4xx_it.c **** 
 191:Core/Src/stm32f4xx_it.c ****   /* USER CODE END CAN1_TX_IRQn 0 */
 192:Core/Src/stm32f4xx_it.c ****   HAL_CAN_IRQHandler(&hcan1);
 203              		.loc 1 192 3 view .LVU26
 204 0002 0248     		ldr	r0, .L18
 205 0004 FFF7FEFF 		bl	HAL_CAN_IRQHandler
 206              	.LVL1:
 193:Core/Src/stm32f4xx_it.c ****   /* USER CODE BEGIN CAN1_TX_IRQn 1 */
 194:Core/Src/stm32f4xx_it.c **** 
 195:Core/Src/stm32f4xx_it.c ****   /* USER CODE END CAN1_TX_IRQn 1 */
 196:Core/Src/stm32f4xx_it.c **** }
 207              		.loc 1 196 1 is_stmt 0 view .LVU27
 208 0008 08BD     		pop	{r3, pc}
 209              	.L19:
 210 000a 00BF     		.align	2
 211              	.L18:
 212 000c 00000000 		.word	hcan1
 213              		.cfi_endproc
ARM GAS  C:\Users\30806\AppData\Local\Temp\ccctOJVd.s 			page 8


 214              	.LFE146:
 216              		.section	.text.CAN1_RX0_IRQHandler,"ax",%progbits
 217              		.align	1
 218              		.global	CAN1_RX0_IRQHandler
 219              		.syntax unified
 220              		.thumb
 221              		.thumb_func
 223              	CAN1_RX0_IRQHandler:
 224              	.LFB147:
 197:Core/Src/stm32f4xx_it.c **** 
 198:Core/Src/stm32f4xx_it.c **** /**
 199:Core/Src/stm32f4xx_it.c ****   * @brief This function handles CAN1 RX0 interrupts.
 200:Core/Src/stm32f4xx_it.c ****   */
 201:Core/Src/stm32f4xx_it.c **** void CAN1_RX0_IRQHandler(void)
 202:Core/Src/stm32f4xx_it.c **** {
 225              		.loc 1 202 1 is_stmt 1 view -0
 226              		.cfi_startproc
 227              		@ args = 0, pretend = 0, frame = 0
 228              		@ frame_needed = 0, uses_anonymous_args = 0
 229 0000 08B5     		push	{r3, lr}
 230              	.LCFI2:
 231              		.cfi_def_cfa_offset 8
 232              		.cfi_offset 3, -8
 233              		.cfi_offset 14, -4
 203:Core/Src/stm32f4xx_it.c ****   /* USER CODE BEGIN CAN1_RX0_IRQn 0 */
 204:Core/Src/stm32f4xx_it.c **** 
 205:Core/Src/stm32f4xx_it.c ****   /* USER CODE END CAN1_RX0_IRQn 0 */
 206:Core/Src/stm32f4xx_it.c ****   HAL_CAN_IRQHandler(&hcan1);
 234              		.loc 1 206 3 view .LVU29
 235 0002 0248     		ldr	r0, .L22
 236 0004 FFF7FEFF 		bl	HAL_CAN_IRQHandler
 237              	.LVL2:
 207:Core/Src/stm32f4xx_it.c ****   /* USER CODE BEGIN CAN1_RX0_IRQn 1 */
 208:Core/Src/stm32f4xx_it.c **** 
 209:Core/Src/stm32f4xx_it.c ****   /* USER CODE END CAN1_RX0_IRQn 1 */
 210:Core/Src/stm32f4xx_it.c **** }
 238              		.loc 1 210 1 is_stmt 0 view .LVU30
 239 0008 08BD     		pop	{r3, pc}
 240              	.L23:
 241 000a 00BF     		.align	2
 242              	.L22:
 243 000c 00000000 		.word	hcan1
 244              		.cfi_endproc
 245              	.LFE147:
 247              		.section	.text.CAN1_RX1_IRQHandler,"ax",%progbits
 248              		.align	1
 249              		.global	CAN1_RX1_IRQHandler
 250              		.syntax unified
 251              		.thumb
 252              		.thumb_func
 254              	CAN1_RX1_IRQHandler:
 255              	.LFB148:
 211:Core/Src/stm32f4xx_it.c **** 
 212:Core/Src/stm32f4xx_it.c **** /**
 213:Core/Src/stm32f4xx_it.c ****   * @brief This function handles CAN1 RX1 interrupt.
 214:Core/Src/stm32f4xx_it.c ****   */
 215:Core/Src/stm32f4xx_it.c **** void CAN1_RX1_IRQHandler(void)
ARM GAS  C:\Users\30806\AppData\Local\Temp\ccctOJVd.s 			page 9


 216:Core/Src/stm32f4xx_it.c **** {
 256              		.loc 1 216 1 is_stmt 1 view -0
 257              		.cfi_startproc
 258              		@ args = 0, pretend = 0, frame = 0
 259              		@ frame_needed = 0, uses_anonymous_args = 0
 260 0000 08B5     		push	{r3, lr}
 261              	.LCFI3:
 262              		.cfi_def_cfa_offset 8
 263              		.cfi_offset 3, -8
 264              		.cfi_offset 14, -4
 217:Core/Src/stm32f4xx_it.c ****   /* USER CODE BEGIN CAN1_RX1_IRQn 0 */
 218:Core/Src/stm32f4xx_it.c **** 
 219:Core/Src/stm32f4xx_it.c ****   /* USER CODE END CAN1_RX1_IRQn 0 */
 220:Core/Src/stm32f4xx_it.c ****   HAL_CAN_IRQHandler(&hcan1);
 265              		.loc 1 220 3 view .LVU32
 266 0002 0248     		ldr	r0, .L26
 267 0004 FFF7FEFF 		bl	HAL_CAN_IRQHandler
 268              	.LVL3:
 221:Core/Src/stm32f4xx_it.c ****   /* USER CODE BEGIN CAN1_RX1_IRQn 1 */
 222:Core/Src/stm32f4xx_it.c **** 
 223:Core/Src/stm32f4xx_it.c ****   /* USER CODE END CAN1_RX1_IRQn 1 */
 224:Core/Src/stm32f4xx_it.c **** }
 269              		.loc 1 224 1 is_stmt 0 view .LVU33
 270 0008 08BD     		pop	{r3, pc}
 271              	.L27:
 272 000a 00BF     		.align	2
 273              	.L26:
 274 000c 00000000 		.word	hcan1
 275              		.cfi_endproc
 276              	.LFE148:
 278              		.section	.text.CAN1_SCE_IRQHandler,"ax",%progbits
 279              		.align	1
 280              		.global	CAN1_SCE_IRQHandler
 281              		.syntax unified
 282              		.thumb
 283              		.thumb_func
 285              	CAN1_SCE_IRQHandler:
 286              	.LFB149:
 225:Core/Src/stm32f4xx_it.c **** 
 226:Core/Src/stm32f4xx_it.c **** /**
 227:Core/Src/stm32f4xx_it.c ****   * @brief This function handles CAN1 SCE interrupt.
 228:Core/Src/stm32f4xx_it.c ****   */
 229:Core/Src/stm32f4xx_it.c **** void CAN1_SCE_IRQHandler(void)
 230:Core/Src/stm32f4xx_it.c **** {
 287              		.loc 1 230 1 is_stmt 1 view -0
 288              		.cfi_startproc
 289              		@ args = 0, pretend = 0, frame = 0
 290              		@ frame_needed = 0, uses_anonymous_args = 0
 291 0000 08B5     		push	{r3, lr}
 292              	.LCFI4:
 293              		.cfi_def_cfa_offset 8
 294              		.cfi_offset 3, -8
 295              		.cfi_offset 14, -4
 231:Core/Src/stm32f4xx_it.c ****   /* USER CODE BEGIN CAN1_SCE_IRQn 0 */
 232:Core/Src/stm32f4xx_it.c **** 
 233:Core/Src/stm32f4xx_it.c ****   /* USER CODE END CAN1_SCE_IRQn 0 */
 234:Core/Src/stm32f4xx_it.c ****   HAL_CAN_IRQHandler(&hcan1);
ARM GAS  C:\Users\30806\AppData\Local\Temp\ccctOJVd.s 			page 10


 296              		.loc 1 234 3 view .LVU35
 297 0002 0248     		ldr	r0, .L30
 298 0004 FFF7FEFF 		bl	HAL_CAN_IRQHandler
 299              	.LVL4:
 235:Core/Src/stm32f4xx_it.c ****   /* USER CODE BEGIN CAN1_SCE_IRQn 1 */
 236:Core/Src/stm32f4xx_it.c **** 
 237:Core/Src/stm32f4xx_it.c ****   /* USER CODE END CAN1_SCE_IRQn 1 */
 238:Core/Src/stm32f4xx_it.c **** }
 300              		.loc 1 238 1 is_stmt 0 view .LVU36
 301 0008 08BD     		pop	{r3, pc}
 302              	.L31:
 303 000a 00BF     		.align	2
 304              	.L30:
 305 000c 00000000 		.word	hcan1
 306              		.cfi_endproc
 307              	.LFE149:
 309              		.section	.text.TIM1_UP_TIM10_IRQHandler,"ax",%progbits
 310              		.align	1
 311              		.global	TIM1_UP_TIM10_IRQHandler
 312              		.syntax unified
 313              		.thumb
 314              		.thumb_func
 316              	TIM1_UP_TIM10_IRQHandler:
 317              	.LFB150:
 239:Core/Src/stm32f4xx_it.c **** 
 240:Core/Src/stm32f4xx_it.c **** /**
 241:Core/Src/stm32f4xx_it.c ****   * @brief This function handles TIM1 update interrupt and TIM10 global interrupt.
 242:Core/Src/stm32f4xx_it.c ****   */
 243:Core/Src/stm32f4xx_it.c **** void TIM1_UP_TIM10_IRQHandler(void)
 244:Core/Src/stm32f4xx_it.c **** {
 318              		.loc 1 244 1 is_stmt 1 view -0
 319              		.cfi_startproc
 320              		@ args = 0, pretend = 0, frame = 0
 321              		@ frame_needed = 0, uses_anonymous_args = 0
 322 0000 08B5     		push	{r3, lr}
 323              	.LCFI5:
 324              		.cfi_def_cfa_offset 8
 325              		.cfi_offset 3, -8
 326              		.cfi_offset 14, -4
 245:Core/Src/stm32f4xx_it.c ****   /* USER CODE BEGIN TIM1_UP_TIM10_IRQn 0 */
 246:Core/Src/stm32f4xx_it.c **** 
 247:Core/Src/stm32f4xx_it.c ****   /* USER CODE END TIM1_UP_TIM10_IRQn 0 */
 248:Core/Src/stm32f4xx_it.c ****   HAL_TIM_IRQHandler(&htim1);
 327              		.loc 1 248 3 view .LVU38
 328 0002 0248     		ldr	r0, .L34
 329 0004 FFF7FEFF 		bl	HAL_TIM_IRQHandler
 330              	.LVL5:
 249:Core/Src/stm32f4xx_it.c ****   /* USER CODE BEGIN TIM1_UP_TIM10_IRQn 1 */
 250:Core/Src/stm32f4xx_it.c **** 
 251:Core/Src/stm32f4xx_it.c ****   /* USER CODE END TIM1_UP_TIM10_IRQn 1 */
 252:Core/Src/stm32f4xx_it.c **** }
 331              		.loc 1 252 1 is_stmt 0 view .LVU39
 332 0008 08BD     		pop	{r3, pc}
 333              	.L35:
 334 000a 00BF     		.align	2
 335              	.L34:
 336 000c 00000000 		.word	htim1
ARM GAS  C:\Users\30806\AppData\Local\Temp\ccctOJVd.s 			page 11


 337              		.cfi_endproc
 338              	.LFE150:
 340              		.section	.text.USART3_IRQHandler,"ax",%progbits
 341              		.align	1
 342              		.global	USART3_IRQHandler
 343              		.syntax unified
 344              		.thumb
 345              		.thumb_func
 347              	USART3_IRQHandler:
 348              	.LFB151:
 253:Core/Src/stm32f4xx_it.c **** 
 254:Core/Src/stm32f4xx_it.c **** /**
 255:Core/Src/stm32f4xx_it.c ****   * @brief This function handles USART3 global interrupt.
 256:Core/Src/stm32f4xx_it.c ****   */
 257:Core/Src/stm32f4xx_it.c **** void USART3_IRQHandler(void)
 258:Core/Src/stm32f4xx_it.c **** {
 349              		.loc 1 258 1 is_stmt 1 view -0
 350              		.cfi_startproc
 351              		@ args = 0, pretend = 0, frame = 0
 352              		@ frame_needed = 0, uses_anonymous_args = 0
 353 0000 08B5     		push	{r3, lr}
 354              	.LCFI6:
 355              		.cfi_def_cfa_offset 8
 356              		.cfi_offset 3, -8
 357              		.cfi_offset 14, -4
 259:Core/Src/stm32f4xx_it.c ****   /* USER CODE BEGIN USART3_IRQn 0 */
 260:Core/Src/stm32f4xx_it.c **** 
 261:Core/Src/stm32f4xx_it.c ****   /* USER CODE END USART3_IRQn 0 */
 262:Core/Src/stm32f4xx_it.c ****   HAL_UART_IRQHandler(&huart3);
 358              		.loc 1 262 3 view .LVU41
 359 0002 0248     		ldr	r0, .L38
 360 0004 FFF7FEFF 		bl	HAL_UART_IRQHandler
 361              	.LVL6:
 263:Core/Src/stm32f4xx_it.c ****   /* USER CODE BEGIN USART3_IRQn 1 */
 264:Core/Src/stm32f4xx_it.c **** 
 265:Core/Src/stm32f4xx_it.c ****   /* USER CODE END USART3_IRQn 1 */
 266:Core/Src/stm32f4xx_it.c **** }
 362              		.loc 1 266 1 is_stmt 0 view .LVU42
 363 0008 08BD     		pop	{r3, pc}
 364              	.L39:
 365 000a 00BF     		.align	2
 366              	.L38:
 367 000c 00000000 		.word	huart3
 368              		.cfi_endproc
 369              	.LFE151:
 371              		.section	.text.DMA2_Stream2_IRQHandler,"ax",%progbits
 372              		.align	1
 373              		.global	DMA2_Stream2_IRQHandler
 374              		.syntax unified
 375              		.thumb
 376              		.thumb_func
 378              	DMA2_Stream2_IRQHandler:
 379              	.LFB152:
 267:Core/Src/stm32f4xx_it.c **** 
 268:Core/Src/stm32f4xx_it.c **** /**
 269:Core/Src/stm32f4xx_it.c ****   * @brief This function handles DMA2 stream2 global interrupt.
 270:Core/Src/stm32f4xx_it.c ****   */
ARM GAS  C:\Users\30806\AppData\Local\Temp\ccctOJVd.s 			page 12


 271:Core/Src/stm32f4xx_it.c **** void DMA2_Stream2_IRQHandler(void)
 272:Core/Src/stm32f4xx_it.c **** {
 380              		.loc 1 272 1 is_stmt 1 view -0
 381              		.cfi_startproc
 382              		@ args = 0, pretend = 0, frame = 0
 383              		@ frame_needed = 0, uses_anonymous_args = 0
 384 0000 08B5     		push	{r3, lr}
 385              	.LCFI7:
 386              		.cfi_def_cfa_offset 8
 387              		.cfi_offset 3, -8
 388              		.cfi_offset 14, -4
 273:Core/Src/stm32f4xx_it.c ****   /* USER CODE BEGIN DMA2_Stream2_IRQn 0 */
 274:Core/Src/stm32f4xx_it.c **** 
 275:Core/Src/stm32f4xx_it.c ****   /* USER CODE END DMA2_Stream2_IRQn 0 */
 276:Core/Src/stm32f4xx_it.c ****   HAL_DMA_IRQHandler(&hdma_usart6_rx);
 389              		.loc 1 276 3 view .LVU44
 390 0002 0248     		ldr	r0, .L42
 391 0004 FFF7FEFF 		bl	HAL_DMA_IRQHandler
 392              	.LVL7:
 277:Core/Src/stm32f4xx_it.c ****   /* USER CODE BEGIN DMA2_Stream2_IRQn 1 */
 278:Core/Src/stm32f4xx_it.c **** 
 279:Core/Src/stm32f4xx_it.c ****   /* USER CODE END DMA2_Stream2_IRQn 1 */
 280:Core/Src/stm32f4xx_it.c **** }
 393              		.loc 1 280 1 is_stmt 0 view .LVU45
 394 0008 08BD     		pop	{r3, pc}
 395              	.L43:
 396 000a 00BF     		.align	2
 397              	.L42:
 398 000c 00000000 		.word	hdma_usart6_rx
 399              		.cfi_endproc
 400              	.LFE152:
 402              		.section	.text.CAN2_TX_IRQHandler,"ax",%progbits
 403              		.align	1
 404              		.global	CAN2_TX_IRQHandler
 405              		.syntax unified
 406              		.thumb
 407              		.thumb_func
 409              	CAN2_TX_IRQHandler:
 410              	.LFB153:
 281:Core/Src/stm32f4xx_it.c **** 
 282:Core/Src/stm32f4xx_it.c **** /**
 283:Core/Src/stm32f4xx_it.c ****   * @brief This function handles CAN2 TX interrupts.
 284:Core/Src/stm32f4xx_it.c ****   */
 285:Core/Src/stm32f4xx_it.c **** void CAN2_TX_IRQHandler(void)
 286:Core/Src/stm32f4xx_it.c **** {
 411              		.loc 1 286 1 is_stmt 1 view -0
 412              		.cfi_startproc
 413              		@ args = 0, pretend = 0, frame = 0
 414              		@ frame_needed = 0, uses_anonymous_args = 0
 415 0000 08B5     		push	{r3, lr}
 416              	.LCFI8:
 417              		.cfi_def_cfa_offset 8
 418              		.cfi_offset 3, -8
 419              		.cfi_offset 14, -4
 287:Core/Src/stm32f4xx_it.c ****   /* USER CODE BEGIN CAN2_TX_IRQn 0 */
 288:Core/Src/stm32f4xx_it.c **** 
 289:Core/Src/stm32f4xx_it.c ****   /* USER CODE END CAN2_TX_IRQn 0 */
ARM GAS  C:\Users\30806\AppData\Local\Temp\ccctOJVd.s 			page 13


 290:Core/Src/stm32f4xx_it.c ****   HAL_CAN_IRQHandler(&hcan2);
 420              		.loc 1 290 3 view .LVU47
 421 0002 0248     		ldr	r0, .L46
 422 0004 FFF7FEFF 		bl	HAL_CAN_IRQHandler
 423              	.LVL8:
 291:Core/Src/stm32f4xx_it.c ****   /* USER CODE BEGIN CAN2_TX_IRQn 1 */
 292:Core/Src/stm32f4xx_it.c **** 
 293:Core/Src/stm32f4xx_it.c ****   /* USER CODE END CAN2_TX_IRQn 1 */
 294:Core/Src/stm32f4xx_it.c **** }
 424              		.loc 1 294 1 is_stmt 0 view .LVU48
 425 0008 08BD     		pop	{r3, pc}
 426              	.L47:
 427 000a 00BF     		.align	2
 428              	.L46:
 429 000c 00000000 		.word	hcan2
 430              		.cfi_endproc
 431              	.LFE153:
 433              		.section	.text.CAN2_RX0_IRQHandler,"ax",%progbits
 434              		.align	1
 435              		.global	CAN2_RX0_IRQHandler
 436              		.syntax unified
 437              		.thumb
 438              		.thumb_func
 440              	CAN2_RX0_IRQHandler:
 441              	.LFB154:
 295:Core/Src/stm32f4xx_it.c **** 
 296:Core/Src/stm32f4xx_it.c **** /**
 297:Core/Src/stm32f4xx_it.c ****   * @brief This function handles CAN2 RX0 interrupts.
 298:Core/Src/stm32f4xx_it.c ****   */
 299:Core/Src/stm32f4xx_it.c **** void CAN2_RX0_IRQHandler(void)
 300:Core/Src/stm32f4xx_it.c **** {
 442              		.loc 1 300 1 is_stmt 1 view -0
 443              		.cfi_startproc
 444              		@ args = 0, pretend = 0, frame = 0
 445              		@ frame_needed = 0, uses_anonymous_args = 0
 446 0000 08B5     		push	{r3, lr}
 447              	.LCFI9:
 448              		.cfi_def_cfa_offset 8
 449              		.cfi_offset 3, -8
 450              		.cfi_offset 14, -4
 301:Core/Src/stm32f4xx_it.c ****   /* USER CODE BEGIN CAN2_RX0_IRQn 0 */
 302:Core/Src/stm32f4xx_it.c **** 
 303:Core/Src/stm32f4xx_it.c ****   /* USER CODE END CAN2_RX0_IRQn 0 */
 304:Core/Src/stm32f4xx_it.c ****   HAL_CAN_IRQHandler(&hcan2);
 451              		.loc 1 304 3 view .LVU50
 452 0002 0248     		ldr	r0, .L50
 453 0004 FFF7FEFF 		bl	HAL_CAN_IRQHandler
 454              	.LVL9:
 305:Core/Src/stm32f4xx_it.c ****   /* USER CODE BEGIN CAN2_RX0_IRQn 1 */
 306:Core/Src/stm32f4xx_it.c **** 
 307:Core/Src/stm32f4xx_it.c ****   /* USER CODE END CAN2_RX0_IRQn 1 */
 308:Core/Src/stm32f4xx_it.c **** }
 455              		.loc 1 308 1 is_stmt 0 view .LVU51
 456 0008 08BD     		pop	{r3, pc}
 457              	.L51:
 458 000a 00BF     		.align	2
 459              	.L50:
ARM GAS  C:\Users\30806\AppData\Local\Temp\ccctOJVd.s 			page 14


 460 000c 00000000 		.word	hcan2
 461              		.cfi_endproc
 462              	.LFE154:
 464              		.section	.text.CAN2_RX1_IRQHandler,"ax",%progbits
 465              		.align	1
 466              		.global	CAN2_RX1_IRQHandler
 467              		.syntax unified
 468              		.thumb
 469              		.thumb_func
 471              	CAN2_RX1_IRQHandler:
 472              	.LFB155:
 309:Core/Src/stm32f4xx_it.c **** 
 310:Core/Src/stm32f4xx_it.c **** /**
 311:Core/Src/stm32f4xx_it.c ****   * @brief This function handles CAN2 RX1 interrupt.
 312:Core/Src/stm32f4xx_it.c ****   */
 313:Core/Src/stm32f4xx_it.c **** void CAN2_RX1_IRQHandler(void)
 314:Core/Src/stm32f4xx_it.c **** {
 473              		.loc 1 314 1 is_stmt 1 view -0
 474              		.cfi_startproc
 475              		@ args = 0, pretend = 0, frame = 0
 476              		@ frame_needed = 0, uses_anonymous_args = 0
 477 0000 08B5     		push	{r3, lr}
 478              	.LCFI10:
 479              		.cfi_def_cfa_offset 8
 480              		.cfi_offset 3, -8
 481              		.cfi_offset 14, -4
 315:Core/Src/stm32f4xx_it.c ****   /* USER CODE BEGIN CAN2_RX1_IRQn 0 */
 316:Core/Src/stm32f4xx_it.c **** 
 317:Core/Src/stm32f4xx_it.c ****   /* USER CODE END CAN2_RX1_IRQn 0 */
 318:Core/Src/stm32f4xx_it.c ****   HAL_CAN_IRQHandler(&hcan2);
 482              		.loc 1 318 3 view .LVU53
 483 0002 0248     		ldr	r0, .L54
 484 0004 FFF7FEFF 		bl	HAL_CAN_IRQHandler
 485              	.LVL10:
 319:Core/Src/stm32f4xx_it.c ****   /* USER CODE BEGIN CAN2_RX1_IRQn 1 */
 320:Core/Src/stm32f4xx_it.c **** 
 321:Core/Src/stm32f4xx_it.c ****   /* USER CODE END CAN2_RX1_IRQn 1 */
 322:Core/Src/stm32f4xx_it.c **** }
 486              		.loc 1 322 1 is_stmt 0 view .LVU54
 487 0008 08BD     		pop	{r3, pc}
 488              	.L55:
 489 000a 00BF     		.align	2
 490              	.L54:
 491 000c 00000000 		.word	hcan2
 492              		.cfi_endproc
 493              	.LFE155:
 495              		.section	.text.CAN2_SCE_IRQHandler,"ax",%progbits
 496              		.align	1
 497              		.global	CAN2_SCE_IRQHandler
 498              		.syntax unified
 499              		.thumb
 500              		.thumb_func
 502              	CAN2_SCE_IRQHandler:
 503              	.LFB156:
 323:Core/Src/stm32f4xx_it.c **** 
 324:Core/Src/stm32f4xx_it.c **** /**
 325:Core/Src/stm32f4xx_it.c ****   * @brief This function handles CAN2 SCE interrupt.
ARM GAS  C:\Users\30806\AppData\Local\Temp\ccctOJVd.s 			page 15


 326:Core/Src/stm32f4xx_it.c ****   */
 327:Core/Src/stm32f4xx_it.c **** void CAN2_SCE_IRQHandler(void)
 328:Core/Src/stm32f4xx_it.c **** {
 504              		.loc 1 328 1 is_stmt 1 view -0
 505              		.cfi_startproc
 506              		@ args = 0, pretend = 0, frame = 0
 507              		@ frame_needed = 0, uses_anonymous_args = 0
 508 0000 08B5     		push	{r3, lr}
 509              	.LCFI11:
 510              		.cfi_def_cfa_offset 8
 511              		.cfi_offset 3, -8
 512              		.cfi_offset 14, -4
 329:Core/Src/stm32f4xx_it.c ****   /* USER CODE BEGIN CAN2_SCE_IRQn 0 */
 330:Core/Src/stm32f4xx_it.c **** 
 331:Core/Src/stm32f4xx_it.c ****   /* USER CODE END CAN2_SCE_IRQn 0 */
 332:Core/Src/stm32f4xx_it.c ****   HAL_CAN_IRQHandler(&hcan2);
 513              		.loc 1 332 3 view .LVU56
 514 0002 0248     		ldr	r0, .L58
 515 0004 FFF7FEFF 		bl	HAL_CAN_IRQHandler
 516              	.LVL11:
 333:Core/Src/stm32f4xx_it.c ****   /* USER CODE BEGIN CAN2_SCE_IRQn 1 */
 334:Core/Src/stm32f4xx_it.c **** 
 335:Core/Src/stm32f4xx_it.c ****   /* USER CODE END CAN2_SCE_IRQn 1 */
 336:Core/Src/stm32f4xx_it.c **** }
 517              		.loc 1 336 1 is_stmt 0 view .LVU57
 518 0008 08BD     		pop	{r3, pc}
 519              	.L59:
 520 000a 00BF     		.align	2
 521              	.L58:
 522 000c 00000000 		.word	hcan2
 523              		.cfi_endproc
 524              	.LFE156:
 526              		.section	.text.DMA2_Stream6_IRQHandler,"ax",%progbits
 527              		.align	1
 528              		.global	DMA2_Stream6_IRQHandler
 529              		.syntax unified
 530              		.thumb
 531              		.thumb_func
 533              	DMA2_Stream6_IRQHandler:
 534              	.LFB157:
 337:Core/Src/stm32f4xx_it.c **** 
 338:Core/Src/stm32f4xx_it.c **** /**
 339:Core/Src/stm32f4xx_it.c ****   * @brief This function handles DMA2 stream6 global interrupt.
 340:Core/Src/stm32f4xx_it.c ****   */
 341:Core/Src/stm32f4xx_it.c **** void DMA2_Stream6_IRQHandler(void)
 342:Core/Src/stm32f4xx_it.c **** {
 535              		.loc 1 342 1 is_stmt 1 view -0
 536              		.cfi_startproc
 537              		@ args = 0, pretend = 0, frame = 0
 538              		@ frame_needed = 0, uses_anonymous_args = 0
 539 0000 08B5     		push	{r3, lr}
 540              	.LCFI12:
 541              		.cfi_def_cfa_offset 8
 542              		.cfi_offset 3, -8
 543              		.cfi_offset 14, -4
 343:Core/Src/stm32f4xx_it.c ****   /* USER CODE BEGIN DMA2_Stream6_IRQn 0 */
 344:Core/Src/stm32f4xx_it.c **** 
ARM GAS  C:\Users\30806\AppData\Local\Temp\ccctOJVd.s 			page 16


 345:Core/Src/stm32f4xx_it.c ****   /* USER CODE END DMA2_Stream6_IRQn 0 */
 346:Core/Src/stm32f4xx_it.c ****   HAL_DMA_IRQHandler(&hdma_usart6_tx);
 544              		.loc 1 346 3 view .LVU59
 545 0002 0248     		ldr	r0, .L62
 546 0004 FFF7FEFF 		bl	HAL_DMA_IRQHandler
 547              	.LVL12:
 347:Core/Src/stm32f4xx_it.c ****   /* USER CODE BEGIN DMA2_Stream6_IRQn 1 */
 348:Core/Src/stm32f4xx_it.c **** 
 349:Core/Src/stm32f4xx_it.c ****   /* USER CODE END DMA2_Stream6_IRQn 1 */
 350:Core/Src/stm32f4xx_it.c **** }
 548              		.loc 1 350 1 is_stmt 0 view .LVU60
 549 0008 08BD     		pop	{r3, pc}
 550              	.L63:
 551 000a 00BF     		.align	2
 552              	.L62:
 553 000c 00000000 		.word	hdma_usart6_tx
 554              		.cfi_endproc
 555              	.LFE157:
 557              		.section	.text.USART6_IRQHandler,"ax",%progbits
 558              		.align	1
 559              		.global	USART6_IRQHandler
 560              		.syntax unified
 561              		.thumb
 562              		.thumb_func
 564              	USART6_IRQHandler:
 565              	.LFB158:
 351:Core/Src/stm32f4xx_it.c **** 
 352:Core/Src/stm32f4xx_it.c **** /**
 353:Core/Src/stm32f4xx_it.c ****   * @brief This function handles USART6 global interrupt.
 354:Core/Src/stm32f4xx_it.c ****   */
 355:Core/Src/stm32f4xx_it.c **** void USART6_IRQHandler(void)
 356:Core/Src/stm32f4xx_it.c **** {
 566              		.loc 1 356 1 is_stmt 1 view -0
 567              		.cfi_startproc
 568              		@ args = 0, pretend = 0, frame = 0
 569              		@ frame_needed = 0, uses_anonymous_args = 0
 570 0000 08B5     		push	{r3, lr}
 571              	.LCFI13:
 572              		.cfi_def_cfa_offset 8
 573              		.cfi_offset 3, -8
 574              		.cfi_offset 14, -4
 357:Core/Src/stm32f4xx_it.c ****   /* USER CODE BEGIN USART6_IRQn 0 */
 358:Core/Src/stm32f4xx_it.c ****   //REFEREE_UART_IRQHandler(&huart6);
 359:Core/Src/stm32f4xx_it.c ****   /* USER CODE END USART6_IRQn 0 */
 360:Core/Src/stm32f4xx_it.c ****   HAL_UART_IRQHandler(&huart6);
 575              		.loc 1 360 3 view .LVU62
 576 0002 0248     		ldr	r0, .L66
 577 0004 FFF7FEFF 		bl	HAL_UART_IRQHandler
 578              	.LVL13:
 361:Core/Src/stm32f4xx_it.c ****   /* USER CODE BEGIN USART6_IRQn 1 */
 362:Core/Src/stm32f4xx_it.c **** 
 363:Core/Src/stm32f4xx_it.c ****   /* USER CODE END USART6_IRQn 1 */
 364:Core/Src/stm32f4xx_it.c **** }
 579              		.loc 1 364 1 is_stmt 0 view .LVU63
 580 0008 08BD     		pop	{r3, pc}
 581              	.L67:
 582 000a 00BF     		.align	2
ARM GAS  C:\Users\30806\AppData\Local\Temp\ccctOJVd.s 			page 17


 583              	.L66:
 584 000c 00000000 		.word	huart6
 585              		.cfi_endproc
 586              	.LFE158:
 588              		.text
 589              	.Letext0:
 590              		.file 2 "d:\\stm_for_vs\\gcc-arm-none-eabi-10.3-2021.10\\arm-none-eabi\\include\\machine\\_default
 591              		.file 3 "d:\\stm_for_vs\\gcc-arm-none-eabi-10.3-2021.10\\arm-none-eabi\\include\\sys\\_stdint.h"
 592              		.file 4 "Drivers/CMSIS/Device/ST/STM32F4xx/Include/stm32f405xx.h"
 593              		.file 5 "Drivers/CMSIS/Device/ST/STM32F4xx/Include/stm32f4xx.h"
 594              		.file 6 "Drivers/STM32F4xx_HAL_Driver/Inc/stm32f4xx_hal_def.h"
 595              		.file 7 "Drivers/STM32F4xx_HAL_Driver/Inc/stm32f4xx_hal_dma.h"
 596              		.file 8 "Drivers/STM32F4xx_HAL_Driver/Inc/stm32f4xx_hal_can.h"
 597              		.file 9 "Drivers/STM32F4xx_HAL_Driver/Inc/stm32f4xx_hal_tim.h"
 598              		.file 10 "Drivers/STM32F4xx_HAL_Driver/Inc/stm32f4xx_hal_uart.h"
 599              		.file 11 "Core/Inc/can.h"
 600              		.file 12 "Core/Inc/usart.h"
ARM GAS  C:\Users\30806\AppData\Local\Temp\ccctOJVd.s 			page 18


DEFINED SYMBOLS
                            *ABS*:00000000 stm32f4xx_it.c
C:\Users\30806\AppData\Local\Temp\ccctOJVd.s:20     .text.NMI_Handler:00000000 $t
C:\Users\30806\AppData\Local\Temp\ccctOJVd.s:26     .text.NMI_Handler:00000000 NMI_Handler
C:\Users\30806\AppData\Local\Temp\ccctOJVd.s:44     .text.HardFault_Handler:00000000 $t
C:\Users\30806\AppData\Local\Temp\ccctOJVd.s:50     .text.HardFault_Handler:00000000 HardFault_Handler
C:\Users\30806\AppData\Local\Temp\ccctOJVd.s:67     .text.MemManage_Handler:00000000 $t
C:\Users\30806\AppData\Local\Temp\ccctOJVd.s:73     .text.MemManage_Handler:00000000 MemManage_Handler
C:\Users\30806\AppData\Local\Temp\ccctOJVd.s:90     .text.BusFault_Handler:00000000 $t
C:\Users\30806\AppData\Local\Temp\ccctOJVd.s:96     .text.BusFault_Handler:00000000 BusFault_Handler
C:\Users\30806\AppData\Local\Temp\ccctOJVd.s:113    .text.UsageFault_Handler:00000000 $t
C:\Users\30806\AppData\Local\Temp\ccctOJVd.s:119    .text.UsageFault_Handler:00000000 UsageFault_Handler
C:\Users\30806\AppData\Local\Temp\ccctOJVd.s:136    .text.DebugMon_Handler:00000000 $t
C:\Users\30806\AppData\Local\Temp\ccctOJVd.s:142    .text.DebugMon_Handler:00000000 DebugMon_Handler
C:\Users\30806\AppData\Local\Temp\ccctOJVd.s:155    .text.DMA1_Stream1_IRQHandler:00000000 $t
C:\Users\30806\AppData\Local\Temp\ccctOJVd.s:161    .text.DMA1_Stream1_IRQHandler:00000000 DMA1_Stream1_IRQHandler
C:\Users\30806\AppData\Local\Temp\ccctOJVd.s:181    .text.DMA1_Stream1_IRQHandler:0000000c $d
C:\Users\30806\AppData\Local\Temp\ccctOJVd.s:186    .text.CAN1_TX_IRQHandler:00000000 $t
C:\Users\30806\AppData\Local\Temp\ccctOJVd.s:192    .text.CAN1_TX_IRQHandler:00000000 CAN1_TX_IRQHandler
C:\Users\30806\AppData\Local\Temp\ccctOJVd.s:212    .text.CAN1_TX_IRQHandler:0000000c $d
C:\Users\30806\AppData\Local\Temp\ccctOJVd.s:217    .text.CAN1_RX0_IRQHandler:00000000 $t
C:\Users\30806\AppData\Local\Temp\ccctOJVd.s:223    .text.CAN1_RX0_IRQHandler:00000000 CAN1_RX0_IRQHandler
C:\Users\30806\AppData\Local\Temp\ccctOJVd.s:243    .text.CAN1_RX0_IRQHandler:0000000c $d
C:\Users\30806\AppData\Local\Temp\ccctOJVd.s:248    .text.CAN1_RX1_IRQHandler:00000000 $t
C:\Users\30806\AppData\Local\Temp\ccctOJVd.s:254    .text.CAN1_RX1_IRQHandler:00000000 CAN1_RX1_IRQHandler
C:\Users\30806\AppData\Local\Temp\ccctOJVd.s:274    .text.CAN1_RX1_IRQHandler:0000000c $d
C:\Users\30806\AppData\Local\Temp\ccctOJVd.s:279    .text.CAN1_SCE_IRQHandler:00000000 $t
C:\Users\30806\AppData\Local\Temp\ccctOJVd.s:285    .text.CAN1_SCE_IRQHandler:00000000 CAN1_SCE_IRQHandler
C:\Users\30806\AppData\Local\Temp\ccctOJVd.s:305    .text.CAN1_SCE_IRQHandler:0000000c $d
C:\Users\30806\AppData\Local\Temp\ccctOJVd.s:310    .text.TIM1_UP_TIM10_IRQHandler:00000000 $t
C:\Users\30806\AppData\Local\Temp\ccctOJVd.s:316    .text.TIM1_UP_TIM10_IRQHandler:00000000 TIM1_UP_TIM10_IRQHandler
C:\Users\30806\AppData\Local\Temp\ccctOJVd.s:336    .text.TIM1_UP_TIM10_IRQHandler:0000000c $d
C:\Users\30806\AppData\Local\Temp\ccctOJVd.s:341    .text.USART3_IRQHandler:00000000 $t
C:\Users\30806\AppData\Local\Temp\ccctOJVd.s:347    .text.USART3_IRQHandler:00000000 USART3_IRQHandler
C:\Users\30806\AppData\Local\Temp\ccctOJVd.s:367    .text.USART3_IRQHandler:0000000c $d
C:\Users\30806\AppData\Local\Temp\ccctOJVd.s:372    .text.DMA2_Stream2_IRQHandler:00000000 $t
C:\Users\30806\AppData\Local\Temp\ccctOJVd.s:378    .text.DMA2_Stream2_IRQHandler:00000000 DMA2_Stream2_IRQHandler
C:\Users\30806\AppData\Local\Temp\ccctOJVd.s:398    .text.DMA2_Stream2_IRQHandler:0000000c $d
C:\Users\30806\AppData\Local\Temp\ccctOJVd.s:403    .text.CAN2_TX_IRQHandler:00000000 $t
C:\Users\30806\AppData\Local\Temp\ccctOJVd.s:409    .text.CAN2_TX_IRQHandler:00000000 CAN2_TX_IRQHandler
C:\Users\30806\AppData\Local\Temp\ccctOJVd.s:429    .text.CAN2_TX_IRQHandler:0000000c $d
C:\Users\30806\AppData\Local\Temp\ccctOJVd.s:434    .text.CAN2_RX0_IRQHandler:00000000 $t
C:\Users\30806\AppData\Local\Temp\ccctOJVd.s:440    .text.CAN2_RX0_IRQHandler:00000000 CAN2_RX0_IRQHandler
C:\Users\30806\AppData\Local\Temp\ccctOJVd.s:460    .text.CAN2_RX0_IRQHandler:0000000c $d
C:\Users\30806\AppData\Local\Temp\ccctOJVd.s:465    .text.CAN2_RX1_IRQHandler:00000000 $t
C:\Users\30806\AppData\Local\Temp\ccctOJVd.s:471    .text.CAN2_RX1_IRQHandler:00000000 CAN2_RX1_IRQHandler
C:\Users\30806\AppData\Local\Temp\ccctOJVd.s:491    .text.CAN2_RX1_IRQHandler:0000000c $d
C:\Users\30806\AppData\Local\Temp\ccctOJVd.s:496    .text.CAN2_SCE_IRQHandler:00000000 $t
C:\Users\30806\AppData\Local\Temp\ccctOJVd.s:502    .text.CAN2_SCE_IRQHandler:00000000 CAN2_SCE_IRQHandler
C:\Users\30806\AppData\Local\Temp\ccctOJVd.s:522    .text.CAN2_SCE_IRQHandler:0000000c $d
C:\Users\30806\AppData\Local\Temp\ccctOJVd.s:527    .text.DMA2_Stream6_IRQHandler:00000000 $t
C:\Users\30806\AppData\Local\Temp\ccctOJVd.s:533    .text.DMA2_Stream6_IRQHandler:00000000 DMA2_Stream6_IRQHandler
C:\Users\30806\AppData\Local\Temp\ccctOJVd.s:553    .text.DMA2_Stream6_IRQHandler:0000000c $d
C:\Users\30806\AppData\Local\Temp\ccctOJVd.s:558    .text.USART6_IRQHandler:00000000 $t
C:\Users\30806\AppData\Local\Temp\ccctOJVd.s:564    .text.USART6_IRQHandler:00000000 USART6_IRQHandler
C:\Users\30806\AppData\Local\Temp\ccctOJVd.s:584    .text.USART6_IRQHandler:0000000c $d

ARM GAS  C:\Users\30806\AppData\Local\Temp\ccctOJVd.s 			page 19


UNDEFINED SYMBOLS
HAL_DMA_IRQHandler
hdma_usart3_rx
HAL_CAN_IRQHandler
hcan1
HAL_TIM_IRQHandler
htim1
HAL_UART_IRQHandler
huart3
hdma_usart6_rx
hcan2
hdma_usart6_tx
huart6
