ARM GAS  C:\Users\30806\AppData\Local\Temp\cc8QaV5U.s 			page 1


   1              		.cpu cortex-m4
   2              		.eabi_attribute 27, 1
   3              		.eabi_attribute 28, 1
   4              		.eabi_attribute 20, 1
   5              		.eabi_attribute 21, 1
   6              		.eabi_attribute 23, 3
   7              		.eabi_attribute 24, 1
   8              		.eabi_attribute 25, 1
   9              		.eabi_attribute 26, 1
  10              		.eabi_attribute 30, 1
  11              		.eabi_attribute 34, 1
  12              		.eabi_attribute 18, 4
  13              		.file	"can.c"
  14              		.text
  15              	.Ltext0:
  16              		.cfi_sections	.debug_frame
  17              		.section	.text.MX_CAN1_Init,"ax",%progbits
  18              		.align	1
  19              		.global	MX_CAN1_Init
  20              		.arch armv7e-m
  21              		.syntax unified
  22              		.thumb
  23              		.thumb_func
  24              		.fpu fpv4-sp-d16
  26              	MX_CAN1_Init:
  27              	.LFB134:
  28              		.file 1 "Core/Src/can.c"
   1:Core/Src/can.c **** /* USER CODE BEGIN Header */
   2:Core/Src/can.c **** /**
   3:Core/Src/can.c ****   ******************************************************************************
   4:Core/Src/can.c ****   * @file    can.c
   5:Core/Src/can.c ****   * @brief   This file provides code for the configuration
   6:Core/Src/can.c ****   *          of the CAN instances.
   7:Core/Src/can.c ****   ******************************************************************************
   8:Core/Src/can.c ****   * @attention
   9:Core/Src/can.c ****   *
  10:Core/Src/can.c ****   * Copyright (c) 2024 STMicroelectronics.
  11:Core/Src/can.c ****   * All rights reserved.
  12:Core/Src/can.c ****   *
  13:Core/Src/can.c ****   * This software is licensed under terms that can be found in the LICENSE file
  14:Core/Src/can.c ****   * in the root directory of this software component.
  15:Core/Src/can.c ****   * If no LICENSE file comes with this software, it is provided AS-IS.
  16:Core/Src/can.c ****   *
  17:Core/Src/can.c ****   ******************************************************************************
  18:Core/Src/can.c ****   */
  19:Core/Src/can.c **** /* USER CODE END Header */
  20:Core/Src/can.c **** /* Includes ------------------------------------------------------------------*/
  21:Core/Src/can.c **** #include "can.h"
  22:Core/Src/can.c **** 
  23:Core/Src/can.c **** /* USER CODE BEGIN 0 */
  24:Core/Src/can.c **** 
  25:Core/Src/can.c **** /* USER CODE END 0 */
  26:Core/Src/can.c **** 
  27:Core/Src/can.c **** CAN_HandleTypeDef hcan1;
  28:Core/Src/can.c **** CAN_HandleTypeDef hcan2;
  29:Core/Src/can.c **** 
  30:Core/Src/can.c **** /* CAN1 init function */
ARM GAS  C:\Users\30806\AppData\Local\Temp\cc8QaV5U.s 			page 2


  31:Core/Src/can.c **** void MX_CAN1_Init(void)
  32:Core/Src/can.c **** {
  29              		.loc 1 32 1 view -0
  30              		.cfi_startproc
  31              		@ args = 0, pretend = 0, frame = 0
  32              		@ frame_needed = 0, uses_anonymous_args = 0
  33 0000 08B5     		push	{r3, lr}
  34              		.cfi_def_cfa_offset 8
  35              		.cfi_offset 3, -8
  36              		.cfi_offset 14, -4
  33:Core/Src/can.c **** 
  34:Core/Src/can.c ****   /* USER CODE BEGIN CAN1_Init 0 */
  35:Core/Src/can.c **** 
  36:Core/Src/can.c ****   /* USER CODE END CAN1_Init 0 */
  37:Core/Src/can.c **** 
  38:Core/Src/can.c ****   /* USER CODE BEGIN CAN1_Init 1 */
  39:Core/Src/can.c **** 
  40:Core/Src/can.c ****   /* USER CODE END CAN1_Init 1 */
  41:Core/Src/can.c ****   hcan1.Instance = CAN1;
  37              		.loc 1 41 3 view .LVU1
  38              		.loc 1 41 18 is_stmt 0 view .LVU2
  39 0002 0E48     		ldr	r0, .L5
  40 0004 0E4B     		ldr	r3, .L5+4
  41 0006 0360     		str	r3, [r0]
  42:Core/Src/can.c ****   hcan1.Init.Prescaler = 3;
  42              		.loc 1 42 3 is_stmt 1 view .LVU3
  43              		.loc 1 42 24 is_stmt 0 view .LVU4
  44 0008 0323     		movs	r3, #3
  45 000a 4360     		str	r3, [r0, #4]
  43:Core/Src/can.c ****   hcan1.Init.Mode = CAN_MODE_NORMAL;
  46              		.loc 1 43 3 is_stmt 1 view .LVU5
  47              		.loc 1 43 19 is_stmt 0 view .LVU6
  48 000c 0023     		movs	r3, #0
  49 000e 8360     		str	r3, [r0, #8]
  44:Core/Src/can.c ****   hcan1.Init.SyncJumpWidth = CAN_SJW_1TQ;
  50              		.loc 1 44 3 is_stmt 1 view .LVU7
  51              		.loc 1 44 28 is_stmt 0 view .LVU8
  52 0010 C360     		str	r3, [r0, #12]
  45:Core/Src/can.c ****   hcan1.Init.TimeSeg1 = CAN_BS1_10TQ;
  53              		.loc 1 45 3 is_stmt 1 view .LVU9
  54              		.loc 1 45 23 is_stmt 0 view .LVU10
  55 0012 4FF41022 		mov	r2, #589824
  56 0016 0261     		str	r2, [r0, #16]
  46:Core/Src/can.c ****   hcan1.Init.TimeSeg2 = CAN_BS2_3TQ;
  57              		.loc 1 46 3 is_stmt 1 view .LVU11
  58              		.loc 1 46 23 is_stmt 0 view .LVU12
  59 0018 4FF40012 		mov	r2, #2097152
  60 001c 4261     		str	r2, [r0, #20]
  47:Core/Src/can.c ****   hcan1.Init.TimeTriggeredMode = DISABLE;
  61              		.loc 1 47 3 is_stmt 1 view .LVU13
  62              		.loc 1 47 32 is_stmt 0 view .LVU14
  63 001e 0376     		strb	r3, [r0, #24]
  48:Core/Src/can.c ****   hcan1.Init.AutoBusOff = ENABLE;
  64              		.loc 1 48 3 is_stmt 1 view .LVU15
  65              		.loc 1 48 25 is_stmt 0 view .LVU16
  66 0020 0122     		movs	r2, #1
  67 0022 4276     		strb	r2, [r0, #25]
ARM GAS  C:\Users\30806\AppData\Local\Temp\cc8QaV5U.s 			page 3


  49:Core/Src/can.c ****   hcan1.Init.AutoWakeUp = ENABLE;
  68              		.loc 1 49 3 is_stmt 1 view .LVU17
  69              		.loc 1 49 25 is_stmt 0 view .LVU18
  70 0024 8276     		strb	r2, [r0, #26]
  50:Core/Src/can.c ****   hcan1.Init.AutoRetransmission = DISABLE;
  71              		.loc 1 50 3 is_stmt 1 view .LVU19
  72              		.loc 1 50 33 is_stmt 0 view .LVU20
  73 0026 C376     		strb	r3, [r0, #27]
  51:Core/Src/can.c ****   hcan1.Init.ReceiveFifoLocked = DISABLE;
  74              		.loc 1 51 3 is_stmt 1 view .LVU21
  75              		.loc 1 51 32 is_stmt 0 view .LVU22
  76 0028 0377     		strb	r3, [r0, #28]
  52:Core/Src/can.c ****   hcan1.Init.TransmitFifoPriority = DISABLE;
  77              		.loc 1 52 3 is_stmt 1 view .LVU23
  78              		.loc 1 52 35 is_stmt 0 view .LVU24
  79 002a 4377     		strb	r3, [r0, #29]
  53:Core/Src/can.c ****   if (HAL_CAN_Init(&hcan1) != HAL_OK)
  80              		.loc 1 53 3 is_stmt 1 view .LVU25
  81              		.loc 1 53 7 is_stmt 0 view .LVU26
  82 002c FFF7FEFF 		bl	HAL_CAN_Init
  83              	.LVL0:
  84              		.loc 1 53 6 view .LVU27
  85 0030 00B9     		cbnz	r0, .L4
  86              	.L1:
  54:Core/Src/can.c ****   {
  55:Core/Src/can.c ****     Error_Handler();
  56:Core/Src/can.c ****   }
  57:Core/Src/can.c ****   /* USER CODE BEGIN CAN1_Init 2 */
  58:Core/Src/can.c **** 
  59:Core/Src/can.c ****   /* USER CODE END CAN1_Init 2 */
  60:Core/Src/can.c **** 
  61:Core/Src/can.c **** }
  87              		.loc 1 61 1 view .LVU28
  88 0032 08BD     		pop	{r3, pc}
  89              	.L4:
  55:Core/Src/can.c ****   }
  90              		.loc 1 55 5 is_stmt 1 view .LVU29
  91 0034 FFF7FEFF 		bl	Error_Handler
  92              	.LVL1:
  93              		.loc 1 61 1 is_stmt 0 view .LVU30
  94 0038 FBE7     		b	.L1
  95              	.L6:
  96 003a 00BF     		.align	2
  97              	.L5:
  98 003c 00000000 		.word	.LANCHOR0
  99 0040 00640040 		.word	1073767424
 100              		.cfi_endproc
 101              	.LFE134:
 103              		.section	.text.MX_CAN2_Init,"ax",%progbits
 104              		.align	1
 105              		.global	MX_CAN2_Init
 106              		.syntax unified
 107              		.thumb
 108              		.thumb_func
 109              		.fpu fpv4-sp-d16
 111              	MX_CAN2_Init:
 112              	.LFB135:
ARM GAS  C:\Users\30806\AppData\Local\Temp\cc8QaV5U.s 			page 4


  62:Core/Src/can.c **** /* CAN2 init function */
  63:Core/Src/can.c **** void MX_CAN2_Init(void)
  64:Core/Src/can.c **** {
 113              		.loc 1 64 1 is_stmt 1 view -0
 114              		.cfi_startproc
 115              		@ args = 0, pretend = 0, frame = 0
 116              		@ frame_needed = 0, uses_anonymous_args = 0
 117 0000 08B5     		push	{r3, lr}
 118              		.cfi_def_cfa_offset 8
 119              		.cfi_offset 3, -8
 120              		.cfi_offset 14, -4
  65:Core/Src/can.c **** 
  66:Core/Src/can.c ****   /* USER CODE BEGIN CAN2_Init 0 */
  67:Core/Src/can.c **** 
  68:Core/Src/can.c ****   /* USER CODE END CAN2_Init 0 */
  69:Core/Src/can.c **** 
  70:Core/Src/can.c ****   /* USER CODE BEGIN CAN2_Init 1 */
  71:Core/Src/can.c **** 
  72:Core/Src/can.c ****   /* USER CODE END CAN2_Init 1 */
  73:Core/Src/can.c ****   hcan2.Instance = CAN2;
 121              		.loc 1 73 3 view .LVU32
 122              		.loc 1 73 18 is_stmt 0 view .LVU33
 123 0002 0E48     		ldr	r0, .L11
 124 0004 0E4B     		ldr	r3, .L11+4
 125 0006 0360     		str	r3, [r0]
  74:Core/Src/can.c ****   hcan2.Init.Prescaler = 3;
 126              		.loc 1 74 3 is_stmt 1 view .LVU34
 127              		.loc 1 74 24 is_stmt 0 view .LVU35
 128 0008 0323     		movs	r3, #3
 129 000a 4360     		str	r3, [r0, #4]
  75:Core/Src/can.c ****   hcan2.Init.Mode = CAN_MODE_NORMAL;
 130              		.loc 1 75 3 is_stmt 1 view .LVU36
 131              		.loc 1 75 19 is_stmt 0 view .LVU37
 132 000c 0023     		movs	r3, #0
 133 000e 8360     		str	r3, [r0, #8]
  76:Core/Src/can.c ****   hcan2.Init.SyncJumpWidth = CAN_SJW_1TQ;
 134              		.loc 1 76 3 is_stmt 1 view .LVU38
 135              		.loc 1 76 28 is_stmt 0 view .LVU39
 136 0010 C360     		str	r3, [r0, #12]
  77:Core/Src/can.c ****   hcan2.Init.TimeSeg1 = CAN_BS1_10TQ;
 137              		.loc 1 77 3 is_stmt 1 view .LVU40
 138              		.loc 1 77 23 is_stmt 0 view .LVU41
 139 0012 4FF41022 		mov	r2, #589824
 140 0016 0261     		str	r2, [r0, #16]
  78:Core/Src/can.c ****   hcan2.Init.TimeSeg2 = CAN_BS2_3TQ;
 141              		.loc 1 78 3 is_stmt 1 view .LVU42
 142              		.loc 1 78 23 is_stmt 0 view .LVU43
 143 0018 4FF40012 		mov	r2, #2097152
 144 001c 4261     		str	r2, [r0, #20]
  79:Core/Src/can.c ****   hcan2.Init.TimeTriggeredMode = DISABLE;
 145              		.loc 1 79 3 is_stmt 1 view .LVU44
 146              		.loc 1 79 32 is_stmt 0 view .LVU45
 147 001e 0376     		strb	r3, [r0, #24]
  80:Core/Src/can.c ****   hcan2.Init.AutoBusOff = ENABLE;
 148              		.loc 1 80 3 is_stmt 1 view .LVU46
 149              		.loc 1 80 25 is_stmt 0 view .LVU47
 150 0020 0122     		movs	r2, #1
ARM GAS  C:\Users\30806\AppData\Local\Temp\cc8QaV5U.s 			page 5


 151 0022 4276     		strb	r2, [r0, #25]
  81:Core/Src/can.c ****   hcan2.Init.AutoWakeUp = ENABLE;
 152              		.loc 1 81 3 is_stmt 1 view .LVU48
 153              		.loc 1 81 25 is_stmt 0 view .LVU49
 154 0024 8276     		strb	r2, [r0, #26]
  82:Core/Src/can.c ****   hcan2.Init.AutoRetransmission = DISABLE;
 155              		.loc 1 82 3 is_stmt 1 view .LVU50
 156              		.loc 1 82 33 is_stmt 0 view .LVU51
 157 0026 C376     		strb	r3, [r0, #27]
  83:Core/Src/can.c ****   hcan2.Init.ReceiveFifoLocked = DISABLE;
 158              		.loc 1 83 3 is_stmt 1 view .LVU52
 159              		.loc 1 83 32 is_stmt 0 view .LVU53
 160 0028 0377     		strb	r3, [r0, #28]
  84:Core/Src/can.c ****   hcan2.Init.TransmitFifoPriority = DISABLE;
 161              		.loc 1 84 3 is_stmt 1 view .LVU54
 162              		.loc 1 84 35 is_stmt 0 view .LVU55
 163 002a 4377     		strb	r3, [r0, #29]
  85:Core/Src/can.c ****   if (HAL_CAN_Init(&hcan2) != HAL_OK)
 164              		.loc 1 85 3 is_stmt 1 view .LVU56
 165              		.loc 1 85 7 is_stmt 0 view .LVU57
 166 002c FFF7FEFF 		bl	HAL_CAN_Init
 167              	.LVL2:
 168              		.loc 1 85 6 view .LVU58
 169 0030 00B9     		cbnz	r0, .L10
 170              	.L7:
  86:Core/Src/can.c ****   {
  87:Core/Src/can.c ****     Error_Handler();
  88:Core/Src/can.c ****   }
  89:Core/Src/can.c ****   /* USER CODE BEGIN CAN2_Init 2 */
  90:Core/Src/can.c **** 
  91:Core/Src/can.c ****   /* USER CODE END CAN2_Init 2 */
  92:Core/Src/can.c **** 
  93:Core/Src/can.c **** }
 171              		.loc 1 93 1 view .LVU59
 172 0032 08BD     		pop	{r3, pc}
 173              	.L10:
  87:Core/Src/can.c ****   }
 174              		.loc 1 87 5 is_stmt 1 view .LVU60
 175 0034 FFF7FEFF 		bl	Error_Handler
 176              	.LVL3:
 177              		.loc 1 93 1 is_stmt 0 view .LVU61
 178 0038 FBE7     		b	.L7
 179              	.L12:
 180 003a 00BF     		.align	2
 181              	.L11:
 182 003c 00000000 		.word	.LANCHOR1
 183 0040 00680040 		.word	1073768448
 184              		.cfi_endproc
 185              	.LFE135:
 187              		.section	.text.HAL_CAN_MspInit,"ax",%progbits
 188              		.align	1
 189              		.global	HAL_CAN_MspInit
 190              		.syntax unified
 191              		.thumb
 192              		.thumb_func
 193              		.fpu fpv4-sp-d16
 195              	HAL_CAN_MspInit:
ARM GAS  C:\Users\30806\AppData\Local\Temp\cc8QaV5U.s 			page 6


 196              	.LVL4:
 197              	.LFB136:
  94:Core/Src/can.c **** 
  95:Core/Src/can.c **** static uint32_t HAL_RCC_CAN1_CLK_ENABLED=0;
  96:Core/Src/can.c **** 
  97:Core/Src/can.c **** void HAL_CAN_MspInit(CAN_HandleTypeDef* canHandle)
  98:Core/Src/can.c **** {
 198              		.loc 1 98 1 is_stmt 1 view -0
 199              		.cfi_startproc
 200              		@ args = 0, pretend = 0, frame = 40
 201              		@ frame_needed = 0, uses_anonymous_args = 0
 202              		.loc 1 98 1 is_stmt 0 view .LVU63
 203 0000 10B5     		push	{r4, lr}
 204              		.cfi_def_cfa_offset 8
 205              		.cfi_offset 4, -8
 206              		.cfi_offset 14, -4
 207 0002 8AB0     		sub	sp, sp, #40
 208              		.cfi_def_cfa_offset 48
  99:Core/Src/can.c **** 
 100:Core/Src/can.c ****   GPIO_InitTypeDef GPIO_InitStruct = {0};
 209              		.loc 1 100 3 is_stmt 1 view .LVU64
 210              		.loc 1 100 20 is_stmt 0 view .LVU65
 211 0004 0023     		movs	r3, #0
 212 0006 0593     		str	r3, [sp, #20]
 213 0008 0693     		str	r3, [sp, #24]
 214 000a 0793     		str	r3, [sp, #28]
 215 000c 0893     		str	r3, [sp, #32]
 216 000e 0993     		str	r3, [sp, #36]
 101:Core/Src/can.c ****   if(canHandle->Instance==CAN1)
 217              		.loc 1 101 3 is_stmt 1 view .LVU66
 218              		.loc 1 101 15 is_stmt 0 view .LVU67
 219 0010 0368     		ldr	r3, [r0]
 220              		.loc 1 101 5 view .LVU68
 221 0012 564A     		ldr	r2, .L23
 222 0014 9342     		cmp	r3, r2
 223 0016 04D0     		beq	.L19
 102:Core/Src/can.c ****   {
 103:Core/Src/can.c ****   /* USER CODE BEGIN CAN1_MspInit 0 */
 104:Core/Src/can.c **** 
 105:Core/Src/can.c ****   /* USER CODE END CAN1_MspInit 0 */
 106:Core/Src/can.c ****     /* CAN1 clock enable */
 107:Core/Src/can.c ****     HAL_RCC_CAN1_CLK_ENABLED++;
 108:Core/Src/can.c ****     if(HAL_RCC_CAN1_CLK_ENABLED==1){
 109:Core/Src/can.c ****       __HAL_RCC_CAN1_CLK_ENABLE();
 110:Core/Src/can.c ****     }
 111:Core/Src/can.c **** 
 112:Core/Src/can.c ****     __HAL_RCC_GPIOB_CLK_ENABLE();
 113:Core/Src/can.c ****     /**CAN1 GPIO Configuration
 114:Core/Src/can.c ****     PB8     ------> CAN1_RX
 115:Core/Src/can.c ****     PB9     ------> CAN1_TX
 116:Core/Src/can.c ****     */
 117:Core/Src/can.c ****     GPIO_InitStruct.Pin = GPIO_PIN_8|GPIO_PIN_9;
 118:Core/Src/can.c ****     GPIO_InitStruct.Mode = GPIO_MODE_AF_PP;
 119:Core/Src/can.c ****     GPIO_InitStruct.Pull = GPIO_NOPULL;
 120:Core/Src/can.c ****     GPIO_InitStruct.Speed = GPIO_SPEED_FREQ_VERY_HIGH;
 121:Core/Src/can.c ****     GPIO_InitStruct.Alternate = GPIO_AF9_CAN1;
 122:Core/Src/can.c ****     HAL_GPIO_Init(GPIOB, &GPIO_InitStruct);
ARM GAS  C:\Users\30806\AppData\Local\Temp\cc8QaV5U.s 			page 7


 123:Core/Src/can.c **** 
 124:Core/Src/can.c ****     /* CAN1 interrupt Init */
 125:Core/Src/can.c ****     HAL_NVIC_SetPriority(CAN1_TX_IRQn, 5, 0);
 126:Core/Src/can.c ****     HAL_NVIC_EnableIRQ(CAN1_TX_IRQn);
 127:Core/Src/can.c ****     HAL_NVIC_SetPriority(CAN1_RX0_IRQn, 5, 0);
 128:Core/Src/can.c ****     HAL_NVIC_EnableIRQ(CAN1_RX0_IRQn);
 129:Core/Src/can.c ****     HAL_NVIC_SetPriority(CAN1_RX1_IRQn, 5, 0);
 130:Core/Src/can.c ****     HAL_NVIC_EnableIRQ(CAN1_RX1_IRQn);
 131:Core/Src/can.c ****     HAL_NVIC_SetPriority(CAN1_SCE_IRQn, 5, 0);
 132:Core/Src/can.c ****     HAL_NVIC_EnableIRQ(CAN1_SCE_IRQn);
 133:Core/Src/can.c ****   /* USER CODE BEGIN CAN1_MspInit 1 */
 134:Core/Src/can.c **** 
 135:Core/Src/can.c ****   /* USER CODE END CAN1_MspInit 1 */
 136:Core/Src/can.c ****   }
 137:Core/Src/can.c ****   else if(canHandle->Instance==CAN2)
 224              		.loc 1 137 8 is_stmt 1 view .LVU69
 225              		.loc 1 137 10 is_stmt 0 view .LVU70
 226 0018 554A     		ldr	r2, .L23+4
 227 001a 9342     		cmp	r3, r2
 228 001c 4ED0     		beq	.L20
 229              	.LVL5:
 230              	.L13:
 138:Core/Src/can.c ****   {
 139:Core/Src/can.c ****   /* USER CODE BEGIN CAN2_MspInit 0 */
 140:Core/Src/can.c **** 
 141:Core/Src/can.c ****   /* USER CODE END CAN2_MspInit 0 */
 142:Core/Src/can.c ****     /* CAN2 clock enable */
 143:Core/Src/can.c ****     __HAL_RCC_CAN2_CLK_ENABLE();
 144:Core/Src/can.c ****     HAL_RCC_CAN1_CLK_ENABLED++;
 145:Core/Src/can.c ****     if(HAL_RCC_CAN1_CLK_ENABLED==1){
 146:Core/Src/can.c ****       __HAL_RCC_CAN1_CLK_ENABLE();
 147:Core/Src/can.c ****     }
 148:Core/Src/can.c **** 
 149:Core/Src/can.c ****     __HAL_RCC_GPIOB_CLK_ENABLE();
 150:Core/Src/can.c ****     /**CAN2 GPIO Configuration
 151:Core/Src/can.c ****     PB5     ------> CAN2_RX
 152:Core/Src/can.c ****     PB6     ------> CAN2_TX
 153:Core/Src/can.c ****     */
 154:Core/Src/can.c ****     GPIO_InitStruct.Pin = GPIO_PIN_5|GPIO_PIN_6;
 155:Core/Src/can.c ****     GPIO_InitStruct.Mode = GPIO_MODE_AF_PP;
 156:Core/Src/can.c ****     GPIO_InitStruct.Pull = GPIO_NOPULL;
 157:Core/Src/can.c ****     GPIO_InitStruct.Speed = GPIO_SPEED_FREQ_VERY_HIGH;
 158:Core/Src/can.c ****     GPIO_InitStruct.Alternate = GPIO_AF9_CAN2;
 159:Core/Src/can.c ****     HAL_GPIO_Init(GPIOB, &GPIO_InitStruct);
 160:Core/Src/can.c **** 
 161:Core/Src/can.c ****     /* CAN2 interrupt Init */
 162:Core/Src/can.c ****     HAL_NVIC_SetPriority(CAN2_TX_IRQn, 5, 0);
 163:Core/Src/can.c ****     HAL_NVIC_EnableIRQ(CAN2_TX_IRQn);
 164:Core/Src/can.c ****     HAL_NVIC_SetPriority(CAN2_RX0_IRQn, 5, 0);
 165:Core/Src/can.c ****     HAL_NVIC_EnableIRQ(CAN2_RX0_IRQn);
 166:Core/Src/can.c ****     HAL_NVIC_SetPriority(CAN2_RX1_IRQn, 5, 0);
 167:Core/Src/can.c ****     HAL_NVIC_EnableIRQ(CAN2_RX1_IRQn);
 168:Core/Src/can.c ****     HAL_NVIC_SetPriority(CAN2_SCE_IRQn, 5, 0);
 169:Core/Src/can.c ****     HAL_NVIC_EnableIRQ(CAN2_SCE_IRQn);
 170:Core/Src/can.c ****   /* USER CODE BEGIN CAN2_MspInit 1 */
 171:Core/Src/can.c **** 
 172:Core/Src/can.c ****   /* USER CODE END CAN2_MspInit 1 */
ARM GAS  C:\Users\30806\AppData\Local\Temp\cc8QaV5U.s 			page 8


 173:Core/Src/can.c ****   }
 174:Core/Src/can.c **** }
 231              		.loc 1 174 1 view .LVU71
 232 001e 0AB0     		add	sp, sp, #40
 233              		.cfi_remember_state
 234              		.cfi_def_cfa_offset 8
 235              		@ sp needed
 236 0020 10BD     		pop	{r4, pc}
 237              	.LVL6:
 238              	.L19:
 239              		.cfi_restore_state
 107:Core/Src/can.c ****     if(HAL_RCC_CAN1_CLK_ENABLED==1){
 240              		.loc 1 107 5 is_stmt 1 view .LVU72
 107:Core/Src/can.c ****     if(HAL_RCC_CAN1_CLK_ENABLED==1){
 241              		.loc 1 107 29 is_stmt 0 view .LVU73
 242 0022 544A     		ldr	r2, .L23+8
 243 0024 1368     		ldr	r3, [r2]
 244 0026 0133     		adds	r3, r3, #1
 245 0028 1360     		str	r3, [r2]
 108:Core/Src/can.c ****       __HAL_RCC_CAN1_CLK_ENABLE();
 246              		.loc 1 108 5 is_stmt 1 view .LVU74
 108:Core/Src/can.c ****       __HAL_RCC_CAN1_CLK_ENABLE();
 247              		.loc 1 108 7 is_stmt 0 view .LVU75
 248 002a 012B     		cmp	r3, #1
 249 002c 39D0     		beq	.L21
 250              	.L15:
 109:Core/Src/can.c ****     }
 251              		.loc 1 109 7 is_stmt 1 discriminator 1 view .LVU76
 112:Core/Src/can.c ****     /**CAN1 GPIO Configuration
 252              		.loc 1 112 5 discriminator 1 view .LVU77
 253              	.LBB2:
 112:Core/Src/can.c ****     /**CAN1 GPIO Configuration
 254              		.loc 1 112 5 discriminator 1 view .LVU78
 255 002e 0024     		movs	r4, #0
 256 0030 0194     		str	r4, [sp, #4]
 112:Core/Src/can.c ****     /**CAN1 GPIO Configuration
 257              		.loc 1 112 5 discriminator 1 view .LVU79
 258 0032 514B     		ldr	r3, .L23+12
 259 0034 1A6B     		ldr	r2, [r3, #48]
 260 0036 42F00202 		orr	r2, r2, #2
 261 003a 1A63     		str	r2, [r3, #48]
 112:Core/Src/can.c ****     /**CAN1 GPIO Configuration
 262              		.loc 1 112 5 discriminator 1 view .LVU80
 263 003c 1B6B     		ldr	r3, [r3, #48]
 264 003e 03F00203 		and	r3, r3, #2
 265 0042 0193     		str	r3, [sp, #4]
 112:Core/Src/can.c ****     /**CAN1 GPIO Configuration
 266              		.loc 1 112 5 discriminator 1 view .LVU81
 267 0044 019B     		ldr	r3, [sp, #4]
 268              	.LBE2:
 112:Core/Src/can.c ****     /**CAN1 GPIO Configuration
 269              		.loc 1 112 5 discriminator 1 view .LVU82
 117:Core/Src/can.c ****     GPIO_InitStruct.Mode = GPIO_MODE_AF_PP;
 270              		.loc 1 117 5 discriminator 1 view .LVU83
 117:Core/Src/can.c ****     GPIO_InitStruct.Mode = GPIO_MODE_AF_PP;
 271              		.loc 1 117 25 is_stmt 0 discriminator 1 view .LVU84
 272 0046 4FF44073 		mov	r3, #768
ARM GAS  C:\Users\30806\AppData\Local\Temp\cc8QaV5U.s 			page 9


 273 004a 0593     		str	r3, [sp, #20]
 118:Core/Src/can.c ****     GPIO_InitStruct.Pull = GPIO_NOPULL;
 274              		.loc 1 118 5 is_stmt 1 discriminator 1 view .LVU85
 118:Core/Src/can.c ****     GPIO_InitStruct.Pull = GPIO_NOPULL;
 275              		.loc 1 118 26 is_stmt 0 discriminator 1 view .LVU86
 276 004c 0223     		movs	r3, #2
 277 004e 0693     		str	r3, [sp, #24]
 119:Core/Src/can.c ****     GPIO_InitStruct.Speed = GPIO_SPEED_FREQ_VERY_HIGH;
 278              		.loc 1 119 5 is_stmt 1 discriminator 1 view .LVU87
 120:Core/Src/can.c ****     GPIO_InitStruct.Alternate = GPIO_AF9_CAN1;
 279              		.loc 1 120 5 discriminator 1 view .LVU88
 120:Core/Src/can.c ****     GPIO_InitStruct.Alternate = GPIO_AF9_CAN1;
 280              		.loc 1 120 27 is_stmt 0 discriminator 1 view .LVU89
 281 0050 0323     		movs	r3, #3
 282 0052 0893     		str	r3, [sp, #32]
 121:Core/Src/can.c ****     HAL_GPIO_Init(GPIOB, &GPIO_InitStruct);
 283              		.loc 1 121 5 is_stmt 1 discriminator 1 view .LVU90
 121:Core/Src/can.c ****     HAL_GPIO_Init(GPIOB, &GPIO_InitStruct);
 284              		.loc 1 121 31 is_stmt 0 discriminator 1 view .LVU91
 285 0054 0923     		movs	r3, #9
 286 0056 0993     		str	r3, [sp, #36]
 122:Core/Src/can.c **** 
 287              		.loc 1 122 5 is_stmt 1 discriminator 1 view .LVU92
 288 0058 05A9     		add	r1, sp, #20
 289 005a 4848     		ldr	r0, .L23+16
 290              	.LVL7:
 122:Core/Src/can.c **** 
 291              		.loc 1 122 5 is_stmt 0 discriminator 1 view .LVU93
 292 005c FFF7FEFF 		bl	HAL_GPIO_Init
 293              	.LVL8:
 125:Core/Src/can.c ****     HAL_NVIC_EnableIRQ(CAN1_TX_IRQn);
 294              		.loc 1 125 5 is_stmt 1 discriminator 1 view .LVU94
 295 0060 2246     		mov	r2, r4
 296 0062 0521     		movs	r1, #5
 297 0064 1320     		movs	r0, #19
 298 0066 FFF7FEFF 		bl	HAL_NVIC_SetPriority
 299              	.LVL9:
 126:Core/Src/can.c ****     HAL_NVIC_SetPriority(CAN1_RX0_IRQn, 5, 0);
 300              		.loc 1 126 5 discriminator 1 view .LVU95
 301 006a 1320     		movs	r0, #19
 302 006c FFF7FEFF 		bl	HAL_NVIC_EnableIRQ
 303              	.LVL10:
 127:Core/Src/can.c ****     HAL_NVIC_EnableIRQ(CAN1_RX0_IRQn);
 304              		.loc 1 127 5 discriminator 1 view .LVU96
 305 0070 2246     		mov	r2, r4
 306 0072 0521     		movs	r1, #5
 307 0074 1420     		movs	r0, #20
 308 0076 FFF7FEFF 		bl	HAL_NVIC_SetPriority
 309              	.LVL11:
 128:Core/Src/can.c ****     HAL_NVIC_SetPriority(CAN1_RX1_IRQn, 5, 0);
 310              		.loc 1 128 5 discriminator 1 view .LVU97
 311 007a 1420     		movs	r0, #20
 312 007c FFF7FEFF 		bl	HAL_NVIC_EnableIRQ
 313              	.LVL12:
 129:Core/Src/can.c ****     HAL_NVIC_EnableIRQ(CAN1_RX1_IRQn);
 314              		.loc 1 129 5 discriminator 1 view .LVU98
 315 0080 2246     		mov	r2, r4
ARM GAS  C:\Users\30806\AppData\Local\Temp\cc8QaV5U.s 			page 10


 316 0082 0521     		movs	r1, #5
 317 0084 1520     		movs	r0, #21
 318 0086 FFF7FEFF 		bl	HAL_NVIC_SetPriority
 319              	.LVL13:
 130:Core/Src/can.c ****     HAL_NVIC_SetPriority(CAN1_SCE_IRQn, 5, 0);
 320              		.loc 1 130 5 discriminator 1 view .LVU99
 321 008a 1520     		movs	r0, #21
 322 008c FFF7FEFF 		bl	HAL_NVIC_EnableIRQ
 323              	.LVL14:
 131:Core/Src/can.c ****     HAL_NVIC_EnableIRQ(CAN1_SCE_IRQn);
 324              		.loc 1 131 5 discriminator 1 view .LVU100
 325 0090 2246     		mov	r2, r4
 326 0092 0521     		movs	r1, #5
 327 0094 1620     		movs	r0, #22
 328 0096 FFF7FEFF 		bl	HAL_NVIC_SetPriority
 329              	.LVL15:
 132:Core/Src/can.c ****   /* USER CODE BEGIN CAN1_MspInit 1 */
 330              		.loc 1 132 5 discriminator 1 view .LVU101
 331 009a 1620     		movs	r0, #22
 332 009c FFF7FEFF 		bl	HAL_NVIC_EnableIRQ
 333              	.LVL16:
 334 00a0 BDE7     		b	.L13
 335              	.LVL17:
 336              	.L21:
 109:Core/Src/can.c ****     }
 337              		.loc 1 109 7 view .LVU102
 338              	.LBB3:
 109:Core/Src/can.c ****     }
 339              		.loc 1 109 7 view .LVU103
 340 00a2 0023     		movs	r3, #0
 341 00a4 0093     		str	r3, [sp]
 109:Core/Src/can.c ****     }
 342              		.loc 1 109 7 view .LVU104
 343 00a6 344B     		ldr	r3, .L23+12
 344 00a8 1A6C     		ldr	r2, [r3, #64]
 345 00aa 42F00072 		orr	r2, r2, #33554432
 346 00ae 1A64     		str	r2, [r3, #64]
 109:Core/Src/can.c ****     }
 347              		.loc 1 109 7 view .LVU105
 348 00b0 1B6C     		ldr	r3, [r3, #64]
 349 00b2 03F00073 		and	r3, r3, #33554432
 350 00b6 0093     		str	r3, [sp]
 109:Core/Src/can.c ****     }
 351              		.loc 1 109 7 view .LVU106
 352 00b8 009B     		ldr	r3, [sp]
 353 00ba B8E7     		b	.L15
 354              	.L20:
 355              	.LBE3:
 143:Core/Src/can.c ****     HAL_RCC_CAN1_CLK_ENABLED++;
 356              		.loc 1 143 5 view .LVU107
 357              	.LBB4:
 143:Core/Src/can.c ****     HAL_RCC_CAN1_CLK_ENABLED++;
 358              		.loc 1 143 5 view .LVU108
 359 00bc 0023     		movs	r3, #0
 360 00be 0293     		str	r3, [sp, #8]
 143:Core/Src/can.c ****     HAL_RCC_CAN1_CLK_ENABLED++;
 361              		.loc 1 143 5 view .LVU109
ARM GAS  C:\Users\30806\AppData\Local\Temp\cc8QaV5U.s 			page 11


 362 00c0 2D4B     		ldr	r3, .L23+12
 363 00c2 1A6C     		ldr	r2, [r3, #64]
 364 00c4 42F08062 		orr	r2, r2, #67108864
 365 00c8 1A64     		str	r2, [r3, #64]
 143:Core/Src/can.c ****     HAL_RCC_CAN1_CLK_ENABLED++;
 366              		.loc 1 143 5 view .LVU110
 367 00ca 1B6C     		ldr	r3, [r3, #64]
 368 00cc 03F08063 		and	r3, r3, #67108864
 369 00d0 0293     		str	r3, [sp, #8]
 143:Core/Src/can.c ****     HAL_RCC_CAN1_CLK_ENABLED++;
 370              		.loc 1 143 5 view .LVU111
 371 00d2 029B     		ldr	r3, [sp, #8]
 372              	.LBE4:
 143:Core/Src/can.c ****     HAL_RCC_CAN1_CLK_ENABLED++;
 373              		.loc 1 143 5 view .LVU112
 144:Core/Src/can.c ****     if(HAL_RCC_CAN1_CLK_ENABLED==1){
 374              		.loc 1 144 5 view .LVU113
 144:Core/Src/can.c ****     if(HAL_RCC_CAN1_CLK_ENABLED==1){
 375              		.loc 1 144 29 is_stmt 0 view .LVU114
 376 00d4 274A     		ldr	r2, .L23+8
 377 00d6 1368     		ldr	r3, [r2]
 378 00d8 0133     		adds	r3, r3, #1
 379 00da 1360     		str	r3, [r2]
 145:Core/Src/can.c ****       __HAL_RCC_CAN1_CLK_ENABLE();
 380              		.loc 1 145 5 is_stmt 1 view .LVU115
 145:Core/Src/can.c ****       __HAL_RCC_CAN1_CLK_ENABLE();
 381              		.loc 1 145 7 is_stmt 0 view .LVU116
 382 00dc 012B     		cmp	r3, #1
 383 00de 38D0     		beq	.L22
 384              	.L17:
 146:Core/Src/can.c ****     }
 385              		.loc 1 146 7 is_stmt 1 discriminator 1 view .LVU117
 149:Core/Src/can.c ****     /**CAN2 GPIO Configuration
 386              		.loc 1 149 5 discriminator 1 view .LVU118
 387              	.LBB5:
 149:Core/Src/can.c ****     /**CAN2 GPIO Configuration
 388              		.loc 1 149 5 discriminator 1 view .LVU119
 389 00e0 0024     		movs	r4, #0
 390 00e2 0494     		str	r4, [sp, #16]
 149:Core/Src/can.c ****     /**CAN2 GPIO Configuration
 391              		.loc 1 149 5 discriminator 1 view .LVU120
 392 00e4 244B     		ldr	r3, .L23+12
 393 00e6 1A6B     		ldr	r2, [r3, #48]
 394 00e8 42F00202 		orr	r2, r2, #2
 395 00ec 1A63     		str	r2, [r3, #48]
 149:Core/Src/can.c ****     /**CAN2 GPIO Configuration
 396              		.loc 1 149 5 discriminator 1 view .LVU121
 397 00ee 1B6B     		ldr	r3, [r3, #48]
 398 00f0 03F00203 		and	r3, r3, #2
 399 00f4 0493     		str	r3, [sp, #16]
 149:Core/Src/can.c ****     /**CAN2 GPIO Configuration
 400              		.loc 1 149 5 discriminator 1 view .LVU122
 401 00f6 049B     		ldr	r3, [sp, #16]
 402              	.LBE5:
 149:Core/Src/can.c ****     /**CAN2 GPIO Configuration
 403              		.loc 1 149 5 discriminator 1 view .LVU123
 154:Core/Src/can.c ****     GPIO_InitStruct.Mode = GPIO_MODE_AF_PP;
ARM GAS  C:\Users\30806\AppData\Local\Temp\cc8QaV5U.s 			page 12


 404              		.loc 1 154 5 discriminator 1 view .LVU124
 154:Core/Src/can.c ****     GPIO_InitStruct.Mode = GPIO_MODE_AF_PP;
 405              		.loc 1 154 25 is_stmt 0 discriminator 1 view .LVU125
 406 00f8 6023     		movs	r3, #96
 407 00fa 0593     		str	r3, [sp, #20]
 155:Core/Src/can.c ****     GPIO_InitStruct.Pull = GPIO_NOPULL;
 408              		.loc 1 155 5 is_stmt 1 discriminator 1 view .LVU126
 155:Core/Src/can.c ****     GPIO_InitStruct.Pull = GPIO_NOPULL;
 409              		.loc 1 155 26 is_stmt 0 discriminator 1 view .LVU127
 410 00fc 0223     		movs	r3, #2
 411 00fe 0693     		str	r3, [sp, #24]
 156:Core/Src/can.c ****     GPIO_InitStruct.Speed = GPIO_SPEED_FREQ_VERY_HIGH;
 412              		.loc 1 156 5 is_stmt 1 discriminator 1 view .LVU128
 157:Core/Src/can.c ****     GPIO_InitStruct.Alternate = GPIO_AF9_CAN2;
 413              		.loc 1 157 5 discriminator 1 view .LVU129
 157:Core/Src/can.c ****     GPIO_InitStruct.Alternate = GPIO_AF9_CAN2;
 414              		.loc 1 157 27 is_stmt 0 discriminator 1 view .LVU130
 415 0100 0323     		movs	r3, #3
 416 0102 0893     		str	r3, [sp, #32]
 158:Core/Src/can.c ****     HAL_GPIO_Init(GPIOB, &GPIO_InitStruct);
 417              		.loc 1 158 5 is_stmt 1 discriminator 1 view .LVU131
 158:Core/Src/can.c ****     HAL_GPIO_Init(GPIOB, &GPIO_InitStruct);
 418              		.loc 1 158 31 is_stmt 0 discriminator 1 view .LVU132
 419 0104 0923     		movs	r3, #9
 420 0106 0993     		str	r3, [sp, #36]
 159:Core/Src/can.c **** 
 421              		.loc 1 159 5 is_stmt 1 discriminator 1 view .LVU133
 422 0108 05A9     		add	r1, sp, #20
 423 010a 1C48     		ldr	r0, .L23+16
 424              	.LVL18:
 159:Core/Src/can.c **** 
 425              		.loc 1 159 5 is_stmt 0 discriminator 1 view .LVU134
 426 010c FFF7FEFF 		bl	HAL_GPIO_Init
 427              	.LVL19:
 162:Core/Src/can.c ****     HAL_NVIC_EnableIRQ(CAN2_TX_IRQn);
 428              		.loc 1 162 5 is_stmt 1 discriminator 1 view .LVU135
 429 0110 2246     		mov	r2, r4
 430 0112 0521     		movs	r1, #5
 431 0114 3F20     		movs	r0, #63
 432 0116 FFF7FEFF 		bl	HAL_NVIC_SetPriority
 433              	.LVL20:
 163:Core/Src/can.c ****     HAL_NVIC_SetPriority(CAN2_RX0_IRQn, 5, 0);
 434              		.loc 1 163 5 discriminator 1 view .LVU136
 435 011a 3F20     		movs	r0, #63
 436 011c FFF7FEFF 		bl	HAL_NVIC_EnableIRQ
 437              	.LVL21:
 164:Core/Src/can.c ****     HAL_NVIC_EnableIRQ(CAN2_RX0_IRQn);
 438              		.loc 1 164 5 discriminator 1 view .LVU137
 439 0120 2246     		mov	r2, r4
 440 0122 0521     		movs	r1, #5
 441 0124 4020     		movs	r0, #64
 442 0126 FFF7FEFF 		bl	HAL_NVIC_SetPriority
 443              	.LVL22:
 165:Core/Src/can.c ****     HAL_NVIC_SetPriority(CAN2_RX1_IRQn, 5, 0);
 444              		.loc 1 165 5 discriminator 1 view .LVU138
 445 012a 4020     		movs	r0, #64
 446 012c FFF7FEFF 		bl	HAL_NVIC_EnableIRQ
ARM GAS  C:\Users\30806\AppData\Local\Temp\cc8QaV5U.s 			page 13


 447              	.LVL23:
 166:Core/Src/can.c ****     HAL_NVIC_EnableIRQ(CAN2_RX1_IRQn);
 448              		.loc 1 166 5 discriminator 1 view .LVU139
 449 0130 2246     		mov	r2, r4
 450 0132 0521     		movs	r1, #5
 451 0134 4120     		movs	r0, #65
 452 0136 FFF7FEFF 		bl	HAL_NVIC_SetPriority
 453              	.LVL24:
 167:Core/Src/can.c ****     HAL_NVIC_SetPriority(CAN2_SCE_IRQn, 5, 0);
 454              		.loc 1 167 5 discriminator 1 view .LVU140
 455 013a 4120     		movs	r0, #65
 456 013c FFF7FEFF 		bl	HAL_NVIC_EnableIRQ
 457              	.LVL25:
 168:Core/Src/can.c ****     HAL_NVIC_EnableIRQ(CAN2_SCE_IRQn);
 458              		.loc 1 168 5 discriminator 1 view .LVU141
 459 0140 2246     		mov	r2, r4
 460 0142 0521     		movs	r1, #5
 461 0144 4220     		movs	r0, #66
 462 0146 FFF7FEFF 		bl	HAL_NVIC_SetPriority
 463              	.LVL26:
 169:Core/Src/can.c ****   /* USER CODE BEGIN CAN2_MspInit 1 */
 464              		.loc 1 169 5 discriminator 1 view .LVU142
 465 014a 4220     		movs	r0, #66
 466 014c FFF7FEFF 		bl	HAL_NVIC_EnableIRQ
 467              	.LVL27:
 468              		.loc 1 174 1 is_stmt 0 discriminator 1 view .LVU143
 469 0150 65E7     		b	.L13
 470              	.LVL28:
 471              	.L22:
 146:Core/Src/can.c ****     }
 472              		.loc 1 146 7 is_stmt 1 view .LVU144
 473              	.LBB6:
 146:Core/Src/can.c ****     }
 474              		.loc 1 146 7 view .LVU145
 475 0152 0023     		movs	r3, #0
 476 0154 0393     		str	r3, [sp, #12]
 146:Core/Src/can.c ****     }
 477              		.loc 1 146 7 view .LVU146
 478 0156 084B     		ldr	r3, .L23+12
 479 0158 1A6C     		ldr	r2, [r3, #64]
 480 015a 42F00072 		orr	r2, r2, #33554432
 481 015e 1A64     		str	r2, [r3, #64]
 146:Core/Src/can.c ****     }
 482              		.loc 1 146 7 view .LVU147
 483 0160 1B6C     		ldr	r3, [r3, #64]
 484 0162 03F00073 		and	r3, r3, #33554432
 485 0166 0393     		str	r3, [sp, #12]
 146:Core/Src/can.c ****     }
 486              		.loc 1 146 7 view .LVU148
 487 0168 039B     		ldr	r3, [sp, #12]
 488 016a B9E7     		b	.L17
 489              	.L24:
 490              		.align	2
 491              	.L23:
 492 016c 00640040 		.word	1073767424
 493 0170 00680040 		.word	1073768448
 494 0174 00000000 		.word	.LANCHOR2
ARM GAS  C:\Users\30806\AppData\Local\Temp\cc8QaV5U.s 			page 14


 495 0178 00380240 		.word	1073887232
 496 017c 00040240 		.word	1073873920
 497              	.LBE6:
 498              		.cfi_endproc
 499              	.LFE136:
 501              		.section	.text.HAL_CAN_MspDeInit,"ax",%progbits
 502              		.align	1
 503              		.global	HAL_CAN_MspDeInit
 504              		.syntax unified
 505              		.thumb
 506              		.thumb_func
 507              		.fpu fpv4-sp-d16
 509              	HAL_CAN_MspDeInit:
 510              	.LVL29:
 511              	.LFB137:
 175:Core/Src/can.c **** 
 176:Core/Src/can.c **** void HAL_CAN_MspDeInit(CAN_HandleTypeDef* canHandle)
 177:Core/Src/can.c **** {
 512              		.loc 1 177 1 view -0
 513              		.cfi_startproc
 514              		@ args = 0, pretend = 0, frame = 0
 515              		@ frame_needed = 0, uses_anonymous_args = 0
 516              		.loc 1 177 1 is_stmt 0 view .LVU150
 517 0000 08B5     		push	{r3, lr}
 518              		.cfi_def_cfa_offset 8
 519              		.cfi_offset 3, -8
 520              		.cfi_offset 14, -4
 178:Core/Src/can.c **** 
 179:Core/Src/can.c ****   if(canHandle->Instance==CAN1)
 521              		.loc 1 179 3 is_stmt 1 view .LVU151
 522              		.loc 1 179 15 is_stmt 0 view .LVU152
 523 0002 0368     		ldr	r3, [r0]
 524              		.loc 1 179 5 view .LVU153
 525 0004 214A     		ldr	r2, .L33
 526 0006 9342     		cmp	r3, r2
 527 0008 03D0     		beq	.L31
 180:Core/Src/can.c ****   {
 181:Core/Src/can.c ****   /* USER CODE BEGIN CAN1_MspDeInit 0 */
 182:Core/Src/can.c **** 
 183:Core/Src/can.c ****   /* USER CODE END CAN1_MspDeInit 0 */
 184:Core/Src/can.c ****     /* Peripheral clock disable */
 185:Core/Src/can.c ****     HAL_RCC_CAN1_CLK_ENABLED--;
 186:Core/Src/can.c ****     if(HAL_RCC_CAN1_CLK_ENABLED==0){
 187:Core/Src/can.c ****       __HAL_RCC_CAN1_CLK_DISABLE();
 188:Core/Src/can.c ****     }
 189:Core/Src/can.c **** 
 190:Core/Src/can.c ****     /**CAN1 GPIO Configuration
 191:Core/Src/can.c ****     PB8     ------> CAN1_RX
 192:Core/Src/can.c ****     PB9     ------> CAN1_TX
 193:Core/Src/can.c ****     */
 194:Core/Src/can.c ****     HAL_GPIO_DeInit(GPIOB, GPIO_PIN_8|GPIO_PIN_9);
 195:Core/Src/can.c **** 
 196:Core/Src/can.c ****     /* CAN1 interrupt Deinit */
 197:Core/Src/can.c ****     HAL_NVIC_DisableIRQ(CAN1_TX_IRQn);
 198:Core/Src/can.c ****     HAL_NVIC_DisableIRQ(CAN1_RX0_IRQn);
 199:Core/Src/can.c ****     HAL_NVIC_DisableIRQ(CAN1_RX1_IRQn);
 200:Core/Src/can.c ****     HAL_NVIC_DisableIRQ(CAN1_SCE_IRQn);
ARM GAS  C:\Users\30806\AppData\Local\Temp\cc8QaV5U.s 			page 15


 201:Core/Src/can.c ****   /* USER CODE BEGIN CAN1_MspDeInit 1 */
 202:Core/Src/can.c **** 
 203:Core/Src/can.c ****   /* USER CODE END CAN1_MspDeInit 1 */
 204:Core/Src/can.c ****   }
 205:Core/Src/can.c ****   else if(canHandle->Instance==CAN2)
 528              		.loc 1 205 8 is_stmt 1 view .LVU154
 529              		.loc 1 205 10 is_stmt 0 view .LVU155
 530 000a 214A     		ldr	r2, .L33+4
 531 000c 9342     		cmp	r3, r2
 532 000e 1CD0     		beq	.L32
 533              	.LVL30:
 534              	.L25:
 206:Core/Src/can.c ****   {
 207:Core/Src/can.c ****   /* USER CODE BEGIN CAN2_MspDeInit 0 */
 208:Core/Src/can.c **** 
 209:Core/Src/can.c ****   /* USER CODE END CAN2_MspDeInit 0 */
 210:Core/Src/can.c ****     /* Peripheral clock disable */
 211:Core/Src/can.c ****     __HAL_RCC_CAN2_CLK_DISABLE();
 212:Core/Src/can.c ****     HAL_RCC_CAN1_CLK_ENABLED--;
 213:Core/Src/can.c ****     if(HAL_RCC_CAN1_CLK_ENABLED==0){
 214:Core/Src/can.c ****       __HAL_RCC_CAN1_CLK_DISABLE();
 215:Core/Src/can.c ****     }
 216:Core/Src/can.c **** 
 217:Core/Src/can.c ****     /**CAN2 GPIO Configuration
 218:Core/Src/can.c ****     PB5     ------> CAN2_RX
 219:Core/Src/can.c ****     PB6     ------> CAN2_TX
 220:Core/Src/can.c ****     */
 221:Core/Src/can.c ****     HAL_GPIO_DeInit(GPIOB, GPIO_PIN_5|GPIO_PIN_6);
 222:Core/Src/can.c **** 
 223:Core/Src/can.c ****     /* CAN2 interrupt Deinit */
 224:Core/Src/can.c ****     HAL_NVIC_DisableIRQ(CAN2_TX_IRQn);
 225:Core/Src/can.c ****     HAL_NVIC_DisableIRQ(CAN2_RX0_IRQn);
 226:Core/Src/can.c ****     HAL_NVIC_DisableIRQ(CAN2_RX1_IRQn);
 227:Core/Src/can.c ****     HAL_NVIC_DisableIRQ(CAN2_SCE_IRQn);
 228:Core/Src/can.c ****   /* USER CODE BEGIN CAN2_MspDeInit 1 */
 229:Core/Src/can.c **** 
 230:Core/Src/can.c ****   /* USER CODE END CAN2_MspDeInit 1 */
 231:Core/Src/can.c ****   }
 232:Core/Src/can.c **** }
 535              		.loc 1 232 1 view .LVU156
 536 0010 08BD     		pop	{r3, pc}
 537              	.LVL31:
 538              	.L31:
 185:Core/Src/can.c ****     if(HAL_RCC_CAN1_CLK_ENABLED==0){
 539              		.loc 1 185 5 is_stmt 1 view .LVU157
 185:Core/Src/can.c ****     if(HAL_RCC_CAN1_CLK_ENABLED==0){
 540              		.loc 1 185 29 is_stmt 0 view .LVU158
 541 0012 204A     		ldr	r2, .L33+8
 542 0014 1368     		ldr	r3, [r2]
 543 0016 013B     		subs	r3, r3, #1
 544 0018 1360     		str	r3, [r2]
 186:Core/Src/can.c ****       __HAL_RCC_CAN1_CLK_DISABLE();
 545              		.loc 1 186 5 is_stmt 1 view .LVU159
 186:Core/Src/can.c ****       __HAL_RCC_CAN1_CLK_DISABLE();
 546              		.loc 1 186 7 is_stmt 0 view .LVU160
 547 001a 23B9     		cbnz	r3, .L27
 187:Core/Src/can.c ****     }
ARM GAS  C:\Users\30806\AppData\Local\Temp\cc8QaV5U.s 			page 16


 548              		.loc 1 187 7 is_stmt 1 view .LVU161
 549 001c 1E4A     		ldr	r2, .L33+12
 550 001e 136C     		ldr	r3, [r2, #64]
 551 0020 23F00073 		bic	r3, r3, #33554432
 552 0024 1364     		str	r3, [r2, #64]
 553              	.L27:
 194:Core/Src/can.c **** 
 554              		.loc 1 194 5 view .LVU162
 555 0026 4FF44071 		mov	r1, #768
 556 002a 1C48     		ldr	r0, .L33+16
 557              	.LVL32:
 194:Core/Src/can.c **** 
 558              		.loc 1 194 5 is_stmt 0 view .LVU163
 559 002c FFF7FEFF 		bl	HAL_GPIO_DeInit
 560              	.LVL33:
 197:Core/Src/can.c ****     HAL_NVIC_DisableIRQ(CAN1_RX0_IRQn);
 561              		.loc 1 197 5 is_stmt 1 view .LVU164
 562 0030 1320     		movs	r0, #19
 563 0032 FFF7FEFF 		bl	HAL_NVIC_DisableIRQ
 564              	.LVL34:
 198:Core/Src/can.c ****     HAL_NVIC_DisableIRQ(CAN1_RX1_IRQn);
 565              		.loc 1 198 5 view .LVU165
 566 0036 1420     		movs	r0, #20
 567 0038 FFF7FEFF 		bl	HAL_NVIC_DisableIRQ
 568              	.LVL35:
 199:Core/Src/can.c ****     HAL_NVIC_DisableIRQ(CAN1_SCE_IRQn);
 569              		.loc 1 199 5 view .LVU166
 570 003c 1520     		movs	r0, #21
 571 003e FFF7FEFF 		bl	HAL_NVIC_DisableIRQ
 572              	.LVL36:
 200:Core/Src/can.c ****   /* USER CODE BEGIN CAN1_MspDeInit 1 */
 573              		.loc 1 200 5 view .LVU167
 574 0042 1620     		movs	r0, #22
 575 0044 FFF7FEFF 		bl	HAL_NVIC_DisableIRQ
 576              	.LVL37:
 577 0048 E2E7     		b	.L25
 578              	.LVL38:
 579              	.L32:
 211:Core/Src/can.c ****     HAL_RCC_CAN1_CLK_ENABLED--;
 580              		.loc 1 211 5 view .LVU168
 581 004a 02F5E832 		add	r2, r2, #118784
 582 004e 136C     		ldr	r3, [r2, #64]
 583 0050 23F08063 		bic	r3, r3, #67108864
 584 0054 1364     		str	r3, [r2, #64]
 212:Core/Src/can.c ****     if(HAL_RCC_CAN1_CLK_ENABLED==0){
 585              		.loc 1 212 5 view .LVU169
 212:Core/Src/can.c ****     if(HAL_RCC_CAN1_CLK_ENABLED==0){
 586              		.loc 1 212 29 is_stmt 0 view .LVU170
 587 0056 0F4A     		ldr	r2, .L33+8
 588 0058 1368     		ldr	r3, [r2]
 589 005a 013B     		subs	r3, r3, #1
 590 005c 1360     		str	r3, [r2]
 213:Core/Src/can.c ****       __HAL_RCC_CAN1_CLK_DISABLE();
 591              		.loc 1 213 5 is_stmt 1 view .LVU171
 213:Core/Src/can.c ****       __HAL_RCC_CAN1_CLK_DISABLE();
 592              		.loc 1 213 7 is_stmt 0 view .LVU172
 593 005e 23B9     		cbnz	r3, .L29
ARM GAS  C:\Users\30806\AppData\Local\Temp\cc8QaV5U.s 			page 17


 214:Core/Src/can.c ****     }
 594              		.loc 1 214 7 is_stmt 1 view .LVU173
 595 0060 0D4A     		ldr	r2, .L33+12
 596 0062 136C     		ldr	r3, [r2, #64]
 597 0064 23F00073 		bic	r3, r3, #33554432
 598 0068 1364     		str	r3, [r2, #64]
 599              	.L29:
 221:Core/Src/can.c **** 
 600              		.loc 1 221 5 view .LVU174
 601 006a 6021     		movs	r1, #96
 602 006c 0B48     		ldr	r0, .L33+16
 603              	.LVL39:
 221:Core/Src/can.c **** 
 604              		.loc 1 221 5 is_stmt 0 view .LVU175
 605 006e FFF7FEFF 		bl	HAL_GPIO_DeInit
 606              	.LVL40:
 224:Core/Src/can.c ****     HAL_NVIC_DisableIRQ(CAN2_RX0_IRQn);
 607              		.loc 1 224 5 is_stmt 1 view .LVU176
 608 0072 3F20     		movs	r0, #63
 609 0074 FFF7FEFF 		bl	HAL_NVIC_DisableIRQ
 610              	.LVL41:
 225:Core/Src/can.c ****     HAL_NVIC_DisableIRQ(CAN2_RX1_IRQn);
 611              		.loc 1 225 5 view .LVU177
 612 0078 4020     		movs	r0, #64
 613 007a FFF7FEFF 		bl	HAL_NVIC_DisableIRQ
 614              	.LVL42:
 226:Core/Src/can.c ****     HAL_NVIC_DisableIRQ(CAN2_SCE_IRQn);
 615              		.loc 1 226 5 view .LVU178
 616 007e 4120     		movs	r0, #65
 617 0080 FFF7FEFF 		bl	HAL_NVIC_DisableIRQ
 618              	.LVL43:
 227:Core/Src/can.c ****   /* USER CODE BEGIN CAN2_MspDeInit 1 */
 619              		.loc 1 227 5 view .LVU179
 620 0084 4220     		movs	r0, #66
 621 0086 FFF7FEFF 		bl	HAL_NVIC_DisableIRQ
 622              	.LVL44:
 623              		.loc 1 232 1 is_stmt 0 view .LVU180
 624 008a C1E7     		b	.L25
 625              	.L34:
 626              		.align	2
 627              	.L33:
 628 008c 00640040 		.word	1073767424
 629 0090 00680040 		.word	1073768448
 630 0094 00000000 		.word	.LANCHOR2
 631 0098 00380240 		.word	1073887232
 632 009c 00040240 		.word	1073873920
 633              		.cfi_endproc
 634              	.LFE137:
 636              		.global	hcan2
 637              		.global	hcan1
 638              		.section	.bss.HAL_RCC_CAN1_CLK_ENABLED,"aw",%nobits
 639              		.align	2
 640              		.set	.LANCHOR2,. + 0
 643              	HAL_RCC_CAN1_CLK_ENABLED:
 644 0000 00000000 		.space	4
 645              		.section	.bss.hcan1,"aw",%nobits
 646              		.align	2
ARM GAS  C:\Users\30806\AppData\Local\Temp\cc8QaV5U.s 			page 18


 647              		.set	.LANCHOR0,. + 0
 650              	hcan1:
 651 0000 00000000 		.space	40
 651      00000000 
 651      00000000 
 651      00000000 
 651      00000000 
 652              		.section	.bss.hcan2,"aw",%nobits
 653              		.align	2
 654              		.set	.LANCHOR1,. + 0
 657              	hcan2:
 658 0000 00000000 		.space	40
 658      00000000 
 658      00000000 
 658      00000000 
 658      00000000 
 659              		.text
 660              	.Letext0:
 661              		.file 2 "c:\\users\\30806\\.eide\\tools\\gcc_arm\\arm-none-eabi\\include\\machine\\_default_types.
 662              		.file 3 "c:\\users\\30806\\.eide\\tools\\gcc_arm\\arm-none-eabi\\include\\sys\\_stdint.h"
 663              		.file 4 "Drivers/CMSIS/Device/ST/STM32F4xx/Include/stm32f405xx.h"
 664              		.file 5 "Drivers/CMSIS/Device/ST/STM32F4xx/Include/stm32f4xx.h"
 665              		.file 6 "Drivers/STM32F4xx_HAL_Driver/Inc/stm32f4xx_hal_def.h"
 666              		.file 7 "Drivers/STM32F4xx_HAL_Driver/Inc/stm32f4xx_hal_gpio.h"
 667              		.file 8 "Drivers/STM32F4xx_HAL_Driver/Inc/stm32f4xx_hal_can.h"
 668              		.file 9 "Core/Inc/can.h"
 669              		.file 10 "Drivers/STM32F4xx_HAL_Driver/Inc/stm32f4xx_hal_cortex.h"
 670              		.file 11 "Core/Inc/main.h"
ARM GAS  C:\Users\30806\AppData\Local\Temp\cc8QaV5U.s 			page 19


DEFINED SYMBOLS
                            *ABS*:00000000 can.c
C:\Users\30806\AppData\Local\Temp\cc8QaV5U.s:18     .text.MX_CAN1_Init:00000000 $t
C:\Users\30806\AppData\Local\Temp\cc8QaV5U.s:26     .text.MX_CAN1_Init:00000000 MX_CAN1_Init
C:\Users\30806\AppData\Local\Temp\cc8QaV5U.s:98     .text.MX_CAN1_Init:0000003c $d
C:\Users\30806\AppData\Local\Temp\cc8QaV5U.s:104    .text.MX_CAN2_Init:00000000 $t
C:\Users\30806\AppData\Local\Temp\cc8QaV5U.s:111    .text.MX_CAN2_Init:00000000 MX_CAN2_Init
C:\Users\30806\AppData\Local\Temp\cc8QaV5U.s:182    .text.MX_CAN2_Init:0000003c $d
C:\Users\30806\AppData\Local\Temp\cc8QaV5U.s:188    .text.HAL_CAN_MspInit:00000000 $t
C:\Users\30806\AppData\Local\Temp\cc8QaV5U.s:195    .text.HAL_CAN_MspInit:00000000 HAL_CAN_MspInit
C:\Users\30806\AppData\Local\Temp\cc8QaV5U.s:492    .text.HAL_CAN_MspInit:0000016c $d
C:\Users\30806\AppData\Local\Temp\cc8QaV5U.s:502    .text.HAL_CAN_MspDeInit:00000000 $t
C:\Users\30806\AppData\Local\Temp\cc8QaV5U.s:509    .text.HAL_CAN_MspDeInit:00000000 HAL_CAN_MspDeInit
C:\Users\30806\AppData\Local\Temp\cc8QaV5U.s:628    .text.HAL_CAN_MspDeInit:0000008c $d
C:\Users\30806\AppData\Local\Temp\cc8QaV5U.s:657    .bss.hcan2:00000000 hcan2
C:\Users\30806\AppData\Local\Temp\cc8QaV5U.s:650    .bss.hcan1:00000000 hcan1
C:\Users\30806\AppData\Local\Temp\cc8QaV5U.s:639    .bss.HAL_RCC_CAN1_CLK_ENABLED:00000000 $d
C:\Users\30806\AppData\Local\Temp\cc8QaV5U.s:643    .bss.HAL_RCC_CAN1_CLK_ENABLED:00000000 HAL_RCC_CAN1_CLK_ENABLED
C:\Users\30806\AppData\Local\Temp\cc8QaV5U.s:646    .bss.hcan1:00000000 $d
C:\Users\30806\AppData\Local\Temp\cc8QaV5U.s:653    .bss.hcan2:00000000 $d

UNDEFINED SYMBOLS
HAL_CAN_Init
Error_Handler
HAL_GPIO_Init
HAL_NVIC_SetPriority
HAL_NVIC_EnableIRQ
HAL_GPIO_DeInit
HAL_NVIC_DisableIRQ
