ARM GAS  C:\Users\30806\AppData\Local\Temp\cc75cVaM.s 			page 1


   1              		.cpu cortex-m4
   2              		.eabi_attribute 27, 1
   3              		.eabi_attribute 28, 1
   4              		.eabi_attribute 20, 1
   5              		.eabi_attribute 21, 1
   6              		.eabi_attribute 23, 3
   7              		.eabi_attribute 24, 1
   8              		.eabi_attribute 25, 1
   9              		.eabi_attribute 26, 1
  10              		.eabi_attribute 30, 1
  11              		.eabi_attribute 34, 1
  12              		.eabi_attribute 18, 4
  13              		.file	"stm32f4xx_hal_timebase_tim.c"
  14              		.text
  15              	.Ltext0:
  16              		.cfi_sections	.debug_frame
  17              		.section	.text.HAL_InitTick,"ax",%progbits
  18              		.align	1
  19              		.global	HAL_InitTick
  20              		.arch armv7e-m
  21              		.syntax unified
  22              		.thumb
  23              		.thumb_func
  24              		.fpu fpv4-sp-d16
  26              	HAL_InitTick:
  27              	.LVL0:
  28              	.LFB134:
  29              		.file 1 "Core/Src/stm32f4xx_hal_timebase_tim.c"
   1:Core/Src/stm32f4xx_hal_timebase_tim.c **** /* USER CODE BEGIN Header */
   2:Core/Src/stm32f4xx_hal_timebase_tim.c **** /**
   3:Core/Src/stm32f4xx_hal_timebase_tim.c ****   ******************************************************************************
   4:Core/Src/stm32f4xx_hal_timebase_tim.c ****   * @file    stm32f4xx_hal_timebase_tim.c
   5:Core/Src/stm32f4xx_hal_timebase_tim.c ****   * @brief   HAL time base based on the hardware TIM.
   6:Core/Src/stm32f4xx_hal_timebase_tim.c ****   ******************************************************************************
   7:Core/Src/stm32f4xx_hal_timebase_tim.c ****   * @attention
   8:Core/Src/stm32f4xx_hal_timebase_tim.c ****   *
   9:Core/Src/stm32f4xx_hal_timebase_tim.c ****   * Copyright (c) 2024 STMicroelectronics.
  10:Core/Src/stm32f4xx_hal_timebase_tim.c ****   * All rights reserved.
  11:Core/Src/stm32f4xx_hal_timebase_tim.c ****   *
  12:Core/Src/stm32f4xx_hal_timebase_tim.c ****   * This software is licensed under terms that can be found in the LICENSE file
  13:Core/Src/stm32f4xx_hal_timebase_tim.c ****   * in the root directory of this software component.
  14:Core/Src/stm32f4xx_hal_timebase_tim.c ****   * If no LICENSE file comes with this software, it is provided AS-IS.
  15:Core/Src/stm32f4xx_hal_timebase_tim.c ****   *
  16:Core/Src/stm32f4xx_hal_timebase_tim.c ****   ******************************************************************************
  17:Core/Src/stm32f4xx_hal_timebase_tim.c ****   */
  18:Core/Src/stm32f4xx_hal_timebase_tim.c **** /* USER CODE END Header */
  19:Core/Src/stm32f4xx_hal_timebase_tim.c **** 
  20:Core/Src/stm32f4xx_hal_timebase_tim.c **** /* Includes ------------------------------------------------------------------*/
  21:Core/Src/stm32f4xx_hal_timebase_tim.c **** #include "stm32f4xx_hal.h"
  22:Core/Src/stm32f4xx_hal_timebase_tim.c **** #include "stm32f4xx_hal_tim.h"
  23:Core/Src/stm32f4xx_hal_timebase_tim.c **** 
  24:Core/Src/stm32f4xx_hal_timebase_tim.c **** /* Private typedef -----------------------------------------------------------*/
  25:Core/Src/stm32f4xx_hal_timebase_tim.c **** /* Private define ------------------------------------------------------------*/
  26:Core/Src/stm32f4xx_hal_timebase_tim.c **** /* Private macro -------------------------------------------------------------*/
  27:Core/Src/stm32f4xx_hal_timebase_tim.c **** /* Private variables ---------------------------------------------------------*/
  28:Core/Src/stm32f4xx_hal_timebase_tim.c **** TIM_HandleTypeDef        htim1;
  29:Core/Src/stm32f4xx_hal_timebase_tim.c **** /* Private function prototypes -----------------------------------------------*/
ARM GAS  C:\Users\30806\AppData\Local\Temp\cc75cVaM.s 			page 2


  30:Core/Src/stm32f4xx_hal_timebase_tim.c **** /* Private functions ---------------------------------------------------------*/
  31:Core/Src/stm32f4xx_hal_timebase_tim.c **** 
  32:Core/Src/stm32f4xx_hal_timebase_tim.c **** /**
  33:Core/Src/stm32f4xx_hal_timebase_tim.c ****   * @brief  This function configures the TIM1 as a time base source.
  34:Core/Src/stm32f4xx_hal_timebase_tim.c ****   *         The time source is configured  to have 1ms time base with a dedicated
  35:Core/Src/stm32f4xx_hal_timebase_tim.c ****   *         Tick interrupt priority.
  36:Core/Src/stm32f4xx_hal_timebase_tim.c ****   * @note   This function is called  automatically at the beginning of program after
  37:Core/Src/stm32f4xx_hal_timebase_tim.c ****   *         reset by HAL_Init() or at any time when clock is configured, by HAL_RCC_ClockConfig().
  38:Core/Src/stm32f4xx_hal_timebase_tim.c ****   * @param  TickPriority: Tick interrupt priority.
  39:Core/Src/stm32f4xx_hal_timebase_tim.c ****   * @retval HAL status
  40:Core/Src/stm32f4xx_hal_timebase_tim.c ****   */
  41:Core/Src/stm32f4xx_hal_timebase_tim.c **** HAL_StatusTypeDef HAL_InitTick(uint32_t TickPriority)
  42:Core/Src/stm32f4xx_hal_timebase_tim.c **** {
  30              		.loc 1 42 1 view -0
  31              		.cfi_startproc
  32              		@ args = 0, pretend = 0, frame = 32
  33              		@ frame_needed = 0, uses_anonymous_args = 0
  34              		.loc 1 42 1 is_stmt 0 view .LVU1
  35 0000 30B5     		push	{r4, r5, lr}
  36              		.cfi_def_cfa_offset 12
  37              		.cfi_offset 4, -12
  38              		.cfi_offset 5, -8
  39              		.cfi_offset 14, -4
  40 0002 89B0     		sub	sp, sp, #36
  41              		.cfi_def_cfa_offset 48
  42 0004 0546     		mov	r5, r0
  43:Core/Src/stm32f4xx_hal_timebase_tim.c ****   RCC_ClkInitTypeDef    clkconfig;
  43              		.loc 1 43 3 is_stmt 1 view .LVU2
  44:Core/Src/stm32f4xx_hal_timebase_tim.c ****   uint32_t              uwTimclock = 0U;
  44              		.loc 1 44 3 view .LVU3
  45              	.LVL1:
  45:Core/Src/stm32f4xx_hal_timebase_tim.c **** 
  46:Core/Src/stm32f4xx_hal_timebase_tim.c ****   uint32_t              uwPrescalerValue = 0U;
  46              		.loc 1 46 3 view .LVU4
  47:Core/Src/stm32f4xx_hal_timebase_tim.c ****   uint32_t              pFLatency;
  47              		.loc 1 47 3 view .LVU5
  48:Core/Src/stm32f4xx_hal_timebase_tim.c ****   HAL_StatusTypeDef     status;
  48              		.loc 1 48 3 view .LVU6
  49:Core/Src/stm32f4xx_hal_timebase_tim.c **** 
  50:Core/Src/stm32f4xx_hal_timebase_tim.c ****   /* Enable TIM1 clock */
  51:Core/Src/stm32f4xx_hal_timebase_tim.c ****   __HAL_RCC_TIM1_CLK_ENABLE();
  49              		.loc 1 51 3 view .LVU7
  50              	.LBB2:
  51              		.loc 1 51 3 view .LVU8
  52 0006 0024     		movs	r4, #0
  53 0008 0194     		str	r4, [sp, #4]
  54              		.loc 1 51 3 view .LVU9
  55 000a 1E4B     		ldr	r3, .L7
  56 000c 5A6C     		ldr	r2, [r3, #68]
  57 000e 42F00102 		orr	r2, r2, #1
  58 0012 5A64     		str	r2, [r3, #68]
  59              		.loc 1 51 3 view .LVU10
  60 0014 5B6C     		ldr	r3, [r3, #68]
  61 0016 03F00103 		and	r3, r3, #1
  62 001a 0193     		str	r3, [sp, #4]
  63              		.loc 1 51 3 view .LVU11
  64 001c 019B     		ldr	r3, [sp, #4]
ARM GAS  C:\Users\30806\AppData\Local\Temp\cc75cVaM.s 			page 3


  65              	.LBE2:
  66              		.loc 1 51 3 view .LVU12
  52:Core/Src/stm32f4xx_hal_timebase_tim.c ****   /* Get clock configuration */
  53:Core/Src/stm32f4xx_hal_timebase_tim.c ****   HAL_RCC_GetClockConfig(&clkconfig, &pFLatency);
  67              		.loc 1 53 3 view .LVU13
  68 001e 02A9     		add	r1, sp, #8
  69 0020 03A8     		add	r0, sp, #12
  70              	.LVL2:
  71              		.loc 1 53 3 is_stmt 0 view .LVU14
  72 0022 FFF7FEFF 		bl	HAL_RCC_GetClockConfig
  73              	.LVL3:
  54:Core/Src/stm32f4xx_hal_timebase_tim.c ****   /* Compute TIM1 clock */
  55:Core/Src/stm32f4xx_hal_timebase_tim.c ****       uwTimclock = 2*HAL_RCC_GetPCLK2Freq();
  74              		.loc 1 55 7 is_stmt 1 view .LVU15
  75              		.loc 1 55 22 is_stmt 0 view .LVU16
  76 0026 FFF7FEFF 		bl	HAL_RCC_GetPCLK2Freq
  77              	.LVL4:
  78              		.loc 1 55 18 view .LVU17
  79 002a 4300     		lsls	r3, r0, #1
  80              	.LVL5:
  56:Core/Src/stm32f4xx_hal_timebase_tim.c **** 
  57:Core/Src/stm32f4xx_hal_timebase_tim.c ****   /* Compute the prescaler value to have TIM1 counter clock equal to 1MHz */
  58:Core/Src/stm32f4xx_hal_timebase_tim.c ****   uwPrescalerValue = (uint32_t) ((uwTimclock / 1000000U) - 1U);
  81              		.loc 1 58 3 is_stmt 1 view .LVU18
  82              		.loc 1 58 46 is_stmt 0 view .LVU19
  83 002c 1648     		ldr	r0, .L7+4
  84 002e A0FB0323 		umull	r2, r3, r0, r3
  85              	.LVL6:
  86              		.loc 1 58 46 view .LVU20
  87 0032 9B0C     		lsrs	r3, r3, #18
  88              		.loc 1 58 20 view .LVU21
  89 0034 013B     		subs	r3, r3, #1
  90              	.LVL7:
  59:Core/Src/stm32f4xx_hal_timebase_tim.c **** 
  60:Core/Src/stm32f4xx_hal_timebase_tim.c ****   /* Initialize TIM1 */
  61:Core/Src/stm32f4xx_hal_timebase_tim.c ****   htim1.Instance = TIM1;
  91              		.loc 1 61 3 is_stmt 1 view .LVU22
  92              		.loc 1 61 18 is_stmt 0 view .LVU23
  93 0036 1548     		ldr	r0, .L7+8
  94 0038 154A     		ldr	r2, .L7+12
  95 003a 0260     		str	r2, [r0]
  62:Core/Src/stm32f4xx_hal_timebase_tim.c **** 
  63:Core/Src/stm32f4xx_hal_timebase_tim.c ****   /* Initialize TIMx peripheral as follow:
  64:Core/Src/stm32f4xx_hal_timebase_tim.c **** 
  65:Core/Src/stm32f4xx_hal_timebase_tim.c ****   + Period = [(TIM1CLK/1000) - 1]. to have a (1/1000) s time base.
  66:Core/Src/stm32f4xx_hal_timebase_tim.c ****   + Prescaler = (uwTimclock/1000000 - 1) to have a 1MHz counter clock.
  67:Core/Src/stm32f4xx_hal_timebase_tim.c ****   + ClockDivision = 0
  68:Core/Src/stm32f4xx_hal_timebase_tim.c ****   + Counter direction = Up
  69:Core/Src/stm32f4xx_hal_timebase_tim.c ****   */
  70:Core/Src/stm32f4xx_hal_timebase_tim.c ****   htim1.Init.Period = (1000000U / 1000U) - 1U;
  96              		.loc 1 70 3 is_stmt 1 view .LVU24
  97              		.loc 1 70 21 is_stmt 0 view .LVU25
  98 003c 40F2E732 		movw	r2, #999
  99 0040 C260     		str	r2, [r0, #12]
  71:Core/Src/stm32f4xx_hal_timebase_tim.c ****   htim1.Init.Prescaler = uwPrescalerValue;
 100              		.loc 1 71 3 is_stmt 1 view .LVU26
 101              		.loc 1 71 24 is_stmt 0 view .LVU27
ARM GAS  C:\Users\30806\AppData\Local\Temp\cc75cVaM.s 			page 4


 102 0042 4360     		str	r3, [r0, #4]
  72:Core/Src/stm32f4xx_hal_timebase_tim.c ****   htim1.Init.ClockDivision = 0;
 103              		.loc 1 72 3 is_stmt 1 view .LVU28
 104              		.loc 1 72 28 is_stmt 0 view .LVU29
 105 0044 0461     		str	r4, [r0, #16]
  73:Core/Src/stm32f4xx_hal_timebase_tim.c ****   htim1.Init.CounterMode = TIM_COUNTERMODE_UP;
 106              		.loc 1 73 3 is_stmt 1 view .LVU30
 107              		.loc 1 73 26 is_stmt 0 view .LVU31
 108 0046 8460     		str	r4, [r0, #8]
  74:Core/Src/stm32f4xx_hal_timebase_tim.c ****   htim1.Init.AutoReloadPreload = TIM_AUTORELOAD_PRELOAD_DISABLE;
 109              		.loc 1 74 3 is_stmt 1 view .LVU32
 110              		.loc 1 74 32 is_stmt 0 view .LVU33
 111 0048 8461     		str	r4, [r0, #24]
  75:Core/Src/stm32f4xx_hal_timebase_tim.c **** 
  76:Core/Src/stm32f4xx_hal_timebase_tim.c ****   status = HAL_TIM_Base_Init(&htim1);
 112              		.loc 1 76 3 is_stmt 1 view .LVU34
 113              		.loc 1 76 12 is_stmt 0 view .LVU35
 114 004a FFF7FEFF 		bl	HAL_TIM_Base_Init
 115              	.LVL8:
  77:Core/Src/stm32f4xx_hal_timebase_tim.c ****   if (status == HAL_OK)
 116              		.loc 1 77 3 is_stmt 1 view .LVU36
 117              		.loc 1 77 6 is_stmt 0 view .LVU37
 118 004e 0446     		mov	r4, r0
 119 0050 10B1     		cbz	r0, .L5
 120              	.LVL9:
 121              	.L2:
  78:Core/Src/stm32f4xx_hal_timebase_tim.c ****   {
  79:Core/Src/stm32f4xx_hal_timebase_tim.c ****     /* Start the TIM time Base generation in interrupt mode */
  80:Core/Src/stm32f4xx_hal_timebase_tim.c ****     status = HAL_TIM_Base_Start_IT(&htim1);
  81:Core/Src/stm32f4xx_hal_timebase_tim.c ****     if (status == HAL_OK)
  82:Core/Src/stm32f4xx_hal_timebase_tim.c ****     {
  83:Core/Src/stm32f4xx_hal_timebase_tim.c ****     /* Enable the TIM1 global Interrupt */
  84:Core/Src/stm32f4xx_hal_timebase_tim.c ****         HAL_NVIC_EnableIRQ(TIM1_UP_TIM10_IRQn);
  85:Core/Src/stm32f4xx_hal_timebase_tim.c ****       /* Configure the SysTick IRQ priority */
  86:Core/Src/stm32f4xx_hal_timebase_tim.c ****       if (TickPriority < (1UL << __NVIC_PRIO_BITS))
  87:Core/Src/stm32f4xx_hal_timebase_tim.c ****       {
  88:Core/Src/stm32f4xx_hal_timebase_tim.c ****         /* Configure the TIM IRQ priority */
  89:Core/Src/stm32f4xx_hal_timebase_tim.c ****         HAL_NVIC_SetPriority(TIM1_UP_TIM10_IRQn, TickPriority, 0U);
  90:Core/Src/stm32f4xx_hal_timebase_tim.c ****         uwTickPrio = TickPriority;
  91:Core/Src/stm32f4xx_hal_timebase_tim.c ****       }
  92:Core/Src/stm32f4xx_hal_timebase_tim.c ****       else
  93:Core/Src/stm32f4xx_hal_timebase_tim.c ****       {
  94:Core/Src/stm32f4xx_hal_timebase_tim.c ****         status = HAL_ERROR;
  95:Core/Src/stm32f4xx_hal_timebase_tim.c ****       }
  96:Core/Src/stm32f4xx_hal_timebase_tim.c ****     }
  97:Core/Src/stm32f4xx_hal_timebase_tim.c ****   }
  98:Core/Src/stm32f4xx_hal_timebase_tim.c **** 
  99:Core/Src/stm32f4xx_hal_timebase_tim.c ****  /* Return function status */
 100:Core/Src/stm32f4xx_hal_timebase_tim.c ****   return status;
 122              		.loc 1 100 3 is_stmt 1 view .LVU38
 101:Core/Src/stm32f4xx_hal_timebase_tim.c **** }
 123              		.loc 1 101 1 is_stmt 0 view .LVU39
 124 0052 2046     		mov	r0, r4
 125 0054 09B0     		add	sp, sp, #36
 126              		.cfi_remember_state
 127              		.cfi_def_cfa_offset 12
 128              		@ sp needed
ARM GAS  C:\Users\30806\AppData\Local\Temp\cc75cVaM.s 			page 5


 129 0056 30BD     		pop	{r4, r5, pc}
 130              	.LVL10:
 131              	.L5:
 132              		.cfi_restore_state
  80:Core/Src/stm32f4xx_hal_timebase_tim.c ****     if (status == HAL_OK)
 133              		.loc 1 80 5 is_stmt 1 view .LVU40
  80:Core/Src/stm32f4xx_hal_timebase_tim.c ****     if (status == HAL_OK)
 134              		.loc 1 80 14 is_stmt 0 view .LVU41
 135 0058 0C48     		ldr	r0, .L7+8
 136              	.LVL11:
  80:Core/Src/stm32f4xx_hal_timebase_tim.c ****     if (status == HAL_OK)
 137              		.loc 1 80 14 view .LVU42
 138 005a FFF7FEFF 		bl	HAL_TIM_Base_Start_IT
 139              	.LVL12:
  81:Core/Src/stm32f4xx_hal_timebase_tim.c ****     {
 140              		.loc 1 81 5 is_stmt 1 view .LVU43
  81:Core/Src/stm32f4xx_hal_timebase_tim.c ****     {
 141              		.loc 1 81 8 is_stmt 0 view .LVU44
 142 005e 0446     		mov	r4, r0
 143 0060 0028     		cmp	r0, #0
 144 0062 F6D1     		bne	.L2
  84:Core/Src/stm32f4xx_hal_timebase_tim.c ****       /* Configure the SysTick IRQ priority */
 145              		.loc 1 84 9 is_stmt 1 view .LVU45
 146 0064 1920     		movs	r0, #25
 147              	.LVL13:
  84:Core/Src/stm32f4xx_hal_timebase_tim.c ****       /* Configure the SysTick IRQ priority */
 148              		.loc 1 84 9 is_stmt 0 view .LVU46
 149 0066 FFF7FEFF 		bl	HAL_NVIC_EnableIRQ
 150              	.LVL14:
  86:Core/Src/stm32f4xx_hal_timebase_tim.c ****       {
 151              		.loc 1 86 7 is_stmt 1 view .LVU47
  86:Core/Src/stm32f4xx_hal_timebase_tim.c ****       {
 152              		.loc 1 86 10 is_stmt 0 view .LVU48
 153 006a 0F2D     		cmp	r5, #15
 154 006c 01D9     		bls	.L6
  94:Core/Src/stm32f4xx_hal_timebase_tim.c ****       }
 155              		.loc 1 94 16 view .LVU49
 156 006e 0124     		movs	r4, #1
 157 0070 EFE7     		b	.L2
 158              	.L6:
  89:Core/Src/stm32f4xx_hal_timebase_tim.c ****         uwTickPrio = TickPriority;
 159              		.loc 1 89 9 is_stmt 1 view .LVU50
 160 0072 0022     		movs	r2, #0
 161 0074 2946     		mov	r1, r5
 162 0076 1920     		movs	r0, #25
 163 0078 FFF7FEFF 		bl	HAL_NVIC_SetPriority
 164              	.LVL15:
  90:Core/Src/stm32f4xx_hal_timebase_tim.c ****       }
 165              		.loc 1 90 9 view .LVU51
  90:Core/Src/stm32f4xx_hal_timebase_tim.c ****       }
 166              		.loc 1 90 20 is_stmt 0 view .LVU52
 167 007c 054B     		ldr	r3, .L7+16
 168 007e 1D60     		str	r5, [r3]
 169 0080 E7E7     		b	.L2
 170              	.L8:
 171 0082 00BF     		.align	2
 172              	.L7:
ARM GAS  C:\Users\30806\AppData\Local\Temp\cc75cVaM.s 			page 6


 173 0084 00380240 		.word	1073887232
 174 0088 83DE1B43 		.word	1125899907
 175 008c 00000000 		.word	.LANCHOR0
 176 0090 00000140 		.word	1073807360
 177 0094 00000000 		.word	uwTickPrio
 178              		.cfi_endproc
 179              	.LFE134:
 181              		.section	.text.HAL_SuspendTick,"ax",%progbits
 182              		.align	1
 183              		.global	HAL_SuspendTick
 184              		.syntax unified
 185              		.thumb
 186              		.thumb_func
 187              		.fpu fpv4-sp-d16
 189              	HAL_SuspendTick:
 190              	.LFB135:
 102:Core/Src/stm32f4xx_hal_timebase_tim.c **** 
 103:Core/Src/stm32f4xx_hal_timebase_tim.c **** /**
 104:Core/Src/stm32f4xx_hal_timebase_tim.c ****   * @brief  Suspend Tick increment.
 105:Core/Src/stm32f4xx_hal_timebase_tim.c ****   * @note   Disable the tick increment by disabling TIM1 update interrupt.
 106:Core/Src/stm32f4xx_hal_timebase_tim.c ****   * @param  None
 107:Core/Src/stm32f4xx_hal_timebase_tim.c ****   * @retval None
 108:Core/Src/stm32f4xx_hal_timebase_tim.c ****   */
 109:Core/Src/stm32f4xx_hal_timebase_tim.c **** void HAL_SuspendTick(void)
 110:Core/Src/stm32f4xx_hal_timebase_tim.c **** {
 191              		.loc 1 110 1 is_stmt 1 view -0
 192              		.cfi_startproc
 193              		@ args = 0, pretend = 0, frame = 0
 194              		@ frame_needed = 0, uses_anonymous_args = 0
 195              		@ link register save eliminated.
 111:Core/Src/stm32f4xx_hal_timebase_tim.c ****   /* Disable TIM1 update Interrupt */
 112:Core/Src/stm32f4xx_hal_timebase_tim.c ****   __HAL_TIM_DISABLE_IT(&htim1, TIM_IT_UPDATE);
 196              		.loc 1 112 3 view .LVU54
 197 0000 034B     		ldr	r3, .L10
 198 0002 1A68     		ldr	r2, [r3]
 199 0004 D368     		ldr	r3, [r2, #12]
 200 0006 23F00103 		bic	r3, r3, #1
 201 000a D360     		str	r3, [r2, #12]
 113:Core/Src/stm32f4xx_hal_timebase_tim.c **** }
 202              		.loc 1 113 1 is_stmt 0 view .LVU55
 203 000c 7047     		bx	lr
 204              	.L11:
 205 000e 00BF     		.align	2
 206              	.L10:
 207 0010 00000000 		.word	.LANCHOR0
 208              		.cfi_endproc
 209              	.LFE135:
 211              		.section	.text.HAL_ResumeTick,"ax",%progbits
 212              		.align	1
 213              		.global	HAL_ResumeTick
 214              		.syntax unified
 215              		.thumb
 216              		.thumb_func
 217              		.fpu fpv4-sp-d16
 219              	HAL_ResumeTick:
 220              	.LFB136:
 114:Core/Src/stm32f4xx_hal_timebase_tim.c **** 
ARM GAS  C:\Users\30806\AppData\Local\Temp\cc75cVaM.s 			page 7


 115:Core/Src/stm32f4xx_hal_timebase_tim.c **** /**
 116:Core/Src/stm32f4xx_hal_timebase_tim.c ****   * @brief  Resume Tick increment.
 117:Core/Src/stm32f4xx_hal_timebase_tim.c ****   * @note   Enable the tick increment by Enabling TIM1 update interrupt.
 118:Core/Src/stm32f4xx_hal_timebase_tim.c ****   * @param  None
 119:Core/Src/stm32f4xx_hal_timebase_tim.c ****   * @retval None
 120:Core/Src/stm32f4xx_hal_timebase_tim.c ****   */
 121:Core/Src/stm32f4xx_hal_timebase_tim.c **** void HAL_ResumeTick(void)
 122:Core/Src/stm32f4xx_hal_timebase_tim.c **** {
 221              		.loc 1 122 1 is_stmt 1 view -0
 222              		.cfi_startproc
 223              		@ args = 0, pretend = 0, frame = 0
 224              		@ frame_needed = 0, uses_anonymous_args = 0
 225              		@ link register save eliminated.
 123:Core/Src/stm32f4xx_hal_timebase_tim.c ****   /* Enable TIM1 Update interrupt */
 124:Core/Src/stm32f4xx_hal_timebase_tim.c ****   __HAL_TIM_ENABLE_IT(&htim1, TIM_IT_UPDATE);
 226              		.loc 1 124 3 view .LVU57
 227 0000 034B     		ldr	r3, .L13
 228 0002 1A68     		ldr	r2, [r3]
 229 0004 D368     		ldr	r3, [r2, #12]
 230 0006 43F00103 		orr	r3, r3, #1
 231 000a D360     		str	r3, [r2, #12]
 125:Core/Src/stm32f4xx_hal_timebase_tim.c **** }
 232              		.loc 1 125 1 is_stmt 0 view .LVU58
 233 000c 7047     		bx	lr
 234              	.L14:
 235 000e 00BF     		.align	2
 236              	.L13:
 237 0010 00000000 		.word	.LANCHOR0
 238              		.cfi_endproc
 239              	.LFE136:
 241              		.global	htim1
 242              		.section	.bss.htim1,"aw",%nobits
 243              		.align	2
 244              		.set	.LANCHOR0,. + 0
 247              	htim1:
 248 0000 00000000 		.space	72
 248      00000000 
 248      00000000 
 248      00000000 
 248      00000000 
 249              		.text
 250              	.Letext0:
 251              		.file 2 "c:\\users\\30806\\.eide\\tools\\gcc_arm\\arm-none-eabi\\include\\machine\\_default_types.
 252              		.file 3 "c:\\users\\30806\\.eide\\tools\\gcc_arm\\arm-none-eabi\\include\\sys\\_stdint.h"
 253              		.file 4 "Drivers/CMSIS/Device/ST/STM32F4xx/Include/stm32f405xx.h"
 254              		.file 5 "Drivers/STM32F4xx_HAL_Driver/Inc/stm32f4xx_hal_def.h"
 255              		.file 6 "Drivers/STM32F4xx_HAL_Driver/Inc/stm32f4xx_hal_rcc.h"
 256              		.file 7 "Drivers/STM32F4xx_HAL_Driver/Inc/stm32f4xx_hal_dma.h"
 257              		.file 8 "Drivers/STM32F4xx_HAL_Driver/Inc/stm32f4xx_hal_tim.h"
 258              		.file 9 "Drivers/STM32F4xx_HAL_Driver/Inc/stm32f4xx_hal.h"
 259              		.file 10 "Drivers/STM32F4xx_HAL_Driver/Inc/stm32f4xx_hal_cortex.h"
ARM GAS  C:\Users\30806\AppData\Local\Temp\cc75cVaM.s 			page 8


DEFINED SYMBOLS
                            *ABS*:00000000 stm32f4xx_hal_timebase_tim.c
C:\Users\30806\AppData\Local\Temp\cc75cVaM.s:18     .text.HAL_InitTick:00000000 $t
C:\Users\30806\AppData\Local\Temp\cc75cVaM.s:26     .text.HAL_InitTick:00000000 HAL_InitTick
C:\Users\30806\AppData\Local\Temp\cc75cVaM.s:173    .text.HAL_InitTick:00000084 $d
C:\Users\30806\AppData\Local\Temp\cc75cVaM.s:182    .text.HAL_SuspendTick:00000000 $t
C:\Users\30806\AppData\Local\Temp\cc75cVaM.s:189    .text.HAL_SuspendTick:00000000 HAL_SuspendTick
C:\Users\30806\AppData\Local\Temp\cc75cVaM.s:207    .text.HAL_SuspendTick:00000010 $d
C:\Users\30806\AppData\Local\Temp\cc75cVaM.s:212    .text.HAL_ResumeTick:00000000 $t
C:\Users\30806\AppData\Local\Temp\cc75cVaM.s:219    .text.HAL_ResumeTick:00000000 HAL_ResumeTick
C:\Users\30806\AppData\Local\Temp\cc75cVaM.s:237    .text.HAL_ResumeTick:00000010 $d
C:\Users\30806\AppData\Local\Temp\cc75cVaM.s:247    .bss.htim1:00000000 htim1
C:\Users\30806\AppData\Local\Temp\cc75cVaM.s:243    .bss.htim1:00000000 $d

UNDEFINED SYMBOLS
HAL_RCC_GetClockConfig
HAL_RCC_GetPCLK2Freq
HAL_TIM_Base_Init
HAL_TIM_Base_Start_IT
HAL_NVIC_EnableIRQ
HAL_NVIC_SetPriority
uwTickPrio
