ARM GAS  C:\Users\30806\AppData\Local\Temp\ccmuF4ni.s 			page 1


   1              		.cpu cortex-m4
   2              		.arch armv7e-m
   3              		.fpu fpv4-sp-d16
   4              		.eabi_attribute 27, 1
   5              		.eabi_attribute 28, 1
   6              		.eabi_attribute 20, 1
   7              		.eabi_attribute 21, 1
   8              		.eabi_attribute 23, 3
   9              		.eabi_attribute 24, 1
  10              		.eabi_attribute 25, 1
  11              		.eabi_attribute 26, 1
  12              		.eabi_attribute 30, 6
  13              		.eabi_attribute 34, 1
  14              		.eabi_attribute 18, 4
  15              		.file	"can.c"
  16              		.text
  17              	.Ltext0:
  18              		.cfi_sections	.debug_frame
  19              		.global	hcan1
  20              		.section	.bss.hcan1,"aw",%nobits
  21              		.align	2
  24              	hcan1:
  25 0000 00000000 		.space	40
  25      00000000 
  25      00000000 
  25      00000000 
  25      00000000 
  26              		.global	hcan2
  27              		.section	.bss.hcan2,"aw",%nobits
  28              		.align	2
  31              	hcan2:
  32 0000 00000000 		.space	40
  32      00000000 
  32      00000000 
  32      00000000 
  32      00000000 
  33              		.section	.text.MX_CAN1_Init,"ax",%progbits
  34              		.align	1
  35              		.global	MX_CAN1_Init
  36              		.syntax unified
  37              		.thumb
  38              		.thumb_func
  40              	MX_CAN1_Init:
  41              	.LFB139:
  42              		.file 1 "Core/Src/can.c"
   1:Core/Src/can.c **** /* USER CODE BEGIN Header */
   2:Core/Src/can.c **** /**
   3:Core/Src/can.c ****   ******************************************************************************
   4:Core/Src/can.c ****   * @file    can.c
   5:Core/Src/can.c ****   * @brief   This file provides code for the configuration
   6:Core/Src/can.c ****   *          of the CAN instances.
   7:Core/Src/can.c ****   ******************************************************************************
   8:Core/Src/can.c ****   * @attention
   9:Core/Src/can.c ****   *
  10:Core/Src/can.c ****   * Copyright (c) 2024 STMicroelectronics.
  11:Core/Src/can.c ****   * All rights reserved.
  12:Core/Src/can.c ****   *
ARM GAS  C:\Users\30806\AppData\Local\Temp\ccmuF4ni.s 			page 2


  13:Core/Src/can.c ****   * This software is licensed under terms that can be found in the LICENSE file
  14:Core/Src/can.c ****   * in the root directory of this software component.
  15:Core/Src/can.c ****   * If no LICENSE file comes with this software, it is provided AS-IS.
  16:Core/Src/can.c ****   *
  17:Core/Src/can.c ****   ******************************************************************************
  18:Core/Src/can.c ****   */
  19:Core/Src/can.c **** /* USER CODE END Header */
  20:Core/Src/can.c **** /* Includes ------------------------------------------------------------------*/
  21:Core/Src/can.c **** #include "can.h"
  22:Core/Src/can.c **** 
  23:Core/Src/can.c **** /* USER CODE BEGIN 0 */
  24:Core/Src/can.c **** 
  25:Core/Src/can.c **** /* USER CODE END 0 */
  26:Core/Src/can.c **** 
  27:Core/Src/can.c **** CAN_HandleTypeDef hcan1;
  28:Core/Src/can.c **** CAN_HandleTypeDef hcan2;
  29:Core/Src/can.c **** 
  30:Core/Src/can.c **** /* CAN1 init function */
  31:Core/Src/can.c **** void MX_CAN1_Init(void)
  32:Core/Src/can.c **** {
  43              		.loc 1 32 1
  44              		.cfi_startproc
  45              		@ args = 0, pretend = 0, frame = 0
  46              		@ frame_needed = 1, uses_anonymous_args = 0
  47 0000 80B5     		push	{r7, lr}
  48              	.LCFI0:
  49              		.cfi_def_cfa_offset 8
  50              		.cfi_offset 7, -8
  51              		.cfi_offset 14, -4
  52 0002 00AF     		add	r7, sp, #0
  53              	.LCFI1:
  54              		.cfi_def_cfa_register 7
  33:Core/Src/can.c **** 
  34:Core/Src/can.c ****   /* USER CODE BEGIN CAN1_Init 0 */
  35:Core/Src/can.c **** 
  36:Core/Src/can.c ****   /* USER CODE END CAN1_Init 0 */
  37:Core/Src/can.c **** 
  38:Core/Src/can.c ****   /* USER CODE BEGIN CAN1_Init 1 */
  39:Core/Src/can.c **** 
  40:Core/Src/can.c ****   /* USER CODE END CAN1_Init 1 */
  41:Core/Src/can.c ****   hcan1.Instance = CAN1;
  55              		.loc 1 41 18
  56 0004 174B     		ldr	r3, .L4
  57 0006 184A     		ldr	r2, .L4+4
  58 0008 1A60     		str	r2, [r3]
  42:Core/Src/can.c ****   hcan1.Init.Prescaler = 3;
  59              		.loc 1 42 24
  60 000a 164B     		ldr	r3, .L4
  61 000c 0322     		movs	r2, #3
  62 000e 5A60     		str	r2, [r3, #4]
  43:Core/Src/can.c ****   hcan1.Init.Mode = CAN_MODE_NORMAL;
  63              		.loc 1 43 19
  64 0010 144B     		ldr	r3, .L4
  65 0012 0022     		movs	r2, #0
  66 0014 9A60     		str	r2, [r3, #8]
  44:Core/Src/can.c ****   hcan1.Init.SyncJumpWidth = CAN_SJW_1TQ;
  67              		.loc 1 44 28
ARM GAS  C:\Users\30806\AppData\Local\Temp\ccmuF4ni.s 			page 3


  68 0016 134B     		ldr	r3, .L4
  69 0018 0022     		movs	r2, #0
  70 001a DA60     		str	r2, [r3, #12]
  45:Core/Src/can.c ****   hcan1.Init.TimeSeg1 = CAN_BS1_10TQ;
  71              		.loc 1 45 23
  72 001c 114B     		ldr	r3, .L4
  73 001e 4FF41022 		mov	r2, #589824
  74 0022 1A61     		str	r2, [r3, #16]
  46:Core/Src/can.c ****   hcan1.Init.TimeSeg2 = CAN_BS2_3TQ;
  75              		.loc 1 46 23
  76 0024 0F4B     		ldr	r3, .L4
  77 0026 4FF40012 		mov	r2, #2097152
  78 002a 5A61     		str	r2, [r3, #20]
  47:Core/Src/can.c ****   hcan1.Init.TimeTriggeredMode = DISABLE;
  79              		.loc 1 47 32
  80 002c 0D4B     		ldr	r3, .L4
  81 002e 0022     		movs	r2, #0
  82 0030 1A76     		strb	r2, [r3, #24]
  48:Core/Src/can.c ****   hcan1.Init.AutoBusOff = ENABLE;
  83              		.loc 1 48 25
  84 0032 0C4B     		ldr	r3, .L4
  85 0034 0122     		movs	r2, #1
  86 0036 5A76     		strb	r2, [r3, #25]
  49:Core/Src/can.c ****   hcan1.Init.AutoWakeUp = ENABLE;
  87              		.loc 1 49 25
  88 0038 0A4B     		ldr	r3, .L4
  89 003a 0122     		movs	r2, #1
  90 003c 9A76     		strb	r2, [r3, #26]
  50:Core/Src/can.c ****   hcan1.Init.AutoRetransmission = ENABLE;
  91              		.loc 1 50 33
  92 003e 094B     		ldr	r3, .L4
  93 0040 0122     		movs	r2, #1
  94 0042 DA76     		strb	r2, [r3, #27]
  51:Core/Src/can.c ****   hcan1.Init.ReceiveFifoLocked = DISABLE;
  95              		.loc 1 51 32
  96 0044 074B     		ldr	r3, .L4
  97 0046 0022     		movs	r2, #0
  98 0048 1A77     		strb	r2, [r3, #28]
  52:Core/Src/can.c ****   hcan1.Init.TransmitFifoPriority = DISABLE;
  99              		.loc 1 52 35
 100 004a 064B     		ldr	r3, .L4
 101 004c 0022     		movs	r2, #0
 102 004e 5A77     		strb	r2, [r3, #29]
  53:Core/Src/can.c ****   if (HAL_CAN_Init(&hcan1) != HAL_OK)
 103              		.loc 1 53 7
 104 0050 0448     		ldr	r0, .L4
 105 0052 FFF7FEFF 		bl	HAL_CAN_Init
 106 0056 0346     		mov	r3, r0
 107              		.loc 1 53 6
 108 0058 002B     		cmp	r3, #0
 109 005a 01D0     		beq	.L3
  54:Core/Src/can.c ****   {
  55:Core/Src/can.c ****     Error_Handler();
 110              		.loc 1 55 5
 111 005c FFF7FEFF 		bl	Error_Handler
 112              	.L3:
  56:Core/Src/can.c ****   }
ARM GAS  C:\Users\30806\AppData\Local\Temp\ccmuF4ni.s 			page 4


  57:Core/Src/can.c ****   /* USER CODE BEGIN CAN1_Init 2 */
  58:Core/Src/can.c **** 
  59:Core/Src/can.c ****   /* USER CODE END CAN1_Init 2 */
  60:Core/Src/can.c **** 
  61:Core/Src/can.c **** }
 113              		.loc 1 61 1
 114 0060 00BF     		nop
 115 0062 80BD     		pop	{r7, pc}
 116              	.L5:
 117              		.align	2
 118              	.L4:
 119 0064 00000000 		.word	hcan1
 120 0068 00640040 		.word	1073767424
 121              		.cfi_endproc
 122              	.LFE139:
 124              		.section	.text.MX_CAN2_Init,"ax",%progbits
 125              		.align	1
 126              		.global	MX_CAN2_Init
 127              		.syntax unified
 128              		.thumb
 129              		.thumb_func
 131              	MX_CAN2_Init:
 132              	.LFB140:
  62:Core/Src/can.c **** /* CAN2 init function */
  63:Core/Src/can.c **** void MX_CAN2_Init(void)
  64:Core/Src/can.c **** {
 133              		.loc 1 64 1
 134              		.cfi_startproc
 135              		@ args = 0, pretend = 0, frame = 0
 136              		@ frame_needed = 1, uses_anonymous_args = 0
 137 0000 80B5     		push	{r7, lr}
 138              	.LCFI2:
 139              		.cfi_def_cfa_offset 8
 140              		.cfi_offset 7, -8
 141              		.cfi_offset 14, -4
 142 0002 00AF     		add	r7, sp, #0
 143              	.LCFI3:
 144              		.cfi_def_cfa_register 7
  65:Core/Src/can.c **** 
  66:Core/Src/can.c ****   /* USER CODE BEGIN CAN2_Init 0 */
  67:Core/Src/can.c **** 
  68:Core/Src/can.c ****   /* USER CODE END CAN2_Init 0 */
  69:Core/Src/can.c **** 
  70:Core/Src/can.c ****   /* USER CODE BEGIN CAN2_Init 1 */
  71:Core/Src/can.c **** 
  72:Core/Src/can.c ****   /* USER CODE END CAN2_Init 1 */
  73:Core/Src/can.c ****   hcan2.Instance = CAN2;
 145              		.loc 1 73 18
 146 0004 174B     		ldr	r3, .L9
 147 0006 184A     		ldr	r2, .L9+4
 148 0008 1A60     		str	r2, [r3]
  74:Core/Src/can.c ****   hcan2.Init.Prescaler = 3;
 149              		.loc 1 74 24
 150 000a 164B     		ldr	r3, .L9
 151 000c 0322     		movs	r2, #3
 152 000e 5A60     		str	r2, [r3, #4]
  75:Core/Src/can.c ****   hcan2.Init.Mode = CAN_MODE_NORMAL;
ARM GAS  C:\Users\30806\AppData\Local\Temp\ccmuF4ni.s 			page 5


 153              		.loc 1 75 19
 154 0010 144B     		ldr	r3, .L9
 155 0012 0022     		movs	r2, #0
 156 0014 9A60     		str	r2, [r3, #8]
  76:Core/Src/can.c ****   hcan2.Init.SyncJumpWidth = CAN_SJW_1TQ;
 157              		.loc 1 76 28
 158 0016 134B     		ldr	r3, .L9
 159 0018 0022     		movs	r2, #0
 160 001a DA60     		str	r2, [r3, #12]
  77:Core/Src/can.c ****   hcan2.Init.TimeSeg1 = CAN_BS1_10TQ;
 161              		.loc 1 77 23
 162 001c 114B     		ldr	r3, .L9
 163 001e 4FF41022 		mov	r2, #589824
 164 0022 1A61     		str	r2, [r3, #16]
  78:Core/Src/can.c ****   hcan2.Init.TimeSeg2 = CAN_BS2_3TQ;
 165              		.loc 1 78 23
 166 0024 0F4B     		ldr	r3, .L9
 167 0026 4FF40012 		mov	r2, #2097152
 168 002a 5A61     		str	r2, [r3, #20]
  79:Core/Src/can.c ****   hcan2.Init.TimeTriggeredMode = DISABLE;
 169              		.loc 1 79 32
 170 002c 0D4B     		ldr	r3, .L9
 171 002e 0022     		movs	r2, #0
 172 0030 1A76     		strb	r2, [r3, #24]
  80:Core/Src/can.c ****   hcan2.Init.AutoBusOff = ENABLE;
 173              		.loc 1 80 25
 174 0032 0C4B     		ldr	r3, .L9
 175 0034 0122     		movs	r2, #1
 176 0036 5A76     		strb	r2, [r3, #25]
  81:Core/Src/can.c ****   hcan2.Init.AutoWakeUp = ENABLE;
 177              		.loc 1 81 25
 178 0038 0A4B     		ldr	r3, .L9
 179 003a 0122     		movs	r2, #1
 180 003c 9A76     		strb	r2, [r3, #26]
  82:Core/Src/can.c ****   hcan2.Init.AutoRetransmission = ENABLE;
 181              		.loc 1 82 33
 182 003e 094B     		ldr	r3, .L9
 183 0040 0122     		movs	r2, #1
 184 0042 DA76     		strb	r2, [r3, #27]
  83:Core/Src/can.c ****   hcan2.Init.ReceiveFifoLocked = DISABLE;
 185              		.loc 1 83 32
 186 0044 074B     		ldr	r3, .L9
 187 0046 0022     		movs	r2, #0
 188 0048 1A77     		strb	r2, [r3, #28]
  84:Core/Src/can.c ****   hcan2.Init.TransmitFifoPriority = DISABLE;
 189              		.loc 1 84 35
 190 004a 064B     		ldr	r3, .L9
 191 004c 0022     		movs	r2, #0
 192 004e 5A77     		strb	r2, [r3, #29]
  85:Core/Src/can.c ****   if (HAL_CAN_Init(&hcan2) != HAL_OK)
 193              		.loc 1 85 7
 194 0050 0448     		ldr	r0, .L9
 195 0052 FFF7FEFF 		bl	HAL_CAN_Init
 196 0056 0346     		mov	r3, r0
 197              		.loc 1 85 6
 198 0058 002B     		cmp	r3, #0
 199 005a 01D0     		beq	.L8
ARM GAS  C:\Users\30806\AppData\Local\Temp\ccmuF4ni.s 			page 6


  86:Core/Src/can.c ****   {
  87:Core/Src/can.c ****     Error_Handler();
 200              		.loc 1 87 5
 201 005c FFF7FEFF 		bl	Error_Handler
 202              	.L8:
  88:Core/Src/can.c ****   }
  89:Core/Src/can.c ****   /* USER CODE BEGIN CAN2_Init 2 */
  90:Core/Src/can.c **** 
  91:Core/Src/can.c ****   /* USER CODE END CAN2_Init 2 */
  92:Core/Src/can.c **** 
  93:Core/Src/can.c **** }
 203              		.loc 1 93 1
 204 0060 00BF     		nop
 205 0062 80BD     		pop	{r7, pc}
 206              	.L10:
 207              		.align	2
 208              	.L9:
 209 0064 00000000 		.word	hcan2
 210 0068 00680040 		.word	1073768448
 211              		.cfi_endproc
 212              	.LFE140:
 214              		.section	.bss.HAL_RCC_CAN1_CLK_ENABLED,"aw",%nobits
 215              		.align	2
 218              	HAL_RCC_CAN1_CLK_ENABLED:
 219 0000 00000000 		.space	4
 220              		.section	.text.HAL_CAN_MspInit,"ax",%progbits
 221              		.align	1
 222              		.global	HAL_CAN_MspInit
 223              		.syntax unified
 224              		.thumb
 225              		.thumb_func
 227              	HAL_CAN_MspInit:
 228              	.LFB141:
  94:Core/Src/can.c **** 
  95:Core/Src/can.c **** static uint32_t HAL_RCC_CAN1_CLK_ENABLED=0;
  96:Core/Src/can.c **** 
  97:Core/Src/can.c **** void HAL_CAN_MspInit(CAN_HandleTypeDef* canHandle)
  98:Core/Src/can.c **** {
 229              		.loc 1 98 1
 230              		.cfi_startproc
 231              		@ args = 0, pretend = 0, frame = 48
 232              		@ frame_needed = 1, uses_anonymous_args = 0
 233 0000 80B5     		push	{r7, lr}
 234              	.LCFI4:
 235              		.cfi_def_cfa_offset 8
 236              		.cfi_offset 7, -8
 237              		.cfi_offset 14, -4
 238 0002 8CB0     		sub	sp, sp, #48
 239              	.LCFI5:
 240              		.cfi_def_cfa_offset 56
 241 0004 00AF     		add	r7, sp, #0
 242              	.LCFI6:
 243              		.cfi_def_cfa_register 7
 244 0006 7860     		str	r0, [r7, #4]
  99:Core/Src/can.c **** 
 100:Core/Src/can.c ****   GPIO_InitTypeDef GPIO_InitStruct = {0};
 245              		.loc 1 100 20
ARM GAS  C:\Users\30806\AppData\Local\Temp\ccmuF4ni.s 			page 7


 246 0008 07F11C03 		add	r3, r7, #28
 247 000c 0022     		movs	r2, #0
 248 000e 1A60     		str	r2, [r3]
 249 0010 5A60     		str	r2, [r3, #4]
 250 0012 9A60     		str	r2, [r3, #8]
 251 0014 DA60     		str	r2, [r3, #12]
 252 0016 1A61     		str	r2, [r3, #16]
 101:Core/Src/can.c ****   if(canHandle->Instance==CAN1)
 253              		.loc 1 101 15
 254 0018 7B68     		ldr	r3, [r7, #4]
 255 001a 1B68     		ldr	r3, [r3]
 256              		.loc 1 101 5
 257 001c 624A     		ldr	r2, .L17
 258 001e 9342     		cmp	r3, r2
 259 0020 56D1     		bne	.L12
 102:Core/Src/can.c ****   {
 103:Core/Src/can.c ****   /* USER CODE BEGIN CAN1_MspInit 0 */
 104:Core/Src/can.c **** 
 105:Core/Src/can.c ****   /* USER CODE END CAN1_MspInit 0 */
 106:Core/Src/can.c ****     /* CAN1 clock enable */
 107:Core/Src/can.c ****     HAL_RCC_CAN1_CLK_ENABLED++;
 260              		.loc 1 107 29
 261 0022 624B     		ldr	r3, .L17+4
 262 0024 1B68     		ldr	r3, [r3]
 263 0026 0133     		adds	r3, r3, #1
 264 0028 604A     		ldr	r2, .L17+4
 265 002a 1360     		str	r3, [r2]
 108:Core/Src/can.c ****     if(HAL_RCC_CAN1_CLK_ENABLED==1){
 266              		.loc 1 108 32
 267 002c 5F4B     		ldr	r3, .L17+4
 268 002e 1B68     		ldr	r3, [r3]
 269              		.loc 1 108 7
 270 0030 012B     		cmp	r3, #1
 271 0032 0DD1     		bne	.L13
 272              	.LBB2:
 109:Core/Src/can.c ****       __HAL_RCC_CAN1_CLK_ENABLE();
 273              		.loc 1 109 7
 274 0034 0023     		movs	r3, #0
 275 0036 BB61     		str	r3, [r7, #24]
 276 0038 5D4B     		ldr	r3, .L17+8
 277 003a 1B6C     		ldr	r3, [r3, #64]
 278 003c 5C4A     		ldr	r2, .L17+8
 279 003e 43F00073 		orr	r3, r3, #33554432
 280 0042 1364     		str	r3, [r2, #64]
 281 0044 5A4B     		ldr	r3, .L17+8
 282 0046 1B6C     		ldr	r3, [r3, #64]
 283 0048 03F00073 		and	r3, r3, #33554432
 284 004c BB61     		str	r3, [r7, #24]
 285 004e BB69     		ldr	r3, [r7, #24]
 286              	.L13:
 287              	.LBE2:
 288              	.LBB3:
 110:Core/Src/can.c ****     }
 111:Core/Src/can.c **** 
 112:Core/Src/can.c ****     __HAL_RCC_GPIOB_CLK_ENABLE();
 289              		.loc 1 112 5
 290 0050 0023     		movs	r3, #0
ARM GAS  C:\Users\30806\AppData\Local\Temp\ccmuF4ni.s 			page 8


 291 0052 7B61     		str	r3, [r7, #20]
 292 0054 564B     		ldr	r3, .L17+8
 293 0056 1B6B     		ldr	r3, [r3, #48]
 294 0058 554A     		ldr	r2, .L17+8
 295 005a 43F00203 		orr	r3, r3, #2
 296 005e 1363     		str	r3, [r2, #48]
 297 0060 534B     		ldr	r3, .L17+8
 298 0062 1B6B     		ldr	r3, [r3, #48]
 299 0064 03F00203 		and	r3, r3, #2
 300 0068 7B61     		str	r3, [r7, #20]
 301 006a 7B69     		ldr	r3, [r7, #20]
 302              	.LBE3:
 113:Core/Src/can.c ****     /**CAN1 GPIO Configuration
 114:Core/Src/can.c ****     PB8     ------> CAN1_RX
 115:Core/Src/can.c ****     PB9     ------> CAN1_TX
 116:Core/Src/can.c ****     */
 117:Core/Src/can.c ****     GPIO_InitStruct.Pin = GPIO_PIN_8|GPIO_PIN_9;
 303              		.loc 1 117 25
 304 006c 4FF44073 		mov	r3, #768
 305 0070 FB61     		str	r3, [r7, #28]
 118:Core/Src/can.c ****     GPIO_InitStruct.Mode = GPIO_MODE_AF_PP;
 306              		.loc 1 118 26
 307 0072 0223     		movs	r3, #2
 308 0074 3B62     		str	r3, [r7, #32]
 119:Core/Src/can.c ****     GPIO_InitStruct.Pull = GPIO_NOPULL;
 309              		.loc 1 119 26
 310 0076 0023     		movs	r3, #0
 311 0078 7B62     		str	r3, [r7, #36]
 120:Core/Src/can.c ****     GPIO_InitStruct.Speed = GPIO_SPEED_FREQ_VERY_HIGH;
 312              		.loc 1 120 27
 313 007a 0323     		movs	r3, #3
 314 007c BB62     		str	r3, [r7, #40]
 121:Core/Src/can.c ****     GPIO_InitStruct.Alternate = GPIO_AF9_CAN1;
 315              		.loc 1 121 31
 316 007e 0923     		movs	r3, #9
 317 0080 FB62     		str	r3, [r7, #44]
 122:Core/Src/can.c ****     HAL_GPIO_Init(GPIOB, &GPIO_InitStruct);
 318              		.loc 1 122 5
 319 0082 07F11C03 		add	r3, r7, #28
 320 0086 1946     		mov	r1, r3
 321 0088 4A48     		ldr	r0, .L17+12
 322 008a FFF7FEFF 		bl	HAL_GPIO_Init
 123:Core/Src/can.c **** 
 124:Core/Src/can.c ****     /* CAN1 interrupt Init */
 125:Core/Src/can.c ****     HAL_NVIC_SetPriority(CAN1_TX_IRQn, 5, 0);
 323              		.loc 1 125 5
 324 008e 0022     		movs	r2, #0
 325 0090 0521     		movs	r1, #5
 326 0092 1320     		movs	r0, #19
 327 0094 FFF7FEFF 		bl	HAL_NVIC_SetPriority
 126:Core/Src/can.c ****     HAL_NVIC_EnableIRQ(CAN1_TX_IRQn);
 328              		.loc 1 126 5
 329 0098 1320     		movs	r0, #19
 330 009a FFF7FEFF 		bl	HAL_NVIC_EnableIRQ
 127:Core/Src/can.c ****     HAL_NVIC_SetPriority(CAN1_RX0_IRQn, 5, 0);
 331              		.loc 1 127 5
 332 009e 0022     		movs	r2, #0
ARM GAS  C:\Users\30806\AppData\Local\Temp\ccmuF4ni.s 			page 9


 333 00a0 0521     		movs	r1, #5
 334 00a2 1420     		movs	r0, #20
 335 00a4 FFF7FEFF 		bl	HAL_NVIC_SetPriority
 128:Core/Src/can.c ****     HAL_NVIC_EnableIRQ(CAN1_RX0_IRQn);
 336              		.loc 1 128 5
 337 00a8 1420     		movs	r0, #20
 338 00aa FFF7FEFF 		bl	HAL_NVIC_EnableIRQ
 129:Core/Src/can.c ****     HAL_NVIC_SetPriority(CAN1_RX1_IRQn, 5, 0);
 339              		.loc 1 129 5
 340 00ae 0022     		movs	r2, #0
 341 00b0 0521     		movs	r1, #5
 342 00b2 1520     		movs	r0, #21
 343 00b4 FFF7FEFF 		bl	HAL_NVIC_SetPriority
 130:Core/Src/can.c ****     HAL_NVIC_EnableIRQ(CAN1_RX1_IRQn);
 344              		.loc 1 130 5
 345 00b8 1520     		movs	r0, #21
 346 00ba FFF7FEFF 		bl	HAL_NVIC_EnableIRQ
 131:Core/Src/can.c ****     HAL_NVIC_SetPriority(CAN1_SCE_IRQn, 5, 0);
 347              		.loc 1 131 5
 348 00be 0022     		movs	r2, #0
 349 00c0 0521     		movs	r1, #5
 350 00c2 1620     		movs	r0, #22
 351 00c4 FFF7FEFF 		bl	HAL_NVIC_SetPriority
 132:Core/Src/can.c ****     HAL_NVIC_EnableIRQ(CAN1_SCE_IRQn);
 352              		.loc 1 132 5
 353 00c8 1620     		movs	r0, #22
 354 00ca FFF7FEFF 		bl	HAL_NVIC_EnableIRQ
 133:Core/Src/can.c ****   /* USER CODE BEGIN CAN1_MspInit 1 */
 134:Core/Src/can.c **** 
 135:Core/Src/can.c ****   /* USER CODE END CAN1_MspInit 1 */
 136:Core/Src/can.c ****   }
 137:Core/Src/can.c ****   else if(canHandle->Instance==CAN2)
 138:Core/Src/can.c ****   {
 139:Core/Src/can.c ****   /* USER CODE BEGIN CAN2_MspInit 0 */
 140:Core/Src/can.c **** 
 141:Core/Src/can.c ****   /* USER CODE END CAN2_MspInit 0 */
 142:Core/Src/can.c ****     /* CAN2 clock enable */
 143:Core/Src/can.c ****     __HAL_RCC_CAN2_CLK_ENABLE();
 144:Core/Src/can.c ****     HAL_RCC_CAN1_CLK_ENABLED++;
 145:Core/Src/can.c ****     if(HAL_RCC_CAN1_CLK_ENABLED==1){
 146:Core/Src/can.c ****       __HAL_RCC_CAN1_CLK_ENABLE();
 147:Core/Src/can.c ****     }
 148:Core/Src/can.c **** 
 149:Core/Src/can.c ****     __HAL_RCC_GPIOB_CLK_ENABLE();
 150:Core/Src/can.c ****     /**CAN2 GPIO Configuration
 151:Core/Src/can.c ****     PB5     ------> CAN2_RX
 152:Core/Src/can.c ****     PB6     ------> CAN2_TX
 153:Core/Src/can.c ****     */
 154:Core/Src/can.c ****     GPIO_InitStruct.Pin = GPIO_PIN_5|GPIO_PIN_6;
 155:Core/Src/can.c ****     GPIO_InitStruct.Mode = GPIO_MODE_AF_PP;
 156:Core/Src/can.c ****     GPIO_InitStruct.Pull = GPIO_NOPULL;
 157:Core/Src/can.c ****     GPIO_InitStruct.Speed = GPIO_SPEED_FREQ_VERY_HIGH;
 158:Core/Src/can.c ****     GPIO_InitStruct.Alternate = GPIO_AF9_CAN2;
 159:Core/Src/can.c ****     HAL_GPIO_Init(GPIOB, &GPIO_InitStruct);
 160:Core/Src/can.c **** 
 161:Core/Src/can.c ****     /* CAN2 interrupt Init */
 162:Core/Src/can.c ****     HAL_NVIC_SetPriority(CAN2_TX_IRQn, 5, 0);
ARM GAS  C:\Users\30806\AppData\Local\Temp\ccmuF4ni.s 			page 10


 163:Core/Src/can.c ****     HAL_NVIC_EnableIRQ(CAN2_TX_IRQn);
 164:Core/Src/can.c ****     HAL_NVIC_SetPriority(CAN2_RX0_IRQn, 5, 0);
 165:Core/Src/can.c ****     HAL_NVIC_EnableIRQ(CAN2_RX0_IRQn);
 166:Core/Src/can.c ****     HAL_NVIC_SetPriority(CAN2_RX1_IRQn, 5, 0);
 167:Core/Src/can.c ****     HAL_NVIC_EnableIRQ(CAN2_RX1_IRQn);
 168:Core/Src/can.c ****     HAL_NVIC_SetPriority(CAN2_SCE_IRQn, 5, 0);
 169:Core/Src/can.c ****     HAL_NVIC_EnableIRQ(CAN2_SCE_IRQn);
 170:Core/Src/can.c ****   /* USER CODE BEGIN CAN2_MspInit 1 */
 171:Core/Src/can.c **** 
 172:Core/Src/can.c ****   /* USER CODE END CAN2_MspInit 1 */
 173:Core/Src/can.c ****   }
 174:Core/Src/can.c **** }
 355              		.loc 1 174 1
 356 00ce 67E0     		b	.L16
 357              	.L12:
 137:Core/Src/can.c ****   {
 358              		.loc 1 137 20
 359 00d0 7B68     		ldr	r3, [r7, #4]
 360 00d2 1B68     		ldr	r3, [r3]
 137:Core/Src/can.c ****   {
 361              		.loc 1 137 10
 362 00d4 384A     		ldr	r2, .L17+16
 363 00d6 9342     		cmp	r3, r2
 364 00d8 62D1     		bne	.L16
 365              	.LBB4:
 143:Core/Src/can.c ****     HAL_RCC_CAN1_CLK_ENABLED++;
 366              		.loc 1 143 5
 367 00da 0023     		movs	r3, #0
 368 00dc 3B61     		str	r3, [r7, #16]
 369 00de 344B     		ldr	r3, .L17+8
 370 00e0 1B6C     		ldr	r3, [r3, #64]
 371 00e2 334A     		ldr	r2, .L17+8
 372 00e4 43F08063 		orr	r3, r3, #67108864
 373 00e8 1364     		str	r3, [r2, #64]
 374 00ea 314B     		ldr	r3, .L17+8
 375 00ec 1B6C     		ldr	r3, [r3, #64]
 376 00ee 03F08063 		and	r3, r3, #67108864
 377 00f2 3B61     		str	r3, [r7, #16]
 378 00f4 3B69     		ldr	r3, [r7, #16]
 379              	.LBE4:
 144:Core/Src/can.c ****     if(HAL_RCC_CAN1_CLK_ENABLED==1){
 380              		.loc 1 144 29
 381 00f6 2D4B     		ldr	r3, .L17+4
 382 00f8 1B68     		ldr	r3, [r3]
 383 00fa 0133     		adds	r3, r3, #1
 384 00fc 2B4A     		ldr	r2, .L17+4
 385 00fe 1360     		str	r3, [r2]
 145:Core/Src/can.c ****       __HAL_RCC_CAN1_CLK_ENABLE();
 386              		.loc 1 145 32
 387 0100 2A4B     		ldr	r3, .L17+4
 388 0102 1B68     		ldr	r3, [r3]
 145:Core/Src/can.c ****       __HAL_RCC_CAN1_CLK_ENABLE();
 389              		.loc 1 145 7
 390 0104 012B     		cmp	r3, #1
 391 0106 0DD1     		bne	.L15
 392              	.LBB5:
 146:Core/Src/can.c ****     }
ARM GAS  C:\Users\30806\AppData\Local\Temp\ccmuF4ni.s 			page 11


 393              		.loc 1 146 7
 394 0108 0023     		movs	r3, #0
 395 010a FB60     		str	r3, [r7, #12]
 396 010c 284B     		ldr	r3, .L17+8
 397 010e 1B6C     		ldr	r3, [r3, #64]
 398 0110 274A     		ldr	r2, .L17+8
 399 0112 43F00073 		orr	r3, r3, #33554432
 400 0116 1364     		str	r3, [r2, #64]
 401 0118 254B     		ldr	r3, .L17+8
 402 011a 1B6C     		ldr	r3, [r3, #64]
 403 011c 03F00073 		and	r3, r3, #33554432
 404 0120 FB60     		str	r3, [r7, #12]
 405 0122 FB68     		ldr	r3, [r7, #12]
 406              	.L15:
 407              	.LBE5:
 408              	.LBB6:
 149:Core/Src/can.c ****     /**CAN2 GPIO Configuration
 409              		.loc 1 149 5
 410 0124 0023     		movs	r3, #0
 411 0126 BB60     		str	r3, [r7, #8]
 412 0128 214B     		ldr	r3, .L17+8
 413 012a 1B6B     		ldr	r3, [r3, #48]
 414 012c 204A     		ldr	r2, .L17+8
 415 012e 43F00203 		orr	r3, r3, #2
 416 0132 1363     		str	r3, [r2, #48]
 417 0134 1E4B     		ldr	r3, .L17+8
 418 0136 1B6B     		ldr	r3, [r3, #48]
 419 0138 03F00203 		and	r3, r3, #2
 420 013c BB60     		str	r3, [r7, #8]
 421 013e BB68     		ldr	r3, [r7, #8]
 422              	.LBE6:
 154:Core/Src/can.c ****     GPIO_InitStruct.Mode = GPIO_MODE_AF_PP;
 423              		.loc 1 154 25
 424 0140 6023     		movs	r3, #96
 425 0142 FB61     		str	r3, [r7, #28]
 155:Core/Src/can.c ****     GPIO_InitStruct.Pull = GPIO_NOPULL;
 426              		.loc 1 155 26
 427 0144 0223     		movs	r3, #2
 428 0146 3B62     		str	r3, [r7, #32]
 156:Core/Src/can.c ****     GPIO_InitStruct.Speed = GPIO_SPEED_FREQ_VERY_HIGH;
 429              		.loc 1 156 26
 430 0148 0023     		movs	r3, #0
 431 014a 7B62     		str	r3, [r7, #36]
 157:Core/Src/can.c ****     GPIO_InitStruct.Alternate = GPIO_AF9_CAN2;
 432              		.loc 1 157 27
 433 014c 0323     		movs	r3, #3
 434 014e BB62     		str	r3, [r7, #40]
 158:Core/Src/can.c ****     HAL_GPIO_Init(GPIOB, &GPIO_InitStruct);
 435              		.loc 1 158 31
 436 0150 0923     		movs	r3, #9
 437 0152 FB62     		str	r3, [r7, #44]
 159:Core/Src/can.c **** 
 438              		.loc 1 159 5
 439 0154 07F11C03 		add	r3, r7, #28
 440 0158 1946     		mov	r1, r3
 441 015a 1648     		ldr	r0, .L17+12
 442 015c FFF7FEFF 		bl	HAL_GPIO_Init
ARM GAS  C:\Users\30806\AppData\Local\Temp\ccmuF4ni.s 			page 12


 162:Core/Src/can.c ****     HAL_NVIC_EnableIRQ(CAN2_TX_IRQn);
 443              		.loc 1 162 5
 444 0160 0022     		movs	r2, #0
 445 0162 0521     		movs	r1, #5
 446 0164 3F20     		movs	r0, #63
 447 0166 FFF7FEFF 		bl	HAL_NVIC_SetPriority
 163:Core/Src/can.c ****     HAL_NVIC_SetPriority(CAN2_RX0_IRQn, 5, 0);
 448              		.loc 1 163 5
 449 016a 3F20     		movs	r0, #63
 450 016c FFF7FEFF 		bl	HAL_NVIC_EnableIRQ
 164:Core/Src/can.c ****     HAL_NVIC_EnableIRQ(CAN2_RX0_IRQn);
 451              		.loc 1 164 5
 452 0170 0022     		movs	r2, #0
 453 0172 0521     		movs	r1, #5
 454 0174 4020     		movs	r0, #64
 455 0176 FFF7FEFF 		bl	HAL_NVIC_SetPriority
 165:Core/Src/can.c ****     HAL_NVIC_SetPriority(CAN2_RX1_IRQn, 5, 0);
 456              		.loc 1 165 5
 457 017a 4020     		movs	r0, #64
 458 017c FFF7FEFF 		bl	HAL_NVIC_EnableIRQ
 166:Core/Src/can.c ****     HAL_NVIC_EnableIRQ(CAN2_RX1_IRQn);
 459              		.loc 1 166 5
 460 0180 0022     		movs	r2, #0
 461 0182 0521     		movs	r1, #5
 462 0184 4120     		movs	r0, #65
 463 0186 FFF7FEFF 		bl	HAL_NVIC_SetPriority
 167:Core/Src/can.c ****     HAL_NVIC_SetPriority(CAN2_SCE_IRQn, 5, 0);
 464              		.loc 1 167 5
 465 018a 4120     		movs	r0, #65
 466 018c FFF7FEFF 		bl	HAL_NVIC_EnableIRQ
 168:Core/Src/can.c ****     HAL_NVIC_EnableIRQ(CAN2_SCE_IRQn);
 467              		.loc 1 168 5
 468 0190 0022     		movs	r2, #0
 469 0192 0521     		movs	r1, #5
 470 0194 4220     		movs	r0, #66
 471 0196 FFF7FEFF 		bl	HAL_NVIC_SetPriority
 169:Core/Src/can.c ****   /* USER CODE BEGIN CAN2_MspInit 1 */
 472              		.loc 1 169 5
 473 019a 4220     		movs	r0, #66
 474 019c FFF7FEFF 		bl	HAL_NVIC_EnableIRQ
 475              	.L16:
 476              		.loc 1 174 1
 477 01a0 00BF     		nop
 478 01a2 3037     		adds	r7, r7, #48
 479              	.LCFI7:
 480              		.cfi_def_cfa_offset 8
 481 01a4 BD46     		mov	sp, r7
 482              	.LCFI8:
 483              		.cfi_def_cfa_register 13
 484              		@ sp needed
 485 01a6 80BD     		pop	{r7, pc}
 486              	.L18:
 487              		.align	2
 488              	.L17:
 489 01a8 00640040 		.word	1073767424
 490 01ac 00000000 		.word	HAL_RCC_CAN1_CLK_ENABLED
 491 01b0 00380240 		.word	1073887232
ARM GAS  C:\Users\30806\AppData\Local\Temp\ccmuF4ni.s 			page 13


 492 01b4 00040240 		.word	1073873920
 493 01b8 00680040 		.word	1073768448
 494              		.cfi_endproc
 495              	.LFE141:
 497              		.section	.text.HAL_CAN_MspDeInit,"ax",%progbits
 498              		.align	1
 499              		.global	HAL_CAN_MspDeInit
 500              		.syntax unified
 501              		.thumb
 502              		.thumb_func
 504              	HAL_CAN_MspDeInit:
 505              	.LFB142:
 175:Core/Src/can.c **** 
 176:Core/Src/can.c **** void HAL_CAN_MspDeInit(CAN_HandleTypeDef* canHandle)
 177:Core/Src/can.c **** {
 506              		.loc 1 177 1
 507              		.cfi_startproc
 508              		@ args = 0, pretend = 0, frame = 8
 509              		@ frame_needed = 1, uses_anonymous_args = 0
 510 0000 80B5     		push	{r7, lr}
 511              	.LCFI9:
 512              		.cfi_def_cfa_offset 8
 513              		.cfi_offset 7, -8
 514              		.cfi_offset 14, -4
 515 0002 82B0     		sub	sp, sp, #8
 516              	.LCFI10:
 517              		.cfi_def_cfa_offset 16
 518 0004 00AF     		add	r7, sp, #0
 519              	.LCFI11:
 520              		.cfi_def_cfa_register 7
 521 0006 7860     		str	r0, [r7, #4]
 178:Core/Src/can.c **** 
 179:Core/Src/can.c ****   if(canHandle->Instance==CAN1)
 522              		.loc 1 179 15
 523 0008 7B68     		ldr	r3, [r7, #4]
 524 000a 1B68     		ldr	r3, [r3]
 525              		.loc 1 179 5
 526 000c 284A     		ldr	r2, .L25
 527 000e 9342     		cmp	r3, r2
 528 0010 20D1     		bne	.L20
 180:Core/Src/can.c ****   {
 181:Core/Src/can.c ****   /* USER CODE BEGIN CAN1_MspDeInit 0 */
 182:Core/Src/can.c **** 
 183:Core/Src/can.c ****   /* USER CODE END CAN1_MspDeInit 0 */
 184:Core/Src/can.c ****     /* Peripheral clock disable */
 185:Core/Src/can.c ****     HAL_RCC_CAN1_CLK_ENABLED--;
 529              		.loc 1 185 29
 530 0012 284B     		ldr	r3, .L25+4
 531 0014 1B68     		ldr	r3, [r3]
 532 0016 013B     		subs	r3, r3, #1
 533 0018 264A     		ldr	r2, .L25+4
 534 001a 1360     		str	r3, [r2]
 186:Core/Src/can.c ****     if(HAL_RCC_CAN1_CLK_ENABLED==0){
 535              		.loc 1 186 32
 536 001c 254B     		ldr	r3, .L25+4
 537 001e 1B68     		ldr	r3, [r3]
 538              		.loc 1 186 7
ARM GAS  C:\Users\30806\AppData\Local\Temp\ccmuF4ni.s 			page 14


 539 0020 002B     		cmp	r3, #0
 540 0022 05D1     		bne	.L21
 187:Core/Src/can.c ****       __HAL_RCC_CAN1_CLK_DISABLE();
 541              		.loc 1 187 7
 542 0024 244B     		ldr	r3, .L25+8
 543 0026 1B6C     		ldr	r3, [r3, #64]
 544 0028 234A     		ldr	r2, .L25+8
 545 002a 23F00073 		bic	r3, r3, #33554432
 546 002e 1364     		str	r3, [r2, #64]
 547              	.L21:
 188:Core/Src/can.c ****     }
 189:Core/Src/can.c **** 
 190:Core/Src/can.c ****     /**CAN1 GPIO Configuration
 191:Core/Src/can.c ****     PB8     ------> CAN1_RX
 192:Core/Src/can.c ****     PB9     ------> CAN1_TX
 193:Core/Src/can.c ****     */
 194:Core/Src/can.c ****     HAL_GPIO_DeInit(GPIOB, GPIO_PIN_8|GPIO_PIN_9);
 548              		.loc 1 194 5
 549 0030 4FF44071 		mov	r1, #768
 550 0034 2148     		ldr	r0, .L25+12
 551 0036 FFF7FEFF 		bl	HAL_GPIO_DeInit
 195:Core/Src/can.c **** 
 196:Core/Src/can.c ****     /* CAN1 interrupt Deinit */
 197:Core/Src/can.c ****     HAL_NVIC_DisableIRQ(CAN1_TX_IRQn);
 552              		.loc 1 197 5
 553 003a 1320     		movs	r0, #19
 554 003c FFF7FEFF 		bl	HAL_NVIC_DisableIRQ
 198:Core/Src/can.c ****     HAL_NVIC_DisableIRQ(CAN1_RX0_IRQn);
 555              		.loc 1 198 5
 556 0040 1420     		movs	r0, #20
 557 0042 FFF7FEFF 		bl	HAL_NVIC_DisableIRQ
 199:Core/Src/can.c ****     HAL_NVIC_DisableIRQ(CAN1_RX1_IRQn);
 558              		.loc 1 199 5
 559 0046 1520     		movs	r0, #21
 560 0048 FFF7FEFF 		bl	HAL_NVIC_DisableIRQ
 200:Core/Src/can.c ****     HAL_NVIC_DisableIRQ(CAN1_SCE_IRQn);
 561              		.loc 1 200 5
 562 004c 1620     		movs	r0, #22
 563 004e FFF7FEFF 		bl	HAL_NVIC_DisableIRQ
 201:Core/Src/can.c ****   /* USER CODE BEGIN CAN1_MspDeInit 1 */
 202:Core/Src/can.c **** 
 203:Core/Src/can.c ****   /* USER CODE END CAN1_MspDeInit 1 */
 204:Core/Src/can.c ****   }
 205:Core/Src/can.c ****   else if(canHandle->Instance==CAN2)
 206:Core/Src/can.c ****   {
 207:Core/Src/can.c ****   /* USER CODE BEGIN CAN2_MspDeInit 0 */
 208:Core/Src/can.c **** 
 209:Core/Src/can.c ****   /* USER CODE END CAN2_MspDeInit 0 */
 210:Core/Src/can.c ****     /* Peripheral clock disable */
 211:Core/Src/can.c ****     __HAL_RCC_CAN2_CLK_DISABLE();
 212:Core/Src/can.c ****     HAL_RCC_CAN1_CLK_ENABLED--;
 213:Core/Src/can.c ****     if(HAL_RCC_CAN1_CLK_ENABLED==0){
 214:Core/Src/can.c ****       __HAL_RCC_CAN1_CLK_DISABLE();
 215:Core/Src/can.c ****     }
 216:Core/Src/can.c **** 
 217:Core/Src/can.c ****     /**CAN2 GPIO Configuration
 218:Core/Src/can.c ****     PB5     ------> CAN2_RX
ARM GAS  C:\Users\30806\AppData\Local\Temp\ccmuF4ni.s 			page 15


 219:Core/Src/can.c ****     PB6     ------> CAN2_TX
 220:Core/Src/can.c ****     */
 221:Core/Src/can.c ****     HAL_GPIO_DeInit(GPIOB, GPIO_PIN_5|GPIO_PIN_6);
 222:Core/Src/can.c **** 
 223:Core/Src/can.c ****     /* CAN2 interrupt Deinit */
 224:Core/Src/can.c ****     HAL_NVIC_DisableIRQ(CAN2_TX_IRQn);
 225:Core/Src/can.c ****     HAL_NVIC_DisableIRQ(CAN2_RX0_IRQn);
 226:Core/Src/can.c ****     HAL_NVIC_DisableIRQ(CAN2_RX1_IRQn);
 227:Core/Src/can.c ****     HAL_NVIC_DisableIRQ(CAN2_SCE_IRQn);
 228:Core/Src/can.c ****   /* USER CODE BEGIN CAN2_MspDeInit 1 */
 229:Core/Src/can.c **** 
 230:Core/Src/can.c ****   /* USER CODE END CAN2_MspDeInit 1 */
 231:Core/Src/can.c ****   }
 232:Core/Src/can.c **** }
 564              		.loc 1 232 1
 565 0052 29E0     		b	.L24
 566              	.L20:
 205:Core/Src/can.c ****   {
 567              		.loc 1 205 20
 568 0054 7B68     		ldr	r3, [r7, #4]
 569 0056 1B68     		ldr	r3, [r3]
 205:Core/Src/can.c ****   {
 570              		.loc 1 205 10
 571 0058 194A     		ldr	r2, .L25+16
 572 005a 9342     		cmp	r3, r2
 573 005c 24D1     		bne	.L24
 211:Core/Src/can.c ****     HAL_RCC_CAN1_CLK_ENABLED--;
 574              		.loc 1 211 5
 575 005e 164B     		ldr	r3, .L25+8
 576 0060 1B6C     		ldr	r3, [r3, #64]
 577 0062 154A     		ldr	r2, .L25+8
 578 0064 23F08063 		bic	r3, r3, #67108864
 579 0068 1364     		str	r3, [r2, #64]
 212:Core/Src/can.c ****     if(HAL_RCC_CAN1_CLK_ENABLED==0){
 580              		.loc 1 212 29
 581 006a 124B     		ldr	r3, .L25+4
 582 006c 1B68     		ldr	r3, [r3]
 583 006e 013B     		subs	r3, r3, #1
 584 0070 104A     		ldr	r2, .L25+4
 585 0072 1360     		str	r3, [r2]
 213:Core/Src/can.c ****       __HAL_RCC_CAN1_CLK_DISABLE();
 586              		.loc 1 213 32
 587 0074 0F4B     		ldr	r3, .L25+4
 588 0076 1B68     		ldr	r3, [r3]
 213:Core/Src/can.c ****       __HAL_RCC_CAN1_CLK_DISABLE();
 589              		.loc 1 213 7
 590 0078 002B     		cmp	r3, #0
 591 007a 05D1     		bne	.L23
 214:Core/Src/can.c ****     }
 592              		.loc 1 214 7
 593 007c 0E4B     		ldr	r3, .L25+8
 594 007e 1B6C     		ldr	r3, [r3, #64]
 595 0080 0D4A     		ldr	r2, .L25+8
 596 0082 23F00073 		bic	r3, r3, #33554432
 597 0086 1364     		str	r3, [r2, #64]
 598              	.L23:
 221:Core/Src/can.c **** 
ARM GAS  C:\Users\30806\AppData\Local\Temp\ccmuF4ni.s 			page 16


 599              		.loc 1 221 5
 600 0088 6021     		movs	r1, #96
 601 008a 0C48     		ldr	r0, .L25+12
 602 008c FFF7FEFF 		bl	HAL_GPIO_DeInit
 224:Core/Src/can.c ****     HAL_NVIC_DisableIRQ(CAN2_RX0_IRQn);
 603              		.loc 1 224 5
 604 0090 3F20     		movs	r0, #63
 605 0092 FFF7FEFF 		bl	HAL_NVIC_DisableIRQ
 225:Core/Src/can.c ****     HAL_NVIC_DisableIRQ(CAN2_RX1_IRQn);
 606              		.loc 1 225 5
 607 0096 4020     		movs	r0, #64
 608 0098 FFF7FEFF 		bl	HAL_NVIC_DisableIRQ
 226:Core/Src/can.c ****     HAL_NVIC_DisableIRQ(CAN2_SCE_IRQn);
 609              		.loc 1 226 5
 610 009c 4120     		movs	r0, #65
 611 009e FFF7FEFF 		bl	HAL_NVIC_DisableIRQ
 227:Core/Src/can.c ****   /* USER CODE BEGIN CAN2_MspDeInit 1 */
 612              		.loc 1 227 5
 613 00a2 4220     		movs	r0, #66
 614 00a4 FFF7FEFF 		bl	HAL_NVIC_DisableIRQ
 615              	.L24:
 616              		.loc 1 232 1
 617 00a8 00BF     		nop
 618 00aa 0837     		adds	r7, r7, #8
 619              	.LCFI12:
 620              		.cfi_def_cfa_offset 8
 621 00ac BD46     		mov	sp, r7
 622              	.LCFI13:
 623              		.cfi_def_cfa_register 13
 624              		@ sp needed
 625 00ae 80BD     		pop	{r7, pc}
 626              	.L26:
 627              		.align	2
 628              	.L25:
 629 00b0 00640040 		.word	1073767424
 630 00b4 00000000 		.word	HAL_RCC_CAN1_CLK_ENABLED
 631 00b8 00380240 		.word	1073887232
 632 00bc 00040240 		.word	1073873920
 633 00c0 00680040 		.word	1073768448
 634              		.cfi_endproc
 635              	.LFE142:
 637              		.text
 638              	.Letext0:
 639              		.file 2 "d:\\stm_for_vs\\gcc-arm-none-eabi-10.3-2021.10\\arm-none-eabi\\include\\machine\\_default
 640              		.file 3 "d:\\stm_for_vs\\gcc-arm-none-eabi-10.3-2021.10\\arm-none-eabi\\include\\sys\\_stdint.h"
 641              		.file 4 "Drivers/CMSIS/Device/ST/STM32F4xx/Include/stm32f405xx.h"
 642              		.file 5 "Drivers/CMSIS/Device/ST/STM32F4xx/Include/stm32f4xx.h"
 643              		.file 6 "Drivers/STM32F4xx_HAL_Driver/Inc/stm32f4xx_hal_def.h"
 644              		.file 7 "Drivers/STM32F4xx_HAL_Driver/Inc/stm32f4xx_hal_gpio.h"
 645              		.file 8 "Drivers/STM32F4xx_HAL_Driver/Inc/stm32f4xx_hal_can.h"
 646              		.file 9 "Core/Inc/can.h"
ARM GAS  C:\Users\30806\AppData\Local\Temp\ccmuF4ni.s 			page 17


DEFINED SYMBOLS
                            *ABS*:00000000 can.c
C:\Users\30806\AppData\Local\Temp\ccmuF4ni.s:24     .bss.hcan1:00000000 hcan1
C:\Users\30806\AppData\Local\Temp\ccmuF4ni.s:21     .bss.hcan1:00000000 $d
C:\Users\30806\AppData\Local\Temp\ccmuF4ni.s:31     .bss.hcan2:00000000 hcan2
C:\Users\30806\AppData\Local\Temp\ccmuF4ni.s:28     .bss.hcan2:00000000 $d
C:\Users\30806\AppData\Local\Temp\ccmuF4ni.s:34     .text.MX_CAN1_Init:00000000 $t
C:\Users\30806\AppData\Local\Temp\ccmuF4ni.s:40     .text.MX_CAN1_Init:00000000 MX_CAN1_Init
C:\Users\30806\AppData\Local\Temp\ccmuF4ni.s:119    .text.MX_CAN1_Init:00000064 $d
C:\Users\30806\AppData\Local\Temp\ccmuF4ni.s:125    .text.MX_CAN2_Init:00000000 $t
C:\Users\30806\AppData\Local\Temp\ccmuF4ni.s:131    .text.MX_CAN2_Init:00000000 MX_CAN2_Init
C:\Users\30806\AppData\Local\Temp\ccmuF4ni.s:209    .text.MX_CAN2_Init:00000064 $d
C:\Users\30806\AppData\Local\Temp\ccmuF4ni.s:215    .bss.HAL_RCC_CAN1_CLK_ENABLED:00000000 $d
C:\Users\30806\AppData\Local\Temp\ccmuF4ni.s:218    .bss.HAL_RCC_CAN1_CLK_ENABLED:00000000 HAL_RCC_CAN1_CLK_ENABLED
C:\Users\30806\AppData\Local\Temp\ccmuF4ni.s:221    .text.HAL_CAN_MspInit:00000000 $t
C:\Users\30806\AppData\Local\Temp\ccmuF4ni.s:227    .text.HAL_CAN_MspInit:00000000 HAL_CAN_MspInit
C:\Users\30806\AppData\Local\Temp\ccmuF4ni.s:489    .text.HAL_CAN_MspInit:000001a8 $d
C:\Users\30806\AppData\Local\Temp\ccmuF4ni.s:498    .text.HAL_CAN_MspDeInit:00000000 $t
C:\Users\30806\AppData\Local\Temp\ccmuF4ni.s:504    .text.HAL_CAN_MspDeInit:00000000 HAL_CAN_MspDeInit
C:\Users\30806\AppData\Local\Temp\ccmuF4ni.s:629    .text.HAL_CAN_MspDeInit:000000b0 $d

UNDEFINED SYMBOLS
HAL_CAN_Init
Error_Handler
HAL_GPIO_Init
HAL_NVIC_SetPriority
HAL_NVIC_EnableIRQ
HAL_GPIO_DeInit
HAL_NVIC_DisableIRQ
