ARM GAS  C:\Users\30806\AppData\Local\Temp\ccKBfrke.s 			page 1


   1              		.cpu cortex-m4
   2              		.arch armv7e-m
   3              		.fpu fpv4-sp-d16
   4              		.eabi_attribute 27, 1
   5              		.eabi_attribute 28, 1
   6              		.eabi_attribute 20, 1
   7              		.eabi_attribute 21, 1
   8              		.eabi_attribute 23, 3
   9              		.eabi_attribute 24, 1
  10              		.eabi_attribute 25, 1
  11              		.eabi_attribute 26, 1
  12              		.eabi_attribute 30, 6
  13              		.eabi_attribute 34, 1
  14              		.eabi_attribute 18, 4
  15              		.file	"crc_ref.c"
  16              		.text
  17              	.Ltext0:
  18              		.cfi_sections	.debug_frame
  19              		.global	CRC8_INIT
  20              		.section	.rodata.CRC8_INIT,"a"
  23              	CRC8_INIT:
  24 0000 FF       		.byte	-1
  25              		.global	CRC8_TAB
  26              		.section	.rodata.CRC8_TAB,"a"
  27              		.align	2
  30              	CRC8_TAB:
  31 0000 005EBCE2 		.ascii	"\000^\274\342a?\335\203\302\234~ \243\375\037A\235\303"
  31      613FDD83 
  31      C29C7E20 
  31      A3FD1F41 
  31      9DC3
  32 0012 217FFCA2 		.ascii	"!\177\374\242@\036_\001\343\275>`\202\334#}\237\301"
  32      401E5F01 
  32      E3BD3E60 
  32      82DC237D 
  32      9FC1
  33 0024 421CFEA0 		.ascii	"B\034\376\240\341\277]\003\200\336<b\276\340\002\\\337"
  33      E1BF5D03 
  33      80DE3C62 
  33      BEE0025C 
  33      DF
  34 0035 81633D7C 		.ascii	"\201c=|\"\300\236\035C\241\377F\030\372\244'y\233\305"
  34      22C09E1D 
  34      43A1FF46 
  34      18FAA427 
  34      799BC5
  35 0048 84DA3866 		.ascii	"\204\3328f\345\273Y\007\333\205g9\272\344\006X\031G"
  35      E5BB5907 
  35      DB856739 
  35      BAE40658 
  35      1947
  36 005a A5FB7826 		.ascii	"\245\373x&\304\232e;\331\207\004Z\270\346\247\371\033"
  36      C49A653B 
  36      D987045A 
  36      B8E6A7F9 
  36      1B
  37 006b 45C6987A 		.ascii	"E\306\230z$\370\246D\032\231\307%{:d\206\330[\005\347"
ARM GAS  C:\Users\30806\AppData\Local\Temp\ccKBfrke.s 			page 2


  37      24F8A644 
  37      1A99C725 
  37      7B3A6486 
  37      D85B05E7 
  38 007f B98CD230 		.ascii	"\271\214\3220n\355\263Q\017N\020\362\254/q\223\315\021"
  38      6EEDB351 
  38      0F4E10F2 
  38      AC2F7193 
  38      CD11
  39 0091 4FADF370 		.ascii	"O\255\363p.\314\222\323\215o1\262\354\016P\257\361\023"
  39      2ECC92D3 
  39      8D6F31B2 
  39      EC0E50AF 
  39      F113
  40 00a3 4DCE9072 		.ascii	"M\316\220r,m3\321\217\014R\260\3562l\216\320S\015\357"
  40      2C6D33D1 
  40      8F0C52B0 
  40      EE326C8E 
  40      D0530DEF 
  41 00b7 B1F0AE4C 		.ascii	"\261\360\256L\022\221\317-s\312\224v(\253\365\027I\010"
  41      1291CF2D 
  41      73CA9476 
  41      28ABF517 
  41      4908
  42 00c9 56B4EA69 		.ascii	"V\264\352i7\325\213W\011\353\2656h\212\324\225\313)"
  42      37D58B57 
  42      09EBB536 
  42      688AD495 
  42      CB29
  43 00db 77F4AA48 		.ascii	"w\364\252H\026\351\267U\013\210\3264j+u\227\311J\024"
  43      16E9B755 
  43      0B88D634 
  43      6A2B7597 
  43      C94A14
  44 00ee F6A8742A 		.ascii	"\366\250t*\310\226\025K\251\367\266\350\012T\327\211"
  44      C896154B 
  44      A9F7B6E8 
  44      0A54D789 
  45 00fe 6B35     		.ascii	"k5"
  46              		.global	CRC_INIT
  47              		.section	.data.CRC_INIT,"aw"
  48              		.align	1
  51              	CRC_INIT:
  52 0000 FFFF     		.short	-1
  53              		.global	wCRC_Table
  54              		.section	.rodata.wCRC_Table,"a"
  55              		.align	2
  58              	wCRC_Table:
  59 0000 0000     		.short	0
  60 0002 8911     		.short	4489
  61 0004 1223     		.short	8978
  62 0006 9B32     		.short	12955
  63 0008 2446     		.short	17956
  64 000a AD57     		.short	22445
  65 000c 3665     		.short	25910
  66 000e BF74     		.short	29887
  67 0010 488C     		.short	-29624
ARM GAS  C:\Users\30806\AppData\Local\Temp\ccKBfrke.s 			page 3


  68 0012 C19D     		.short	-25151
  69 0014 5AAF     		.short	-20646
  70 0016 D3BE     		.short	-16685
  71 0018 6CCA     		.short	-13716
  72 001a E5DB     		.short	-9243
  73 001c 7EE9     		.short	-5762
  74 001e F7F8     		.short	-1801
  75 0020 8110     		.short	4225
  76 0022 0801     		.short	264
  77 0024 9333     		.short	13203
  78 0026 1A22     		.short	8730
  79 0028 A556     		.short	22181
  80 002a 2C47     		.short	18220
  81 002c B775     		.short	30135
  82 002e 3E64     		.short	25662
  83 0030 C99C     		.short	-25399
  84 0032 408D     		.short	-29376
  85 0034 DBBF     		.short	-16421
  86 0036 52AE     		.short	-20910
  87 0038 EDDA     		.short	-9491
  88 003a 64CB     		.short	-13468
  89 003c FFF9     		.short	-1537
  90 003e 76E8     		.short	-6026
  91 0040 0221     		.short	8450
  92 0042 8B30     		.short	12427
  93 0044 1002     		.short	528
  94 0046 9913     		.short	5017
  95 0048 2667     		.short	26406
  96 004a AF76     		.short	30383
  97 004c 3444     		.short	17460
  98 004e BD55     		.short	21949
  99 0050 4AAD     		.short	-21174
 100 0052 C3BC     		.short	-17213
 101 0054 588E     		.short	-29096
 102 0056 D19F     		.short	-24623
 103 0058 6EEB     		.short	-5266
 104 005a E7FA     		.short	-1305
 105 005c 7CC8     		.short	-14212
 106 005e F5D9     		.short	-9739
 107 0060 8331     		.short	12675
 108 0062 0A20     		.short	8202
 109 0064 9112     		.short	4753
 110 0066 1803     		.short	792
 111 0068 A777     		.short	30631
 112 006a 2E66     		.short	26158
 113 006c B554     		.short	21685
 114 006e 3C45     		.short	17724
 115 0070 CBBD     		.short	-16949
 116 0072 42AC     		.short	-21438
 117 0074 D99E     		.short	-24871
 118 0076 508F     		.short	-28848
 119 0078 EFFB     		.short	-1041
 120 007a 66EA     		.short	-5530
 121 007c FDD8     		.short	-9987
 122 007e 74C9     		.short	-13964
 123 0080 0442     		.short	16900
 124 0082 8D53     		.short	21389
ARM GAS  C:\Users\30806\AppData\Local\Temp\ccKBfrke.s 			page 4


 125 0084 1661     		.short	24854
 126 0086 9F70     		.short	28831
 127 0088 2004     		.short	1056
 128 008a A915     		.short	5545
 129 008c 3227     		.short	10034
 130 008e BB36     		.short	14011
 131 0090 4CCE     		.short	-12724
 132 0092 C5DF     		.short	-8251
 133 0094 5EED     		.short	-4770
 134 0096 D7FC     		.short	-809
 135 0098 6888     		.short	-30616
 136 009a E199     		.short	-26143
 137 009c 7AAB     		.short	-21638
 138 009e F3BA     		.short	-17677
 139 00a0 8552     		.short	21125
 140 00a2 0C43     		.short	17164
 141 00a4 9771     		.short	29079
 142 00a6 1E60     		.short	24606
 143 00a8 A114     		.short	5281
 144 00aa 2805     		.short	1320
 145 00ac B337     		.short	14259
 146 00ae 3A26     		.short	9786
 147 00b0 CDDE     		.short	-8499
 148 00b2 44CF     		.short	-12476
 149 00b4 DFFD     		.short	-545
 150 00b6 56EC     		.short	-5034
 151 00b8 E998     		.short	-26391
 152 00ba 6089     		.short	-30368
 153 00bc FBBB     		.short	-17413
 154 00be 72AA     		.short	-21902
 155 00c0 0663     		.short	25350
 156 00c2 8F72     		.short	29327
 157 00c4 1440     		.short	16404
 158 00c6 9D51     		.short	20893
 159 00c8 2225     		.short	9506
 160 00ca AB34     		.short	13483
 161 00cc 3006     		.short	1584
 162 00ce B917     		.short	6073
 163 00d0 4EEF     		.short	-4274
 164 00d2 C7FE     		.short	-313
 165 00d4 5CCC     		.short	-13220
 166 00d6 D5DD     		.short	-8747
 167 00d8 6AA9     		.short	-22166
 168 00da E3B8     		.short	-18205
 169 00dc 788A     		.short	-30088
 170 00de F19B     		.short	-25615
 171 00e0 8773     		.short	29575
 172 00e2 0E62     		.short	25102
 173 00e4 9550     		.short	20629
 174 00e6 1C41     		.short	16668
 175 00e8 A335     		.short	13731
 176 00ea 2A24     		.short	9258
 177 00ec B116     		.short	5809
 178 00ee 3807     		.short	1848
 179 00f0 CFFF     		.short	-49
 180 00f2 46EE     		.short	-4538
 181 00f4 DDDC     		.short	-8995
ARM GAS  C:\Users\30806\AppData\Local\Temp\ccKBfrke.s 			page 5


 182 00f6 54CD     		.short	-12972
 183 00f8 EBB9     		.short	-17941
 184 00fa 62A8     		.short	-22430
 185 00fc F99A     		.short	-25863
 186 00fe 708B     		.short	-29840
 187 0100 0884     		.short	-31736
 188 0102 8195     		.short	-27263
 189 0104 1AA7     		.short	-22758
 190 0106 93B6     		.short	-18797
 191 0108 2CC2     		.short	-15828
 192 010a A5D3     		.short	-11355
 193 010c 3EE1     		.short	-7874
 194 010e B7F0     		.short	-3913
 195 0110 4008     		.short	2112
 196 0112 C919     		.short	6601
 197 0114 522B     		.short	11090
 198 0116 DB3A     		.short	15067
 199 0118 644E     		.short	20068
 200 011a ED5F     		.short	24557
 201 011c 766D     		.short	28022
 202 011e FF7C     		.short	31999
 203 0120 8994     		.short	-27511
 204 0122 0085     		.short	-31488
 205 0124 9BB7     		.short	-18533
 206 0126 12A6     		.short	-23022
 207 0128 ADD2     		.short	-11603
 208 012a 24C3     		.short	-15580
 209 012c BFF1     		.short	-3649
 210 012e 36E0     		.short	-8138
 211 0130 C118     		.short	6337
 212 0132 4809     		.short	2376
 213 0134 D33B     		.short	15315
 214 0136 5A2A     		.short	10842
 215 0138 E55E     		.short	24293
 216 013a 6C4F     		.short	20332
 217 013c F77D     		.short	32247
 218 013e 7E6C     		.short	27774
 219 0140 0AA5     		.short	-23286
 220 0142 83B4     		.short	-19325
 221 0144 1886     		.short	-31208
 222 0146 9197     		.short	-26735
 223 0148 2EE3     		.short	-7378
 224 014a A7F2     		.short	-3417
 225 014c 3CC0     		.short	-16324
 226 014e B5D1     		.short	-11851
 227 0150 4229     		.short	10562
 228 0152 CB38     		.short	14539
 229 0154 500A     		.short	2640
 230 0156 D91B     		.short	7129
 231 0158 666F     		.short	28518
 232 015a EF7E     		.short	32495
 233 015c 744C     		.short	19572
 234 015e FD5D     		.short	24061
 235 0160 8BB5     		.short	-19061
 236 0162 02A4     		.short	-23550
 237 0164 9996     		.short	-26983
 238 0166 1087     		.short	-30960
ARM GAS  C:\Users\30806\AppData\Local\Temp\ccKBfrke.s 			page 6


 239 0168 AFF3     		.short	-3153
 240 016a 26E2     		.short	-7642
 241 016c BDD0     		.short	-12099
 242 016e 34C1     		.short	-16076
 243 0170 C339     		.short	14787
 244 0172 4A28     		.short	10314
 245 0174 D11A     		.short	6865
 246 0176 580B     		.short	2904
 247 0178 E77F     		.short	32743
 248 017a 6E6E     		.short	28270
 249 017c F55C     		.short	23797
 250 017e 7C4D     		.short	19836
 251 0180 0CC6     		.short	-14836
 252 0182 85D7     		.short	-10363
 253 0184 1EE5     		.short	-6882
 254 0186 97F4     		.short	-2921
 255 0188 2880     		.short	-32728
 256 018a A191     		.short	-28255
 257 018c 3AA3     		.short	-23750
 258 018e B3B2     		.short	-19789
 259 0190 444A     		.short	19012
 260 0192 CD5B     		.short	23501
 261 0194 5669     		.short	26966
 262 0196 DF78     		.short	30943
 263 0198 600C     		.short	3168
 264 019a E91D     		.short	7657
 265 019c 722F     		.short	12146
 266 019e FB3E     		.short	16123
 267 01a0 8DD6     		.short	-10611
 268 01a2 04C7     		.short	-14588
 269 01a4 9FF5     		.short	-2657
 270 01a6 16E4     		.short	-7146
 271 01a8 A990     		.short	-28503
 272 01aa 2081     		.short	-32480
 273 01ac BBB3     		.short	-19525
 274 01ae 32A2     		.short	-24014
 275 01b0 C55A     		.short	23237
 276 01b2 4C4B     		.short	19276
 277 01b4 D779     		.short	31191
 278 01b6 5E68     		.short	26718
 279 01b8 E11C     		.short	7393
 280 01ba 680D     		.short	3432
 281 01bc F33F     		.short	16371
 282 01be 7A2E     		.short	11898
 283 01c0 0EE7     		.short	-6386
 284 01c2 87F6     		.short	-2425
 285 01c4 1CC4     		.short	-15332
 286 01c6 95D5     		.short	-10859
 287 01c8 2AA1     		.short	-24278
 288 01ca A3B0     		.short	-20317
 289 01cc 3882     		.short	-32200
 290 01ce B193     		.short	-27727
 291 01d0 466B     		.short	27462
 292 01d2 CF7A     		.short	31439
 293 01d4 5448     		.short	18516
 294 01d6 DD59     		.short	23005
 295 01d8 622D     		.short	11618
ARM GAS  C:\Users\30806\AppData\Local\Temp\ccKBfrke.s 			page 7


 296 01da EB3C     		.short	15595
 297 01dc 700E     		.short	3696
 298 01de F91F     		.short	8185
 299 01e0 8FF7     		.short	-2161
 300 01e2 06E6     		.short	-6650
 301 01e4 9DD4     		.short	-11107
 302 01e6 14C5     		.short	-15084
 303 01e8 ABB1     		.short	-20053
 304 01ea 22A0     		.short	-24542
 305 01ec B992     		.short	-27975
 306 01ee 3083     		.short	-31952
 307 01f0 C77B     		.short	31687
 308 01f2 4E6A     		.short	27214
 309 01f4 D558     		.short	22741
 310 01f6 5C49     		.short	18780
 311 01f8 E33D     		.short	15843
 312 01fa 6A2C     		.short	11370
 313 01fc F11E     		.short	7921
 314 01fe 780F     		.short	3960
 315              		.section	.text.Get_CRC8_Check_Sum,"ax",%progbits
 316              		.align	1
 317              		.global	Get_CRC8_Check_Sum
 318              		.syntax unified
 319              		.thumb
 320              		.thumb_func
 322              	Get_CRC8_Check_Sum:
 323              	.LFB3:
 324              		.file 1 "ACE_ECF_25-ACE-ECF-CPP-V1.2/module/referee/crc_ref.c"
   1:ACE_ECF_25-ACE-ECF-CPP-V1.2/module/referee/crc_ref.c **** #include "crc_ref.h"
   2:ACE_ECF_25-ACE-ECF-CPP-V1.2/module/referee/crc_ref.c **** #include <stdio.h>
   3:ACE_ECF_25-ACE-ECF-CPP-V1.2/module/referee/crc_ref.c **** 
   4:ACE_ECF_25-ACE-ECF-CPP-V1.2/module/referee/crc_ref.c **** 
   5:ACE_ECF_25-ACE-ECF-CPP-V1.2/module/referee/crc_ref.c **** const uint8_t CRC8_INIT = 0xff;
   6:ACE_ECF_25-ACE-ECF-CPP-V1.2/module/referee/crc_ref.c **** const uint8_t CRC8_TAB[256] =
   7:ACE_ECF_25-ACE-ECF-CPP-V1.2/module/referee/crc_ref.c **** {
   8:ACE_ECF_25-ACE-ECF-CPP-V1.2/module/referee/crc_ref.c **** 		0x00, 0x5e, 0xbc, 0xe2, 0x61, 0x3f, 0xdd, 0x83, 0xc2, 0x9c, 0x7e, 0x20, 0xa3, 0xfd, 0x1f, 0x41,
   9:ACE_ECF_25-ACE-ECF-CPP-V1.2/module/referee/crc_ref.c **** 		0x9d, 0xc3, 0x21, 0x7f, 0xfc, 0xa2, 0x40, 0x1e, 0x5f, 0x01, 0xe3, 0xbd, 0x3e, 0x60, 0x82, 0xdc,
  10:ACE_ECF_25-ACE-ECF-CPP-V1.2/module/referee/crc_ref.c **** 		0x23, 0x7d, 0x9f, 0xc1, 0x42, 0x1c, 0xfe, 0xa0, 0xe1, 0xbf, 0x5d, 0x03, 0x80, 0xde, 0x3c, 0x62,
  11:ACE_ECF_25-ACE-ECF-CPP-V1.2/module/referee/crc_ref.c **** 		0xbe, 0xe0, 0x02, 0x5c, 0xdf, 0x81, 0x63, 0x3d, 0x7c, 0x22, 0xc0, 0x9e, 0x1d, 0x43, 0xa1, 0xff,
  12:ACE_ECF_25-ACE-ECF-CPP-V1.2/module/referee/crc_ref.c **** 		0x46, 0x18, 0xfa, 0xa4, 0x27, 0x79, 0x9b, 0xc5, 0x84, 0xda, 0x38, 0x66, 0xe5, 0xbb, 0x59, 0x07,
  13:ACE_ECF_25-ACE-ECF-CPP-V1.2/module/referee/crc_ref.c **** 		0xdb, 0x85, 0x67, 0x39, 0xba, 0xe4, 0x06, 0x58, 0x19, 0x47, 0xa5, 0xfb, 0x78, 0x26, 0xc4, 0x9a,
  14:ACE_ECF_25-ACE-ECF-CPP-V1.2/module/referee/crc_ref.c **** 		0x65, 0x3b, 0xd9, 0x87, 0x04, 0x5a, 0xb8, 0xe6, 0xa7, 0xf9, 0x1b, 0x45, 0xc6, 0x98, 0x7a, 0x24,
  15:ACE_ECF_25-ACE-ECF-CPP-V1.2/module/referee/crc_ref.c **** 		0xf8, 0xa6, 0x44, 0x1a, 0x99, 0xc7, 0x25, 0x7b, 0x3a, 0x64, 0x86, 0xd8, 0x5b, 0x05, 0xe7, 0xb9,
  16:ACE_ECF_25-ACE-ECF-CPP-V1.2/module/referee/crc_ref.c **** 		0x8c, 0xd2, 0x30, 0x6e, 0xed, 0xb3, 0x51, 0x0f, 0x4e, 0x10, 0xf2, 0xac, 0x2f, 0x71, 0x93, 0xcd,
  17:ACE_ECF_25-ACE-ECF-CPP-V1.2/module/referee/crc_ref.c **** 		0x11, 0x4f, 0xad, 0xf3, 0x70, 0x2e, 0xcc, 0x92, 0xd3, 0x8d, 0x6f, 0x31, 0xb2, 0xec, 0x0e, 0x50,
  18:ACE_ECF_25-ACE-ECF-CPP-V1.2/module/referee/crc_ref.c **** 		0xaf, 0xf1, 0x13, 0x4d, 0xce, 0x90, 0x72, 0x2c, 0x6d, 0x33, 0xd1, 0x8f, 0x0c, 0x52, 0xb0, 0xee,
  19:ACE_ECF_25-ACE-ECF-CPP-V1.2/module/referee/crc_ref.c **** 		0x32, 0x6c, 0x8e, 0xd0, 0x53, 0x0d, 0xef, 0xb1, 0xf0, 0xae, 0x4c, 0x12, 0x91, 0xcf, 0x2d, 0x73,
  20:ACE_ECF_25-ACE-ECF-CPP-V1.2/module/referee/crc_ref.c **** 		0xca, 0x94, 0x76, 0x28, 0xab, 0xf5, 0x17, 0x49, 0x08, 0x56, 0xb4, 0xea, 0x69, 0x37, 0xd5, 0x8b,
  21:ACE_ECF_25-ACE-ECF-CPP-V1.2/module/referee/crc_ref.c **** 		0x57, 0x09, 0xeb, 0xb5, 0x36, 0x68, 0x8a, 0xd4, 0x95, 0xcb, 0x29, 0x77, 0xf4, 0xaa, 0x48, 0x16,
  22:ACE_ECF_25-ACE-ECF-CPP-V1.2/module/referee/crc_ref.c **** 		0xe9, 0xb7, 0x55, 0x0b, 0x88, 0xd6, 0x34, 0x6a, 0x2b, 0x75, 0x97, 0xc9, 0x4a, 0x14, 0xf6, 0xa8,
  23:ACE_ECF_25-ACE-ECF-CPP-V1.2/module/referee/crc_ref.c **** 		0x74, 0x2a, 0xc8, 0x96, 0x15, 0x4b, 0xa9, 0xf7, 0xb6, 0xe8, 0x0a, 0x54, 0xd7, 0x89, 0x6b, 0x35,
  24:ACE_ECF_25-ACE-ECF-CPP-V1.2/module/referee/crc_ref.c **** };
  25:ACE_ECF_25-ACE-ECF-CPP-V1.2/module/referee/crc_ref.c **** 
  26:ACE_ECF_25-ACE-ECF-CPP-V1.2/module/referee/crc_ref.c **** 
  27:ACE_ECF_25-ACE-ECF-CPP-V1.2/module/referee/crc_ref.c **** uint16_t CRC_INIT = 0xffff;
  28:ACE_ECF_25-ACE-ECF-CPP-V1.2/module/referee/crc_ref.c **** const uint16_t wCRC_Table[256] =
  29:ACE_ECF_25-ACE-ECF-CPP-V1.2/module/referee/crc_ref.c **** {
ARM GAS  C:\Users\30806\AppData\Local\Temp\ccKBfrke.s 			page 8


  30:ACE_ECF_25-ACE-ECF-CPP-V1.2/module/referee/crc_ref.c **** 		0x0000, 0x1189, 0x2312, 0x329b, 0x4624, 0x57ad, 0x6536, 0x74bf,
  31:ACE_ECF_25-ACE-ECF-CPP-V1.2/module/referee/crc_ref.c **** 		0x8c48, 0x9dc1, 0xaf5a, 0xbed3, 0xca6c, 0xdbe5, 0xe97e, 0xf8f7,
  32:ACE_ECF_25-ACE-ECF-CPP-V1.2/module/referee/crc_ref.c **** 		0x1081, 0x0108, 0x3393, 0x221a, 0x56a5, 0x472c, 0x75b7, 0x643e,
  33:ACE_ECF_25-ACE-ECF-CPP-V1.2/module/referee/crc_ref.c **** 		0x9cc9, 0x8d40, 0xbfdb, 0xae52, 0xdaed, 0xcb64, 0xf9ff, 0xe876,
  34:ACE_ECF_25-ACE-ECF-CPP-V1.2/module/referee/crc_ref.c **** 		0x2102, 0x308b, 0x0210, 0x1399, 0x6726, 0x76af, 0x4434, 0x55bd,
  35:ACE_ECF_25-ACE-ECF-CPP-V1.2/module/referee/crc_ref.c **** 		0xad4a, 0xbcc3, 0x8e58, 0x9fd1, 0xeb6e, 0xfae7, 0xc87c, 0xd9f5,
  36:ACE_ECF_25-ACE-ECF-CPP-V1.2/module/referee/crc_ref.c **** 		0x3183, 0x200a, 0x1291, 0x0318, 0x77a7, 0x662e, 0x54b5, 0x453c,
  37:ACE_ECF_25-ACE-ECF-CPP-V1.2/module/referee/crc_ref.c **** 		0xbdcb, 0xac42, 0x9ed9, 0x8f50, 0xfbef, 0xea66, 0xd8fd, 0xc974,
  38:ACE_ECF_25-ACE-ECF-CPP-V1.2/module/referee/crc_ref.c **** 		0x4204, 0x538d, 0x6116, 0x709f, 0x0420, 0x15a9, 0x2732, 0x36bb,
  39:ACE_ECF_25-ACE-ECF-CPP-V1.2/module/referee/crc_ref.c **** 		0xce4c, 0xdfc5, 0xed5e, 0xfcd7, 0x8868, 0x99e1, 0xab7a, 0xbaf3,
  40:ACE_ECF_25-ACE-ECF-CPP-V1.2/module/referee/crc_ref.c **** 		0x5285, 0x430c, 0x7197, 0x601e, 0x14a1, 0x0528, 0x37b3, 0x263a,
  41:ACE_ECF_25-ACE-ECF-CPP-V1.2/module/referee/crc_ref.c **** 		0xdecd, 0xcf44, 0xfddf, 0xec56, 0x98e9, 0x8960, 0xbbfb, 0xaa72,
  42:ACE_ECF_25-ACE-ECF-CPP-V1.2/module/referee/crc_ref.c **** 		0x6306, 0x728f, 0x4014, 0x519d, 0x2522, 0x34ab, 0x0630, 0x17b9,
  43:ACE_ECF_25-ACE-ECF-CPP-V1.2/module/referee/crc_ref.c **** 		0xef4e, 0xfec7, 0xcc5c, 0xddd5, 0xa96a, 0xb8e3, 0x8a78, 0x9bf1,
  44:ACE_ECF_25-ACE-ECF-CPP-V1.2/module/referee/crc_ref.c **** 		0x7387, 0x620e, 0x5095, 0x411c, 0x35a3, 0x242a, 0x16b1, 0x0738,
  45:ACE_ECF_25-ACE-ECF-CPP-V1.2/module/referee/crc_ref.c **** 		0xffcf, 0xee46, 0xdcdd, 0xcd54, 0xb9eb, 0xa862, 0x9af9, 0x8b70,
  46:ACE_ECF_25-ACE-ECF-CPP-V1.2/module/referee/crc_ref.c **** 		0x8408, 0x9581, 0xa71a, 0xb693, 0xc22c, 0xd3a5, 0xe13e, 0xf0b7,
  47:ACE_ECF_25-ACE-ECF-CPP-V1.2/module/referee/crc_ref.c **** 		0x0840, 0x19c9, 0x2b52, 0x3adb, 0x4e64, 0x5fed, 0x6d76, 0x7cff,
  48:ACE_ECF_25-ACE-ECF-CPP-V1.2/module/referee/crc_ref.c **** 		0x9489, 0x8500, 0xb79b, 0xa612, 0xd2ad, 0xc324, 0xf1bf, 0xe036,
  49:ACE_ECF_25-ACE-ECF-CPP-V1.2/module/referee/crc_ref.c **** 		0x18c1, 0x0948, 0x3bd3, 0x2a5a, 0x5ee5, 0x4f6c, 0x7df7, 0x6c7e,
  50:ACE_ECF_25-ACE-ECF-CPP-V1.2/module/referee/crc_ref.c **** 		0xa50a, 0xb483, 0x8618, 0x9791, 0xe32e, 0xf2a7, 0xc03c, 0xd1b5,
  51:ACE_ECF_25-ACE-ECF-CPP-V1.2/module/referee/crc_ref.c **** 		0x2942, 0x38cb, 0x0a50, 0x1bd9, 0x6f66, 0x7eef, 0x4c74, 0x5dfd,
  52:ACE_ECF_25-ACE-ECF-CPP-V1.2/module/referee/crc_ref.c **** 		0xb58b, 0xa402, 0x9699, 0x8710, 0xf3af, 0xe226, 0xd0bd, 0xc134,
  53:ACE_ECF_25-ACE-ECF-CPP-V1.2/module/referee/crc_ref.c **** 		0x39c3, 0x284a, 0x1ad1, 0x0b58, 0x7fe7, 0x6e6e, 0x5cf5, 0x4d7c,
  54:ACE_ECF_25-ACE-ECF-CPP-V1.2/module/referee/crc_ref.c **** 		0xc60c, 0xd785, 0xe51e, 0xf497, 0x8028, 0x91a1, 0xa33a, 0xb2b3,
  55:ACE_ECF_25-ACE-ECF-CPP-V1.2/module/referee/crc_ref.c **** 		0x4a44, 0x5bcd, 0x6956, 0x78df, 0x0c60, 0x1de9, 0x2f72, 0x3efb,
  56:ACE_ECF_25-ACE-ECF-CPP-V1.2/module/referee/crc_ref.c **** 		0xd68d, 0xc704, 0xf59f, 0xe416, 0x90a9, 0x8120, 0xb3bb, 0xa232,
  57:ACE_ECF_25-ACE-ECF-CPP-V1.2/module/referee/crc_ref.c **** 		0x5ac5, 0x4b4c, 0x79d7, 0x685e, 0x1ce1, 0x0d68, 0x3ff3, 0x2e7a,
  58:ACE_ECF_25-ACE-ECF-CPP-V1.2/module/referee/crc_ref.c **** 		0xe70e, 0xf687, 0xc41c, 0xd595, 0xa12a, 0xb0a3, 0x8238, 0x93b1,
  59:ACE_ECF_25-ACE-ECF-CPP-V1.2/module/referee/crc_ref.c **** 		0x6b46, 0x7acf, 0x4854, 0x59dd, 0x2d62, 0x3ceb, 0x0e70, 0x1ff9,
  60:ACE_ECF_25-ACE-ECF-CPP-V1.2/module/referee/crc_ref.c **** 		0xf78f, 0xe606, 0xd49d, 0xc514, 0xb1ab, 0xa022, 0x92b9, 0x8330,
  61:ACE_ECF_25-ACE-ECF-CPP-V1.2/module/referee/crc_ref.c **** 		0x7bc7, 0x6a4e, 0x58d5, 0x495c, 0x3de3, 0x2c6a, 0x1ef1, 0x0f78
  62:ACE_ECF_25-ACE-ECF-CPP-V1.2/module/referee/crc_ref.c **** };
  63:ACE_ECF_25-ACE-ECF-CPP-V1.2/module/referee/crc_ref.c **** 
  64:ACE_ECF_25-ACE-ECF-CPP-V1.2/module/referee/crc_ref.c **** // CRC8
  65:ACE_ECF_25-ACE-ECF-CPP-V1.2/module/referee/crc_ref.c **** void Append_CRC8_Check_Sum( uint8_t *pchMessage, uint16_t dwLength);
  66:ACE_ECF_25-ACE-ECF-CPP-V1.2/module/referee/crc_ref.c **** uint32_t Verify_CRC8_Check_Sum( uint8_t *pchMessage, uint16_t dwLength);
  67:ACE_ECF_25-ACE-ECF-CPP-V1.2/module/referee/crc_ref.c **** uint8_t Get_CRC8_Check_Sum( uint8_t *pchMessage, uint16_t dwLength, uint8_t ucCRC8 );
  68:ACE_ECF_25-ACE-ECF-CPP-V1.2/module/referee/crc_ref.c **** 
  69:ACE_ECF_25-ACE-ECF-CPP-V1.2/module/referee/crc_ref.c **** // CRC16
  70:ACE_ECF_25-ACE-ECF-CPP-V1.2/module/referee/crc_ref.c **** void Append_CRC16_Check_Sum(uint8_t * pchMessage,uint32_t dwLength);
  71:ACE_ECF_25-ACE-ECF-CPP-V1.2/module/referee/crc_ref.c **** uint32_t Verify_CRC16_Check_Sum(uint8_t *pchMessage, uint32_t dwLength);
  72:ACE_ECF_25-ACE-ECF-CPP-V1.2/module/referee/crc_ref.c **** uint16_t Get_CRC16_Check_Sum(uint8_t *pchMessage,uint32_t dwLength,uint16_t wCRC);
  73:ACE_ECF_25-ACE-ECF-CPP-V1.2/module/referee/crc_ref.c **** 
  74:ACE_ECF_25-ACE-ECF-CPP-V1.2/module/referee/crc_ref.c **** 
  75:ACE_ECF_25-ACE-ECF-CPP-V1.2/module/referee/crc_ref.c **** 
  76:ACE_ECF_25-ACE-ECF-CPP-V1.2/module/referee/crc_ref.c **** 
  77:ACE_ECF_25-ACE-ECF-CPP-V1.2/module/referee/crc_ref.c **** /* CRC校验 */
  78:ACE_ECF_25-ACE-ECF-CPP-V1.2/module/referee/crc_ref.c **** 
  79:ACE_ECF_25-ACE-ECF-CPP-V1.2/module/referee/crc_ref.c **** uint8_t Get_CRC8_Check_Sum( uint8_t *pchMessage, uint16_t dwLength, uint8_t ucCRC8 )
  80:ACE_ECF_25-ACE-ECF-CPP-V1.2/module/referee/crc_ref.c **** {
 325              		.loc 1 80 1
 326              		.cfi_startproc
 327              		@ args = 0, pretend = 0, frame = 16
 328              		@ frame_needed = 1, uses_anonymous_args = 0
 329              		@ link register save eliminated.
 330 0000 80B4     		push	{r7}
ARM GAS  C:\Users\30806\AppData\Local\Temp\ccKBfrke.s 			page 9


 331              	.LCFI0:
 332              		.cfi_def_cfa_offset 4
 333              		.cfi_offset 7, -4
 334 0002 85B0     		sub	sp, sp, #20
 335              	.LCFI1:
 336              		.cfi_def_cfa_offset 24
 337 0004 00AF     		add	r7, sp, #0
 338              	.LCFI2:
 339              		.cfi_def_cfa_register 7
 340 0006 7860     		str	r0, [r7, #4]
 341 0008 0B46     		mov	r3, r1
 342 000a 7B80     		strh	r3, [r7, #2]	@ movhi
 343 000c 1346     		mov	r3, r2
 344 000e 7B70     		strb	r3, [r7, #1]
  81:ACE_ECF_25-ACE-ECF-CPP-V1.2/module/referee/crc_ref.c **** 		uint8_t ucIndex;
  82:ACE_ECF_25-ACE-ECF-CPP-V1.2/module/referee/crc_ref.c **** 	
  83:ACE_ECF_25-ACE-ECF-CPP-V1.2/module/referee/crc_ref.c **** 		while (dwLength--)
 345              		.loc 1 83 9
 346 0010 0AE0     		b	.L2
 347              	.L3:
  84:ACE_ECF_25-ACE-ECF-CPP-V1.2/module/referee/crc_ref.c **** 		{
  85:ACE_ECF_25-ACE-ECF-CPP-V1.2/module/referee/crc_ref.c **** 				ucIndex = ucCRC8^(*pchMessage++);
 348              		.loc 1 85 34
 349 0012 7B68     		ldr	r3, [r7, #4]
 350 0014 5A1C     		adds	r2, r3, #1
 351 0016 7A60     		str	r2, [r7, #4]
 352              		.loc 1 85 23
 353 0018 1A78     		ldrb	r2, [r3]	@ zero_extendqisi2
 354              		.loc 1 85 13
 355 001a 7B78     		ldrb	r3, [r7, #1]
 356 001c 5340     		eors	r3, r3, r2
 357 001e FB73     		strb	r3, [r7, #15]
  86:ACE_ECF_25-ACE-ECF-CPP-V1.2/module/referee/crc_ref.c **** 				ucCRC8 = CRC8_TAB[ucIndex];
 358              		.loc 1 86 22
 359 0020 FB7B     		ldrb	r3, [r7, #15]	@ zero_extendqisi2
 360              		.loc 1 86 12
 361 0022 074A     		ldr	r2, .L5
 362 0024 D35C     		ldrb	r3, [r2, r3]
 363 0026 7B70     		strb	r3, [r7, #1]
 364              	.L2:
  83:ACE_ECF_25-ACE-ECF-CPP-V1.2/module/referee/crc_ref.c **** 		{
 365              		.loc 1 83 18
 366 0028 7B88     		ldrh	r3, [r7, #2]
 367 002a 5A1E     		subs	r2, r3, #1
 368 002c 7A80     		strh	r2, [r7, #2]	@ movhi
  83:ACE_ECF_25-ACE-ECF-CPP-V1.2/module/referee/crc_ref.c **** 		{
 369              		.loc 1 83 9
 370 002e 002B     		cmp	r3, #0
 371 0030 EFD1     		bne	.L3
  87:ACE_ECF_25-ACE-ECF-CPP-V1.2/module/referee/crc_ref.c **** 		}
  88:ACE_ECF_25-ACE-ECF-CPP-V1.2/module/referee/crc_ref.c **** 		return ucCRC8;
 372              		.loc 1 88 10
 373 0032 7B78     		ldrb	r3, [r7, #1]	@ zero_extendqisi2
  89:ACE_ECF_25-ACE-ECF-CPP-V1.2/module/referee/crc_ref.c **** }
 374              		.loc 1 89 1
 375 0034 1846     		mov	r0, r3
 376 0036 1437     		adds	r7, r7, #20
ARM GAS  C:\Users\30806\AppData\Local\Temp\ccKBfrke.s 			page 10


 377              	.LCFI3:
 378              		.cfi_def_cfa_offset 4
 379 0038 BD46     		mov	sp, r7
 380              	.LCFI4:
 381              		.cfi_def_cfa_register 13
 382              		@ sp needed
 383 003a 5DF8047B 		ldr	r7, [sp], #4
 384              	.LCFI5:
 385              		.cfi_restore 7
 386              		.cfi_def_cfa_offset 0
 387 003e 7047     		bx	lr
 388              	.L6:
 389              		.align	2
 390              	.L5:
 391 0040 00000000 		.word	CRC8_TAB
 392              		.cfi_endproc
 393              	.LFE3:
 395              		.section	.text.Verify_CRC8_Check_Sum,"ax",%progbits
 396              		.align	1
 397              		.global	Verify_CRC8_Check_Sum
 398              		.syntax unified
 399              		.thumb
 400              		.thumb_func
 402              	Verify_CRC8_Check_Sum:
 403              	.LFB4:
  90:ACE_ECF_25-ACE-ECF-CPP-V1.2/module/referee/crc_ref.c **** 
  91:ACE_ECF_25-ACE-ECF-CPP-V1.2/module/referee/crc_ref.c **** 
  92:ACE_ECF_25-ACE-ECF-CPP-V1.2/module/referee/crc_ref.c **** /*
  93:ACE_ECF_25-ACE-ECF-CPP-V1.2/module/referee/crc_ref.c **** ** Descriptions: CRC8 Verify function
  94:ACE_ECF_25-ACE-ECF-CPP-V1.2/module/referee/crc_ref.c **** ** Input: Data to Verify,Stream length = Data + checksum
  95:ACE_ECF_25-ACE-ECF-CPP-V1.2/module/referee/crc_ref.c **** ** Output: True or False (CRC Verify Result)
  96:ACE_ECF_25-ACE-ECF-CPP-V1.2/module/referee/crc_ref.c **** */
  97:ACE_ECF_25-ACE-ECF-CPP-V1.2/module/referee/crc_ref.c **** uint32_t Verify_CRC8_Check_Sum( uint8_t *pchMessage, uint16_t dwLength)
  98:ACE_ECF_25-ACE-ECF-CPP-V1.2/module/referee/crc_ref.c **** {
 404              		.loc 1 98 1
 405              		.cfi_startproc
 406              		@ args = 0, pretend = 0, frame = 16
 407              		@ frame_needed = 1, uses_anonymous_args = 0
 408 0000 80B5     		push	{r7, lr}
 409              	.LCFI6:
 410              		.cfi_def_cfa_offset 8
 411              		.cfi_offset 7, -8
 412              		.cfi_offset 14, -4
 413 0002 84B0     		sub	sp, sp, #16
 414              	.LCFI7:
 415              		.cfi_def_cfa_offset 24
 416 0004 00AF     		add	r7, sp, #0
 417              	.LCFI8:
 418              		.cfi_def_cfa_register 7
 419 0006 7860     		str	r0, [r7, #4]
 420 0008 0B46     		mov	r3, r1
 421 000a 7B80     		strh	r3, [r7, #2]	@ movhi
  99:ACE_ECF_25-ACE-ECF-CPP-V1.2/module/referee/crc_ref.c **** 		uint8_t ucExpected = 0;
 422              		.loc 1 99 11
 423 000c 0023     		movs	r3, #0
 424 000e FB73     		strb	r3, [r7, #15]
 100:ACE_ECF_25-ACE-ECF-CPP-V1.2/module/referee/crc_ref.c **** 	
ARM GAS  C:\Users\30806\AppData\Local\Temp\ccKBfrke.s 			page 11


 101:ACE_ECF_25-ACE-ECF-CPP-V1.2/module/referee/crc_ref.c **** 		if (pchMessage == 0 || dwLength <= 2)
 425              		.loc 1 101 6
 426 0010 7B68     		ldr	r3, [r7, #4]
 427 0012 002B     		cmp	r3, #0
 428 0014 02D0     		beq	.L8
 429              		.loc 1 101 23 discriminator 1
 430 0016 7B88     		ldrh	r3, [r7, #2]
 431 0018 022B     		cmp	r3, #2
 432 001a 01D8     		bhi	.L9
 433              	.L8:
 102:ACE_ECF_25-ACE-ECF-CPP-V1.2/module/referee/crc_ref.c **** 		{
 103:ACE_ECF_25-ACE-ECF-CPP-V1.2/module/referee/crc_ref.c **** 			  return 0;
 434              		.loc 1 103 13
 435 001c 0023     		movs	r3, #0
 436 001e 14E0     		b	.L10
 437              	.L9:
 104:ACE_ECF_25-ACE-ECF-CPP-V1.2/module/referee/crc_ref.c **** 		}
 105:ACE_ECF_25-ACE-ECF-CPP-V1.2/module/referee/crc_ref.c **** 		
 106:ACE_ECF_25-ACE-ECF-CPP-V1.2/module/referee/crc_ref.c **** 		ucExpected = Get_CRC8_Check_Sum( pchMessage, dwLength-1, CRC8_INIT);
 438              		.loc 1 106 16
 439 0020 7B88     		ldrh	r3, [r7, #2]	@ movhi
 440 0022 013B     		subs	r3, r3, #1
 441 0024 9BB2     		uxth	r3, r3
 442 0026 FF22     		movs	r2, #255
 443 0028 1946     		mov	r1, r3
 444 002a 7868     		ldr	r0, [r7, #4]
 445 002c FFF7FEFF 		bl	Get_CRC8_Check_Sum
 446 0030 0346     		mov	r3, r0
 447 0032 FB73     		strb	r3, [r7, #15]
 107:ACE_ECF_25-ACE-ECF-CPP-V1.2/module/referee/crc_ref.c **** 		
 108:ACE_ECF_25-ACE-ECF-CPP-V1.2/module/referee/crc_ref.c **** 		return ( ucExpected == pchMessage[dwLength-1] );
 448              		.loc 1 108 36
 449 0034 7B88     		ldrh	r3, [r7, #2]
 450 0036 013B     		subs	r3, r3, #1
 451 0038 7A68     		ldr	r2, [r7, #4]
 452 003a 1344     		add	r3, r3, r2
 453 003c 1B78     		ldrb	r3, [r3]	@ zero_extendqisi2
 454              		.loc 1 108 23
 455 003e FA7B     		ldrb	r2, [r7, #15]	@ zero_extendqisi2
 456 0040 9A42     		cmp	r2, r3
 457 0042 0CBF     		ite	eq
 458 0044 0123     		moveq	r3, #1
 459 0046 0023     		movne	r3, #0
 460 0048 DBB2     		uxtb	r3, r3
 461              	.L10:
 109:ACE_ECF_25-ACE-ECF-CPP-V1.2/module/referee/crc_ref.c **** }
 462              		.loc 1 109 1
 463 004a 1846     		mov	r0, r3
 464 004c 1037     		adds	r7, r7, #16
 465              	.LCFI9:
 466              		.cfi_def_cfa_offset 8
 467 004e BD46     		mov	sp, r7
 468              	.LCFI10:
 469              		.cfi_def_cfa_register 13
 470              		@ sp needed
 471 0050 80BD     		pop	{r7, pc}
 472              		.cfi_endproc
ARM GAS  C:\Users\30806\AppData\Local\Temp\ccKBfrke.s 			page 12


 473              	.LFE4:
 475              		.section	.text.Append_CRC8_Check_Sum,"ax",%progbits
 476              		.align	1
 477              		.global	Append_CRC8_Check_Sum
 478              		.syntax unified
 479              		.thumb
 480              		.thumb_func
 482              	Append_CRC8_Check_Sum:
 483              	.LFB5:
 110:ACE_ECF_25-ACE-ECF-CPP-V1.2/module/referee/crc_ref.c **** 
 111:ACE_ECF_25-ACE-ECF-CPP-V1.2/module/referee/crc_ref.c **** 
 112:ACE_ECF_25-ACE-ECF-CPP-V1.2/module/referee/crc_ref.c **** /*
 113:ACE_ECF_25-ACE-ECF-CPP-V1.2/module/referee/crc_ref.c **** ** Descriptions: append CRC8 to the end of data
 114:ACE_ECF_25-ACE-ECF-CPP-V1.2/module/referee/crc_ref.c **** ** Input: Data to CRC and append,Stream length = Data + checksum
 115:ACE_ECF_25-ACE-ECF-CPP-V1.2/module/referee/crc_ref.c **** ** Output: True or False (CRC Verify Result)
 116:ACE_ECF_25-ACE-ECF-CPP-V1.2/module/referee/crc_ref.c **** */
 117:ACE_ECF_25-ACE-ECF-CPP-V1.2/module/referee/crc_ref.c **** void Append_CRC8_Check_Sum( uint8_t *pchMessage, uint16_t dwLength)
 118:ACE_ECF_25-ACE-ECF-CPP-V1.2/module/referee/crc_ref.c **** {
 484              		.loc 1 118 1
 485              		.cfi_startproc
 486              		@ args = 0, pretend = 0, frame = 16
 487              		@ frame_needed = 1, uses_anonymous_args = 0
 488 0000 80B5     		push	{r7, lr}
 489              	.LCFI11:
 490              		.cfi_def_cfa_offset 8
 491              		.cfi_offset 7, -8
 492              		.cfi_offset 14, -4
 493 0002 84B0     		sub	sp, sp, #16
 494              	.LCFI12:
 495              		.cfi_def_cfa_offset 24
 496 0004 00AF     		add	r7, sp, #0
 497              	.LCFI13:
 498              		.cfi_def_cfa_register 7
 499 0006 7860     		str	r0, [r7, #4]
 500 0008 0B46     		mov	r3, r1
 501 000a 7B80     		strh	r3, [r7, #2]	@ movhi
 119:ACE_ECF_25-ACE-ECF-CPP-V1.2/module/referee/crc_ref.c **** 		uint8_t ucCRC = 0;
 502              		.loc 1 119 11
 503 000c 0023     		movs	r3, #0
 504 000e FB73     		strb	r3, [r7, #15]
 120:ACE_ECF_25-ACE-ECF-CPP-V1.2/module/referee/crc_ref.c **** 	
 121:ACE_ECF_25-ACE-ECF-CPP-V1.2/module/referee/crc_ref.c **** 		if (pchMessage == 0 || dwLength <= 2)
 505              		.loc 1 121 6
 506 0010 7B68     		ldr	r3, [r7, #4]
 507 0012 002B     		cmp	r3, #0
 508 0014 13D0     		beq	.L15
 509              		.loc 1 121 23 discriminator 1
 510 0016 7B88     		ldrh	r3, [r7, #2]
 511 0018 022B     		cmp	r3, #2
 512 001a 10D9     		bls	.L15
 122:ACE_ECF_25-ACE-ECF-CPP-V1.2/module/referee/crc_ref.c **** 		{
 123:ACE_ECF_25-ACE-ECF-CPP-V1.2/module/referee/crc_ref.c **** 			  return;
 124:ACE_ECF_25-ACE-ECF-CPP-V1.2/module/referee/crc_ref.c **** 		}
 125:ACE_ECF_25-ACE-ECF-CPP-V1.2/module/referee/crc_ref.c **** 		
 126:ACE_ECF_25-ACE-ECF-CPP-V1.2/module/referee/crc_ref.c **** 		ucCRC = Get_CRC8_Check_Sum( (uint8_t *)pchMessage, dwLength-1, CRC8_INIT);
 513              		.loc 1 126 11
 514 001c 7B88     		ldrh	r3, [r7, #2]	@ movhi
ARM GAS  C:\Users\30806\AppData\Local\Temp\ccKBfrke.s 			page 13


 515 001e 013B     		subs	r3, r3, #1
 516 0020 9BB2     		uxth	r3, r3
 517 0022 FF22     		movs	r2, #255
 518 0024 1946     		mov	r1, r3
 519 0026 7868     		ldr	r0, [r7, #4]
 520 0028 FFF7FEFF 		bl	Get_CRC8_Check_Sum
 521 002c 0346     		mov	r3, r0
 522 002e FB73     		strb	r3, [r7, #15]
 127:ACE_ECF_25-ACE-ECF-CPP-V1.2/module/referee/crc_ref.c **** 		
 128:ACE_ECF_25-ACE-ECF-CPP-V1.2/module/referee/crc_ref.c **** 		pchMessage[dwLength-1] = ucCRC;
 523              		.loc 1 128 13
 524 0030 7B88     		ldrh	r3, [r7, #2]
 525 0032 013B     		subs	r3, r3, #1
 526 0034 7A68     		ldr	r2, [r7, #4]
 527 0036 1344     		add	r3, r3, r2
 528              		.loc 1 128 26
 529 0038 FA7B     		ldrb	r2, [r7, #15]
 530 003a 1A70     		strb	r2, [r3]
 531 003c 00E0     		b	.L11
 532              	.L15:
 123:ACE_ECF_25-ACE-ECF-CPP-V1.2/module/referee/crc_ref.c **** 		}
 533              		.loc 1 123 6
 534 003e 00BF     		nop
 535              	.L11:
 129:ACE_ECF_25-ACE-ECF-CPP-V1.2/module/referee/crc_ref.c **** }
 536              		.loc 1 129 1
 537 0040 1037     		adds	r7, r7, #16
 538              	.LCFI14:
 539              		.cfi_def_cfa_offset 8
 540 0042 BD46     		mov	sp, r7
 541              	.LCFI15:
 542              		.cfi_def_cfa_register 13
 543              		@ sp needed
 544 0044 80BD     		pop	{r7, pc}
 545              		.cfi_endproc
 546              	.LFE5:
 548              		.section	.text.Get_CRC16_Check_Sum,"ax",%progbits
 549              		.align	1
 550              		.global	Get_CRC16_Check_Sum
 551              		.syntax unified
 552              		.thumb
 553              		.thumb_func
 555              	Get_CRC16_Check_Sum:
 556              	.LFB6:
 130:ACE_ECF_25-ACE-ECF-CPP-V1.2/module/referee/crc_ref.c **** 
 131:ACE_ECF_25-ACE-ECF-CPP-V1.2/module/referee/crc_ref.c **** 
 132:ACE_ECF_25-ACE-ECF-CPP-V1.2/module/referee/crc_ref.c **** /*
 133:ACE_ECF_25-ACE-ECF-CPP-V1.2/module/referee/crc_ref.c **** ** Descriptions: CRC16 checksum function
 134:ACE_ECF_25-ACE-ECF-CPP-V1.2/module/referee/crc_ref.c **** ** Input: Data to check,Stream length, initialized checksum
 135:ACE_ECF_25-ACE-ECF-CPP-V1.2/module/referee/crc_ref.c **** ** Output: CRC checksum
 136:ACE_ECF_25-ACE-ECF-CPP-V1.2/module/referee/crc_ref.c **** */
 137:ACE_ECF_25-ACE-ECF-CPP-V1.2/module/referee/crc_ref.c **** uint16_t Get_CRC16_Check_Sum(uint8_t *pchMessage,uint32_t dwLength,uint16_t wCRC)
 138:ACE_ECF_25-ACE-ECF-CPP-V1.2/module/referee/crc_ref.c **** {
 557              		.loc 1 138 1
 558              		.cfi_startproc
 559              		@ args = 0, pretend = 0, frame = 24
 560              		@ frame_needed = 1, uses_anonymous_args = 0
ARM GAS  C:\Users\30806\AppData\Local\Temp\ccKBfrke.s 			page 14


 561              		@ link register save eliminated.
 562 0000 80B4     		push	{r7}
 563              	.LCFI16:
 564              		.cfi_def_cfa_offset 4
 565              		.cfi_offset 7, -4
 566 0002 87B0     		sub	sp, sp, #28
 567              	.LCFI17:
 568              		.cfi_def_cfa_offset 32
 569 0004 00AF     		add	r7, sp, #0
 570              	.LCFI18:
 571              		.cfi_def_cfa_register 7
 572 0006 F860     		str	r0, [r7, #12]
 573 0008 B960     		str	r1, [r7, #8]
 574 000a 1346     		mov	r3, r2
 575 000c FB80     		strh	r3, [r7, #6]	@ movhi
 139:ACE_ECF_25-ACE-ECF-CPP-V1.2/module/referee/crc_ref.c ****     uint8_t chData;	
 140:ACE_ECF_25-ACE-ECF-CPP-V1.2/module/referee/crc_ref.c **** 	if (pchMessage == NULL)
 576              		.loc 1 140 5
 577 000e FB68     		ldr	r3, [r7, #12]
 578 0010 002B     		cmp	r3, #0
 579 0012 13D1     		bne	.L19
 141:ACE_ECF_25-ACE-ECF-CPP-V1.2/module/referee/crc_ref.c **** 	{
 142:ACE_ECF_25-ACE-ECF-CPP-V1.2/module/referee/crc_ref.c **** 		return 0xFFFF;
 580              		.loc 1 142 10
 581 0014 4FF6FF73 		movw	r3, #65535
 582 0018 16E0     		b	.L18
 583              	.L20:
 143:ACE_ECF_25-ACE-ECF-CPP-V1.2/module/referee/crc_ref.c **** 	}
 144:ACE_ECF_25-ACE-ECF-CPP-V1.2/module/referee/crc_ref.c **** 	while(dwLength--)
 145:ACE_ECF_25-ACE-ECF-CPP-V1.2/module/referee/crc_ref.c **** 	{
 146:ACE_ECF_25-ACE-ECF-CPP-V1.2/module/referee/crc_ref.c **** 		chData = *pchMessage++;
 584              		.loc 1 146 23
 585 001a FB68     		ldr	r3, [r7, #12]
 586 001c 5A1C     		adds	r2, r3, #1
 587 001e FA60     		str	r2, [r7, #12]
 588              		.loc 1 146 10
 589 0020 1B78     		ldrb	r3, [r3]
 590 0022 FB75     		strb	r3, [r7, #23]
 147:ACE_ECF_25-ACE-ECF-CPP-V1.2/module/referee/crc_ref.c **** 		(wCRC) = ((uint16_t)(wCRC) >> 8) ^ 
 591              		.loc 1 147 10
 592 0024 FB88     		ldrh	r3, [r7, #6]
 593 0026 1B0A     		lsrs	r3, r3, #8
 594 0028 9AB2     		uxth	r2, r3
 148:ACE_ECF_25-ACE-ECF-CPP-V1.2/module/referee/crc_ref.c **** 		wCRC_Table[((uint16_t)(wCRC) ^ (uint16_t)(chData)) & 0x00ff];
 595              		.loc 1 148 15
 596 002a F988     		ldrh	r1, [r7, #6]
 597              		.loc 1 148 34
 598 002c FB7D     		ldrb	r3, [r7, #23]	@ zero_extendqisi2
 599              		.loc 1 148 32
 600 002e 4B40     		eors	r3, r3, r1
 601              		.loc 1 148 54
 602 0030 DBB2     		uxtb	r3, r3
 603              		.loc 1 148 13
 604 0032 0849     		ldr	r1, .L21
 605 0034 31F81330 		ldrh	r3, [r1, r3, lsl #1]
 147:ACE_ECF_25-ACE-ECF-CPP-V1.2/module/referee/crc_ref.c **** 		(wCRC) = ((uint16_t)(wCRC) >> 8) ^ 
 606              		.loc 1 147 10
ARM GAS  C:\Users\30806\AppData\Local\Temp\ccKBfrke.s 			page 15


 607 0038 5340     		eors	r3, r3, r2
 608 003a FB80     		strh	r3, [r7, #6]	@ movhi
 609              	.L19:
 144:ACE_ECF_25-ACE-ECF-CPP-V1.2/module/referee/crc_ref.c **** 	{
 610              		.loc 1 144 16
 611 003c BB68     		ldr	r3, [r7, #8]
 612 003e 5A1E     		subs	r2, r3, #1
 613 0040 BA60     		str	r2, [r7, #8]
 144:ACE_ECF_25-ACE-ECF-CPP-V1.2/module/referee/crc_ref.c **** 	{
 614              		.loc 1 144 7
 615 0042 002B     		cmp	r3, #0
 616 0044 E9D1     		bne	.L20
 149:ACE_ECF_25-ACE-ECF-CPP-V1.2/module/referee/crc_ref.c **** 	}		
 150:ACE_ECF_25-ACE-ECF-CPP-V1.2/module/referee/crc_ref.c **** 	return wCRC;
 617              		.loc 1 150 9
 618 0046 FB88     		ldrh	r3, [r7, #6]
 619              	.L18:
 151:ACE_ECF_25-ACE-ECF-CPP-V1.2/module/referee/crc_ref.c **** }
 620              		.loc 1 151 1
 621 0048 1846     		mov	r0, r3
 622 004a 1C37     		adds	r7, r7, #28
 623              	.LCFI19:
 624              		.cfi_def_cfa_offset 4
 625 004c BD46     		mov	sp, r7
 626              	.LCFI20:
 627              		.cfi_def_cfa_register 13
 628              		@ sp needed
 629 004e 5DF8047B 		ldr	r7, [sp], #4
 630              	.LCFI21:
 631              		.cfi_restore 7
 632              		.cfi_def_cfa_offset 0
 633 0052 7047     		bx	lr
 634              	.L22:
 635              		.align	2
 636              	.L21:
 637 0054 00000000 		.word	wCRC_Table
 638              		.cfi_endproc
 639              	.LFE6:
 641              		.section	.text.Verify_CRC16_Check_Sum,"ax",%progbits
 642              		.align	1
 643              		.global	Verify_CRC16_Check_Sum
 644              		.syntax unified
 645              		.thumb
 646              		.thumb_func
 648              	Verify_CRC16_Check_Sum:
 649              	.LFB7:
 152:ACE_ECF_25-ACE-ECF-CPP-V1.2/module/referee/crc_ref.c **** 
 153:ACE_ECF_25-ACE-ECF-CPP-V1.2/module/referee/crc_ref.c **** 
 154:ACE_ECF_25-ACE-ECF-CPP-V1.2/module/referee/crc_ref.c **** /*
 155:ACE_ECF_25-ACE-ECF-CPP-V1.2/module/referee/crc_ref.c **** ** Descriptions: CRC16 Verify function
 156:ACE_ECF_25-ACE-ECF-CPP-V1.2/module/referee/crc_ref.c **** ** Input: Data to Verify,Stream length = Data + checksum
 157:ACE_ECF_25-ACE-ECF-CPP-V1.2/module/referee/crc_ref.c **** ** Output: True or False (CRC Verify Result)
 158:ACE_ECF_25-ACE-ECF-CPP-V1.2/module/referee/crc_ref.c **** */
 159:ACE_ECF_25-ACE-ECF-CPP-V1.2/module/referee/crc_ref.c **** uint32_t Verify_CRC16_Check_Sum(uint8_t *pchMessage, uint32_t dwLength)
 160:ACE_ECF_25-ACE-ECF-CPP-V1.2/module/referee/crc_ref.c **** {
 650              		.loc 1 160 1
 651              		.cfi_startproc
ARM GAS  C:\Users\30806\AppData\Local\Temp\ccKBfrke.s 			page 16


 652              		@ args = 0, pretend = 0, frame = 16
 653              		@ frame_needed = 1, uses_anonymous_args = 0
 654 0000 80B5     		push	{r7, lr}
 655              	.LCFI22:
 656              		.cfi_def_cfa_offset 8
 657              		.cfi_offset 7, -8
 658              		.cfi_offset 14, -4
 659 0002 84B0     		sub	sp, sp, #16
 660              	.LCFI23:
 661              		.cfi_def_cfa_offset 24
 662 0004 00AF     		add	r7, sp, #0
 663              	.LCFI24:
 664              		.cfi_def_cfa_register 7
 665 0006 7860     		str	r0, [r7, #4]
 666 0008 3960     		str	r1, [r7]
 161:ACE_ECF_25-ACE-ECF-CPP-V1.2/module/referee/crc_ref.c **** 		uint16_t wExpected = 0;
 667              		.loc 1 161 12
 668 000a 0023     		movs	r3, #0
 669 000c FB81     		strh	r3, [r7, #14]	@ movhi
 162:ACE_ECF_25-ACE-ECF-CPP-V1.2/module/referee/crc_ref.c **** 	
 163:ACE_ECF_25-ACE-ECF-CPP-V1.2/module/referee/crc_ref.c **** 		if ((pchMessage == NULL) || (dwLength <= 2))
 670              		.loc 1 163 6
 671 000e 7B68     		ldr	r3, [r7, #4]
 672 0010 002B     		cmp	r3, #0
 673 0012 02D0     		beq	.L24
 674              		.loc 1 163 28 discriminator 1
 675 0014 3B68     		ldr	r3, [r7]
 676 0016 022B     		cmp	r3, #2
 677 0018 01D8     		bhi	.L25
 678              	.L24:
 164:ACE_ECF_25-ACE-ECF-CPP-V1.2/module/referee/crc_ref.c **** 		{
 165:ACE_ECF_25-ACE-ECF-CPP-V1.2/module/referee/crc_ref.c ****         	return FALSE;
 679              		.loc 1 165 17
 680 001a 0023     		movs	r3, #0
 681 001c 20E0     		b	.L26
 682              	.L25:
 166:ACE_ECF_25-ACE-ECF-CPP-V1.2/module/referee/crc_ref.c **** 		}
 167:ACE_ECF_25-ACE-ECF-CPP-V1.2/module/referee/crc_ref.c **** 		
 168:ACE_ECF_25-ACE-ECF-CPP-V1.2/module/referee/crc_ref.c **** 		wExpected = Get_CRC16_Check_Sum ( pchMessage, dwLength - 2, CRC_INIT);
 683              		.loc 1 168 15
 684 001e 3B68     		ldr	r3, [r7]
 685 0020 023B     		subs	r3, r3, #2
 686 0022 114A     		ldr	r2, .L29
 687 0024 1288     		ldrh	r2, [r2]
 688 0026 1946     		mov	r1, r3
 689 0028 7868     		ldr	r0, [r7, #4]
 690 002a FFF7FEFF 		bl	Get_CRC16_Check_Sum
 691 002e 0346     		mov	r3, r0
 692 0030 FB81     		strh	r3, [r7, #14]	@ movhi
 169:ACE_ECF_25-ACE-ECF-CPP-V1.2/module/referee/crc_ref.c **** 		return ( (wExpected & 0xff) == pchMessage[dwLength - 2] 
 693              		.loc 1 169 23
 694 0032 FB89     		ldrh	r3, [r7, #14]
 695 0034 DBB2     		uxtb	r3, r3
 696              		.loc 1 169 44
 697 0036 3A68     		ldr	r2, [r7]
 698 0038 023A     		subs	r2, r2, #2
 699 003a 7968     		ldr	r1, [r7, #4]
ARM GAS  C:\Users\30806\AppData\Local\Temp\ccKBfrke.s 			page 17


 700 003c 0A44     		add	r2, r2, r1
 701 003e 1278     		ldrb	r2, [r2]	@ zero_extendqisi2
 170:ACE_ECF_25-ACE-ECF-CPP-V1.2/module/referee/crc_ref.c **** 			     && ((wExpected >> 8) & 0xff) == pchMessage[dwLength - 1]);
 702              		.loc 1 170 9
 703 0040 9342     		cmp	r3, r2
 704 0042 0CD1     		bne	.L27
 705              		.loc 1 170 30 discriminator 1
 706 0044 FB89     		ldrh	r3, [r7, #14]
 707 0046 1B0A     		lsrs	r3, r3, #8
 708 0048 9BB2     		uxth	r3, r3
 709 004a DBB2     		uxtb	r3, r3
 710              		.loc 1 170 51 discriminator 1
 711 004c 3A68     		ldr	r2, [r7]
 712 004e 013A     		subs	r2, r2, #1
 713 0050 7968     		ldr	r1, [r7, #4]
 714 0052 0A44     		add	r2, r2, r1
 715 0054 1278     		ldrb	r2, [r2]	@ zero_extendqisi2
 716              		.loc 1 170 9 discriminator 1
 717 0056 9342     		cmp	r3, r2
 718 0058 01D1     		bne	.L27
 719              		.loc 1 170 9 is_stmt 0 discriminator 3
 720 005a 0123     		movs	r3, #1
 721 005c 00E0     		b	.L26
 722              	.L27:
 723              		.loc 1 170 9 discriminator 4
 724 005e 0023     		movs	r3, #0
 725              	.L26:
 171:ACE_ECF_25-ACE-ECF-CPP-V1.2/module/referee/crc_ref.c **** }
 726              		.loc 1 171 1 is_stmt 1
 727 0060 1846     		mov	r0, r3
 728 0062 1037     		adds	r7, r7, #16
 729              	.LCFI25:
 730              		.cfi_def_cfa_offset 8
 731 0064 BD46     		mov	sp, r7
 732              	.LCFI26:
 733              		.cfi_def_cfa_register 13
 734              		@ sp needed
 735 0066 80BD     		pop	{r7, pc}
 736              	.L30:
 737              		.align	2
 738              	.L29:
 739 0068 00000000 		.word	CRC_INIT
 740              		.cfi_endproc
 741              	.LFE7:
 743              		.section	.text.Append_CRC16_Check_Sum,"ax",%progbits
 744              		.align	1
 745              		.global	Append_CRC16_Check_Sum
 746              		.syntax unified
 747              		.thumb
 748              		.thumb_func
 750              	Append_CRC16_Check_Sum:
 751              	.LFB8:
 172:ACE_ECF_25-ACE-ECF-CPP-V1.2/module/referee/crc_ref.c **** 
 173:ACE_ECF_25-ACE-ECF-CPP-V1.2/module/referee/crc_ref.c **** 
 174:ACE_ECF_25-ACE-ECF-CPP-V1.2/module/referee/crc_ref.c **** /*
 175:ACE_ECF_25-ACE-ECF-CPP-V1.2/module/referee/crc_ref.c **** ** Descriptions: append CRC16 to the end of data
 176:ACE_ECF_25-ACE-ECF-CPP-V1.2/module/referee/crc_ref.c **** ** Input: Data to CRC and append,Stream length = Data + checksum
ARM GAS  C:\Users\30806\AppData\Local\Temp\ccKBfrke.s 			page 18


 177:ACE_ECF_25-ACE-ECF-CPP-V1.2/module/referee/crc_ref.c **** ** Output: True or False (CRC Verify Result)
 178:ACE_ECF_25-ACE-ECF-CPP-V1.2/module/referee/crc_ref.c **** */
 179:ACE_ECF_25-ACE-ECF-CPP-V1.2/module/referee/crc_ref.c **** void Append_CRC16_Check_Sum(uint8_t * pchMessage,uint32_t dwLength)
 180:ACE_ECF_25-ACE-ECF-CPP-V1.2/module/referee/crc_ref.c **** {
 752              		.loc 1 180 1
 753              		.cfi_startproc
 754              		@ args = 0, pretend = 0, frame = 16
 755              		@ frame_needed = 1, uses_anonymous_args = 0
 756 0000 80B5     		push	{r7, lr}
 757              	.LCFI27:
 758              		.cfi_def_cfa_offset 8
 759              		.cfi_offset 7, -8
 760              		.cfi_offset 14, -4
 761 0002 84B0     		sub	sp, sp, #16
 762              	.LCFI28:
 763              		.cfi_def_cfa_offset 24
 764 0004 00AF     		add	r7, sp, #0
 765              	.LCFI29:
 766              		.cfi_def_cfa_register 7
 767 0006 7860     		str	r0, [r7, #4]
 768 0008 3960     		str	r1, [r7]
 181:ACE_ECF_25-ACE-ECF-CPP-V1.2/module/referee/crc_ref.c **** 		uint16_t wCRC = 0;
 769              		.loc 1 181 12
 770 000a 0023     		movs	r3, #0
 771 000c FB81     		strh	r3, [r7, #14]	@ movhi
 182:ACE_ECF_25-ACE-ECF-CPP-V1.2/module/referee/crc_ref.c **** 	
 183:ACE_ECF_25-ACE-ECF-CPP-V1.2/module/referee/crc_ref.c **** 		if ((pchMessage == NULL) || (dwLength <= 2))
 772              		.loc 1 183 6
 773 000e 7B68     		ldr	r3, [r7, #4]
 774 0010 002B     		cmp	r3, #0
 775 0012 1DD0     		beq	.L35
 776              		.loc 1 183 28 discriminator 1
 777 0014 3B68     		ldr	r3, [r7]
 778 0016 022B     		cmp	r3, #2
 779 0018 1AD9     		bls	.L35
 184:ACE_ECF_25-ACE-ECF-CPP-V1.2/module/referee/crc_ref.c **** 		{
 185:ACE_ECF_25-ACE-ECF-CPP-V1.2/module/referee/crc_ref.c **** 				return;
 186:ACE_ECF_25-ACE-ECF-CPP-V1.2/module/referee/crc_ref.c **** 		}
 187:ACE_ECF_25-ACE-ECF-CPP-V1.2/module/referee/crc_ref.c **** 		
 188:ACE_ECF_25-ACE-ECF-CPP-V1.2/module/referee/crc_ref.c **** 		wCRC = Get_CRC16_Check_Sum ( (uint8_t *)pchMessage, dwLength-2, CRC_INIT );
 780              		.loc 1 188 10
 781 001a 3B68     		ldr	r3, [r7]
 782 001c 023B     		subs	r3, r3, #2
 783 001e 0E4A     		ldr	r2, .L36
 784 0020 1288     		ldrh	r2, [r2]
 785 0022 1946     		mov	r1, r3
 786 0024 7868     		ldr	r0, [r7, #4]
 787 0026 FFF7FEFF 		bl	Get_CRC16_Check_Sum
 788 002a 0346     		mov	r3, r0
 789 002c FB81     		strh	r3, [r7, #14]	@ movhi
 189:ACE_ECF_25-ACE-ECF-CPP-V1.2/module/referee/crc_ref.c **** 		
 190:ACE_ECF_25-ACE-ECF-CPP-V1.2/module/referee/crc_ref.c **** 		pchMessage[dwLength-2] = (uint8_t)(wCRC & 0x00ff);
 790              		.loc 1 190 13
 791 002e 3B68     		ldr	r3, [r7]
 792 0030 023B     		subs	r3, r3, #2
 793 0032 7A68     		ldr	r2, [r7, #4]
 794 0034 1344     		add	r3, r3, r2
ARM GAS  C:\Users\30806\AppData\Local\Temp\ccKBfrke.s 			page 19


 795              		.loc 1 190 28
 796 0036 FA89     		ldrh	r2, [r7, #14]	@ movhi
 797 0038 D2B2     		uxtb	r2, r2
 798              		.loc 1 190 26
 799 003a 1A70     		strb	r2, [r3]
 191:ACE_ECF_25-ACE-ECF-CPP-V1.2/module/referee/crc_ref.c **** 		pchMessage[dwLength-1] = (uint8_t)((wCRC >> 8)& 0x00ff);
 800              		.loc 1 191 28
 801 003c FB89     		ldrh	r3, [r7, #14]
 802 003e 1B0A     		lsrs	r3, r3, #8
 803 0040 99B2     		uxth	r1, r3
 804              		.loc 1 191 13
 805 0042 3B68     		ldr	r3, [r7]
 806 0044 013B     		subs	r3, r3, #1
 807 0046 7A68     		ldr	r2, [r7, #4]
 808 0048 1344     		add	r3, r3, r2
 809              		.loc 1 191 28
 810 004a CAB2     		uxtb	r2, r1
 811              		.loc 1 191 26
 812 004c 1A70     		strb	r2, [r3]
 813 004e 00E0     		b	.L31
 814              	.L35:
 185:ACE_ECF_25-ACE-ECF-CPP-V1.2/module/referee/crc_ref.c **** 		}
 815              		.loc 1 185 5
 816 0050 00BF     		nop
 817              	.L31:
 192:ACE_ECF_25-ACE-ECF-CPP-V1.2/module/referee/crc_ref.c **** }
 818              		.loc 1 192 1
 819 0052 1037     		adds	r7, r7, #16
 820              	.LCFI30:
 821              		.cfi_def_cfa_offset 8
 822 0054 BD46     		mov	sp, r7
 823              	.LCFI31:
 824              		.cfi_def_cfa_register 13
 825              		@ sp needed
 826 0056 80BD     		pop	{r7, pc}
 827              	.L37:
 828              		.align	2
 829              	.L36:
 830 0058 00000000 		.word	CRC_INIT
 831              		.cfi_endproc
 832              	.LFE8:
 834              		.text
 835              	.Letext0:
 836              		.file 2 "d:\\stm_for_vs\\gcc-arm-none-eabi-10.3-2021.10\\arm-none-eabi\\include\\machine\\_default
 837              		.file 3 "d:\\stm_for_vs\\gcc-arm-none-eabi-10.3-2021.10\\arm-none-eabi\\include\\sys\\_stdint.h"
ARM GAS  C:\Users\30806\AppData\Local\Temp\ccKBfrke.s 			page 20


DEFINED SYMBOLS
                            *ABS*:00000000 crc_ref.c
C:\Users\30806\AppData\Local\Temp\ccKBfrke.s:23     .rodata.CRC8_INIT:00000000 CRC8_INIT
C:\Users\30806\AppData\Local\Temp\ccKBfrke.s:30     .rodata.CRC8_TAB:00000000 CRC8_TAB
C:\Users\30806\AppData\Local\Temp\ccKBfrke.s:27     .rodata.CRC8_TAB:00000000 $d
C:\Users\30806\AppData\Local\Temp\ccKBfrke.s:51     .data.CRC_INIT:00000000 CRC_INIT
C:\Users\30806\AppData\Local\Temp\ccKBfrke.s:48     .data.CRC_INIT:00000000 $d
C:\Users\30806\AppData\Local\Temp\ccKBfrke.s:58     .rodata.wCRC_Table:00000000 wCRC_Table
C:\Users\30806\AppData\Local\Temp\ccKBfrke.s:55     .rodata.wCRC_Table:00000000 $d
C:\Users\30806\AppData\Local\Temp\ccKBfrke.s:316    .text.Get_CRC8_Check_Sum:00000000 $t
C:\Users\30806\AppData\Local\Temp\ccKBfrke.s:322    .text.Get_CRC8_Check_Sum:00000000 Get_CRC8_Check_Sum
C:\Users\30806\AppData\Local\Temp\ccKBfrke.s:391    .text.Get_CRC8_Check_Sum:00000040 $d
C:\Users\30806\AppData\Local\Temp\ccKBfrke.s:396    .text.Verify_CRC8_Check_Sum:00000000 $t
C:\Users\30806\AppData\Local\Temp\ccKBfrke.s:402    .text.Verify_CRC8_Check_Sum:00000000 Verify_CRC8_Check_Sum
C:\Users\30806\AppData\Local\Temp\ccKBfrke.s:476    .text.Append_CRC8_Check_Sum:00000000 $t
C:\Users\30806\AppData\Local\Temp\ccKBfrke.s:482    .text.Append_CRC8_Check_Sum:00000000 Append_CRC8_Check_Sum
C:\Users\30806\AppData\Local\Temp\ccKBfrke.s:549    .text.Get_CRC16_Check_Sum:00000000 $t
C:\Users\30806\AppData\Local\Temp\ccKBfrke.s:555    .text.Get_CRC16_Check_Sum:00000000 Get_CRC16_Check_Sum
C:\Users\30806\AppData\Local\Temp\ccKBfrke.s:637    .text.Get_CRC16_Check_Sum:00000054 $d
C:\Users\30806\AppData\Local\Temp\ccKBfrke.s:642    .text.Verify_CRC16_Check_Sum:00000000 $t
C:\Users\30806\AppData\Local\Temp\ccKBfrke.s:648    .text.Verify_CRC16_Check_Sum:00000000 Verify_CRC16_Check_Sum
C:\Users\30806\AppData\Local\Temp\ccKBfrke.s:739    .text.Verify_CRC16_Check_Sum:00000068 $d
C:\Users\30806\AppData\Local\Temp\ccKBfrke.s:744    .text.Append_CRC16_Check_Sum:00000000 $t
C:\Users\30806\AppData\Local\Temp\ccKBfrke.s:750    .text.Append_CRC16_Check_Sum:00000000 Append_CRC16_Check_Sum
C:\Users\30806\AppData\Local\Temp\ccKBfrke.s:830    .text.Append_CRC16_Check_Sum:00000058 $d

NO UNDEFINED SYMBOLS
