ARM GAS  C:\Users\30806\AppData\Local\Temp\ccKIvorm.s 			page 1


   1              		.cpu cortex-m4
   2              		.arch armv7e-m
   3              		.fpu fpv4-sp-d16
   4              		.eabi_attribute 27, 1
   5              		.eabi_attribute 28, 1
   6              		.eabi_attribute 20, 1
   7              		.eabi_attribute 21, 1
   8              		.eabi_attribute 23, 3
   9              		.eabi_attribute 24, 1
  10              		.eabi_attribute 25, 1
  11              		.eabi_attribute 26, 1
  12              		.eabi_attribute 30, 6
  13              		.eabi_attribute 34, 1
  14              		.eabi_attribute 18, 4
  15              		.file	"spi.c"
  16              		.text
  17              	.Ltext0:
  18              		.cfi_sections	.debug_frame
  19              		.global	hspi1
  20              		.section	.bss.hspi1,"aw",%nobits
  21              		.align	2
  24              	hspi1:
  25 0000 00000000 		.space	88
  25      00000000 
  25      00000000 
  25      00000000 
  25      00000000 
  26              		.global	hdma_spi1_rx
  27              		.section	.bss.hdma_spi1_rx,"aw",%nobits
  28              		.align	2
  31              	hdma_spi1_rx:
  32 0000 00000000 		.space	96
  32      00000000 
  32      00000000 
  32      00000000 
  32      00000000 
  33              		.global	hdma_spi1_tx
  34              		.section	.bss.hdma_spi1_tx,"aw",%nobits
  35              		.align	2
  38              	hdma_spi1_tx:
  39 0000 00000000 		.space	96
  39      00000000 
  39      00000000 
  39      00000000 
  39      00000000 
  40              		.section	.text.MX_SPI1_Init,"ax",%progbits
  41              		.align	1
  42              		.global	MX_SPI1_Init
  43              		.syntax unified
  44              		.thumb
  45              		.thumb_func
  47              	MX_SPI1_Init:
  48              	.LFB139:
  49              		.file 1 "Core/Src/spi.c"
   1:Core/Src/spi.c **** /* USER CODE BEGIN Header */
   2:Core/Src/spi.c **** /**
   3:Core/Src/spi.c ****   ******************************************************************************
ARM GAS  C:\Users\30806\AppData\Local\Temp\ccKIvorm.s 			page 2


   4:Core/Src/spi.c ****   * @file    spi.c
   5:Core/Src/spi.c ****   * @brief   This file provides code for the configuration
   6:Core/Src/spi.c ****   *          of the SPI instances.
   7:Core/Src/spi.c ****   ******************************************************************************
   8:Core/Src/spi.c ****   * @attention
   9:Core/Src/spi.c ****   *
  10:Core/Src/spi.c ****   * Copyright (c) 2024 STMicroelectronics.
  11:Core/Src/spi.c ****   * All rights reserved.
  12:Core/Src/spi.c ****   *
  13:Core/Src/spi.c ****   * This software is licensed under terms that can be found in the LICENSE file
  14:Core/Src/spi.c ****   * in the root directory of this software component.
  15:Core/Src/spi.c ****   * If no LICENSE file comes with this software, it is provided AS-IS.
  16:Core/Src/spi.c ****   *
  17:Core/Src/spi.c ****   ******************************************************************************
  18:Core/Src/spi.c ****   */
  19:Core/Src/spi.c **** /* USER CODE END Header */
  20:Core/Src/spi.c **** /* Includes ------------------------------------------------------------------*/
  21:Core/Src/spi.c **** #include "spi.h"
  22:Core/Src/spi.c **** 
  23:Core/Src/spi.c **** /* USER CODE BEGIN 0 */
  24:Core/Src/spi.c **** 
  25:Core/Src/spi.c **** /* USER CODE END 0 */
  26:Core/Src/spi.c **** 
  27:Core/Src/spi.c **** SPI_HandleTypeDef hspi1;
  28:Core/Src/spi.c **** DMA_HandleTypeDef hdma_spi1_rx;
  29:Core/Src/spi.c **** DMA_HandleTypeDef hdma_spi1_tx;
  30:Core/Src/spi.c **** 
  31:Core/Src/spi.c **** /* SPI1 init function */
  32:Core/Src/spi.c **** void MX_SPI1_Init(void)
  33:Core/Src/spi.c **** {
  50              		.loc 1 33 1
  51              		.cfi_startproc
  52              		@ args = 0, pretend = 0, frame = 0
  53              		@ frame_needed = 1, uses_anonymous_args = 0
  54 0000 80B5     		push	{r7, lr}
  55              	.LCFI0:
  56              		.cfi_def_cfa_offset 8
  57              		.cfi_offset 7, -8
  58              		.cfi_offset 14, -4
  59 0002 00AF     		add	r7, sp, #0
  60              	.LCFI1:
  61              		.cfi_def_cfa_register 7
  34:Core/Src/spi.c **** 
  35:Core/Src/spi.c ****   /* USER CODE BEGIN SPI1_Init 0 */
  36:Core/Src/spi.c **** 
  37:Core/Src/spi.c ****   /* USER CODE END SPI1_Init 0 */
  38:Core/Src/spi.c **** 
  39:Core/Src/spi.c ****   /* USER CODE BEGIN SPI1_Init 1 */
  40:Core/Src/spi.c **** 
  41:Core/Src/spi.c ****   /* USER CODE END SPI1_Init 1 */
  42:Core/Src/spi.c ****   hspi1.Instance = SPI1;
  62              		.loc 1 42 18
  63 0004 174B     		ldr	r3, .L4
  64 0006 184A     		ldr	r2, .L4+4
  65 0008 1A60     		str	r2, [r3]
  43:Core/Src/spi.c ****   hspi1.Init.Mode = SPI_MODE_MASTER;
  66              		.loc 1 43 19
ARM GAS  C:\Users\30806\AppData\Local\Temp\ccKIvorm.s 			page 3


  67 000a 164B     		ldr	r3, .L4
  68 000c 4FF48272 		mov	r2, #260
  69 0010 5A60     		str	r2, [r3, #4]
  44:Core/Src/spi.c ****   hspi1.Init.Direction = SPI_DIRECTION_2LINES;
  70              		.loc 1 44 24
  71 0012 144B     		ldr	r3, .L4
  72 0014 0022     		movs	r2, #0
  73 0016 9A60     		str	r2, [r3, #8]
  45:Core/Src/spi.c ****   hspi1.Init.DataSize = SPI_DATASIZE_8BIT;
  74              		.loc 1 45 23
  75 0018 124B     		ldr	r3, .L4
  76 001a 0022     		movs	r2, #0
  77 001c DA60     		str	r2, [r3, #12]
  46:Core/Src/spi.c ****   hspi1.Init.CLKPolarity = SPI_POLARITY_HIGH;
  78              		.loc 1 46 26
  79 001e 114B     		ldr	r3, .L4
  80 0020 0222     		movs	r2, #2
  81 0022 1A61     		str	r2, [r3, #16]
  47:Core/Src/spi.c ****   hspi1.Init.CLKPhase = SPI_PHASE_2EDGE;
  82              		.loc 1 47 23
  83 0024 0F4B     		ldr	r3, .L4
  84 0026 0122     		movs	r2, #1
  85 0028 5A61     		str	r2, [r3, #20]
  48:Core/Src/spi.c ****   hspi1.Init.NSS = SPI_NSS_SOFT;
  86              		.loc 1 48 18
  87 002a 0E4B     		ldr	r3, .L4
  88 002c 4FF40072 		mov	r2, #512
  89 0030 9A61     		str	r2, [r3, #24]
  49:Core/Src/spi.c ****   hspi1.Init.BaudRatePrescaler = SPI_BAUDRATEPRESCALER_8;
  90              		.loc 1 49 32
  91 0032 0C4B     		ldr	r3, .L4
  92 0034 1022     		movs	r2, #16
  93 0036 DA61     		str	r2, [r3, #28]
  50:Core/Src/spi.c ****   hspi1.Init.FirstBit = SPI_FIRSTBIT_MSB;
  94              		.loc 1 50 23
  95 0038 0A4B     		ldr	r3, .L4
  96 003a 0022     		movs	r2, #0
  97 003c 1A62     		str	r2, [r3, #32]
  51:Core/Src/spi.c ****   hspi1.Init.TIMode = SPI_TIMODE_DISABLE;
  98              		.loc 1 51 21
  99 003e 094B     		ldr	r3, .L4
 100 0040 0022     		movs	r2, #0
 101 0042 5A62     		str	r2, [r3, #36]
  52:Core/Src/spi.c ****   hspi1.Init.CRCCalculation = SPI_CRCCALCULATION_DISABLE;
 102              		.loc 1 52 29
 103 0044 074B     		ldr	r3, .L4
 104 0046 0022     		movs	r2, #0
 105 0048 9A62     		str	r2, [r3, #40]
  53:Core/Src/spi.c ****   hspi1.Init.CRCPolynomial = 10;
 106              		.loc 1 53 28
 107 004a 064B     		ldr	r3, .L4
 108 004c 0A22     		movs	r2, #10
 109 004e DA62     		str	r2, [r3, #44]
  54:Core/Src/spi.c ****   if (HAL_SPI_Init(&hspi1) != HAL_OK)
 110              		.loc 1 54 7
 111 0050 0448     		ldr	r0, .L4
 112 0052 FFF7FEFF 		bl	HAL_SPI_Init
ARM GAS  C:\Users\30806\AppData\Local\Temp\ccKIvorm.s 			page 4


 113 0056 0346     		mov	r3, r0
 114              		.loc 1 54 6
 115 0058 002B     		cmp	r3, #0
 116 005a 01D0     		beq	.L3
  55:Core/Src/spi.c ****   {
  56:Core/Src/spi.c ****     Error_Handler();
 117              		.loc 1 56 5
 118 005c FFF7FEFF 		bl	Error_Handler
 119              	.L3:
  57:Core/Src/spi.c ****   }
  58:Core/Src/spi.c ****   /* USER CODE BEGIN SPI1_Init 2 */
  59:Core/Src/spi.c **** 
  60:Core/Src/spi.c ****   /* USER CODE END SPI1_Init 2 */
  61:Core/Src/spi.c **** 
  62:Core/Src/spi.c **** }
 120              		.loc 1 62 1
 121 0060 00BF     		nop
 122 0062 80BD     		pop	{r7, pc}
 123              	.L5:
 124              		.align	2
 125              	.L4:
 126 0064 00000000 		.word	hspi1
 127 0068 00300140 		.word	1073819648
 128              		.cfi_endproc
 129              	.LFE139:
 131              		.section	.text.HAL_SPI_MspInit,"ax",%progbits
 132              		.align	1
 133              		.global	HAL_SPI_MspInit
 134              		.syntax unified
 135              		.thumb
 136              		.thumb_func
 138              	HAL_SPI_MspInit:
 139              	.LFB140:
  63:Core/Src/spi.c **** 
  64:Core/Src/spi.c **** void HAL_SPI_MspInit(SPI_HandleTypeDef* spiHandle)
  65:Core/Src/spi.c **** {
 140              		.loc 1 65 1
 141              		.cfi_startproc
 142              		@ args = 0, pretend = 0, frame = 40
 143              		@ frame_needed = 1, uses_anonymous_args = 0
 144 0000 80B5     		push	{r7, lr}
 145              	.LCFI2:
 146              		.cfi_def_cfa_offset 8
 147              		.cfi_offset 7, -8
 148              		.cfi_offset 14, -4
 149 0002 8AB0     		sub	sp, sp, #40
 150              	.LCFI3:
 151              		.cfi_def_cfa_offset 48
 152 0004 00AF     		add	r7, sp, #0
 153              	.LCFI4:
 154              		.cfi_def_cfa_register 7
 155 0006 7860     		str	r0, [r7, #4]
  66:Core/Src/spi.c **** 
  67:Core/Src/spi.c ****   GPIO_InitTypeDef GPIO_InitStruct = {0};
 156              		.loc 1 67 20
 157 0008 07F11403 		add	r3, r7, #20
 158 000c 0022     		movs	r2, #0
ARM GAS  C:\Users\30806\AppData\Local\Temp\ccKIvorm.s 			page 5


 159 000e 1A60     		str	r2, [r3]
 160 0010 5A60     		str	r2, [r3, #4]
 161 0012 9A60     		str	r2, [r3, #8]
 162 0014 DA60     		str	r2, [r3, #12]
 163 0016 1A61     		str	r2, [r3, #16]
  68:Core/Src/spi.c ****   if(spiHandle->Instance==SPI1)
 164              		.loc 1 68 15
 165 0018 7B68     		ldr	r3, [r7, #4]
 166 001a 1B68     		ldr	r3, [r3]
 167              		.loc 1 68 5
 168 001c 4C4A     		ldr	r2, .L11
 169 001e 9342     		cmp	r3, r2
 170 0020 40F09280 		bne	.L10
 171              	.LBB2:
  69:Core/Src/spi.c ****   {
  70:Core/Src/spi.c ****   /* USER CODE BEGIN SPI1_MspInit 0 */
  71:Core/Src/spi.c **** 
  72:Core/Src/spi.c ****   /* USER CODE END SPI1_MspInit 0 */
  73:Core/Src/spi.c ****     /* SPI1 clock enable */
  74:Core/Src/spi.c ****     __HAL_RCC_SPI1_CLK_ENABLE();
 172              		.loc 1 74 5
 173 0024 0023     		movs	r3, #0
 174 0026 3B61     		str	r3, [r7, #16]
 175 0028 4A4B     		ldr	r3, .L11+4
 176 002a 5B6C     		ldr	r3, [r3, #68]
 177 002c 494A     		ldr	r2, .L11+4
 178 002e 43F48053 		orr	r3, r3, #4096
 179 0032 5364     		str	r3, [r2, #68]
 180 0034 474B     		ldr	r3, .L11+4
 181 0036 5B6C     		ldr	r3, [r3, #68]
 182 0038 03F48053 		and	r3, r3, #4096
 183 003c 3B61     		str	r3, [r7, #16]
 184 003e 3B69     		ldr	r3, [r7, #16]
 185              	.LBE2:
 186              	.LBB3:
  75:Core/Src/spi.c **** 
  76:Core/Src/spi.c ****     __HAL_RCC_GPIOA_CLK_ENABLE();
 187              		.loc 1 76 5
 188 0040 0023     		movs	r3, #0
 189 0042 FB60     		str	r3, [r7, #12]
 190 0044 434B     		ldr	r3, .L11+4
 191 0046 1B6B     		ldr	r3, [r3, #48]
 192 0048 424A     		ldr	r2, .L11+4
 193 004a 43F00103 		orr	r3, r3, #1
 194 004e 1363     		str	r3, [r2, #48]
 195 0050 404B     		ldr	r3, .L11+4
 196 0052 1B6B     		ldr	r3, [r3, #48]
 197 0054 03F00103 		and	r3, r3, #1
 198 0058 FB60     		str	r3, [r7, #12]
 199 005a FB68     		ldr	r3, [r7, #12]
 200              	.LBE3:
  77:Core/Src/spi.c ****     /**SPI1 GPIO Configuration
  78:Core/Src/spi.c ****     PA5     ------> SPI1_SCK
  79:Core/Src/spi.c ****     PA6     ------> SPI1_MISO
  80:Core/Src/spi.c ****     PA7     ------> SPI1_MOSI
  81:Core/Src/spi.c ****     */
  82:Core/Src/spi.c ****     GPIO_InitStruct.Pin = GPIO_PIN_5|GPIO_PIN_6|GPIO_PIN_7;
ARM GAS  C:\Users\30806\AppData\Local\Temp\ccKIvorm.s 			page 6


 201              		.loc 1 82 25
 202 005c E023     		movs	r3, #224
 203 005e 7B61     		str	r3, [r7, #20]
  83:Core/Src/spi.c ****     GPIO_InitStruct.Mode = GPIO_MODE_AF_PP;
 204              		.loc 1 83 26
 205 0060 0223     		movs	r3, #2
 206 0062 BB61     		str	r3, [r7, #24]
  84:Core/Src/spi.c ****     GPIO_InitStruct.Pull = GPIO_PULLUP;
 207              		.loc 1 84 26
 208 0064 0123     		movs	r3, #1
 209 0066 FB61     		str	r3, [r7, #28]
  85:Core/Src/spi.c ****     GPIO_InitStruct.Speed = GPIO_SPEED_FREQ_VERY_HIGH;
 210              		.loc 1 85 27
 211 0068 0323     		movs	r3, #3
 212 006a 3B62     		str	r3, [r7, #32]
  86:Core/Src/spi.c ****     GPIO_InitStruct.Alternate = GPIO_AF5_SPI1;
 213              		.loc 1 86 31
 214 006c 0523     		movs	r3, #5
 215 006e 7B62     		str	r3, [r7, #36]
  87:Core/Src/spi.c ****     HAL_GPIO_Init(GPIOA, &GPIO_InitStruct);
 216              		.loc 1 87 5
 217 0070 07F11403 		add	r3, r7, #20
 218 0074 1946     		mov	r1, r3
 219 0076 3848     		ldr	r0, .L11+8
 220 0078 FFF7FEFF 		bl	HAL_GPIO_Init
  88:Core/Src/spi.c **** 
  89:Core/Src/spi.c ****     /* SPI1 DMA Init */
  90:Core/Src/spi.c ****     /* SPI1_RX Init */
  91:Core/Src/spi.c ****     hdma_spi1_rx.Instance = DMA2_Stream0;
 221              		.loc 1 91 27
 222 007c 374B     		ldr	r3, .L11+12
 223 007e 384A     		ldr	r2, .L11+16
 224 0080 1A60     		str	r2, [r3]
  92:Core/Src/spi.c ****     hdma_spi1_rx.Init.Channel = DMA_CHANNEL_3;
 225              		.loc 1 92 31
 226 0082 364B     		ldr	r3, .L11+12
 227 0084 4FF0C062 		mov	r2, #100663296
 228 0088 5A60     		str	r2, [r3, #4]
  93:Core/Src/spi.c ****     hdma_spi1_rx.Init.Direction = DMA_PERIPH_TO_MEMORY;
 229              		.loc 1 93 33
 230 008a 344B     		ldr	r3, .L11+12
 231 008c 0022     		movs	r2, #0
 232 008e 9A60     		str	r2, [r3, #8]
  94:Core/Src/spi.c ****     hdma_spi1_rx.Init.PeriphInc = DMA_PINC_DISABLE;
 233              		.loc 1 94 33
 234 0090 324B     		ldr	r3, .L11+12
 235 0092 0022     		movs	r2, #0
 236 0094 DA60     		str	r2, [r3, #12]
  95:Core/Src/spi.c ****     hdma_spi1_rx.Init.MemInc = DMA_MINC_ENABLE;
 237              		.loc 1 95 30
 238 0096 314B     		ldr	r3, .L11+12
 239 0098 4FF48062 		mov	r2, #1024
 240 009c 1A61     		str	r2, [r3, #16]
  96:Core/Src/spi.c ****     hdma_spi1_rx.Init.PeriphDataAlignment = DMA_PDATAALIGN_BYTE;
 241              		.loc 1 96 43
 242 009e 2F4B     		ldr	r3, .L11+12
 243 00a0 0022     		movs	r2, #0
ARM GAS  C:\Users\30806\AppData\Local\Temp\ccKIvorm.s 			page 7


 244 00a2 5A61     		str	r2, [r3, #20]
  97:Core/Src/spi.c ****     hdma_spi1_rx.Init.MemDataAlignment = DMA_MDATAALIGN_BYTE;
 245              		.loc 1 97 40
 246 00a4 2D4B     		ldr	r3, .L11+12
 247 00a6 0022     		movs	r2, #0
 248 00a8 9A61     		str	r2, [r3, #24]
  98:Core/Src/spi.c ****     hdma_spi1_rx.Init.Mode = DMA_NORMAL;
 249              		.loc 1 98 28
 250 00aa 2C4B     		ldr	r3, .L11+12
 251 00ac 0022     		movs	r2, #0
 252 00ae DA61     		str	r2, [r3, #28]
  99:Core/Src/spi.c ****     hdma_spi1_rx.Init.Priority = DMA_PRIORITY_HIGH;
 253              		.loc 1 99 32
 254 00b0 2A4B     		ldr	r3, .L11+12
 255 00b2 4FF40032 		mov	r2, #131072
 256 00b6 1A62     		str	r2, [r3, #32]
 100:Core/Src/spi.c ****     hdma_spi1_rx.Init.FIFOMode = DMA_FIFOMODE_DISABLE;
 257              		.loc 1 100 32
 258 00b8 284B     		ldr	r3, .L11+12
 259 00ba 0022     		movs	r2, #0
 260 00bc 5A62     		str	r2, [r3, #36]
 101:Core/Src/spi.c ****     if (HAL_DMA_Init(&hdma_spi1_rx) != HAL_OK)
 261              		.loc 1 101 9
 262 00be 2748     		ldr	r0, .L11+12
 263 00c0 FFF7FEFF 		bl	HAL_DMA_Init
 264 00c4 0346     		mov	r3, r0
 265              		.loc 1 101 8
 266 00c6 002B     		cmp	r3, #0
 267 00c8 01D0     		beq	.L8
 102:Core/Src/spi.c ****     {
 103:Core/Src/spi.c ****       Error_Handler();
 268              		.loc 1 103 7
 269 00ca FFF7FEFF 		bl	Error_Handler
 270              	.L8:
 104:Core/Src/spi.c ****     }
 105:Core/Src/spi.c **** 
 106:Core/Src/spi.c ****     __HAL_LINKDMA(spiHandle,hdmarx,hdma_spi1_rx);
 271              		.loc 1 106 5
 272 00ce 7B68     		ldr	r3, [r7, #4]
 273 00d0 224A     		ldr	r2, .L11+12
 274 00d2 DA64     		str	r2, [r3, #76]
 275 00d4 214A     		ldr	r2, .L11+12
 276 00d6 7B68     		ldr	r3, [r7, #4]
 277 00d8 9363     		str	r3, [r2, #56]
 107:Core/Src/spi.c **** 
 108:Core/Src/spi.c ****     /* SPI1_TX Init */
 109:Core/Src/spi.c ****     hdma_spi1_tx.Instance = DMA2_Stream3;
 278              		.loc 1 109 27
 279 00da 224B     		ldr	r3, .L11+20
 280 00dc 224A     		ldr	r2, .L11+24
 281 00de 1A60     		str	r2, [r3]
 110:Core/Src/spi.c ****     hdma_spi1_tx.Init.Channel = DMA_CHANNEL_3;
 282              		.loc 1 110 31
 283 00e0 204B     		ldr	r3, .L11+20
 284 00e2 4FF0C062 		mov	r2, #100663296
 285 00e6 5A60     		str	r2, [r3, #4]
 111:Core/Src/spi.c ****     hdma_spi1_tx.Init.Direction = DMA_MEMORY_TO_PERIPH;
ARM GAS  C:\Users\30806\AppData\Local\Temp\ccKIvorm.s 			page 8


 286              		.loc 1 111 33
 287 00e8 1E4B     		ldr	r3, .L11+20
 288 00ea 4022     		movs	r2, #64
 289 00ec 9A60     		str	r2, [r3, #8]
 112:Core/Src/spi.c ****     hdma_spi1_tx.Init.PeriphInc = DMA_PINC_DISABLE;
 290              		.loc 1 112 33
 291 00ee 1D4B     		ldr	r3, .L11+20
 292 00f0 0022     		movs	r2, #0
 293 00f2 DA60     		str	r2, [r3, #12]
 113:Core/Src/spi.c ****     hdma_spi1_tx.Init.MemInc = DMA_MINC_ENABLE;
 294              		.loc 1 113 30
 295 00f4 1B4B     		ldr	r3, .L11+20
 296 00f6 4FF48062 		mov	r2, #1024
 297 00fa 1A61     		str	r2, [r3, #16]
 114:Core/Src/spi.c ****     hdma_spi1_tx.Init.PeriphDataAlignment = DMA_PDATAALIGN_BYTE;
 298              		.loc 1 114 43
 299 00fc 194B     		ldr	r3, .L11+20
 300 00fe 0022     		movs	r2, #0
 301 0100 5A61     		str	r2, [r3, #20]
 115:Core/Src/spi.c ****     hdma_spi1_tx.Init.MemDataAlignment = DMA_MDATAALIGN_BYTE;
 302              		.loc 1 115 40
 303 0102 184B     		ldr	r3, .L11+20
 304 0104 0022     		movs	r2, #0
 305 0106 9A61     		str	r2, [r3, #24]
 116:Core/Src/spi.c ****     hdma_spi1_tx.Init.Mode = DMA_NORMAL;
 306              		.loc 1 116 28
 307 0108 164B     		ldr	r3, .L11+20
 308 010a 0022     		movs	r2, #0
 309 010c DA61     		str	r2, [r3, #28]
 117:Core/Src/spi.c ****     hdma_spi1_tx.Init.Priority = DMA_PRIORITY_HIGH;
 310              		.loc 1 117 32
 311 010e 154B     		ldr	r3, .L11+20
 312 0110 4FF40032 		mov	r2, #131072
 313 0114 1A62     		str	r2, [r3, #32]
 118:Core/Src/spi.c ****     hdma_spi1_tx.Init.FIFOMode = DMA_FIFOMODE_DISABLE;
 314              		.loc 1 118 32
 315 0116 134B     		ldr	r3, .L11+20
 316 0118 0022     		movs	r2, #0
 317 011a 5A62     		str	r2, [r3, #36]
 119:Core/Src/spi.c ****     if (HAL_DMA_Init(&hdma_spi1_tx) != HAL_OK)
 318              		.loc 1 119 9
 319 011c 1148     		ldr	r0, .L11+20
 320 011e FFF7FEFF 		bl	HAL_DMA_Init
 321 0122 0346     		mov	r3, r0
 322              		.loc 1 119 8
 323 0124 002B     		cmp	r3, #0
 324 0126 01D0     		beq	.L9
 120:Core/Src/spi.c ****     {
 121:Core/Src/spi.c ****       Error_Handler();
 325              		.loc 1 121 7
 326 0128 FFF7FEFF 		bl	Error_Handler
 327              	.L9:
 122:Core/Src/spi.c ****     }
 123:Core/Src/spi.c **** 
 124:Core/Src/spi.c ****     __HAL_LINKDMA(spiHandle,hdmatx,hdma_spi1_tx);
 328              		.loc 1 124 5
 329 012c 7B68     		ldr	r3, [r7, #4]
ARM GAS  C:\Users\30806\AppData\Local\Temp\ccKIvorm.s 			page 9


 330 012e 0D4A     		ldr	r2, .L11+20
 331 0130 9A64     		str	r2, [r3, #72]
 332 0132 0C4A     		ldr	r2, .L11+20
 333 0134 7B68     		ldr	r3, [r7, #4]
 334 0136 9363     		str	r3, [r2, #56]
 125:Core/Src/spi.c **** 
 126:Core/Src/spi.c ****     /* SPI1 interrupt Init */
 127:Core/Src/spi.c ****     HAL_NVIC_SetPriority(SPI1_IRQn, 5, 0);
 335              		.loc 1 127 5
 336 0138 0022     		movs	r2, #0
 337 013a 0521     		movs	r1, #5
 338 013c 2320     		movs	r0, #35
 339 013e FFF7FEFF 		bl	HAL_NVIC_SetPriority
 128:Core/Src/spi.c ****     HAL_NVIC_EnableIRQ(SPI1_IRQn);
 340              		.loc 1 128 5
 341 0142 2320     		movs	r0, #35
 342 0144 FFF7FEFF 		bl	HAL_NVIC_EnableIRQ
 343              	.L10:
 129:Core/Src/spi.c ****   /* USER CODE BEGIN SPI1_MspInit 1 */
 130:Core/Src/spi.c **** 
 131:Core/Src/spi.c ****   /* USER CODE END SPI1_MspInit 1 */
 132:Core/Src/spi.c ****   }
 133:Core/Src/spi.c **** }
 344              		.loc 1 133 1
 345 0148 00BF     		nop
 346 014a 2837     		adds	r7, r7, #40
 347              	.LCFI5:
 348              		.cfi_def_cfa_offset 8
 349 014c BD46     		mov	sp, r7
 350              	.LCFI6:
 351              		.cfi_def_cfa_register 13
 352              		@ sp needed
 353 014e 80BD     		pop	{r7, pc}
 354              	.L12:
 355              		.align	2
 356              	.L11:
 357 0150 00300140 		.word	1073819648
 358 0154 00380240 		.word	1073887232
 359 0158 00000240 		.word	1073872896
 360 015c 00000000 		.word	hdma_spi1_rx
 361 0160 10640240 		.word	1073898512
 362 0164 00000000 		.word	hdma_spi1_tx
 363 0168 58640240 		.word	1073898584
 364              		.cfi_endproc
 365              	.LFE140:
 367              		.section	.text.HAL_SPI_MspDeInit,"ax",%progbits
 368              		.align	1
 369              		.global	HAL_SPI_MspDeInit
 370              		.syntax unified
 371              		.thumb
 372              		.thumb_func
 374              	HAL_SPI_MspDeInit:
 375              	.LFB141:
 134:Core/Src/spi.c **** 
 135:Core/Src/spi.c **** void HAL_SPI_MspDeInit(SPI_HandleTypeDef* spiHandle)
 136:Core/Src/spi.c **** {
 376              		.loc 1 136 1
ARM GAS  C:\Users\30806\AppData\Local\Temp\ccKIvorm.s 			page 10


 377              		.cfi_startproc
 378              		@ args = 0, pretend = 0, frame = 8
 379              		@ frame_needed = 1, uses_anonymous_args = 0
 380 0000 80B5     		push	{r7, lr}
 381              	.LCFI7:
 382              		.cfi_def_cfa_offset 8
 383              		.cfi_offset 7, -8
 384              		.cfi_offset 14, -4
 385 0002 82B0     		sub	sp, sp, #8
 386              	.LCFI8:
 387              		.cfi_def_cfa_offset 16
 388 0004 00AF     		add	r7, sp, #0
 389              	.LCFI9:
 390              		.cfi_def_cfa_register 7
 391 0006 7860     		str	r0, [r7, #4]
 137:Core/Src/spi.c **** 
 138:Core/Src/spi.c ****   if(spiHandle->Instance==SPI1)
 392              		.loc 1 138 15
 393 0008 7B68     		ldr	r3, [r7, #4]
 394 000a 1B68     		ldr	r3, [r3]
 395              		.loc 1 138 5
 396 000c 0E4A     		ldr	r2, .L16
 397 000e 9342     		cmp	r3, r2
 398 0010 16D1     		bne	.L15
 139:Core/Src/spi.c ****   {
 140:Core/Src/spi.c ****   /* USER CODE BEGIN SPI1_MspDeInit 0 */
 141:Core/Src/spi.c **** 
 142:Core/Src/spi.c ****   /* USER CODE END SPI1_MspDeInit 0 */
 143:Core/Src/spi.c ****     /* Peripheral clock disable */
 144:Core/Src/spi.c ****     __HAL_RCC_SPI1_CLK_DISABLE();
 399              		.loc 1 144 5
 400 0012 0E4B     		ldr	r3, .L16+4
 401 0014 5B6C     		ldr	r3, [r3, #68]
 402 0016 0D4A     		ldr	r2, .L16+4
 403 0018 23F48053 		bic	r3, r3, #4096
 404 001c 5364     		str	r3, [r2, #68]
 145:Core/Src/spi.c **** 
 146:Core/Src/spi.c ****     /**SPI1 GPIO Configuration
 147:Core/Src/spi.c ****     PA5     ------> SPI1_SCK
 148:Core/Src/spi.c ****     PA6     ------> SPI1_MISO
 149:Core/Src/spi.c ****     PA7     ------> SPI1_MOSI
 150:Core/Src/spi.c ****     */
 151:Core/Src/spi.c ****     HAL_GPIO_DeInit(GPIOA, GPIO_PIN_5|GPIO_PIN_6|GPIO_PIN_7);
 405              		.loc 1 151 5
 406 001e E021     		movs	r1, #224
 407 0020 0B48     		ldr	r0, .L16+8
 408 0022 FFF7FEFF 		bl	HAL_GPIO_DeInit
 152:Core/Src/spi.c **** 
 153:Core/Src/spi.c ****     /* SPI1 DMA DeInit */
 154:Core/Src/spi.c ****     HAL_DMA_DeInit(spiHandle->hdmarx);
 409              		.loc 1 154 5
 410 0026 7B68     		ldr	r3, [r7, #4]
 411 0028 DB6C     		ldr	r3, [r3, #76]
 412 002a 1846     		mov	r0, r3
 413 002c FFF7FEFF 		bl	HAL_DMA_DeInit
 155:Core/Src/spi.c ****     HAL_DMA_DeInit(spiHandle->hdmatx);
 414              		.loc 1 155 5
ARM GAS  C:\Users\30806\AppData\Local\Temp\ccKIvorm.s 			page 11


 415 0030 7B68     		ldr	r3, [r7, #4]
 416 0032 9B6C     		ldr	r3, [r3, #72]
 417 0034 1846     		mov	r0, r3
 418 0036 FFF7FEFF 		bl	HAL_DMA_DeInit
 156:Core/Src/spi.c **** 
 157:Core/Src/spi.c ****     /* SPI1 interrupt Deinit */
 158:Core/Src/spi.c ****     HAL_NVIC_DisableIRQ(SPI1_IRQn);
 419              		.loc 1 158 5
 420 003a 2320     		movs	r0, #35
 421 003c FFF7FEFF 		bl	HAL_NVIC_DisableIRQ
 422              	.L15:
 159:Core/Src/spi.c ****   /* USER CODE BEGIN SPI1_MspDeInit 1 */
 160:Core/Src/spi.c **** 
 161:Core/Src/spi.c ****   /* USER CODE END SPI1_MspDeInit 1 */
 162:Core/Src/spi.c ****   }
 163:Core/Src/spi.c **** }
 423              		.loc 1 163 1
 424 0040 00BF     		nop
 425 0042 0837     		adds	r7, r7, #8
 426              	.LCFI10:
 427              		.cfi_def_cfa_offset 8
 428 0044 BD46     		mov	sp, r7
 429              	.LCFI11:
 430              		.cfi_def_cfa_register 13
 431              		@ sp needed
 432 0046 80BD     		pop	{r7, pc}
 433              	.L17:
 434              		.align	2
 435              	.L16:
 436 0048 00300140 		.word	1073819648
 437 004c 00380240 		.word	1073887232
 438 0050 00000240 		.word	1073872896
 439              		.cfi_endproc
 440              	.LFE141:
 442              		.text
 443              	.Letext0:
 444              		.file 2 "d:\\stm_for_vs\\gcc-arm-none-eabi-10.3-2021.10\\arm-none-eabi\\include\\machine\\_default
 445              		.file 3 "d:\\stm_for_vs\\gcc-arm-none-eabi-10.3-2021.10\\arm-none-eabi\\include\\sys\\_stdint.h"
 446              		.file 4 "Drivers/CMSIS/Device/ST/STM32F4xx/Include/stm32f405xx.h"
 447              		.file 5 "Drivers/STM32F4xx_HAL_Driver/Inc/stm32f4xx_hal_def.h"
 448              		.file 6 "Drivers/STM32F4xx_HAL_Driver/Inc/stm32f4xx_hal_gpio.h"
 449              		.file 7 "Drivers/STM32F4xx_HAL_Driver/Inc/stm32f4xx_hal_dma.h"
 450              		.file 8 "Drivers/STM32F4xx_HAL_Driver/Inc/stm32f4xx_hal_spi.h"
 451              		.file 9 "Core/Inc/spi.h"
ARM GAS  C:\Users\30806\AppData\Local\Temp\ccKIvorm.s 			page 12


DEFINED SYMBOLS
                            *ABS*:00000000 spi.c
C:\Users\30806\AppData\Local\Temp\ccKIvorm.s:24     .bss.hspi1:00000000 hspi1
C:\Users\30806\AppData\Local\Temp\ccKIvorm.s:21     .bss.hspi1:00000000 $d
C:\Users\30806\AppData\Local\Temp\ccKIvorm.s:31     .bss.hdma_spi1_rx:00000000 hdma_spi1_rx
C:\Users\30806\AppData\Local\Temp\ccKIvorm.s:28     .bss.hdma_spi1_rx:00000000 $d
C:\Users\30806\AppData\Local\Temp\ccKIvorm.s:38     .bss.hdma_spi1_tx:00000000 hdma_spi1_tx
C:\Users\30806\AppData\Local\Temp\ccKIvorm.s:35     .bss.hdma_spi1_tx:00000000 $d
C:\Users\30806\AppData\Local\Temp\ccKIvorm.s:41     .text.MX_SPI1_Init:00000000 $t
C:\Users\30806\AppData\Local\Temp\ccKIvorm.s:47     .text.MX_SPI1_Init:00000000 MX_SPI1_Init
C:\Users\30806\AppData\Local\Temp\ccKIvorm.s:126    .text.MX_SPI1_Init:00000064 $d
C:\Users\30806\AppData\Local\Temp\ccKIvorm.s:132    .text.HAL_SPI_MspInit:00000000 $t
C:\Users\30806\AppData\Local\Temp\ccKIvorm.s:138    .text.HAL_SPI_MspInit:00000000 HAL_SPI_MspInit
C:\Users\30806\AppData\Local\Temp\ccKIvorm.s:357    .text.HAL_SPI_MspInit:00000150 $d
C:\Users\30806\AppData\Local\Temp\ccKIvorm.s:368    .text.HAL_SPI_MspDeInit:00000000 $t
C:\Users\30806\AppData\Local\Temp\ccKIvorm.s:374    .text.HAL_SPI_MspDeInit:00000000 HAL_SPI_MspDeInit
C:\Users\30806\AppData\Local\Temp\ccKIvorm.s:436    .text.HAL_SPI_MspDeInit:00000048 $d

UNDEFINED SYMBOLS
HAL_SPI_Init
Error_Handler
HAL_GPIO_Init
HAL_DMA_Init
HAL_NVIC_SetPriority
HAL_NVIC_EnableIRQ
HAL_GPIO_DeInit
HAL_DMA_DeInit
HAL_NVIC_DisableIRQ
