ARM GAS  C:\Users\30806\AppData\Local\Temp\ccYpCObx.s 			page 1


   1              		.cpu cortex-m4
   2              		.arch armv7e-m
   3              		.fpu fpv4-sp-d16
   4              		.eabi_attribute 27, 1
   5              		.eabi_attribute 28, 1
   6              		.eabi_attribute 20, 1
   7              		.eabi_attribute 21, 1
   8              		.eabi_attribute 23, 3
   9              		.eabi_attribute 24, 1
  10              		.eabi_attribute 25, 1
  11              		.eabi_attribute 26, 1
  12              		.eabi_attribute 30, 6
  13              		.eabi_attribute 34, 1
  14              		.eabi_attribute 18, 4
  15              		.file	"stm32f4xx_hal_msp.c"
  16              		.text
  17              	.Ltext0:
  18              		.cfi_sections	.debug_frame
  19              		.section	.text.HAL_MspInit,"ax",%progbits
  20              		.align	1
  21              		.global	HAL_MspInit
  22              		.syntax unified
  23              		.thumb
  24              		.thumb_func
  26              	HAL_MspInit:
  27              	.LFB139:
  28              		.file 1 "Core/Src/stm32f4xx_hal_msp.c"
   1:Core/Src/stm32f4xx_hal_msp.c **** 
   2:Core/Src/stm32f4xx_hal_msp.c **** /* USER CODE BEGIN Header */
   3:Core/Src/stm32f4xx_hal_msp.c **** /**
   4:Core/Src/stm32f4xx_hal_msp.c ****   ******************************************************************************
   5:Core/Src/stm32f4xx_hal_msp.c ****   * @file         stm32f4xx_hal_msp.c
   6:Core/Src/stm32f4xx_hal_msp.c ****   * @brief        This file provides code for the MSP Initialization
   7:Core/Src/stm32f4xx_hal_msp.c ****   *               and de-Initialization codes.
   8:Core/Src/stm32f4xx_hal_msp.c ****   ******************************************************************************
   9:Core/Src/stm32f4xx_hal_msp.c ****   * @attention
  10:Core/Src/stm32f4xx_hal_msp.c ****   *
  11:Core/Src/stm32f4xx_hal_msp.c ****   * Copyright (c) 2024 STMicroelectronics.
  12:Core/Src/stm32f4xx_hal_msp.c ****   * All rights reserved.
  13:Core/Src/stm32f4xx_hal_msp.c ****   *
  14:Core/Src/stm32f4xx_hal_msp.c ****   * This software is licensed under terms that can be found in the LICENSE file
  15:Core/Src/stm32f4xx_hal_msp.c ****   * in the root directory of this software component.
  16:Core/Src/stm32f4xx_hal_msp.c ****   * If no LICENSE file comes with this software, it is provided AS-IS.
  17:Core/Src/stm32f4xx_hal_msp.c ****   *
  18:Core/Src/stm32f4xx_hal_msp.c ****   ******************************************************************************
  19:Core/Src/stm32f4xx_hal_msp.c ****   */
  20:Core/Src/stm32f4xx_hal_msp.c **** /* USER CODE END Header */
  21:Core/Src/stm32f4xx_hal_msp.c **** 
  22:Core/Src/stm32f4xx_hal_msp.c **** /* Includes ------------------------------------------------------------------*/
  23:Core/Src/stm32f4xx_hal_msp.c **** #include "main.h"
  24:Core/Src/stm32f4xx_hal_msp.c **** /* USER CODE BEGIN Includes */
  25:Core/Src/stm32f4xx_hal_msp.c **** 
  26:Core/Src/stm32f4xx_hal_msp.c **** /* USER CODE END Includes */
  27:Core/Src/stm32f4xx_hal_msp.c **** 
  28:Core/Src/stm32f4xx_hal_msp.c **** /* Private typedef -----------------------------------------------------------*/
  29:Core/Src/stm32f4xx_hal_msp.c **** /* USER CODE BEGIN TD */
  30:Core/Src/stm32f4xx_hal_msp.c **** 
ARM GAS  C:\Users\30806\AppData\Local\Temp\ccYpCObx.s 			page 2


  31:Core/Src/stm32f4xx_hal_msp.c **** /* USER CODE END TD */
  32:Core/Src/stm32f4xx_hal_msp.c **** 
  33:Core/Src/stm32f4xx_hal_msp.c **** /* Private define ------------------------------------------------------------*/
  34:Core/Src/stm32f4xx_hal_msp.c **** /* USER CODE BEGIN Define */
  35:Core/Src/stm32f4xx_hal_msp.c **** 
  36:Core/Src/stm32f4xx_hal_msp.c **** /* USER CODE END Define */
  37:Core/Src/stm32f4xx_hal_msp.c **** 
  38:Core/Src/stm32f4xx_hal_msp.c **** /* Private macro -------------------------------------------------------------*/
  39:Core/Src/stm32f4xx_hal_msp.c **** /* USER CODE BEGIN Macro */
  40:Core/Src/stm32f4xx_hal_msp.c **** 
  41:Core/Src/stm32f4xx_hal_msp.c **** /* USER CODE END Macro */
  42:Core/Src/stm32f4xx_hal_msp.c **** 
  43:Core/Src/stm32f4xx_hal_msp.c **** /* Private variables ---------------------------------------------------------*/
  44:Core/Src/stm32f4xx_hal_msp.c **** /* USER CODE BEGIN PV */
  45:Core/Src/stm32f4xx_hal_msp.c **** 
  46:Core/Src/stm32f4xx_hal_msp.c **** /* USER CODE END PV */
  47:Core/Src/stm32f4xx_hal_msp.c **** 
  48:Core/Src/stm32f4xx_hal_msp.c **** /* Private function prototypes -----------------------------------------------*/
  49:Core/Src/stm32f4xx_hal_msp.c **** /* USER CODE BEGIN PFP */
  50:Core/Src/stm32f4xx_hal_msp.c **** 
  51:Core/Src/stm32f4xx_hal_msp.c **** /* USER CODE END PFP */
  52:Core/Src/stm32f4xx_hal_msp.c **** 
  53:Core/Src/stm32f4xx_hal_msp.c **** /* External functions --------------------------------------------------------*/
  54:Core/Src/stm32f4xx_hal_msp.c **** /* USER CODE BEGIN ExternalFunctions */
  55:Core/Src/stm32f4xx_hal_msp.c **** 
  56:Core/Src/stm32f4xx_hal_msp.c **** /* USER CODE END ExternalFunctions */
  57:Core/Src/stm32f4xx_hal_msp.c **** 
  58:Core/Src/stm32f4xx_hal_msp.c **** /* USER CODE BEGIN 0 */
  59:Core/Src/stm32f4xx_hal_msp.c **** 
  60:Core/Src/stm32f4xx_hal_msp.c **** /* USER CODE END 0 */
  61:Core/Src/stm32f4xx_hal_msp.c **** /**
  62:Core/Src/stm32f4xx_hal_msp.c ****   * Initializes the Global MSP.
  63:Core/Src/stm32f4xx_hal_msp.c ****   */
  64:Core/Src/stm32f4xx_hal_msp.c **** void HAL_MspInit(void)
  65:Core/Src/stm32f4xx_hal_msp.c **** {
  29              		.loc 1 65 1
  30              		.cfi_startproc
  31              		@ args = 0, pretend = 0, frame = 8
  32              		@ frame_needed = 1, uses_anonymous_args = 0
  33 0000 80B5     		push	{r7, lr}
  34              	.LCFI0:
  35              		.cfi_def_cfa_offset 8
  36              		.cfi_offset 7, -8
  37              		.cfi_offset 14, -4
  38 0002 82B0     		sub	sp, sp, #8
  39              	.LCFI1:
  40              		.cfi_def_cfa_offset 16
  41 0004 00AF     		add	r7, sp, #0
  42              	.LCFI2:
  43              		.cfi_def_cfa_register 7
  44              	.LBB2:
  66:Core/Src/stm32f4xx_hal_msp.c **** 
  67:Core/Src/stm32f4xx_hal_msp.c ****   /* USER CODE BEGIN MspInit 0 */
  68:Core/Src/stm32f4xx_hal_msp.c **** 
  69:Core/Src/stm32f4xx_hal_msp.c ****   /* USER CODE END MspInit 0 */
  70:Core/Src/stm32f4xx_hal_msp.c **** 
  71:Core/Src/stm32f4xx_hal_msp.c ****   __HAL_RCC_SYSCFG_CLK_ENABLE();
ARM GAS  C:\Users\30806\AppData\Local\Temp\ccYpCObx.s 			page 3


  45              		.loc 1 71 3
  46 0006 0023     		movs	r3, #0
  47 0008 7B60     		str	r3, [r7, #4]
  48 000a 124B     		ldr	r3, .L2
  49 000c 5B6C     		ldr	r3, [r3, #68]
  50 000e 114A     		ldr	r2, .L2
  51 0010 43F48043 		orr	r3, r3, #16384
  52 0014 5364     		str	r3, [r2, #68]
  53 0016 0F4B     		ldr	r3, .L2
  54 0018 5B6C     		ldr	r3, [r3, #68]
  55 001a 03F48043 		and	r3, r3, #16384
  56 001e 7B60     		str	r3, [r7, #4]
  57 0020 7B68     		ldr	r3, [r7, #4]
  58              	.LBE2:
  59              	.LBB3:
  72:Core/Src/stm32f4xx_hal_msp.c ****   __HAL_RCC_PWR_CLK_ENABLE();
  60              		.loc 1 72 3
  61 0022 0023     		movs	r3, #0
  62 0024 3B60     		str	r3, [r7]
  63 0026 0B4B     		ldr	r3, .L2
  64 0028 1B6C     		ldr	r3, [r3, #64]
  65 002a 0A4A     		ldr	r2, .L2
  66 002c 43F08053 		orr	r3, r3, #268435456
  67 0030 1364     		str	r3, [r2, #64]
  68 0032 084B     		ldr	r3, .L2
  69 0034 1B6C     		ldr	r3, [r3, #64]
  70 0036 03F08053 		and	r3, r3, #268435456
  71 003a 3B60     		str	r3, [r7]
  72 003c 3B68     		ldr	r3, [r7]
  73              	.LBE3:
  73:Core/Src/stm32f4xx_hal_msp.c **** 
  74:Core/Src/stm32f4xx_hal_msp.c ****   /* System interrupt init*/
  75:Core/Src/stm32f4xx_hal_msp.c ****   /* PendSV_IRQn interrupt configuration */
  76:Core/Src/stm32f4xx_hal_msp.c ****   HAL_NVIC_SetPriority(PendSV_IRQn, 15, 0);
  74              		.loc 1 76 3
  75 003e 0022     		movs	r2, #0
  76 0040 0F21     		movs	r1, #15
  77 0042 6FF00100 		mvn	r0, #1
  78 0046 FFF7FEFF 		bl	HAL_NVIC_SetPriority
  77:Core/Src/stm32f4xx_hal_msp.c **** 
  78:Core/Src/stm32f4xx_hal_msp.c ****   /* USER CODE BEGIN MspInit 1 */
  79:Core/Src/stm32f4xx_hal_msp.c **** 
  80:Core/Src/stm32f4xx_hal_msp.c ****   /* USER CODE END MspInit 1 */
  81:Core/Src/stm32f4xx_hal_msp.c **** }
  79              		.loc 1 81 1
  80 004a 00BF     		nop
  81 004c 0837     		adds	r7, r7, #8
  82              	.LCFI3:
  83              		.cfi_def_cfa_offset 8
  84 004e BD46     		mov	sp, r7
  85              	.LCFI4:
  86              		.cfi_def_cfa_register 13
  87              		@ sp needed
  88 0050 80BD     		pop	{r7, pc}
  89              	.L3:
  90 0052 00BF     		.align	2
  91              	.L2:
ARM GAS  C:\Users\30806\AppData\Local\Temp\ccYpCObx.s 			page 4


  92 0054 00380240 		.word	1073887232
  93              		.cfi_endproc
  94              	.LFE139:
  96              		.text
  97              	.Letext0:
  98              		.file 2 "d:\\stm_for_vs\\gcc-arm-none-eabi-10.3-2021.10\\arm-none-eabi\\include\\machine\\_default
  99              		.file 3 "d:\\stm_for_vs\\gcc-arm-none-eabi-10.3-2021.10\\arm-none-eabi\\include\\sys\\_stdint.h"
 100              		.file 4 "Drivers/CMSIS/Device/ST/STM32F4xx/Include/stm32f405xx.h"
ARM GAS  C:\Users\30806\AppData\Local\Temp\ccYpCObx.s 			page 5


DEFINED SYMBOLS
                            *ABS*:00000000 stm32f4xx_hal_msp.c
C:\Users\30806\AppData\Local\Temp\ccYpCObx.s:20     .text.HAL_MspInit:00000000 $t
C:\Users\30806\AppData\Local\Temp\ccYpCObx.s:26     .text.HAL_MspInit:00000000 HAL_MspInit
C:\Users\30806\AppData\Local\Temp\ccYpCObx.s:92     .text.HAL_MspInit:00000054 $d

UNDEFINED SYMBOLS
HAL_NVIC_SetPriority
