ARM GAS  C:\Users\30806\AppData\Local\Temp\ccGerg1g.s 			page 1


   1              		.cpu cortex-m4
   2              		.arch armv7e-m
   3              		.fpu fpv4-sp-d16
   4              		.eabi_attribute 27, 1
   5              		.eabi_attribute 28, 1
   6              		.eabi_attribute 20, 1
   7              		.eabi_attribute 21, 1
   8              		.eabi_attribute 23, 3
   9              		.eabi_attribute 24, 1
  10              		.eabi_attribute 25, 1
  11              		.eabi_attribute 26, 1
  12              		.eabi_attribute 30, 6
  13              		.eabi_attribute 34, 1
  14              		.eabi_attribute 18, 4
  15              		.file	"tim.c"
  16              		.text
  17              	.Ltext0:
  18              		.cfi_sections	.debug_frame
  19              		.global	htim2
  20              		.section	.bss.htim2,"aw",%nobits
  21              		.align	2
  24              	htim2:
  25 0000 00000000 		.space	72
  25      00000000 
  25      00000000 
  25      00000000 
  25      00000000 
  26              		.section	.text.MX_TIM2_Init,"ax",%progbits
  27              		.align	1
  28              		.global	MX_TIM2_Init
  29              		.syntax unified
  30              		.thumb
  31              		.thumb_func
  33              	MX_TIM2_Init:
  34              	.LFB139:
  35              		.file 1 "Core/Src/tim.c"
   1:Core/Src/tim.c **** /* USER CODE BEGIN Header */
   2:Core/Src/tim.c **** /**
   3:Core/Src/tim.c ****   ******************************************************************************
   4:Core/Src/tim.c ****   * @file    tim.c
   5:Core/Src/tim.c ****   * @brief   This file provides code for the configuration
   6:Core/Src/tim.c ****   *          of the TIM instances.
   7:Core/Src/tim.c ****   ******************************************************************************
   8:Core/Src/tim.c ****   * @attention
   9:Core/Src/tim.c ****   *
  10:Core/Src/tim.c ****   * Copyright (c) 2024 STMicroelectronics.
  11:Core/Src/tim.c ****   * All rights reserved.
  12:Core/Src/tim.c ****   *
  13:Core/Src/tim.c ****   * This software is licensed under terms that can be found in the LICENSE file
  14:Core/Src/tim.c ****   * in the root directory of this software component.
  15:Core/Src/tim.c ****   * If no LICENSE file comes with this software, it is provided AS-IS.
  16:Core/Src/tim.c ****   *
  17:Core/Src/tim.c ****   ******************************************************************************
  18:Core/Src/tim.c ****   */
  19:Core/Src/tim.c **** /* USER CODE END Header */
  20:Core/Src/tim.c **** /* Includes ------------------------------------------------------------------*/
  21:Core/Src/tim.c **** #include "tim.h"
ARM GAS  C:\Users\30806\AppData\Local\Temp\ccGerg1g.s 			page 2


  22:Core/Src/tim.c **** 
  23:Core/Src/tim.c **** /* USER CODE BEGIN 0 */
  24:Core/Src/tim.c **** 
  25:Core/Src/tim.c **** /* USER CODE END 0 */
  26:Core/Src/tim.c **** 
  27:Core/Src/tim.c **** TIM_HandleTypeDef htim2;
  28:Core/Src/tim.c **** 
  29:Core/Src/tim.c **** /* TIM2 init function */
  30:Core/Src/tim.c **** void MX_TIM2_Init(void)
  31:Core/Src/tim.c **** {
  36              		.loc 1 31 1
  37              		.cfi_startproc
  38              		@ args = 0, pretend = 0, frame = 56
  39              		@ frame_needed = 1, uses_anonymous_args = 0
  40 0000 80B5     		push	{r7, lr}
  41              	.LCFI0:
  42              		.cfi_def_cfa_offset 8
  43              		.cfi_offset 7, -8
  44              		.cfi_offset 14, -4
  45 0002 8EB0     		sub	sp, sp, #56
  46              	.LCFI1:
  47              		.cfi_def_cfa_offset 64
  48 0004 00AF     		add	r7, sp, #0
  49              	.LCFI2:
  50              		.cfi_def_cfa_register 7
  32:Core/Src/tim.c **** 
  33:Core/Src/tim.c ****   /* USER CODE BEGIN TIM2_Init 0 */
  34:Core/Src/tim.c **** 
  35:Core/Src/tim.c ****   /* USER CODE END TIM2_Init 0 */
  36:Core/Src/tim.c **** 
  37:Core/Src/tim.c ****   TIM_ClockConfigTypeDef sClockSourceConfig = {0};
  51              		.loc 1 37 26
  52 0006 07F12803 		add	r3, r7, #40
  53 000a 0022     		movs	r2, #0
  54 000c 1A60     		str	r2, [r3]
  55 000e 5A60     		str	r2, [r3, #4]
  56 0010 9A60     		str	r2, [r3, #8]
  57 0012 DA60     		str	r2, [r3, #12]
  38:Core/Src/tim.c ****   TIM_MasterConfigTypeDef sMasterConfig = {0};
  58              		.loc 1 38 27
  59 0014 07F12003 		add	r3, r7, #32
  60 0018 0022     		movs	r2, #0
  61 001a 1A60     		str	r2, [r3]
  62 001c 5A60     		str	r2, [r3, #4]
  39:Core/Src/tim.c ****   TIM_OC_InitTypeDef sConfigOC = {0};
  63              		.loc 1 39 22
  64 001e 3B1D     		adds	r3, r7, #4
  65 0020 0022     		movs	r2, #0
  66 0022 1A60     		str	r2, [r3]
  67 0024 5A60     		str	r2, [r3, #4]
  68 0026 9A60     		str	r2, [r3, #8]
  69 0028 DA60     		str	r2, [r3, #12]
  70 002a 1A61     		str	r2, [r3, #16]
  71 002c 5A61     		str	r2, [r3, #20]
  72 002e 9A61     		str	r2, [r3, #24]
  40:Core/Src/tim.c **** 
  41:Core/Src/tim.c ****   /* USER CODE BEGIN TIM2_Init 1 */
ARM GAS  C:\Users\30806\AppData\Local\Temp\ccGerg1g.s 			page 3


  42:Core/Src/tim.c **** 
  43:Core/Src/tim.c ****   /* USER CODE END TIM2_Init 1 */
  44:Core/Src/tim.c ****   htim2.Instance = TIM2;
  73              		.loc 1 44 18
  74 0030 2D4B     		ldr	r3, .L7
  75 0032 4FF08042 		mov	r2, #1073741824
  76 0036 1A60     		str	r2, [r3]
  45:Core/Src/tim.c ****   htim2.Init.Prescaler = 0;
  77              		.loc 1 45 24
  78 0038 2B4B     		ldr	r3, .L7
  79 003a 0022     		movs	r2, #0
  80 003c 5A60     		str	r2, [r3, #4]
  46:Core/Src/tim.c ****   htim2.Init.CounterMode = TIM_COUNTERMODE_UP;
  81              		.loc 1 46 26
  82 003e 2A4B     		ldr	r3, .L7
  83 0040 0022     		movs	r2, #0
  84 0042 9A60     		str	r2, [r3, #8]
  47:Core/Src/tim.c ****   htim2.Init.Period = 65535;
  85              		.loc 1 47 21
  86 0044 284B     		ldr	r3, .L7
  87 0046 4FF6FF72 		movw	r2, #65535
  88 004a DA60     		str	r2, [r3, #12]
  48:Core/Src/tim.c ****   htim2.Init.ClockDivision = TIM_CLOCKDIVISION_DIV1;
  89              		.loc 1 48 28
  90 004c 264B     		ldr	r3, .L7
  91 004e 0022     		movs	r2, #0
  92 0050 1A61     		str	r2, [r3, #16]
  49:Core/Src/tim.c ****   htim2.Init.AutoReloadPreload = TIM_AUTORELOAD_PRELOAD_DISABLE;
  93              		.loc 1 49 32
  94 0052 254B     		ldr	r3, .L7
  95 0054 0022     		movs	r2, #0
  96 0056 9A61     		str	r2, [r3, #24]
  50:Core/Src/tim.c ****   if (HAL_TIM_Base_Init(&htim2) != HAL_OK)
  97              		.loc 1 50 7
  98 0058 2348     		ldr	r0, .L7
  99 005a FFF7FEFF 		bl	HAL_TIM_Base_Init
 100 005e 0346     		mov	r3, r0
 101              		.loc 1 50 6
 102 0060 002B     		cmp	r3, #0
 103 0062 01D0     		beq	.L2
  51:Core/Src/tim.c ****   {
  52:Core/Src/tim.c ****     Error_Handler();
 104              		.loc 1 52 5
 105 0064 FFF7FEFF 		bl	Error_Handler
 106              	.L2:
  53:Core/Src/tim.c ****   }
  54:Core/Src/tim.c ****   sClockSourceConfig.ClockSource = TIM_CLOCKSOURCE_INTERNAL;
 107              		.loc 1 54 34
 108 0068 4FF48053 		mov	r3, #4096
 109 006c BB62     		str	r3, [r7, #40]
  55:Core/Src/tim.c ****   if (HAL_TIM_ConfigClockSource(&htim2, &sClockSourceConfig) != HAL_OK)
 110              		.loc 1 55 7
 111 006e 07F12803 		add	r3, r7, #40
 112 0072 1946     		mov	r1, r3
 113 0074 1C48     		ldr	r0, .L7
 114 0076 FFF7FEFF 		bl	HAL_TIM_ConfigClockSource
 115 007a 0346     		mov	r3, r0
ARM GAS  C:\Users\30806\AppData\Local\Temp\ccGerg1g.s 			page 4


 116              		.loc 1 55 6
 117 007c 002B     		cmp	r3, #0
 118 007e 01D0     		beq	.L3
  56:Core/Src/tim.c ****   {
  57:Core/Src/tim.c ****     Error_Handler();
 119              		.loc 1 57 5
 120 0080 FFF7FEFF 		bl	Error_Handler
 121              	.L3:
  58:Core/Src/tim.c ****   }
  59:Core/Src/tim.c ****   if (HAL_TIM_PWM_Init(&htim2) != HAL_OK)
 122              		.loc 1 59 7
 123 0084 1848     		ldr	r0, .L7
 124 0086 FFF7FEFF 		bl	HAL_TIM_PWM_Init
 125 008a 0346     		mov	r3, r0
 126              		.loc 1 59 6
 127 008c 002B     		cmp	r3, #0
 128 008e 01D0     		beq	.L4
  60:Core/Src/tim.c ****   {
  61:Core/Src/tim.c ****     Error_Handler();
 129              		.loc 1 61 5
 130 0090 FFF7FEFF 		bl	Error_Handler
 131              	.L4:
  62:Core/Src/tim.c ****   }
  63:Core/Src/tim.c ****   sMasterConfig.MasterOutputTrigger = TIM_TRGO_RESET;
 132              		.loc 1 63 37
 133 0094 0023     		movs	r3, #0
 134 0096 3B62     		str	r3, [r7, #32]
  64:Core/Src/tim.c ****   sMasterConfig.MasterSlaveMode = TIM_MASTERSLAVEMODE_DISABLE;
 135              		.loc 1 64 33
 136 0098 0023     		movs	r3, #0
 137 009a 7B62     		str	r3, [r7, #36]
  65:Core/Src/tim.c ****   if (HAL_TIMEx_MasterConfigSynchronization(&htim2, &sMasterConfig) != HAL_OK)
 138              		.loc 1 65 7
 139 009c 07F12003 		add	r3, r7, #32
 140 00a0 1946     		mov	r1, r3
 141 00a2 1148     		ldr	r0, .L7
 142 00a4 FFF7FEFF 		bl	HAL_TIMEx_MasterConfigSynchronization
 143 00a8 0346     		mov	r3, r0
 144              		.loc 1 65 6
 145 00aa 002B     		cmp	r3, #0
 146 00ac 01D0     		beq	.L5
  66:Core/Src/tim.c ****   {
  67:Core/Src/tim.c ****     Error_Handler();
 147              		.loc 1 67 5
 148 00ae FFF7FEFF 		bl	Error_Handler
 149              	.L5:
  68:Core/Src/tim.c ****   }
  69:Core/Src/tim.c ****   sConfigOC.OCMode = TIM_OCMODE_PWM1;
 150              		.loc 1 69 20
 151 00b2 6023     		movs	r3, #96
 152 00b4 7B60     		str	r3, [r7, #4]
  70:Core/Src/tim.c ****   sConfigOC.Pulse = 0;
 153              		.loc 1 70 19
 154 00b6 0023     		movs	r3, #0
 155 00b8 BB60     		str	r3, [r7, #8]
  71:Core/Src/tim.c ****   sConfigOC.OCPolarity = TIM_OCPOLARITY_HIGH;
 156              		.loc 1 71 24
ARM GAS  C:\Users\30806\AppData\Local\Temp\ccGerg1g.s 			page 5


 157 00ba 0023     		movs	r3, #0
 158 00bc FB60     		str	r3, [r7, #12]
  72:Core/Src/tim.c ****   sConfigOC.OCFastMode = TIM_OCFAST_DISABLE;
 159              		.loc 1 72 24
 160 00be 0023     		movs	r3, #0
 161 00c0 7B61     		str	r3, [r7, #20]
  73:Core/Src/tim.c ****   if (HAL_TIM_PWM_ConfigChannel(&htim2, &sConfigOC, TIM_CHANNEL_3) != HAL_OK)
 162              		.loc 1 73 7
 163 00c2 3B1D     		adds	r3, r7, #4
 164 00c4 0822     		movs	r2, #8
 165 00c6 1946     		mov	r1, r3
 166 00c8 0748     		ldr	r0, .L7
 167 00ca FFF7FEFF 		bl	HAL_TIM_PWM_ConfigChannel
 168 00ce 0346     		mov	r3, r0
 169              		.loc 1 73 6
 170 00d0 002B     		cmp	r3, #0
 171 00d2 01D0     		beq	.L6
  74:Core/Src/tim.c ****   {
  75:Core/Src/tim.c ****     Error_Handler();
 172              		.loc 1 75 5
 173 00d4 FFF7FEFF 		bl	Error_Handler
 174              	.L6:
  76:Core/Src/tim.c ****   }
  77:Core/Src/tim.c ****   /* USER CODE BEGIN TIM2_Init 2 */
  78:Core/Src/tim.c **** 
  79:Core/Src/tim.c ****   /* USER CODE END TIM2_Init 2 */
  80:Core/Src/tim.c ****   HAL_TIM_MspPostInit(&htim2);
 175              		.loc 1 80 3
 176 00d8 0348     		ldr	r0, .L7
 177 00da FFF7FEFF 		bl	HAL_TIM_MspPostInit
  81:Core/Src/tim.c **** 
  82:Core/Src/tim.c **** }
 178              		.loc 1 82 1
 179 00de 00BF     		nop
 180 00e0 3837     		adds	r7, r7, #56
 181              	.LCFI3:
 182              		.cfi_def_cfa_offset 8
 183 00e2 BD46     		mov	sp, r7
 184              	.LCFI4:
 185              		.cfi_def_cfa_register 13
 186              		@ sp needed
 187 00e4 80BD     		pop	{r7, pc}
 188              	.L8:
 189 00e6 00BF     		.align	2
 190              	.L7:
 191 00e8 00000000 		.word	htim2
 192              		.cfi_endproc
 193              	.LFE139:
 195              		.section	.text.HAL_TIM_Base_MspInit,"ax",%progbits
 196              		.align	1
 197              		.global	HAL_TIM_Base_MspInit
 198              		.syntax unified
 199              		.thumb
 200              		.thumb_func
 202              	HAL_TIM_Base_MspInit:
 203              	.LFB140:
  83:Core/Src/tim.c **** 
ARM GAS  C:\Users\30806\AppData\Local\Temp\ccGerg1g.s 			page 6


  84:Core/Src/tim.c **** void HAL_TIM_Base_MspInit(TIM_HandleTypeDef* tim_baseHandle)
  85:Core/Src/tim.c **** {
 204              		.loc 1 85 1
 205              		.cfi_startproc
 206              		@ args = 0, pretend = 0, frame = 16
 207              		@ frame_needed = 1, uses_anonymous_args = 0
 208              		@ link register save eliminated.
 209 0000 80B4     		push	{r7}
 210              	.LCFI5:
 211              		.cfi_def_cfa_offset 4
 212              		.cfi_offset 7, -4
 213 0002 85B0     		sub	sp, sp, #20
 214              	.LCFI6:
 215              		.cfi_def_cfa_offset 24
 216 0004 00AF     		add	r7, sp, #0
 217              	.LCFI7:
 218              		.cfi_def_cfa_register 7
 219 0006 7860     		str	r0, [r7, #4]
  86:Core/Src/tim.c **** 
  87:Core/Src/tim.c ****   if(tim_baseHandle->Instance==TIM2)
 220              		.loc 1 87 20
 221 0008 7B68     		ldr	r3, [r7, #4]
 222 000a 1B68     		ldr	r3, [r3]
 223              		.loc 1 87 5
 224 000c B3F1804F 		cmp	r3, #1073741824
 225 0010 0DD1     		bne	.L11
 226              	.LBB2:
  88:Core/Src/tim.c ****   {
  89:Core/Src/tim.c ****   /* USER CODE BEGIN TIM2_MspInit 0 */
  90:Core/Src/tim.c **** 
  91:Core/Src/tim.c ****   /* USER CODE END TIM2_MspInit 0 */
  92:Core/Src/tim.c ****     /* TIM2 clock enable */
  93:Core/Src/tim.c ****     __HAL_RCC_TIM2_CLK_ENABLE();
 227              		.loc 1 93 5
 228 0012 0023     		movs	r3, #0
 229 0014 FB60     		str	r3, [r7, #12]
 230 0016 094B     		ldr	r3, .L12
 231 0018 1B6C     		ldr	r3, [r3, #64]
 232 001a 084A     		ldr	r2, .L12
 233 001c 43F00103 		orr	r3, r3, #1
 234 0020 1364     		str	r3, [r2, #64]
 235 0022 064B     		ldr	r3, .L12
 236 0024 1B6C     		ldr	r3, [r3, #64]
 237 0026 03F00103 		and	r3, r3, #1
 238 002a FB60     		str	r3, [r7, #12]
 239 002c FB68     		ldr	r3, [r7, #12]
 240              	.L11:
 241              	.LBE2:
  94:Core/Src/tim.c ****   /* USER CODE BEGIN TIM2_MspInit 1 */
  95:Core/Src/tim.c **** 
  96:Core/Src/tim.c ****   /* USER CODE END TIM2_MspInit 1 */
  97:Core/Src/tim.c ****   }
  98:Core/Src/tim.c **** }
 242              		.loc 1 98 1
 243 002e 00BF     		nop
 244 0030 1437     		adds	r7, r7, #20
 245              	.LCFI8:
ARM GAS  C:\Users\30806\AppData\Local\Temp\ccGerg1g.s 			page 7


 246              		.cfi_def_cfa_offset 4
 247 0032 BD46     		mov	sp, r7
 248              	.LCFI9:
 249              		.cfi_def_cfa_register 13
 250              		@ sp needed
 251 0034 5DF8047B 		ldr	r7, [sp], #4
 252              	.LCFI10:
 253              		.cfi_restore 7
 254              		.cfi_def_cfa_offset 0
 255 0038 7047     		bx	lr
 256              	.L13:
 257 003a 00BF     		.align	2
 258              	.L12:
 259 003c 00380240 		.word	1073887232
 260              		.cfi_endproc
 261              	.LFE140:
 263              		.section	.text.HAL_TIM_MspPostInit,"ax",%progbits
 264              		.align	1
 265              		.global	HAL_TIM_MspPostInit
 266              		.syntax unified
 267              		.thumb
 268              		.thumb_func
 270              	HAL_TIM_MspPostInit:
 271              	.LFB141:
  99:Core/Src/tim.c **** void HAL_TIM_MspPostInit(TIM_HandleTypeDef* timHandle)
 100:Core/Src/tim.c **** {
 272              		.loc 1 100 1
 273              		.cfi_startproc
 274              		@ args = 0, pretend = 0, frame = 32
 275              		@ frame_needed = 1, uses_anonymous_args = 0
 276 0000 80B5     		push	{r7, lr}
 277              	.LCFI11:
 278              		.cfi_def_cfa_offset 8
 279              		.cfi_offset 7, -8
 280              		.cfi_offset 14, -4
 281 0002 88B0     		sub	sp, sp, #32
 282              	.LCFI12:
 283              		.cfi_def_cfa_offset 40
 284 0004 00AF     		add	r7, sp, #0
 285              	.LCFI13:
 286              		.cfi_def_cfa_register 7
 287 0006 7860     		str	r0, [r7, #4]
 101:Core/Src/tim.c **** 
 102:Core/Src/tim.c ****   GPIO_InitTypeDef GPIO_InitStruct = {0};
 288              		.loc 1 102 20
 289 0008 07F10C03 		add	r3, r7, #12
 290 000c 0022     		movs	r2, #0
 291 000e 1A60     		str	r2, [r3]
 292 0010 5A60     		str	r2, [r3, #4]
 293 0012 9A60     		str	r2, [r3, #8]
 294 0014 DA60     		str	r2, [r3, #12]
 295 0016 1A61     		str	r2, [r3, #16]
 103:Core/Src/tim.c ****   if(timHandle->Instance==TIM2)
 296              		.loc 1 103 15
 297 0018 7B68     		ldr	r3, [r7, #4]
 298 001a 1B68     		ldr	r3, [r3]
 299              		.loc 1 103 5
ARM GAS  C:\Users\30806\AppData\Local\Temp\ccGerg1g.s 			page 8


 300 001c B3F1804F 		cmp	r3, #1073741824
 301 0020 1ED1     		bne	.L16
 302              	.LBB3:
 104:Core/Src/tim.c ****   {
 105:Core/Src/tim.c ****   /* USER CODE BEGIN TIM2_MspPostInit 0 */
 106:Core/Src/tim.c **** 
 107:Core/Src/tim.c ****   /* USER CODE END TIM2_MspPostInit 0 */
 108:Core/Src/tim.c **** 
 109:Core/Src/tim.c ****     __HAL_RCC_GPIOB_CLK_ENABLE();
 303              		.loc 1 109 5
 304 0022 0023     		movs	r3, #0
 305 0024 BB60     		str	r3, [r7, #8]
 306 0026 104B     		ldr	r3, .L17
 307 0028 1B6B     		ldr	r3, [r3, #48]
 308 002a 0F4A     		ldr	r2, .L17
 309 002c 43F00203 		orr	r3, r3, #2
 310 0030 1363     		str	r3, [r2, #48]
 311 0032 0D4B     		ldr	r3, .L17
 312 0034 1B6B     		ldr	r3, [r3, #48]
 313 0036 03F00203 		and	r3, r3, #2
 314 003a BB60     		str	r3, [r7, #8]
 315 003c BB68     		ldr	r3, [r7, #8]
 316              	.LBE3:
 110:Core/Src/tim.c ****     /**TIM2 GPIO Configuration
 111:Core/Src/tim.c ****     PB10     ------> TIM2_CH3
 112:Core/Src/tim.c ****     */
 113:Core/Src/tim.c ****     GPIO_InitStruct.Pin = IMU_HEAT_Pin;
 317              		.loc 1 113 25
 318 003e 4FF48063 		mov	r3, #1024
 319 0042 FB60     		str	r3, [r7, #12]
 114:Core/Src/tim.c ****     GPIO_InitStruct.Mode = GPIO_MODE_AF_PP;
 320              		.loc 1 114 26
 321 0044 0223     		movs	r3, #2
 322 0046 3B61     		str	r3, [r7, #16]
 115:Core/Src/tim.c ****     GPIO_InitStruct.Pull = GPIO_PULLUP;
 323              		.loc 1 115 26
 324 0048 0123     		movs	r3, #1
 325 004a 7B61     		str	r3, [r7, #20]
 116:Core/Src/tim.c ****     GPIO_InitStruct.Speed = GPIO_SPEED_FREQ_HIGH;
 326              		.loc 1 116 27
 327 004c 0223     		movs	r3, #2
 328 004e BB61     		str	r3, [r7, #24]
 117:Core/Src/tim.c ****     GPIO_InitStruct.Alternate = GPIO_AF1_TIM2;
 329              		.loc 1 117 31
 330 0050 0123     		movs	r3, #1
 331 0052 FB61     		str	r3, [r7, #28]
 118:Core/Src/tim.c ****     HAL_GPIO_Init(IMU_HEAT_GPIO_Port, &GPIO_InitStruct);
 332              		.loc 1 118 5
 333 0054 07F10C03 		add	r3, r7, #12
 334 0058 1946     		mov	r1, r3
 335 005a 0448     		ldr	r0, .L17+4
 336 005c FFF7FEFF 		bl	HAL_GPIO_Init
 337              	.L16:
 119:Core/Src/tim.c **** 
 120:Core/Src/tim.c ****   /* USER CODE BEGIN TIM2_MspPostInit 1 */
 121:Core/Src/tim.c **** 
 122:Core/Src/tim.c ****   /* USER CODE END TIM2_MspPostInit 1 */
ARM GAS  C:\Users\30806\AppData\Local\Temp\ccGerg1g.s 			page 9


 123:Core/Src/tim.c ****   }
 124:Core/Src/tim.c **** 
 125:Core/Src/tim.c **** }
 338              		.loc 1 125 1
 339 0060 00BF     		nop
 340 0062 2037     		adds	r7, r7, #32
 341              	.LCFI14:
 342              		.cfi_def_cfa_offset 8
 343 0064 BD46     		mov	sp, r7
 344              	.LCFI15:
 345              		.cfi_def_cfa_register 13
 346              		@ sp needed
 347 0066 80BD     		pop	{r7, pc}
 348              	.L18:
 349              		.align	2
 350              	.L17:
 351 0068 00380240 		.word	1073887232
 352 006c 00040240 		.word	1073873920
 353              		.cfi_endproc
 354              	.LFE141:
 356              		.section	.text.HAL_TIM_Base_MspDeInit,"ax",%progbits
 357              		.align	1
 358              		.global	HAL_TIM_Base_MspDeInit
 359              		.syntax unified
 360              		.thumb
 361              		.thumb_func
 363              	HAL_TIM_Base_MspDeInit:
 364              	.LFB142:
 126:Core/Src/tim.c **** 
 127:Core/Src/tim.c **** void HAL_TIM_Base_MspDeInit(TIM_HandleTypeDef* tim_baseHandle)
 128:Core/Src/tim.c **** {
 365              		.loc 1 128 1
 366              		.cfi_startproc
 367              		@ args = 0, pretend = 0, frame = 8
 368              		@ frame_needed = 1, uses_anonymous_args = 0
 369              		@ link register save eliminated.
 370 0000 80B4     		push	{r7}
 371              	.LCFI16:
 372              		.cfi_def_cfa_offset 4
 373              		.cfi_offset 7, -4
 374 0002 83B0     		sub	sp, sp, #12
 375              	.LCFI17:
 376              		.cfi_def_cfa_offset 16
 377 0004 00AF     		add	r7, sp, #0
 378              	.LCFI18:
 379              		.cfi_def_cfa_register 7
 380 0006 7860     		str	r0, [r7, #4]
 129:Core/Src/tim.c **** 
 130:Core/Src/tim.c ****   if(tim_baseHandle->Instance==TIM2)
 381              		.loc 1 130 20
 382 0008 7B68     		ldr	r3, [r7, #4]
 383 000a 1B68     		ldr	r3, [r3]
 384              		.loc 1 130 5
 385 000c B3F1804F 		cmp	r3, #1073741824
 386 0010 05D1     		bne	.L21
 131:Core/Src/tim.c ****   {
 132:Core/Src/tim.c ****   /* USER CODE BEGIN TIM2_MspDeInit 0 */
ARM GAS  C:\Users\30806\AppData\Local\Temp\ccGerg1g.s 			page 10


 133:Core/Src/tim.c **** 
 134:Core/Src/tim.c ****   /* USER CODE END TIM2_MspDeInit 0 */
 135:Core/Src/tim.c ****     /* Peripheral clock disable */
 136:Core/Src/tim.c ****     __HAL_RCC_TIM2_CLK_DISABLE();
 387              		.loc 1 136 5
 388 0012 064B     		ldr	r3, .L22
 389 0014 1B6C     		ldr	r3, [r3, #64]
 390 0016 054A     		ldr	r2, .L22
 391 0018 23F00103 		bic	r3, r3, #1
 392 001c 1364     		str	r3, [r2, #64]
 393              	.L21:
 137:Core/Src/tim.c ****   /* USER CODE BEGIN TIM2_MspDeInit 1 */
 138:Core/Src/tim.c **** 
 139:Core/Src/tim.c ****   /* USER CODE END TIM2_MspDeInit 1 */
 140:Core/Src/tim.c ****   }
 141:Core/Src/tim.c **** }
 394              		.loc 1 141 1
 395 001e 00BF     		nop
 396 0020 0C37     		adds	r7, r7, #12
 397              	.LCFI19:
 398              		.cfi_def_cfa_offset 4
 399 0022 BD46     		mov	sp, r7
 400              	.LCFI20:
 401              		.cfi_def_cfa_register 13
 402              		@ sp needed
 403 0024 5DF8047B 		ldr	r7, [sp], #4
 404              	.LCFI21:
 405              		.cfi_restore 7
 406              		.cfi_def_cfa_offset 0
 407 0028 7047     		bx	lr
 408              	.L23:
 409 002a 00BF     		.align	2
 410              	.L22:
 411 002c 00380240 		.word	1073887232
 412              		.cfi_endproc
 413              	.LFE142:
 415              		.text
 416              	.Letext0:
 417              		.file 2 "d:\\stm_for_vs\\gcc-arm-none-eabi-10.3-2021.10\\arm-none-eabi\\include\\machine\\_default
 418              		.file 3 "d:\\stm_for_vs\\gcc-arm-none-eabi-10.3-2021.10\\arm-none-eabi\\include\\sys\\_stdint.h"
 419              		.file 4 "Drivers/CMSIS/Device/ST/STM32F4xx/Include/stm32f405xx.h"
 420              		.file 5 "Drivers/STM32F4xx_HAL_Driver/Inc/stm32f4xx_hal_def.h"
 421              		.file 6 "Drivers/STM32F4xx_HAL_Driver/Inc/stm32f4xx_hal_gpio.h"
 422              		.file 7 "Drivers/STM32F4xx_HAL_Driver/Inc/stm32f4xx_hal_dma.h"
 423              		.file 8 "Drivers/STM32F4xx_HAL_Driver/Inc/stm32f4xx_hal_tim.h"
 424              		.file 9 "Core/Inc/tim.h"
ARM GAS  C:\Users\30806\AppData\Local\Temp\ccGerg1g.s 			page 11


DEFINED SYMBOLS
                            *ABS*:00000000 tim.c
C:\Users\30806\AppData\Local\Temp\ccGerg1g.s:24     .bss.htim2:00000000 htim2
C:\Users\30806\AppData\Local\Temp\ccGerg1g.s:21     .bss.htim2:00000000 $d
C:\Users\30806\AppData\Local\Temp\ccGerg1g.s:27     .text.MX_TIM2_Init:00000000 $t
C:\Users\30806\AppData\Local\Temp\ccGerg1g.s:33     .text.MX_TIM2_Init:00000000 MX_TIM2_Init
C:\Users\30806\AppData\Local\Temp\ccGerg1g.s:270    .text.HAL_TIM_MspPostInit:00000000 HAL_TIM_MspPostInit
C:\Users\30806\AppData\Local\Temp\ccGerg1g.s:191    .text.MX_TIM2_Init:000000e8 $d
C:\Users\30806\AppData\Local\Temp\ccGerg1g.s:196    .text.HAL_TIM_Base_MspInit:00000000 $t
C:\Users\30806\AppData\Local\Temp\ccGerg1g.s:202    .text.HAL_TIM_Base_MspInit:00000000 HAL_TIM_Base_MspInit
C:\Users\30806\AppData\Local\Temp\ccGerg1g.s:259    .text.HAL_TIM_Base_MspInit:0000003c $d
C:\Users\30806\AppData\Local\Temp\ccGerg1g.s:264    .text.HAL_TIM_MspPostInit:00000000 $t
C:\Users\30806\AppData\Local\Temp\ccGerg1g.s:351    .text.HAL_TIM_MspPostInit:00000068 $d
C:\Users\30806\AppData\Local\Temp\ccGerg1g.s:357    .text.HAL_TIM_Base_MspDeInit:00000000 $t
C:\Users\30806\AppData\Local\Temp\ccGerg1g.s:363    .text.HAL_TIM_Base_MspDeInit:00000000 HAL_TIM_Base_MspDeInit
C:\Users\30806\AppData\Local\Temp\ccGerg1g.s:411    .text.HAL_TIM_Base_MspDeInit:0000002c $d

UNDEFINED SYMBOLS
HAL_TIM_Base_Init
Error_Handler
HAL_TIM_ConfigClockSource
HAL_TIM_PWM_Init
HAL_TIMEx_MasterConfigSynchronization
HAL_TIM_PWM_ConfigChannel
HAL_GPIO_Init
