ARM GAS  C:\Users\30806\AppData\Local\Temp\ccSaZpFn.s 			page 1


   1              		.cpu cortex-m4
   2              		.arch armv7e-m
   3              		.fpu fpv4-sp-d16
   4              		.eabi_attribute 27, 1
   5              		.eabi_attribute 28, 1
   6              		.eabi_attribute 20, 1
   7              		.eabi_attribute 21, 1
   8              		.eabi_attribute 23, 3
   9              		.eabi_attribute 24, 1
  10              		.eabi_attribute 25, 1
  11              		.eabi_attribute 26, 1
  12              		.eabi_attribute 30, 6
  13              		.eabi_attribute 34, 1
  14              		.eabi_attribute 18, 4
  15              		.file	"usart.c"
  16              		.text
  17              	.Ltext0:
  18              		.cfi_sections	.debug_frame
  19              		.global	huart3
  20              		.section	.bss.huart3,"aw",%nobits
  21              		.align	2
  24              	huart3:
  25 0000 00000000 		.space	72
  25      00000000 
  25      00000000 
  25      00000000 
  25      00000000 
  26              		.global	huart6
  27              		.section	.bss.huart6,"aw",%nobits
  28              		.align	2
  31              	huart6:
  32 0000 00000000 		.space	72
  32      00000000 
  32      00000000 
  32      00000000 
  32      00000000 
  33              		.global	hdma_usart3_rx
  34              		.section	.bss.hdma_usart3_rx,"aw",%nobits
  35              		.align	2
  38              	hdma_usart3_rx:
  39 0000 00000000 		.space	96
  39      00000000 
  39      00000000 
  39      00000000 
  39      00000000 
  40              		.global	hdma_usart6_rx
  41              		.section	.bss.hdma_usart6_rx,"aw",%nobits
  42              		.align	2
  45              	hdma_usart6_rx:
  46 0000 00000000 		.space	96
  46      00000000 
  46      00000000 
  46      00000000 
  46      00000000 
  47              		.global	hdma_usart6_tx
  48              		.section	.bss.hdma_usart6_tx,"aw",%nobits
  49              		.align	2
ARM GAS  C:\Users\30806\AppData\Local\Temp\ccSaZpFn.s 			page 2


  52              	hdma_usart6_tx:
  53 0000 00000000 		.space	96
  53      00000000 
  53      00000000 
  53      00000000 
  53      00000000 
  54              		.section	.text.MX_USART3_UART_Init,"ax",%progbits
  55              		.align	1
  56              		.global	MX_USART3_UART_Init
  57              		.syntax unified
  58              		.thumb
  59              		.thumb_func
  61              	MX_USART3_UART_Init:
  62              	.LFB139:
  63              		.file 1 "Core/Src/usart.c"
   1:Core/Src/usart.c **** /* USER CODE BEGIN Header */
   2:Core/Src/usart.c **** /**
   3:Core/Src/usart.c ****   ******************************************************************************
   4:Core/Src/usart.c ****   * @file    usart.c
   5:Core/Src/usart.c ****   * @brief   This file provides code for the configuration
   6:Core/Src/usart.c ****   *          of the USART instances.
   7:Core/Src/usart.c ****   ******************************************************************************
   8:Core/Src/usart.c ****   * @attention
   9:Core/Src/usart.c ****   *
  10:Core/Src/usart.c ****   * Copyright (c) 2024 STMicroelectronics.
  11:Core/Src/usart.c ****   * All rights reserved.
  12:Core/Src/usart.c ****   *
  13:Core/Src/usart.c ****   * This software is licensed under terms that can be found in the LICENSE file
  14:Core/Src/usart.c ****   * in the root directory of this software component.
  15:Core/Src/usart.c ****   * If no LICENSE file comes with this software, it is provided AS-IS.
  16:Core/Src/usart.c ****   *
  17:Core/Src/usart.c ****   ******************************************************************************
  18:Core/Src/usart.c ****   */
  19:Core/Src/usart.c **** /* USER CODE END Header */
  20:Core/Src/usart.c **** /* Includes ------------------------------------------------------------------*/
  21:Core/Src/usart.c **** #include "usart.h"
  22:Core/Src/usart.c **** 
  23:Core/Src/usart.c **** /* USER CODE BEGIN 0 */
  24:Core/Src/usart.c **** 
  25:Core/Src/usart.c **** /* USER CODE END 0 */
  26:Core/Src/usart.c **** 
  27:Core/Src/usart.c **** UART_HandleTypeDef huart3;
  28:Core/Src/usart.c **** UART_HandleTypeDef huart6;
  29:Core/Src/usart.c **** DMA_HandleTypeDef hdma_usart3_rx;
  30:Core/Src/usart.c **** DMA_HandleTypeDef hdma_usart6_rx;
  31:Core/Src/usart.c **** DMA_HandleTypeDef hdma_usart6_tx;
  32:Core/Src/usart.c **** 
  33:Core/Src/usart.c **** /* USART3 init function */
  34:Core/Src/usart.c **** 
  35:Core/Src/usart.c **** void MX_USART3_UART_Init(void)
  36:Core/Src/usart.c **** {
  64              		.loc 1 36 1
  65              		.cfi_startproc
  66              		@ args = 0, pretend = 0, frame = 0
  67              		@ frame_needed = 1, uses_anonymous_args = 0
  68 0000 80B5     		push	{r7, lr}
  69              	.LCFI0:
ARM GAS  C:\Users\30806\AppData\Local\Temp\ccSaZpFn.s 			page 3


  70              		.cfi_def_cfa_offset 8
  71              		.cfi_offset 7, -8
  72              		.cfi_offset 14, -4
  73 0002 00AF     		add	r7, sp, #0
  74              	.LCFI1:
  75              		.cfi_def_cfa_register 7
  37:Core/Src/usart.c **** 
  38:Core/Src/usart.c ****   /* USER CODE BEGIN USART3_Init 0 */
  39:Core/Src/usart.c **** 
  40:Core/Src/usart.c ****   /* USER CODE END USART3_Init 0 */
  41:Core/Src/usart.c **** 
  42:Core/Src/usart.c ****   /* USER CODE BEGIN USART3_Init 1 */
  43:Core/Src/usart.c **** 
  44:Core/Src/usart.c ****   /* USER CODE END USART3_Init 1 */
  45:Core/Src/usart.c ****   huart3.Instance = USART3;
  76              		.loc 1 45 19
  77 0004 114B     		ldr	r3, .L4
  78 0006 124A     		ldr	r2, .L4+4
  79 0008 1A60     		str	r2, [r3]
  46:Core/Src/usart.c ****   huart3.Init.BaudRate = 100000;
  80              		.loc 1 46 24
  81 000a 104B     		ldr	r3, .L4
  82 000c 114A     		ldr	r2, .L4+8
  83 000e 5A60     		str	r2, [r3, #4]
  47:Core/Src/usart.c ****   huart3.Init.WordLength = UART_WORDLENGTH_8B;
  84              		.loc 1 47 26
  85 0010 0E4B     		ldr	r3, .L4
  86 0012 0022     		movs	r2, #0
  87 0014 9A60     		str	r2, [r3, #8]
  48:Core/Src/usart.c ****   huart3.Init.StopBits = UART_STOPBITS_1;
  88              		.loc 1 48 24
  89 0016 0D4B     		ldr	r3, .L4
  90 0018 0022     		movs	r2, #0
  91 001a DA60     		str	r2, [r3, #12]
  49:Core/Src/usart.c ****   huart3.Init.Parity = UART_PARITY_EVEN;
  92              		.loc 1 49 22
  93 001c 0B4B     		ldr	r3, .L4
  94 001e 4FF48062 		mov	r2, #1024
  95 0022 1A61     		str	r2, [r3, #16]
  50:Core/Src/usart.c ****   huart3.Init.Mode = UART_MODE_RX;
  96              		.loc 1 50 20
  97 0024 094B     		ldr	r3, .L4
  98 0026 0422     		movs	r2, #4
  99 0028 5A61     		str	r2, [r3, #20]
  51:Core/Src/usart.c ****   huart3.Init.HwFlowCtl = UART_HWCONTROL_NONE;
 100              		.loc 1 51 25
 101 002a 084B     		ldr	r3, .L4
 102 002c 0022     		movs	r2, #0
 103 002e 9A61     		str	r2, [r3, #24]
  52:Core/Src/usart.c ****   huart3.Init.OverSampling = UART_OVERSAMPLING_16;
 104              		.loc 1 52 28
 105 0030 064B     		ldr	r3, .L4
 106 0032 0022     		movs	r2, #0
 107 0034 DA61     		str	r2, [r3, #28]
  53:Core/Src/usart.c ****   if (HAL_UART_Init(&huart3) != HAL_OK)
 108              		.loc 1 53 7
 109 0036 0548     		ldr	r0, .L4
ARM GAS  C:\Users\30806\AppData\Local\Temp\ccSaZpFn.s 			page 4


 110 0038 FFF7FEFF 		bl	HAL_UART_Init
 111 003c 0346     		mov	r3, r0
 112              		.loc 1 53 6
 113 003e 002B     		cmp	r3, #0
 114 0040 01D0     		beq	.L3
  54:Core/Src/usart.c ****   {
  55:Core/Src/usart.c ****     Error_Handler();
 115              		.loc 1 55 5
 116 0042 FFF7FEFF 		bl	Error_Handler
 117              	.L3:
  56:Core/Src/usart.c ****   }
  57:Core/Src/usart.c ****   /* USER CODE BEGIN USART3_Init 2 */
  58:Core/Src/usart.c **** 
  59:Core/Src/usart.c ****   /* USER CODE END USART3_Init 2 */
  60:Core/Src/usart.c **** 
  61:Core/Src/usart.c **** }
 118              		.loc 1 61 1
 119 0046 00BF     		nop
 120 0048 80BD     		pop	{r7, pc}
 121              	.L5:
 122 004a 00BF     		.align	2
 123              	.L4:
 124 004c 00000000 		.word	huart3
 125 0050 00480040 		.word	1073760256
 126 0054 A0860100 		.word	100000
 127              		.cfi_endproc
 128              	.LFE139:
 130              		.section	.text.MX_USART6_UART_Init,"ax",%progbits
 131              		.align	1
 132              		.global	MX_USART6_UART_Init
 133              		.syntax unified
 134              		.thumb
 135              		.thumb_func
 137              	MX_USART6_UART_Init:
 138              	.LFB140:
  62:Core/Src/usart.c **** /* USART6 init function */
  63:Core/Src/usart.c **** 
  64:Core/Src/usart.c **** void MX_USART6_UART_Init(void)
  65:Core/Src/usart.c **** {
 139              		.loc 1 65 1
 140              		.cfi_startproc
 141              		@ args = 0, pretend = 0, frame = 0
 142              		@ frame_needed = 1, uses_anonymous_args = 0
 143 0000 80B5     		push	{r7, lr}
 144              	.LCFI2:
 145              		.cfi_def_cfa_offset 8
 146              		.cfi_offset 7, -8
 147              		.cfi_offset 14, -4
 148 0002 00AF     		add	r7, sp, #0
 149              	.LCFI3:
 150              		.cfi_def_cfa_register 7
  66:Core/Src/usart.c **** 
  67:Core/Src/usart.c ****   /* USER CODE BEGIN USART6_Init 0 */
  68:Core/Src/usart.c **** 
  69:Core/Src/usart.c ****   /* USER CODE END USART6_Init 0 */
  70:Core/Src/usart.c **** 
  71:Core/Src/usart.c ****   /* USER CODE BEGIN USART6_Init 1 */
ARM GAS  C:\Users\30806\AppData\Local\Temp\ccSaZpFn.s 			page 5


  72:Core/Src/usart.c **** 
  73:Core/Src/usart.c ****   /* USER CODE END USART6_Init 1 */
  74:Core/Src/usart.c ****   huart6.Instance = USART6;
 151              		.loc 1 74 19
 152 0004 114B     		ldr	r3, .L9
 153 0006 124A     		ldr	r2, .L9+4
 154 0008 1A60     		str	r2, [r3]
  75:Core/Src/usart.c ****   huart6.Init.BaudRate = 115200;
 155              		.loc 1 75 24
 156 000a 104B     		ldr	r3, .L9
 157 000c 4FF4E132 		mov	r2, #115200
 158 0010 5A60     		str	r2, [r3, #4]
  76:Core/Src/usart.c ****   huart6.Init.WordLength = UART_WORDLENGTH_8B;
 159              		.loc 1 76 26
 160 0012 0E4B     		ldr	r3, .L9
 161 0014 0022     		movs	r2, #0
 162 0016 9A60     		str	r2, [r3, #8]
  77:Core/Src/usart.c ****   huart6.Init.StopBits = UART_STOPBITS_1;
 163              		.loc 1 77 24
 164 0018 0C4B     		ldr	r3, .L9
 165 001a 0022     		movs	r2, #0
 166 001c DA60     		str	r2, [r3, #12]
  78:Core/Src/usart.c ****   huart6.Init.Parity = UART_PARITY_NONE;
 167              		.loc 1 78 22
 168 001e 0B4B     		ldr	r3, .L9
 169 0020 0022     		movs	r2, #0
 170 0022 1A61     		str	r2, [r3, #16]
  79:Core/Src/usart.c ****   huart6.Init.Mode = UART_MODE_TX_RX;
 171              		.loc 1 79 20
 172 0024 094B     		ldr	r3, .L9
 173 0026 0C22     		movs	r2, #12
 174 0028 5A61     		str	r2, [r3, #20]
  80:Core/Src/usart.c ****   huart6.Init.HwFlowCtl = UART_HWCONTROL_NONE;
 175              		.loc 1 80 25
 176 002a 084B     		ldr	r3, .L9
 177 002c 0022     		movs	r2, #0
 178 002e 9A61     		str	r2, [r3, #24]
  81:Core/Src/usart.c ****   huart6.Init.OverSampling = UART_OVERSAMPLING_16;
 179              		.loc 1 81 28
 180 0030 064B     		ldr	r3, .L9
 181 0032 0022     		movs	r2, #0
 182 0034 DA61     		str	r2, [r3, #28]
  82:Core/Src/usart.c ****   if (HAL_UART_Init(&huart6) != HAL_OK)
 183              		.loc 1 82 7
 184 0036 0548     		ldr	r0, .L9
 185 0038 FFF7FEFF 		bl	HAL_UART_Init
 186 003c 0346     		mov	r3, r0
 187              		.loc 1 82 6
 188 003e 002B     		cmp	r3, #0
 189 0040 01D0     		beq	.L8
  83:Core/Src/usart.c ****   {
  84:Core/Src/usart.c ****     Error_Handler();
 190              		.loc 1 84 5
 191 0042 FFF7FEFF 		bl	Error_Handler
 192              	.L8:
  85:Core/Src/usart.c ****   }
  86:Core/Src/usart.c ****   /* USER CODE BEGIN USART6_Init 2 */
ARM GAS  C:\Users\30806\AppData\Local\Temp\ccSaZpFn.s 			page 6


  87:Core/Src/usart.c **** 
  88:Core/Src/usart.c ****   /* USER CODE END USART6_Init 2 */
  89:Core/Src/usart.c **** 
  90:Core/Src/usart.c **** }
 193              		.loc 1 90 1
 194 0046 00BF     		nop
 195 0048 80BD     		pop	{r7, pc}
 196              	.L10:
 197 004a 00BF     		.align	2
 198              	.L9:
 199 004c 00000000 		.word	huart6
 200 0050 00140140 		.word	1073812480
 201              		.cfi_endproc
 202              	.LFE140:
 204              		.section	.text.HAL_UART_MspInit,"ax",%progbits
 205              		.align	1
 206              		.global	HAL_UART_MspInit
 207              		.syntax unified
 208              		.thumb
 209              		.thumb_func
 211              	HAL_UART_MspInit:
 212              	.LFB141:
  91:Core/Src/usart.c **** 
  92:Core/Src/usart.c **** void HAL_UART_MspInit(UART_HandleTypeDef* uartHandle)
  93:Core/Src/usart.c **** {
 213              		.loc 1 93 1
 214              		.cfi_startproc
 215              		@ args = 0, pretend = 0, frame = 48
 216              		@ frame_needed = 1, uses_anonymous_args = 0
 217 0000 80B5     		push	{r7, lr}
 218              	.LCFI4:
 219              		.cfi_def_cfa_offset 8
 220              		.cfi_offset 7, -8
 221              		.cfi_offset 14, -4
 222 0002 8CB0     		sub	sp, sp, #48
 223              	.LCFI5:
 224              		.cfi_def_cfa_offset 56
 225 0004 00AF     		add	r7, sp, #0
 226              	.LCFI6:
 227              		.cfi_def_cfa_register 7
 228 0006 7860     		str	r0, [r7, #4]
  94:Core/Src/usart.c **** 
  95:Core/Src/usart.c ****   GPIO_InitTypeDef GPIO_InitStruct = {0};
 229              		.loc 1 95 20
 230 0008 07F11C03 		add	r3, r7, #28
 231 000c 0022     		movs	r2, #0
 232 000e 1A60     		str	r2, [r3]
 233 0010 5A60     		str	r2, [r3, #4]
 234 0012 9A60     		str	r2, [r3, #8]
 235 0014 DA60     		str	r2, [r3, #12]
 236 0016 1A61     		str	r2, [r3, #16]
  96:Core/Src/usart.c ****   if(uartHandle->Instance==USART3)
 237              		.loc 1 96 16
 238 0018 7B68     		ldr	r3, [r7, #4]
 239 001a 1B68     		ldr	r3, [r3]
 240              		.loc 1 96 5
 241 001c 8D4A     		ldr	r2, .L18
ARM GAS  C:\Users\30806\AppData\Local\Temp\ccSaZpFn.s 			page 7


 242 001e 9342     		cmp	r3, r2
 243 0020 40F08580 		bne	.L12
 244              	.LBB2:
  97:Core/Src/usart.c ****   {
  98:Core/Src/usart.c ****   /* USER CODE BEGIN USART3_MspInit 0 */
  99:Core/Src/usart.c **** 
 100:Core/Src/usart.c ****   /* USER CODE END USART3_MspInit 0 */
 101:Core/Src/usart.c ****     /* USART3 clock enable */
 102:Core/Src/usart.c ****     __HAL_RCC_USART3_CLK_ENABLE();
 245              		.loc 1 102 5
 246 0024 0023     		movs	r3, #0
 247 0026 BB61     		str	r3, [r7, #24]
 248 0028 8B4B     		ldr	r3, .L18+4
 249 002a 1B6C     		ldr	r3, [r3, #64]
 250 002c 8A4A     		ldr	r2, .L18+4
 251 002e 43F48023 		orr	r3, r3, #262144
 252 0032 1364     		str	r3, [r2, #64]
 253 0034 884B     		ldr	r3, .L18+4
 254 0036 1B6C     		ldr	r3, [r3, #64]
 255 0038 03F48023 		and	r3, r3, #262144
 256 003c BB61     		str	r3, [r7, #24]
 257 003e BB69     		ldr	r3, [r7, #24]
 258              	.LBE2:
 259              	.LBB3:
 103:Core/Src/usart.c **** 
 104:Core/Src/usart.c ****     __HAL_RCC_GPIOB_CLK_ENABLE();
 260              		.loc 1 104 5
 261 0040 0023     		movs	r3, #0
 262 0042 7B61     		str	r3, [r7, #20]
 263 0044 844B     		ldr	r3, .L18+4
 264 0046 1B6B     		ldr	r3, [r3, #48]
 265 0048 834A     		ldr	r2, .L18+4
 266 004a 43F00203 		orr	r3, r3, #2
 267 004e 1363     		str	r3, [r2, #48]
 268 0050 814B     		ldr	r3, .L18+4
 269 0052 1B6B     		ldr	r3, [r3, #48]
 270 0054 03F00203 		and	r3, r3, #2
 271 0058 7B61     		str	r3, [r7, #20]
 272 005a 7B69     		ldr	r3, [r7, #20]
 273              	.LBE3:
 274              	.LBB4:
 105:Core/Src/usart.c ****     __HAL_RCC_GPIOC_CLK_ENABLE();
 275              		.loc 1 105 5
 276 005c 0023     		movs	r3, #0
 277 005e 3B61     		str	r3, [r7, #16]
 278 0060 7D4B     		ldr	r3, .L18+4
 279 0062 1B6B     		ldr	r3, [r3, #48]
 280 0064 7C4A     		ldr	r2, .L18+4
 281 0066 43F00403 		orr	r3, r3, #4
 282 006a 1363     		str	r3, [r2, #48]
 283 006c 7A4B     		ldr	r3, .L18+4
 284 006e 1B6B     		ldr	r3, [r3, #48]
 285 0070 03F00403 		and	r3, r3, #4
 286 0074 3B61     		str	r3, [r7, #16]
 287 0076 3B69     		ldr	r3, [r7, #16]
 288              	.LBE4:
 106:Core/Src/usart.c ****     /**USART3 GPIO Configuration
ARM GAS  C:\Users\30806\AppData\Local\Temp\ccSaZpFn.s 			page 8


 107:Core/Src/usart.c ****     PB11     ------> USART3_RX
 108:Core/Src/usart.c ****     PC10     ------> USART3_TX
 109:Core/Src/usart.c ****     */
 110:Core/Src/usart.c ****     GPIO_InitStruct.Pin = GPIO_PIN_11;
 289              		.loc 1 110 25
 290 0078 4FF40063 		mov	r3, #2048
 291 007c FB61     		str	r3, [r7, #28]
 111:Core/Src/usart.c ****     GPIO_InitStruct.Mode = GPIO_MODE_AF_PP;
 292              		.loc 1 111 26
 293 007e 0223     		movs	r3, #2
 294 0080 3B62     		str	r3, [r7, #32]
 112:Core/Src/usart.c ****     GPIO_InitStruct.Pull = GPIO_NOPULL;
 295              		.loc 1 112 26
 296 0082 0023     		movs	r3, #0
 297 0084 7B62     		str	r3, [r7, #36]
 113:Core/Src/usart.c ****     GPIO_InitStruct.Speed = GPIO_SPEED_FREQ_VERY_HIGH;
 298              		.loc 1 113 27
 299 0086 0323     		movs	r3, #3
 300 0088 BB62     		str	r3, [r7, #40]
 114:Core/Src/usart.c ****     GPIO_InitStruct.Alternate = GPIO_AF7_USART3;
 301              		.loc 1 114 31
 302 008a 0723     		movs	r3, #7
 303 008c FB62     		str	r3, [r7, #44]
 115:Core/Src/usart.c ****     HAL_GPIO_Init(GPIOB, &GPIO_InitStruct);
 304              		.loc 1 115 5
 305 008e 07F11C03 		add	r3, r7, #28
 306 0092 1946     		mov	r1, r3
 307 0094 7148     		ldr	r0, .L18+8
 308 0096 FFF7FEFF 		bl	HAL_GPIO_Init
 116:Core/Src/usart.c **** 
 117:Core/Src/usart.c ****     GPIO_InitStruct.Pin = GPIO_PIN_10;
 309              		.loc 1 117 25
 310 009a 4FF48063 		mov	r3, #1024
 311 009e FB61     		str	r3, [r7, #28]
 118:Core/Src/usart.c ****     GPIO_InitStruct.Mode = GPIO_MODE_AF_PP;
 312              		.loc 1 118 26
 313 00a0 0223     		movs	r3, #2
 314 00a2 3B62     		str	r3, [r7, #32]
 119:Core/Src/usart.c ****     GPIO_InitStruct.Pull = GPIO_NOPULL;
 315              		.loc 1 119 26
 316 00a4 0023     		movs	r3, #0
 317 00a6 7B62     		str	r3, [r7, #36]
 120:Core/Src/usart.c ****     GPIO_InitStruct.Speed = GPIO_SPEED_FREQ_VERY_HIGH;
 318              		.loc 1 120 27
 319 00a8 0323     		movs	r3, #3
 320 00aa BB62     		str	r3, [r7, #40]
 121:Core/Src/usart.c ****     GPIO_InitStruct.Alternate = GPIO_AF7_USART3;
 321              		.loc 1 121 31
 322 00ac 0723     		movs	r3, #7
 323 00ae FB62     		str	r3, [r7, #44]
 122:Core/Src/usart.c ****     HAL_GPIO_Init(GPIOC, &GPIO_InitStruct);
 324              		.loc 1 122 5
 325 00b0 07F11C03 		add	r3, r7, #28
 326 00b4 1946     		mov	r1, r3
 327 00b6 6A48     		ldr	r0, .L18+12
 328 00b8 FFF7FEFF 		bl	HAL_GPIO_Init
 123:Core/Src/usart.c **** 
ARM GAS  C:\Users\30806\AppData\Local\Temp\ccSaZpFn.s 			page 9


 124:Core/Src/usart.c ****     /* USART3 DMA Init */
 125:Core/Src/usart.c ****     /* USART3_RX Init */
 126:Core/Src/usart.c ****     hdma_usart3_rx.Instance = DMA1_Stream1;
 329              		.loc 1 126 29
 330 00bc 694B     		ldr	r3, .L18+16
 331 00be 6A4A     		ldr	r2, .L18+20
 332 00c0 1A60     		str	r2, [r3]
 127:Core/Src/usart.c ****     hdma_usart3_rx.Init.Channel = DMA_CHANNEL_4;
 333              		.loc 1 127 33
 334 00c2 684B     		ldr	r3, .L18+16
 335 00c4 4FF00062 		mov	r2, #134217728
 336 00c8 5A60     		str	r2, [r3, #4]
 128:Core/Src/usart.c ****     hdma_usart3_rx.Init.Direction = DMA_PERIPH_TO_MEMORY;
 337              		.loc 1 128 35
 338 00ca 664B     		ldr	r3, .L18+16
 339 00cc 0022     		movs	r2, #0
 340 00ce 9A60     		str	r2, [r3, #8]
 129:Core/Src/usart.c ****     hdma_usart3_rx.Init.PeriphInc = DMA_PINC_DISABLE;
 341              		.loc 1 129 35
 342 00d0 644B     		ldr	r3, .L18+16
 343 00d2 0022     		movs	r2, #0
 344 00d4 DA60     		str	r2, [r3, #12]
 130:Core/Src/usart.c ****     hdma_usart3_rx.Init.MemInc = DMA_MINC_ENABLE;
 345              		.loc 1 130 32
 346 00d6 634B     		ldr	r3, .L18+16
 347 00d8 4FF48062 		mov	r2, #1024
 348 00dc 1A61     		str	r2, [r3, #16]
 131:Core/Src/usart.c ****     hdma_usart3_rx.Init.PeriphDataAlignment = DMA_PDATAALIGN_BYTE;
 349              		.loc 1 131 45
 350 00de 614B     		ldr	r3, .L18+16
 351 00e0 0022     		movs	r2, #0
 352 00e2 5A61     		str	r2, [r3, #20]
 132:Core/Src/usart.c ****     hdma_usart3_rx.Init.MemDataAlignment = DMA_MDATAALIGN_BYTE;
 353              		.loc 1 132 42
 354 00e4 5F4B     		ldr	r3, .L18+16
 355 00e6 0022     		movs	r2, #0
 356 00e8 9A61     		str	r2, [r3, #24]
 133:Core/Src/usart.c ****     hdma_usart3_rx.Init.Mode = DMA_CIRCULAR;
 357              		.loc 1 133 30
 358 00ea 5E4B     		ldr	r3, .L18+16
 359 00ec 4FF48072 		mov	r2, #256
 360 00f0 DA61     		str	r2, [r3, #28]
 134:Core/Src/usart.c ****     hdma_usart3_rx.Init.Priority = DMA_PRIORITY_VERY_HIGH;
 361              		.loc 1 134 34
 362 00f2 5C4B     		ldr	r3, .L18+16
 363 00f4 4FF44032 		mov	r2, #196608
 364 00f8 1A62     		str	r2, [r3, #32]
 135:Core/Src/usart.c ****     hdma_usart3_rx.Init.FIFOMode = DMA_FIFOMODE_DISABLE;
 365              		.loc 1 135 34
 366 00fa 5A4B     		ldr	r3, .L18+16
 367 00fc 0022     		movs	r2, #0
 368 00fe 5A62     		str	r2, [r3, #36]
 136:Core/Src/usart.c ****     if (HAL_DMA_Init(&hdma_usart3_rx) != HAL_OK)
 369              		.loc 1 136 9
 370 0100 5848     		ldr	r0, .L18+16
 371 0102 FFF7FEFF 		bl	HAL_DMA_Init
 372 0106 0346     		mov	r3, r0
ARM GAS  C:\Users\30806\AppData\Local\Temp\ccSaZpFn.s 			page 10


 373              		.loc 1 136 8
 374 0108 002B     		cmp	r3, #0
 375 010a 01D0     		beq	.L13
 137:Core/Src/usart.c ****     {
 138:Core/Src/usart.c ****       Error_Handler();
 376              		.loc 1 138 7
 377 010c FFF7FEFF 		bl	Error_Handler
 378              	.L13:
 139:Core/Src/usart.c ****     }
 140:Core/Src/usart.c **** 
 141:Core/Src/usart.c ****     __HAL_LINKDMA(uartHandle,hdmarx,hdma_usart3_rx);
 379              		.loc 1 141 5
 380 0110 7B68     		ldr	r3, [r7, #4]
 381 0112 544A     		ldr	r2, .L18+16
 382 0114 DA63     		str	r2, [r3, #60]
 383 0116 534A     		ldr	r2, .L18+16
 384 0118 7B68     		ldr	r3, [r7, #4]
 385 011a 9363     		str	r3, [r2, #56]
 142:Core/Src/usart.c **** 
 143:Core/Src/usart.c ****     /* USART3 interrupt Init */
 144:Core/Src/usart.c ****     HAL_NVIC_SetPriority(USART3_IRQn, 5, 0);
 386              		.loc 1 144 5
 387 011c 0022     		movs	r2, #0
 388 011e 0521     		movs	r1, #5
 389 0120 2720     		movs	r0, #39
 390 0122 FFF7FEFF 		bl	HAL_NVIC_SetPriority
 145:Core/Src/usart.c ****     HAL_NVIC_EnableIRQ(USART3_IRQn);
 391              		.loc 1 145 5
 392 0126 2720     		movs	r0, #39
 393 0128 FFF7FEFF 		bl	HAL_NVIC_EnableIRQ
 146:Core/Src/usart.c ****   /* USER CODE BEGIN USART3_MspInit 1 */
 147:Core/Src/usart.c **** 
 148:Core/Src/usart.c ****   /* USER CODE END USART3_MspInit 1 */
 149:Core/Src/usart.c ****   }
 150:Core/Src/usart.c ****   else if(uartHandle->Instance==USART6)
 151:Core/Src/usart.c ****   {
 152:Core/Src/usart.c ****   /* USER CODE BEGIN USART6_MspInit 0 */
 153:Core/Src/usart.c **** 
 154:Core/Src/usart.c ****   /* USER CODE END USART6_MspInit 0 */
 155:Core/Src/usart.c ****     /* USART6 clock enable */
 156:Core/Src/usart.c ****     __HAL_RCC_USART6_CLK_ENABLE();
 157:Core/Src/usart.c **** 
 158:Core/Src/usart.c ****     __HAL_RCC_GPIOC_CLK_ENABLE();
 159:Core/Src/usart.c ****     /**USART6 GPIO Configuration
 160:Core/Src/usart.c ****     PC6     ------> USART6_TX
 161:Core/Src/usart.c ****     PC7     ------> USART6_RX
 162:Core/Src/usart.c ****     */
 163:Core/Src/usart.c ****     GPIO_InitStruct.Pin = GPIO_PIN_6|GPIO_PIN_7;
 164:Core/Src/usart.c ****     GPIO_InitStruct.Mode = GPIO_MODE_AF_PP;
 165:Core/Src/usart.c ****     GPIO_InitStruct.Pull = GPIO_NOPULL;
 166:Core/Src/usart.c ****     GPIO_InitStruct.Speed = GPIO_SPEED_FREQ_VERY_HIGH;
 167:Core/Src/usart.c ****     GPIO_InitStruct.Alternate = GPIO_AF8_USART6;
 168:Core/Src/usart.c ****     HAL_GPIO_Init(GPIOC, &GPIO_InitStruct);
 169:Core/Src/usart.c **** 
 170:Core/Src/usart.c ****     /* USART6 DMA Init */
 171:Core/Src/usart.c ****     /* USART6_RX Init */
 172:Core/Src/usart.c ****     hdma_usart6_rx.Instance = DMA2_Stream1;
ARM GAS  C:\Users\30806\AppData\Local\Temp\ccSaZpFn.s 			page 11


 173:Core/Src/usart.c ****     hdma_usart6_rx.Init.Channel = DMA_CHANNEL_5;
 174:Core/Src/usart.c ****     hdma_usart6_rx.Init.Direction = DMA_PERIPH_TO_MEMORY;
 175:Core/Src/usart.c ****     hdma_usart6_rx.Init.PeriphInc = DMA_PINC_DISABLE;
 176:Core/Src/usart.c ****     hdma_usart6_rx.Init.MemInc = DMA_MINC_ENABLE;
 177:Core/Src/usart.c ****     hdma_usart6_rx.Init.PeriphDataAlignment = DMA_PDATAALIGN_BYTE;
 178:Core/Src/usart.c ****     hdma_usart6_rx.Init.MemDataAlignment = DMA_MDATAALIGN_BYTE;
 179:Core/Src/usart.c ****     hdma_usart6_rx.Init.Mode = DMA_CIRCULAR;
 180:Core/Src/usart.c ****     hdma_usart6_rx.Init.Priority = DMA_PRIORITY_LOW;
 181:Core/Src/usart.c ****     hdma_usart6_rx.Init.FIFOMode = DMA_FIFOMODE_DISABLE;
 182:Core/Src/usart.c ****     if (HAL_DMA_Init(&hdma_usart6_rx) != HAL_OK)
 183:Core/Src/usart.c ****     {
 184:Core/Src/usart.c ****       Error_Handler();
 185:Core/Src/usart.c ****     }
 186:Core/Src/usart.c **** 
 187:Core/Src/usart.c ****     __HAL_LINKDMA(uartHandle,hdmarx,hdma_usart6_rx);
 188:Core/Src/usart.c **** 
 189:Core/Src/usart.c ****     /* USART6_TX Init */
 190:Core/Src/usart.c ****     hdma_usart6_tx.Instance = DMA2_Stream6;
 191:Core/Src/usart.c ****     hdma_usart6_tx.Init.Channel = DMA_CHANNEL_5;
 192:Core/Src/usart.c ****     hdma_usart6_tx.Init.Direction = DMA_MEMORY_TO_PERIPH;
 193:Core/Src/usart.c ****     hdma_usart6_tx.Init.PeriphInc = DMA_PINC_DISABLE;
 194:Core/Src/usart.c ****     hdma_usart6_tx.Init.MemInc = DMA_MINC_ENABLE;
 195:Core/Src/usart.c ****     hdma_usart6_tx.Init.PeriphDataAlignment = DMA_PDATAALIGN_BYTE;
 196:Core/Src/usart.c ****     hdma_usart6_tx.Init.MemDataAlignment = DMA_MDATAALIGN_BYTE;
 197:Core/Src/usart.c ****     hdma_usart6_tx.Init.Mode = DMA_NORMAL;
 198:Core/Src/usart.c ****     hdma_usart6_tx.Init.Priority = DMA_PRIORITY_LOW;
 199:Core/Src/usart.c ****     hdma_usart6_tx.Init.FIFOMode = DMA_FIFOMODE_DISABLE;
 200:Core/Src/usart.c ****     if (HAL_DMA_Init(&hdma_usart6_tx) != HAL_OK)
 201:Core/Src/usart.c ****     {
 202:Core/Src/usart.c ****       Error_Handler();
 203:Core/Src/usart.c ****     }
 204:Core/Src/usart.c **** 
 205:Core/Src/usart.c ****     __HAL_LINKDMA(uartHandle,hdmatx,hdma_usart6_tx);
 206:Core/Src/usart.c **** 
 207:Core/Src/usart.c ****   /* USER CODE BEGIN USART6_MspInit 1 */
 208:Core/Src/usart.c **** 
 209:Core/Src/usart.c ****   /* USER CODE END USART6_MspInit 1 */
 210:Core/Src/usart.c ****   }
 211:Core/Src/usart.c **** }
 394              		.loc 1 211 1
 395 012c 8EE0     		b	.L17
 396              	.L12:
 150:Core/Src/usart.c ****   {
 397              		.loc 1 150 21
 398 012e 7B68     		ldr	r3, [r7, #4]
 399 0130 1B68     		ldr	r3, [r3]
 150:Core/Src/usart.c ****   {
 400              		.loc 1 150 10
 401 0132 4E4A     		ldr	r2, .L18+24
 402 0134 9342     		cmp	r3, r2
 403 0136 40F08980 		bne	.L17
 404              	.LBB5:
 156:Core/Src/usart.c **** 
 405              		.loc 1 156 5
 406 013a 0023     		movs	r3, #0
 407 013c FB60     		str	r3, [r7, #12]
 408 013e 464B     		ldr	r3, .L18+4
ARM GAS  C:\Users\30806\AppData\Local\Temp\ccSaZpFn.s 			page 12


 409 0140 5B6C     		ldr	r3, [r3, #68]
 410 0142 454A     		ldr	r2, .L18+4
 411 0144 43F02003 		orr	r3, r3, #32
 412 0148 5364     		str	r3, [r2, #68]
 413 014a 434B     		ldr	r3, .L18+4
 414 014c 5B6C     		ldr	r3, [r3, #68]
 415 014e 03F02003 		and	r3, r3, #32
 416 0152 FB60     		str	r3, [r7, #12]
 417 0154 FB68     		ldr	r3, [r7, #12]
 418              	.LBE5:
 419              	.LBB6:
 158:Core/Src/usart.c ****     /**USART6 GPIO Configuration
 420              		.loc 1 158 5
 421 0156 0023     		movs	r3, #0
 422 0158 BB60     		str	r3, [r7, #8]
 423 015a 3F4B     		ldr	r3, .L18+4
 424 015c 1B6B     		ldr	r3, [r3, #48]
 425 015e 3E4A     		ldr	r2, .L18+4
 426 0160 43F00403 		orr	r3, r3, #4
 427 0164 1363     		str	r3, [r2, #48]
 428 0166 3C4B     		ldr	r3, .L18+4
 429 0168 1B6B     		ldr	r3, [r3, #48]
 430 016a 03F00403 		and	r3, r3, #4
 431 016e BB60     		str	r3, [r7, #8]
 432 0170 BB68     		ldr	r3, [r7, #8]
 433              	.LBE6:
 163:Core/Src/usart.c ****     GPIO_InitStruct.Mode = GPIO_MODE_AF_PP;
 434              		.loc 1 163 25
 435 0172 C023     		movs	r3, #192
 436 0174 FB61     		str	r3, [r7, #28]
 164:Core/Src/usart.c ****     GPIO_InitStruct.Pull = GPIO_NOPULL;
 437              		.loc 1 164 26
 438 0176 0223     		movs	r3, #2
 439 0178 3B62     		str	r3, [r7, #32]
 165:Core/Src/usart.c ****     GPIO_InitStruct.Speed = GPIO_SPEED_FREQ_VERY_HIGH;
 440              		.loc 1 165 26
 441 017a 0023     		movs	r3, #0
 442 017c 7B62     		str	r3, [r7, #36]
 166:Core/Src/usart.c ****     GPIO_InitStruct.Alternate = GPIO_AF8_USART6;
 443              		.loc 1 166 27
 444 017e 0323     		movs	r3, #3
 445 0180 BB62     		str	r3, [r7, #40]
 167:Core/Src/usart.c ****     HAL_GPIO_Init(GPIOC, &GPIO_InitStruct);
 446              		.loc 1 167 31
 447 0182 0823     		movs	r3, #8
 448 0184 FB62     		str	r3, [r7, #44]
 168:Core/Src/usart.c **** 
 449              		.loc 1 168 5
 450 0186 07F11C03 		add	r3, r7, #28
 451 018a 1946     		mov	r1, r3
 452 018c 3448     		ldr	r0, .L18+12
 453 018e FFF7FEFF 		bl	HAL_GPIO_Init
 172:Core/Src/usart.c ****     hdma_usart6_rx.Init.Channel = DMA_CHANNEL_5;
 454              		.loc 1 172 29
 455 0192 374B     		ldr	r3, .L18+28
 456 0194 374A     		ldr	r2, .L18+32
 457 0196 1A60     		str	r2, [r3]
ARM GAS  C:\Users\30806\AppData\Local\Temp\ccSaZpFn.s 			page 13


 173:Core/Src/usart.c ****     hdma_usart6_rx.Init.Direction = DMA_PERIPH_TO_MEMORY;
 458              		.loc 1 173 33
 459 0198 354B     		ldr	r3, .L18+28
 460 019a 4FF02062 		mov	r2, #167772160
 461 019e 5A60     		str	r2, [r3, #4]
 174:Core/Src/usart.c ****     hdma_usart6_rx.Init.PeriphInc = DMA_PINC_DISABLE;
 462              		.loc 1 174 35
 463 01a0 334B     		ldr	r3, .L18+28
 464 01a2 0022     		movs	r2, #0
 465 01a4 9A60     		str	r2, [r3, #8]
 175:Core/Src/usart.c ****     hdma_usart6_rx.Init.MemInc = DMA_MINC_ENABLE;
 466              		.loc 1 175 35
 467 01a6 324B     		ldr	r3, .L18+28
 468 01a8 0022     		movs	r2, #0
 469 01aa DA60     		str	r2, [r3, #12]
 176:Core/Src/usart.c ****     hdma_usart6_rx.Init.PeriphDataAlignment = DMA_PDATAALIGN_BYTE;
 470              		.loc 1 176 32
 471 01ac 304B     		ldr	r3, .L18+28
 472 01ae 4FF48062 		mov	r2, #1024
 473 01b2 1A61     		str	r2, [r3, #16]
 177:Core/Src/usart.c ****     hdma_usart6_rx.Init.MemDataAlignment = DMA_MDATAALIGN_BYTE;
 474              		.loc 1 177 45
 475 01b4 2E4B     		ldr	r3, .L18+28
 476 01b6 0022     		movs	r2, #0
 477 01b8 5A61     		str	r2, [r3, #20]
 178:Core/Src/usart.c ****     hdma_usart6_rx.Init.Mode = DMA_CIRCULAR;
 478              		.loc 1 178 42
 479 01ba 2D4B     		ldr	r3, .L18+28
 480 01bc 0022     		movs	r2, #0
 481 01be 9A61     		str	r2, [r3, #24]
 179:Core/Src/usart.c ****     hdma_usart6_rx.Init.Priority = DMA_PRIORITY_LOW;
 482              		.loc 1 179 30
 483 01c0 2B4B     		ldr	r3, .L18+28
 484 01c2 4FF48072 		mov	r2, #256
 485 01c6 DA61     		str	r2, [r3, #28]
 180:Core/Src/usart.c ****     hdma_usart6_rx.Init.FIFOMode = DMA_FIFOMODE_DISABLE;
 486              		.loc 1 180 34
 487 01c8 294B     		ldr	r3, .L18+28
 488 01ca 0022     		movs	r2, #0
 489 01cc 1A62     		str	r2, [r3, #32]
 181:Core/Src/usart.c ****     if (HAL_DMA_Init(&hdma_usart6_rx) != HAL_OK)
 490              		.loc 1 181 34
 491 01ce 284B     		ldr	r3, .L18+28
 492 01d0 0022     		movs	r2, #0
 493 01d2 5A62     		str	r2, [r3, #36]
 182:Core/Src/usart.c ****     {
 494              		.loc 1 182 9
 495 01d4 2648     		ldr	r0, .L18+28
 496 01d6 FFF7FEFF 		bl	HAL_DMA_Init
 497 01da 0346     		mov	r3, r0
 182:Core/Src/usart.c ****     {
 498              		.loc 1 182 8
 499 01dc 002B     		cmp	r3, #0
 500 01de 01D0     		beq	.L15
 184:Core/Src/usart.c ****     }
 501              		.loc 1 184 7
 502 01e0 FFF7FEFF 		bl	Error_Handler
ARM GAS  C:\Users\30806\AppData\Local\Temp\ccSaZpFn.s 			page 14


 503              	.L15:
 187:Core/Src/usart.c **** 
 504              		.loc 1 187 5
 505 01e4 7B68     		ldr	r3, [r7, #4]
 506 01e6 224A     		ldr	r2, .L18+28
 507 01e8 DA63     		str	r2, [r3, #60]
 508 01ea 214A     		ldr	r2, .L18+28
 509 01ec 7B68     		ldr	r3, [r7, #4]
 510 01ee 9363     		str	r3, [r2, #56]
 190:Core/Src/usart.c ****     hdma_usart6_tx.Init.Channel = DMA_CHANNEL_5;
 511              		.loc 1 190 29
 512 01f0 214B     		ldr	r3, .L18+36
 513 01f2 224A     		ldr	r2, .L18+40
 514 01f4 1A60     		str	r2, [r3]
 191:Core/Src/usart.c ****     hdma_usart6_tx.Init.Direction = DMA_MEMORY_TO_PERIPH;
 515              		.loc 1 191 33
 516 01f6 204B     		ldr	r3, .L18+36
 517 01f8 4FF02062 		mov	r2, #167772160
 518 01fc 5A60     		str	r2, [r3, #4]
 192:Core/Src/usart.c ****     hdma_usart6_tx.Init.PeriphInc = DMA_PINC_DISABLE;
 519              		.loc 1 192 35
 520 01fe 1E4B     		ldr	r3, .L18+36
 521 0200 4022     		movs	r2, #64
 522 0202 9A60     		str	r2, [r3, #8]
 193:Core/Src/usart.c ****     hdma_usart6_tx.Init.MemInc = DMA_MINC_ENABLE;
 523              		.loc 1 193 35
 524 0204 1C4B     		ldr	r3, .L18+36
 525 0206 0022     		movs	r2, #0
 526 0208 DA60     		str	r2, [r3, #12]
 194:Core/Src/usart.c ****     hdma_usart6_tx.Init.PeriphDataAlignment = DMA_PDATAALIGN_BYTE;
 527              		.loc 1 194 32
 528 020a 1B4B     		ldr	r3, .L18+36
 529 020c 4FF48062 		mov	r2, #1024
 530 0210 1A61     		str	r2, [r3, #16]
 195:Core/Src/usart.c ****     hdma_usart6_tx.Init.MemDataAlignment = DMA_MDATAALIGN_BYTE;
 531              		.loc 1 195 45
 532 0212 194B     		ldr	r3, .L18+36
 533 0214 0022     		movs	r2, #0
 534 0216 5A61     		str	r2, [r3, #20]
 196:Core/Src/usart.c ****     hdma_usart6_tx.Init.Mode = DMA_NORMAL;
 535              		.loc 1 196 42
 536 0218 174B     		ldr	r3, .L18+36
 537 021a 0022     		movs	r2, #0
 538 021c 9A61     		str	r2, [r3, #24]
 197:Core/Src/usart.c ****     hdma_usart6_tx.Init.Priority = DMA_PRIORITY_LOW;
 539              		.loc 1 197 30
 540 021e 164B     		ldr	r3, .L18+36
 541 0220 0022     		movs	r2, #0
 542 0222 DA61     		str	r2, [r3, #28]
 198:Core/Src/usart.c ****     hdma_usart6_tx.Init.FIFOMode = DMA_FIFOMODE_DISABLE;
 543              		.loc 1 198 34
 544 0224 144B     		ldr	r3, .L18+36
 545 0226 0022     		movs	r2, #0
 546 0228 1A62     		str	r2, [r3, #32]
 199:Core/Src/usart.c ****     if (HAL_DMA_Init(&hdma_usart6_tx) != HAL_OK)
 547              		.loc 1 199 34
 548 022a 134B     		ldr	r3, .L18+36
ARM GAS  C:\Users\30806\AppData\Local\Temp\ccSaZpFn.s 			page 15


 549 022c 0022     		movs	r2, #0
 550 022e 5A62     		str	r2, [r3, #36]
 200:Core/Src/usart.c ****     {
 551              		.loc 1 200 9
 552 0230 1148     		ldr	r0, .L18+36
 553 0232 FFF7FEFF 		bl	HAL_DMA_Init
 554 0236 0346     		mov	r3, r0
 200:Core/Src/usart.c ****     {
 555              		.loc 1 200 8
 556 0238 002B     		cmp	r3, #0
 557 023a 01D0     		beq	.L16
 202:Core/Src/usart.c ****     }
 558              		.loc 1 202 7
 559 023c FFF7FEFF 		bl	Error_Handler
 560              	.L16:
 205:Core/Src/usart.c **** 
 561              		.loc 1 205 5
 562 0240 7B68     		ldr	r3, [r7, #4]
 563 0242 0D4A     		ldr	r2, .L18+36
 564 0244 9A63     		str	r2, [r3, #56]
 565 0246 0C4A     		ldr	r2, .L18+36
 566 0248 7B68     		ldr	r3, [r7, #4]
 567 024a 9363     		str	r3, [r2, #56]
 568              	.L17:
 569              		.loc 1 211 1
 570 024c 00BF     		nop
 571 024e 3037     		adds	r7, r7, #48
 572              	.LCFI7:
 573              		.cfi_def_cfa_offset 8
 574 0250 BD46     		mov	sp, r7
 575              	.LCFI8:
 576              		.cfi_def_cfa_register 13
 577              		@ sp needed
 578 0252 80BD     		pop	{r7, pc}
 579              	.L19:
 580              		.align	2
 581              	.L18:
 582 0254 00480040 		.word	1073760256
 583 0258 00380240 		.word	1073887232
 584 025c 00040240 		.word	1073873920
 585 0260 00080240 		.word	1073874944
 586 0264 00000000 		.word	hdma_usart3_rx
 587 0268 28600240 		.word	1073897512
 588 026c 00140140 		.word	1073812480
 589 0270 00000000 		.word	hdma_usart6_rx
 590 0274 28640240 		.word	1073898536
 591 0278 00000000 		.word	hdma_usart6_tx
 592 027c A0640240 		.word	1073898656
 593              		.cfi_endproc
 594              	.LFE141:
 596              		.section	.text.HAL_UART_MspDeInit,"ax",%progbits
 597              		.align	1
 598              		.global	HAL_UART_MspDeInit
 599              		.syntax unified
 600              		.thumb
 601              		.thumb_func
 603              	HAL_UART_MspDeInit:
ARM GAS  C:\Users\30806\AppData\Local\Temp\ccSaZpFn.s 			page 16


 604              	.LFB142:
 212:Core/Src/usart.c **** 
 213:Core/Src/usart.c **** void HAL_UART_MspDeInit(UART_HandleTypeDef* uartHandle)
 214:Core/Src/usart.c **** {
 605              		.loc 1 214 1
 606              		.cfi_startproc
 607              		@ args = 0, pretend = 0, frame = 8
 608              		@ frame_needed = 1, uses_anonymous_args = 0
 609 0000 80B5     		push	{r7, lr}
 610              	.LCFI9:
 611              		.cfi_def_cfa_offset 8
 612              		.cfi_offset 7, -8
 613              		.cfi_offset 14, -4
 614 0002 82B0     		sub	sp, sp, #8
 615              	.LCFI10:
 616              		.cfi_def_cfa_offset 16
 617 0004 00AF     		add	r7, sp, #0
 618              	.LCFI11:
 619              		.cfi_def_cfa_register 7
 620 0006 7860     		str	r0, [r7, #4]
 215:Core/Src/usart.c **** 
 216:Core/Src/usart.c ****   if(uartHandle->Instance==USART3)
 621              		.loc 1 216 16
 622 0008 7B68     		ldr	r3, [r7, #4]
 623 000a 1B68     		ldr	r3, [r3]
 624              		.loc 1 216 5
 625 000c 1C4A     		ldr	r2, .L24
 626 000e 9342     		cmp	r3, r2
 627 0010 18D1     		bne	.L21
 217:Core/Src/usart.c ****   {
 218:Core/Src/usart.c ****   /* USER CODE BEGIN USART3_MspDeInit 0 */
 219:Core/Src/usart.c **** 
 220:Core/Src/usart.c ****   /* USER CODE END USART3_MspDeInit 0 */
 221:Core/Src/usart.c ****     /* Peripheral clock disable */
 222:Core/Src/usart.c ****     __HAL_RCC_USART3_CLK_DISABLE();
 628              		.loc 1 222 5
 629 0012 1C4B     		ldr	r3, .L24+4
 630 0014 1B6C     		ldr	r3, [r3, #64]
 631 0016 1B4A     		ldr	r2, .L24+4
 632 0018 23F48023 		bic	r3, r3, #262144
 633 001c 1364     		str	r3, [r2, #64]
 223:Core/Src/usart.c **** 
 224:Core/Src/usart.c ****     /**USART3 GPIO Configuration
 225:Core/Src/usart.c ****     PB11     ------> USART3_RX
 226:Core/Src/usart.c ****     PC10     ------> USART3_TX
 227:Core/Src/usart.c ****     */
 228:Core/Src/usart.c ****     HAL_GPIO_DeInit(GPIOB, GPIO_PIN_11);
 634              		.loc 1 228 5
 635 001e 4FF40061 		mov	r1, #2048
 636 0022 1948     		ldr	r0, .L24+8
 637 0024 FFF7FEFF 		bl	HAL_GPIO_DeInit
 229:Core/Src/usart.c **** 
 230:Core/Src/usart.c ****     HAL_GPIO_DeInit(GPIOC, GPIO_PIN_10);
 638              		.loc 1 230 5
 639 0028 4FF48061 		mov	r1, #1024
 640 002c 1748     		ldr	r0, .L24+12
 641 002e FFF7FEFF 		bl	HAL_GPIO_DeInit
ARM GAS  C:\Users\30806\AppData\Local\Temp\ccSaZpFn.s 			page 17


 231:Core/Src/usart.c **** 
 232:Core/Src/usart.c ****     /* USART3 DMA DeInit */
 233:Core/Src/usart.c ****     HAL_DMA_DeInit(uartHandle->hdmarx);
 642              		.loc 1 233 5
 643 0032 7B68     		ldr	r3, [r7, #4]
 644 0034 DB6B     		ldr	r3, [r3, #60]
 645 0036 1846     		mov	r0, r3
 646 0038 FFF7FEFF 		bl	HAL_DMA_DeInit
 234:Core/Src/usart.c **** 
 235:Core/Src/usart.c ****     /* USART3 interrupt Deinit */
 236:Core/Src/usart.c ****     HAL_NVIC_DisableIRQ(USART3_IRQn);
 647              		.loc 1 236 5
 648 003c 2720     		movs	r0, #39
 649 003e FFF7FEFF 		bl	HAL_NVIC_DisableIRQ
 237:Core/Src/usart.c ****   /* USER CODE BEGIN USART3_MspDeInit 1 */
 238:Core/Src/usart.c **** 
 239:Core/Src/usart.c ****   /* USER CODE END USART3_MspDeInit 1 */
 240:Core/Src/usart.c ****   }
 241:Core/Src/usart.c ****   else if(uartHandle->Instance==USART6)
 242:Core/Src/usart.c ****   {
 243:Core/Src/usart.c ****   /* USER CODE BEGIN USART6_MspDeInit 0 */
 244:Core/Src/usart.c **** 
 245:Core/Src/usart.c ****   /* USER CODE END USART6_MspDeInit 0 */
 246:Core/Src/usart.c ****     /* Peripheral clock disable */
 247:Core/Src/usart.c ****     __HAL_RCC_USART6_CLK_DISABLE();
 248:Core/Src/usart.c **** 
 249:Core/Src/usart.c ****     /**USART6 GPIO Configuration
 250:Core/Src/usart.c ****     PC6     ------> USART6_TX
 251:Core/Src/usart.c ****     PC7     ------> USART6_RX
 252:Core/Src/usart.c ****     */
 253:Core/Src/usart.c ****     HAL_GPIO_DeInit(GPIOC, GPIO_PIN_6|GPIO_PIN_7);
 254:Core/Src/usart.c **** 
 255:Core/Src/usart.c ****     /* USART6 DMA DeInit */
 256:Core/Src/usart.c ****     HAL_DMA_DeInit(uartHandle->hdmarx);
 257:Core/Src/usart.c ****     HAL_DMA_DeInit(uartHandle->hdmatx);
 258:Core/Src/usart.c ****   /* USER CODE BEGIN USART6_MspDeInit 1 */
 259:Core/Src/usart.c **** 
 260:Core/Src/usart.c ****   /* USER CODE END USART6_MspDeInit 1 */
 261:Core/Src/usart.c ****   }
 262:Core/Src/usart.c **** }
 650              		.loc 1 262 1
 651 0042 18E0     		b	.L23
 652              	.L21:
 241:Core/Src/usart.c ****   {
 653              		.loc 1 241 21
 654 0044 7B68     		ldr	r3, [r7, #4]
 655 0046 1B68     		ldr	r3, [r3]
 241:Core/Src/usart.c ****   {
 656              		.loc 1 241 10
 657 0048 114A     		ldr	r2, .L24+16
 658 004a 9342     		cmp	r3, r2
 659 004c 13D1     		bne	.L23
 247:Core/Src/usart.c **** 
 660              		.loc 1 247 5
 661 004e 0D4B     		ldr	r3, .L24+4
 662 0050 5B6C     		ldr	r3, [r3, #68]
 663 0052 0C4A     		ldr	r2, .L24+4
ARM GAS  C:\Users\30806\AppData\Local\Temp\ccSaZpFn.s 			page 18


 664 0054 23F02003 		bic	r3, r3, #32
 665 0058 5364     		str	r3, [r2, #68]
 253:Core/Src/usart.c **** 
 666              		.loc 1 253 5
 667 005a C021     		movs	r1, #192
 668 005c 0B48     		ldr	r0, .L24+12
 669 005e FFF7FEFF 		bl	HAL_GPIO_DeInit
 256:Core/Src/usart.c ****     HAL_DMA_DeInit(uartHandle->hdmatx);
 670              		.loc 1 256 5
 671 0062 7B68     		ldr	r3, [r7, #4]
 672 0064 DB6B     		ldr	r3, [r3, #60]
 673 0066 1846     		mov	r0, r3
 674 0068 FFF7FEFF 		bl	HAL_DMA_DeInit
 257:Core/Src/usart.c ****   /* USER CODE BEGIN USART6_MspDeInit 1 */
 675              		.loc 1 257 5
 676 006c 7B68     		ldr	r3, [r7, #4]
 677 006e 9B6B     		ldr	r3, [r3, #56]
 678 0070 1846     		mov	r0, r3
 679 0072 FFF7FEFF 		bl	HAL_DMA_DeInit
 680              	.L23:
 681              		.loc 1 262 1
 682 0076 00BF     		nop
 683 0078 0837     		adds	r7, r7, #8
 684              	.LCFI12:
 685              		.cfi_def_cfa_offset 8
 686 007a BD46     		mov	sp, r7
 687              	.LCFI13:
 688              		.cfi_def_cfa_register 13
 689              		@ sp needed
 690 007c 80BD     		pop	{r7, pc}
 691              	.L25:
 692 007e 00BF     		.align	2
 693              	.L24:
 694 0080 00480040 		.word	1073760256
 695 0084 00380240 		.word	1073887232
 696 0088 00040240 		.word	1073873920
 697 008c 00080240 		.word	1073874944
 698 0090 00140140 		.word	1073812480
 699              		.cfi_endproc
 700              	.LFE142:
 702              		.text
 703              	.Letext0:
 704              		.file 2 "d:\\stm_for_vs\\gcc-arm-none-eabi-10.3-2021.10\\arm-none-eabi\\include\\machine\\_default
 705              		.file 3 "d:\\stm_for_vs\\gcc-arm-none-eabi-10.3-2021.10\\arm-none-eabi\\include\\sys\\_stdint.h"
 706              		.file 4 "Drivers/CMSIS/Device/ST/STM32F4xx/Include/stm32f405xx.h"
 707              		.file 5 "Drivers/STM32F4xx_HAL_Driver/Inc/stm32f4xx_hal_def.h"
 708              		.file 6 "Drivers/STM32F4xx_HAL_Driver/Inc/stm32f4xx_hal_gpio.h"
 709              		.file 7 "Drivers/STM32F4xx_HAL_Driver/Inc/stm32f4xx_hal_dma.h"
 710              		.file 8 "Drivers/STM32F4xx_HAL_Driver/Inc/stm32f4xx_hal_uart.h"
 711              		.file 9 "Core/Inc/usart.h"
ARM GAS  C:\Users\30806\AppData\Local\Temp\ccSaZpFn.s 			page 19


DEFINED SYMBOLS
                            *ABS*:00000000 usart.c
C:\Users\30806\AppData\Local\Temp\ccSaZpFn.s:24     .bss.huart3:00000000 huart3
C:\Users\30806\AppData\Local\Temp\ccSaZpFn.s:21     .bss.huart3:00000000 $d
C:\Users\30806\AppData\Local\Temp\ccSaZpFn.s:31     .bss.huart6:00000000 huart6
C:\Users\30806\AppData\Local\Temp\ccSaZpFn.s:28     .bss.huart6:00000000 $d
C:\Users\30806\AppData\Local\Temp\ccSaZpFn.s:38     .bss.hdma_usart3_rx:00000000 hdma_usart3_rx
C:\Users\30806\AppData\Local\Temp\ccSaZpFn.s:35     .bss.hdma_usart3_rx:00000000 $d
C:\Users\30806\AppData\Local\Temp\ccSaZpFn.s:45     .bss.hdma_usart6_rx:00000000 hdma_usart6_rx
C:\Users\30806\AppData\Local\Temp\ccSaZpFn.s:42     .bss.hdma_usart6_rx:00000000 $d
C:\Users\30806\AppData\Local\Temp\ccSaZpFn.s:52     .bss.hdma_usart6_tx:00000000 hdma_usart6_tx
C:\Users\30806\AppData\Local\Temp\ccSaZpFn.s:49     .bss.hdma_usart6_tx:00000000 $d
C:\Users\30806\AppData\Local\Temp\ccSaZpFn.s:55     .text.MX_USART3_UART_Init:00000000 $t
C:\Users\30806\AppData\Local\Temp\ccSaZpFn.s:61     .text.MX_USART3_UART_Init:00000000 MX_USART3_UART_Init
C:\Users\30806\AppData\Local\Temp\ccSaZpFn.s:124    .text.MX_USART3_UART_Init:0000004c $d
C:\Users\30806\AppData\Local\Temp\ccSaZpFn.s:131    .text.MX_USART6_UART_Init:00000000 $t
C:\Users\30806\AppData\Local\Temp\ccSaZpFn.s:137    .text.MX_USART6_UART_Init:00000000 MX_USART6_UART_Init
C:\Users\30806\AppData\Local\Temp\ccSaZpFn.s:199    .text.MX_USART6_UART_Init:0000004c $d
C:\Users\30806\AppData\Local\Temp\ccSaZpFn.s:205    .text.HAL_UART_MspInit:00000000 $t
C:\Users\30806\AppData\Local\Temp\ccSaZpFn.s:211    .text.HAL_UART_MspInit:00000000 HAL_UART_MspInit
C:\Users\30806\AppData\Local\Temp\ccSaZpFn.s:582    .text.HAL_UART_MspInit:00000254 $d
C:\Users\30806\AppData\Local\Temp\ccSaZpFn.s:597    .text.HAL_UART_MspDeInit:00000000 $t
C:\Users\30806\AppData\Local\Temp\ccSaZpFn.s:603    .text.HAL_UART_MspDeInit:00000000 HAL_UART_MspDeInit
C:\Users\30806\AppData\Local\Temp\ccSaZpFn.s:694    .text.HAL_UART_MspDeInit:00000080 $d

UNDEFINED SYMBOLS
HAL_UART_Init
Error_Handler
HAL_GPIO_Init
HAL_DMA_Init
HAL_NVIC_SetPriority
HAL_NVIC_EnableIRQ
HAL_GPIO_DeInit
HAL_DMA_DeInit
HAL_NVIC_DisableIRQ
