ARM GAS  C:\Users\30806\AppData\Local\Temp\ccwH5lsZ.s 			page 1


   1              		.cpu cortex-m4
   2              		.arch armv7e-m
   3              		.fpu fpv4-sp-d16
   4              		.eabi_attribute 27, 1
   5              		.eabi_attribute 28, 1
   6              		.eabi_attribute 20, 1
   7              		.eabi_attribute 21, 1
   8              		.eabi_attribute 23, 3
   9              		.eabi_attribute 24, 1
  10              		.eabi_attribute 25, 1
  11              		.eabi_attribute 26, 1
  12              		.eabi_attribute 30, 1
  13              		.eabi_attribute 34, 1
  14              		.eabi_attribute 18, 4
  15              		.file	"usart.c"
  16              		.text
  17              	.Ltext0:
  18              		.cfi_sections	.debug_frame
  19              		.section	.text.MX_USART3_UART_Init,"ax",%progbits
  20              		.align	1
  21              		.global	MX_USART3_UART_Init
  22              		.syntax unified
  23              		.thumb
  24              		.thumb_func
  26              	MX_USART3_UART_Init:
  27              	.LFB143:
  28              		.file 1 "Core/Src/usart.c"
   1:Core/Src/usart.c **** /* USER CODE BEGIN Header */
   2:Core/Src/usart.c **** /**
   3:Core/Src/usart.c ****   ******************************************************************************
   4:Core/Src/usart.c ****   * @file    usart.c
   5:Core/Src/usart.c ****   * @brief   This file provides code for the configuration
   6:Core/Src/usart.c ****   *          of the USART instances.
   7:Core/Src/usart.c ****   ******************************************************************************
   8:Core/Src/usart.c ****   * @attention
   9:Core/Src/usart.c ****   *
  10:Core/Src/usart.c ****   * Copyright (c) 2024 STMicroelectronics.
  11:Core/Src/usart.c ****   * All rights reserved.
  12:Core/Src/usart.c ****   *
  13:Core/Src/usart.c ****   * This software is licensed under terms that can be found in the LICENSE file
  14:Core/Src/usart.c ****   * in the root directory of this software component.
  15:Core/Src/usart.c ****   * If no LICENSE file comes with this software, it is provided AS-IS.
  16:Core/Src/usart.c ****   *
  17:Core/Src/usart.c ****   ******************************************************************************
  18:Core/Src/usart.c ****   */
  19:Core/Src/usart.c **** /* USER CODE END Header */
  20:Core/Src/usart.c **** /* Includes ------------------------------------------------------------------*/
  21:Core/Src/usart.c **** #include "usart.h"
  22:Core/Src/usart.c **** 
  23:Core/Src/usart.c **** /* USER CODE BEGIN 0 */
  24:Core/Src/usart.c **** 
  25:Core/Src/usart.c **** /* USER CODE END 0 */
  26:Core/Src/usart.c **** 
  27:Core/Src/usart.c **** UART_HandleTypeDef huart3;
  28:Core/Src/usart.c **** UART_HandleTypeDef huart6;
  29:Core/Src/usart.c **** DMA_HandleTypeDef hdma_usart3_rx;
  30:Core/Src/usart.c **** DMA_HandleTypeDef hdma_usart6_rx;
ARM GAS  C:\Users\30806\AppData\Local\Temp\ccwH5lsZ.s 			page 2


  31:Core/Src/usart.c **** DMA_HandleTypeDef hdma_usart6_tx;
  32:Core/Src/usart.c **** 
  33:Core/Src/usart.c **** /* USART3 init function */
  34:Core/Src/usart.c **** 
  35:Core/Src/usart.c **** void MX_USART3_UART_Init(void)
  36:Core/Src/usart.c **** {
  29              		.loc 1 36 1 view -0
  30              		.cfi_startproc
  31              		@ args = 0, pretend = 0, frame = 0
  32              		@ frame_needed = 0, uses_anonymous_args = 0
  33 0000 08B5     		push	{r3, lr}
  34              	.LCFI0:
  35              		.cfi_def_cfa_offset 8
  36              		.cfi_offset 3, -8
  37              		.cfi_offset 14, -4
  37:Core/Src/usart.c **** 
  38:Core/Src/usart.c ****   /* USER CODE BEGIN USART3_Init 0 */
  39:Core/Src/usart.c **** 
  40:Core/Src/usart.c ****   /* USER CODE END USART3_Init 0 */
  41:Core/Src/usart.c **** 
  42:Core/Src/usart.c ****   /* USER CODE BEGIN USART3_Init 1 */
  43:Core/Src/usart.c **** 
  44:Core/Src/usart.c ****   /* USER CODE END USART3_Init 1 */
  45:Core/Src/usart.c ****   huart3.Instance = USART3;
  38              		.loc 1 45 3 view .LVU1
  39              		.loc 1 45 19 is_stmt 0 view .LVU2
  40 0002 0B48     		ldr	r0, .L5
  41 0004 0B4B     		ldr	r3, .L5+4
  42 0006 0360     		str	r3, [r0]
  46:Core/Src/usart.c ****   huart3.Init.BaudRate = 100000;
  43              		.loc 1 46 3 is_stmt 1 view .LVU3
  44              		.loc 1 46 24 is_stmt 0 view .LVU4
  45 0008 0B4B     		ldr	r3, .L5+8
  46 000a 4360     		str	r3, [r0, #4]
  47:Core/Src/usart.c ****   huart3.Init.WordLength = UART_WORDLENGTH_8B;
  47              		.loc 1 47 3 is_stmt 1 view .LVU5
  48              		.loc 1 47 26 is_stmt 0 view .LVU6
  49 000c 0023     		movs	r3, #0
  50 000e 8360     		str	r3, [r0, #8]
  48:Core/Src/usart.c ****   huart3.Init.StopBits = UART_STOPBITS_1;
  51              		.loc 1 48 3 is_stmt 1 view .LVU7
  52              		.loc 1 48 24 is_stmt 0 view .LVU8
  53 0010 C360     		str	r3, [r0, #12]
  49:Core/Src/usart.c ****   huart3.Init.Parity = UART_PARITY_EVEN;
  54              		.loc 1 49 3 is_stmt 1 view .LVU9
  55              		.loc 1 49 22 is_stmt 0 view .LVU10
  56 0012 4FF48062 		mov	r2, #1024
  57 0016 0261     		str	r2, [r0, #16]
  50:Core/Src/usart.c ****   huart3.Init.Mode = UART_MODE_RX;
  58              		.loc 1 50 3 is_stmt 1 view .LVU11
  59              		.loc 1 50 20 is_stmt 0 view .LVU12
  60 0018 0422     		movs	r2, #4
  61 001a 4261     		str	r2, [r0, #20]
  51:Core/Src/usart.c ****   huart3.Init.HwFlowCtl = UART_HWCONTROL_NONE;
  62              		.loc 1 51 3 is_stmt 1 view .LVU13
  63              		.loc 1 51 25 is_stmt 0 view .LVU14
  64 001c 8361     		str	r3, [r0, #24]
ARM GAS  C:\Users\30806\AppData\Local\Temp\ccwH5lsZ.s 			page 3


  52:Core/Src/usart.c ****   huart3.Init.OverSampling = UART_OVERSAMPLING_16;
  65              		.loc 1 52 3 is_stmt 1 view .LVU15
  66              		.loc 1 52 28 is_stmt 0 view .LVU16
  67 001e C361     		str	r3, [r0, #28]
  53:Core/Src/usart.c ****   if (HAL_UART_Init(&huart3) != HAL_OK)
  68              		.loc 1 53 3 is_stmt 1 view .LVU17
  69              		.loc 1 53 7 is_stmt 0 view .LVU18
  70 0020 FFF7FEFF 		bl	HAL_UART_Init
  71              	.LVL0:
  72              		.loc 1 53 6 view .LVU19
  73 0024 00B9     		cbnz	r0, .L4
  74              	.L1:
  54:Core/Src/usart.c ****   {
  55:Core/Src/usart.c ****     Error_Handler();
  56:Core/Src/usart.c ****   }
  57:Core/Src/usart.c ****   /* USER CODE BEGIN USART3_Init 2 */
  58:Core/Src/usart.c **** 
  59:Core/Src/usart.c ****   /* USER CODE END USART3_Init 2 */
  60:Core/Src/usart.c **** 
  61:Core/Src/usart.c **** }
  75              		.loc 1 61 1 view .LVU20
  76 0026 08BD     		pop	{r3, pc}
  77              	.L4:
  55:Core/Src/usart.c ****   }
  78              		.loc 1 55 5 is_stmt 1 view .LVU21
  79 0028 FFF7FEFF 		bl	Error_Handler
  80              	.LVL1:
  81              		.loc 1 61 1 is_stmt 0 view .LVU22
  82 002c FBE7     		b	.L1
  83              	.L6:
  84 002e 00BF     		.align	2
  85              	.L5:
  86 0030 00000000 		.word	.LANCHOR0
  87 0034 00480040 		.word	1073760256
  88 0038 A0860100 		.word	100000
  89              		.cfi_endproc
  90              	.LFE143:
  92              		.section	.text.MX_USART6_UART_Init,"ax",%progbits
  93              		.align	1
  94              		.global	MX_USART6_UART_Init
  95              		.syntax unified
  96              		.thumb
  97              		.thumb_func
  99              	MX_USART6_UART_Init:
 100              	.LFB144:
  62:Core/Src/usart.c **** /* USART6 init function */
  63:Core/Src/usart.c **** 
  64:Core/Src/usart.c **** void MX_USART6_UART_Init(void)
  65:Core/Src/usart.c **** {
 101              		.loc 1 65 1 is_stmt 1 view -0
 102              		.cfi_startproc
 103              		@ args = 0, pretend = 0, frame = 0
 104              		@ frame_needed = 0, uses_anonymous_args = 0
 105 0000 08B5     		push	{r3, lr}
 106              	.LCFI1:
 107              		.cfi_def_cfa_offset 8
 108              		.cfi_offset 3, -8
ARM GAS  C:\Users\30806\AppData\Local\Temp\ccwH5lsZ.s 			page 4


 109              		.cfi_offset 14, -4
  66:Core/Src/usart.c **** 
  67:Core/Src/usart.c ****   /* USER CODE BEGIN USART6_Init 0 */
  68:Core/Src/usart.c **** 
  69:Core/Src/usart.c ****   /* USER CODE END USART6_Init 0 */
  70:Core/Src/usart.c **** 
  71:Core/Src/usart.c ****   /* USER CODE BEGIN USART6_Init 1 */
  72:Core/Src/usart.c **** 
  73:Core/Src/usart.c ****   /* USER CODE END USART6_Init 1 */
  74:Core/Src/usart.c ****   huart6.Instance = USART6;
 110              		.loc 1 74 3 view .LVU24
 111              		.loc 1 74 19 is_stmt 0 view .LVU25
 112 0002 0A48     		ldr	r0, .L11
 113 0004 0A4B     		ldr	r3, .L11+4
 114 0006 0360     		str	r3, [r0]
  75:Core/Src/usart.c ****   huart6.Init.BaudRate = 115200;
 115              		.loc 1 75 3 is_stmt 1 view .LVU26
 116              		.loc 1 75 24 is_stmt 0 view .LVU27
 117 0008 4FF4E133 		mov	r3, #115200
 118 000c 4360     		str	r3, [r0, #4]
  76:Core/Src/usart.c ****   huart6.Init.WordLength = UART_WORDLENGTH_8B;
 119              		.loc 1 76 3 is_stmt 1 view .LVU28
 120              		.loc 1 76 26 is_stmt 0 view .LVU29
 121 000e 0023     		movs	r3, #0
 122 0010 8360     		str	r3, [r0, #8]
  77:Core/Src/usart.c ****   huart6.Init.StopBits = UART_STOPBITS_1;
 123              		.loc 1 77 3 is_stmt 1 view .LVU30
 124              		.loc 1 77 24 is_stmt 0 view .LVU31
 125 0012 C360     		str	r3, [r0, #12]
  78:Core/Src/usart.c ****   huart6.Init.Parity = UART_PARITY_NONE;
 126              		.loc 1 78 3 is_stmt 1 view .LVU32
 127              		.loc 1 78 22 is_stmt 0 view .LVU33
 128 0014 0361     		str	r3, [r0, #16]
  79:Core/Src/usart.c ****   huart6.Init.Mode = UART_MODE_TX_RX;
 129              		.loc 1 79 3 is_stmt 1 view .LVU34
 130              		.loc 1 79 20 is_stmt 0 view .LVU35
 131 0016 0C22     		movs	r2, #12
 132 0018 4261     		str	r2, [r0, #20]
  80:Core/Src/usart.c ****   huart6.Init.HwFlowCtl = UART_HWCONTROL_NONE;
 133              		.loc 1 80 3 is_stmt 1 view .LVU36
 134              		.loc 1 80 25 is_stmt 0 view .LVU37
 135 001a 8361     		str	r3, [r0, #24]
  81:Core/Src/usart.c ****   huart6.Init.OverSampling = UART_OVERSAMPLING_16;
 136              		.loc 1 81 3 is_stmt 1 view .LVU38
 137              		.loc 1 81 28 is_stmt 0 view .LVU39
 138 001c C361     		str	r3, [r0, #28]
  82:Core/Src/usart.c ****   if (HAL_UART_Init(&huart6) != HAL_OK)
 139              		.loc 1 82 3 is_stmt 1 view .LVU40
 140              		.loc 1 82 7 is_stmt 0 view .LVU41
 141 001e FFF7FEFF 		bl	HAL_UART_Init
 142              	.LVL2:
 143              		.loc 1 82 6 view .LVU42
 144 0022 00B9     		cbnz	r0, .L10
 145              	.L7:
  83:Core/Src/usart.c ****   {
  84:Core/Src/usart.c ****     Error_Handler();
  85:Core/Src/usart.c ****   }
ARM GAS  C:\Users\30806\AppData\Local\Temp\ccwH5lsZ.s 			page 5


  86:Core/Src/usart.c ****   /* USER CODE BEGIN USART6_Init 2 */
  87:Core/Src/usart.c **** 
  88:Core/Src/usart.c ****   /* USER CODE END USART6_Init 2 */
  89:Core/Src/usart.c **** 
  90:Core/Src/usart.c **** }
 146              		.loc 1 90 1 view .LVU43
 147 0024 08BD     		pop	{r3, pc}
 148              	.L10:
  84:Core/Src/usart.c ****   }
 149              		.loc 1 84 5 is_stmt 1 view .LVU44
 150 0026 FFF7FEFF 		bl	Error_Handler
 151              	.LVL3:
 152              		.loc 1 90 1 is_stmt 0 view .LVU45
 153 002a FBE7     		b	.L7
 154              	.L12:
 155              		.align	2
 156              	.L11:
 157 002c 00000000 		.word	.LANCHOR1
 158 0030 00140140 		.word	1073812480
 159              		.cfi_endproc
 160              	.LFE144:
 162              		.section	.text.HAL_UART_MspInit,"ax",%progbits
 163              		.align	1
 164              		.global	HAL_UART_MspInit
 165              		.syntax unified
 166              		.thumb
 167              		.thumb_func
 169              	HAL_UART_MspInit:
 170              	.LVL4:
 171              	.LFB145:
  91:Core/Src/usart.c **** 
  92:Core/Src/usart.c **** void HAL_UART_MspInit(UART_HandleTypeDef* uartHandle)
  93:Core/Src/usart.c **** {
 172              		.loc 1 93 1 is_stmt 1 view -0
 173              		.cfi_startproc
 174              		@ args = 0, pretend = 0, frame = 40
 175              		@ frame_needed = 0, uses_anonymous_args = 0
 176              		.loc 1 93 1 is_stmt 0 view .LVU47
 177 0000 2DE9F043 		push	{r4, r5, r6, r7, r8, r9, lr}
 178              	.LCFI2:
 179              		.cfi_def_cfa_offset 28
 180              		.cfi_offset 4, -28
 181              		.cfi_offset 5, -24
 182              		.cfi_offset 6, -20
 183              		.cfi_offset 7, -16
 184              		.cfi_offset 8, -12
 185              		.cfi_offset 9, -8
 186              		.cfi_offset 14, -4
 187 0004 8BB0     		sub	sp, sp, #44
 188              	.LCFI3:
 189              		.cfi_def_cfa_offset 72
 190 0006 0446     		mov	r4, r0
  94:Core/Src/usart.c **** 
  95:Core/Src/usart.c ****   GPIO_InitTypeDef GPIO_InitStruct = {0};
 191              		.loc 1 95 3 is_stmt 1 view .LVU48
 192              		.loc 1 95 20 is_stmt 0 view .LVU49
 193 0008 0023     		movs	r3, #0
ARM GAS  C:\Users\30806\AppData\Local\Temp\ccwH5lsZ.s 			page 6


 194 000a 0593     		str	r3, [sp, #20]
 195 000c 0693     		str	r3, [sp, #24]
 196 000e 0793     		str	r3, [sp, #28]
 197 0010 0893     		str	r3, [sp, #32]
 198 0012 0993     		str	r3, [sp, #36]
  96:Core/Src/usart.c ****   if(uartHandle->Instance==USART3)
 199              		.loc 1 96 3 is_stmt 1 view .LVU50
 200              		.loc 1 96 16 is_stmt 0 view .LVU51
 201 0014 0368     		ldr	r3, [r0]
 202              		.loc 1 96 5 view .LVU52
 203 0016 624A     		ldr	r2, .L25
 204 0018 9342     		cmp	r3, r2
 205 001a 05D0     		beq	.L20
  97:Core/Src/usart.c ****   {
  98:Core/Src/usart.c ****   /* USER CODE BEGIN USART3_MspInit 0 */
  99:Core/Src/usart.c **** 
 100:Core/Src/usart.c ****   /* USER CODE END USART3_MspInit 0 */
 101:Core/Src/usart.c ****     /* USART3 clock enable */
 102:Core/Src/usart.c ****     __HAL_RCC_USART3_CLK_ENABLE();
 103:Core/Src/usart.c **** 
 104:Core/Src/usart.c ****     __HAL_RCC_GPIOB_CLK_ENABLE();
 105:Core/Src/usart.c ****     __HAL_RCC_GPIOC_CLK_ENABLE();
 106:Core/Src/usart.c ****     /**USART3 GPIO Configuration
 107:Core/Src/usart.c ****     PB11     ------> USART3_RX
 108:Core/Src/usart.c ****     PC10     ------> USART3_TX
 109:Core/Src/usart.c ****     */
 110:Core/Src/usart.c ****     GPIO_InitStruct.Pin = GPIO_PIN_11;
 111:Core/Src/usart.c ****     GPIO_InitStruct.Mode = GPIO_MODE_AF_PP;
 112:Core/Src/usart.c ****     GPIO_InitStruct.Pull = GPIO_NOPULL;
 113:Core/Src/usart.c ****     GPIO_InitStruct.Speed = GPIO_SPEED_FREQ_VERY_HIGH;
 114:Core/Src/usart.c ****     GPIO_InitStruct.Alternate = GPIO_AF7_USART3;
 115:Core/Src/usart.c ****     HAL_GPIO_Init(GPIOB, &GPIO_InitStruct);
 116:Core/Src/usart.c **** 
 117:Core/Src/usart.c ****     GPIO_InitStruct.Pin = GPIO_PIN_10;
 118:Core/Src/usart.c ****     GPIO_InitStruct.Mode = GPIO_MODE_AF_PP;
 119:Core/Src/usart.c ****     GPIO_InitStruct.Pull = GPIO_NOPULL;
 120:Core/Src/usart.c ****     GPIO_InitStruct.Speed = GPIO_SPEED_FREQ_VERY_HIGH;
 121:Core/Src/usart.c ****     GPIO_InitStruct.Alternate = GPIO_AF7_USART3;
 122:Core/Src/usart.c ****     HAL_GPIO_Init(GPIOC, &GPIO_InitStruct);
 123:Core/Src/usart.c **** 
 124:Core/Src/usart.c ****     /* USART3 DMA Init */
 125:Core/Src/usart.c ****     /* USART3_RX Init */
 126:Core/Src/usart.c ****     hdma_usart3_rx.Instance = DMA1_Stream1;
 127:Core/Src/usart.c ****     hdma_usart3_rx.Init.Channel = DMA_CHANNEL_4;
 128:Core/Src/usart.c ****     hdma_usart3_rx.Init.Direction = DMA_PERIPH_TO_MEMORY;
 129:Core/Src/usart.c ****     hdma_usart3_rx.Init.PeriphInc = DMA_PINC_DISABLE;
 130:Core/Src/usart.c ****     hdma_usart3_rx.Init.MemInc = DMA_MINC_ENABLE;
 131:Core/Src/usart.c ****     hdma_usart3_rx.Init.PeriphDataAlignment = DMA_PDATAALIGN_BYTE;
 132:Core/Src/usart.c ****     hdma_usart3_rx.Init.MemDataAlignment = DMA_MDATAALIGN_BYTE;
 133:Core/Src/usart.c ****     hdma_usart3_rx.Init.Mode = DMA_CIRCULAR;
 134:Core/Src/usart.c ****     hdma_usart3_rx.Init.Priority = DMA_PRIORITY_VERY_HIGH;
 135:Core/Src/usart.c ****     hdma_usart3_rx.Init.FIFOMode = DMA_FIFOMODE_DISABLE;
 136:Core/Src/usart.c ****     if (HAL_DMA_Init(&hdma_usart3_rx) != HAL_OK)
 137:Core/Src/usart.c ****     {
 138:Core/Src/usart.c ****       Error_Handler();
 139:Core/Src/usart.c ****     }
 140:Core/Src/usart.c **** 
ARM GAS  C:\Users\30806\AppData\Local\Temp\ccwH5lsZ.s 			page 7


 141:Core/Src/usart.c ****     __HAL_LINKDMA(uartHandle,hdmarx,hdma_usart3_rx);
 142:Core/Src/usart.c **** 
 143:Core/Src/usart.c ****     /* USART3 interrupt Init */
 144:Core/Src/usart.c ****     HAL_NVIC_SetPriority(USART3_IRQn, 5, 0);
 145:Core/Src/usart.c ****     HAL_NVIC_EnableIRQ(USART3_IRQn);
 146:Core/Src/usart.c ****   /* USER CODE BEGIN USART3_MspInit 1 */
 147:Core/Src/usart.c **** 
 148:Core/Src/usart.c ****   /* USER CODE END USART3_MspInit 1 */
 149:Core/Src/usart.c ****   }
 150:Core/Src/usart.c ****   else if(uartHandle->Instance==USART6)
 206              		.loc 1 150 8 is_stmt 1 view .LVU53
 207              		.loc 1 150 10 is_stmt 0 view .LVU54
 208 001c 614A     		ldr	r2, .L25+4
 209 001e 9342     		cmp	r3, r2
 210 0020 64D0     		beq	.L21
 211              	.LVL5:
 212              	.L13:
 151:Core/Src/usart.c ****   {
 152:Core/Src/usart.c ****   /* USER CODE BEGIN USART6_MspInit 0 */
 153:Core/Src/usart.c **** 
 154:Core/Src/usart.c ****   /* USER CODE END USART6_MspInit 0 */
 155:Core/Src/usart.c ****     /* USART6 clock enable */
 156:Core/Src/usart.c ****     __HAL_RCC_USART6_CLK_ENABLE();
 157:Core/Src/usart.c **** 
 158:Core/Src/usart.c ****     __HAL_RCC_GPIOC_CLK_ENABLE();
 159:Core/Src/usart.c ****     /**USART6 GPIO Configuration
 160:Core/Src/usart.c ****     PC6     ------> USART6_TX
 161:Core/Src/usart.c ****     PC7     ------> USART6_RX
 162:Core/Src/usart.c ****     */
 163:Core/Src/usart.c ****     GPIO_InitStruct.Pin = GPIO_PIN_6|GPIO_PIN_7;
 164:Core/Src/usart.c ****     GPIO_InitStruct.Mode = GPIO_MODE_AF_PP;
 165:Core/Src/usart.c ****     GPIO_InitStruct.Pull = GPIO_NOPULL;
 166:Core/Src/usart.c ****     GPIO_InitStruct.Speed = GPIO_SPEED_FREQ_VERY_HIGH;
 167:Core/Src/usart.c ****     GPIO_InitStruct.Alternate = GPIO_AF8_USART6;
 168:Core/Src/usart.c ****     HAL_GPIO_Init(GPIOC, &GPIO_InitStruct);
 169:Core/Src/usart.c **** 
 170:Core/Src/usart.c ****     /* USART6 DMA Init */
 171:Core/Src/usart.c ****     /* USART6_RX Init */
 172:Core/Src/usart.c ****     hdma_usart6_rx.Instance = DMA2_Stream1;
 173:Core/Src/usart.c ****     hdma_usart6_rx.Init.Channel = DMA_CHANNEL_5;
 174:Core/Src/usart.c ****     hdma_usart6_rx.Init.Direction = DMA_PERIPH_TO_MEMORY;
 175:Core/Src/usart.c ****     hdma_usart6_rx.Init.PeriphInc = DMA_PINC_DISABLE;
 176:Core/Src/usart.c ****     hdma_usart6_rx.Init.MemInc = DMA_MINC_ENABLE;
 177:Core/Src/usart.c ****     hdma_usart6_rx.Init.PeriphDataAlignment = DMA_PDATAALIGN_BYTE;
 178:Core/Src/usart.c ****     hdma_usart6_rx.Init.MemDataAlignment = DMA_MDATAALIGN_BYTE;
 179:Core/Src/usart.c ****     hdma_usart6_rx.Init.Mode = DMA_CIRCULAR;
 180:Core/Src/usart.c ****     hdma_usart6_rx.Init.Priority = DMA_PRIORITY_LOW;
 181:Core/Src/usart.c ****     hdma_usart6_rx.Init.FIFOMode = DMA_FIFOMODE_DISABLE;
 182:Core/Src/usart.c ****     if (HAL_DMA_Init(&hdma_usart6_rx) != HAL_OK)
 183:Core/Src/usart.c ****     {
 184:Core/Src/usart.c ****       Error_Handler();
 185:Core/Src/usart.c ****     }
 186:Core/Src/usart.c **** 
 187:Core/Src/usart.c ****     __HAL_LINKDMA(uartHandle,hdmarx,hdma_usart6_rx);
 188:Core/Src/usart.c **** 
 189:Core/Src/usart.c ****     /* USART6_TX Init */
 190:Core/Src/usart.c ****     hdma_usart6_tx.Instance = DMA2_Stream6;
ARM GAS  C:\Users\30806\AppData\Local\Temp\ccwH5lsZ.s 			page 8


 191:Core/Src/usart.c ****     hdma_usart6_tx.Init.Channel = DMA_CHANNEL_5;
 192:Core/Src/usart.c ****     hdma_usart6_tx.Init.Direction = DMA_MEMORY_TO_PERIPH;
 193:Core/Src/usart.c ****     hdma_usart6_tx.Init.PeriphInc = DMA_PINC_DISABLE;
 194:Core/Src/usart.c ****     hdma_usart6_tx.Init.MemInc = DMA_MINC_ENABLE;
 195:Core/Src/usart.c ****     hdma_usart6_tx.Init.PeriphDataAlignment = DMA_PDATAALIGN_BYTE;
 196:Core/Src/usart.c ****     hdma_usart6_tx.Init.MemDataAlignment = DMA_MDATAALIGN_BYTE;
 197:Core/Src/usart.c ****     hdma_usart6_tx.Init.Mode = DMA_NORMAL;
 198:Core/Src/usart.c ****     hdma_usart6_tx.Init.Priority = DMA_PRIORITY_LOW;
 199:Core/Src/usart.c ****     hdma_usart6_tx.Init.FIFOMode = DMA_FIFOMODE_DISABLE;
 200:Core/Src/usart.c ****     if (HAL_DMA_Init(&hdma_usart6_tx) != HAL_OK)
 201:Core/Src/usart.c ****     {
 202:Core/Src/usart.c ****       Error_Handler();
 203:Core/Src/usart.c ****     }
 204:Core/Src/usart.c **** 
 205:Core/Src/usart.c ****     __HAL_LINKDMA(uartHandle,hdmatx,hdma_usart6_tx);
 206:Core/Src/usart.c **** 
 207:Core/Src/usart.c ****   /* USER CODE BEGIN USART6_MspInit 1 */
 208:Core/Src/usart.c **** 
 209:Core/Src/usart.c ****   /* USER CODE END USART6_MspInit 1 */
 210:Core/Src/usart.c ****   }
 211:Core/Src/usart.c **** }
 213              		.loc 1 211 1 view .LVU55
 214 0022 0BB0     		add	sp, sp, #44
 215              	.LCFI4:
 216              		.cfi_remember_state
 217              		.cfi_def_cfa_offset 28
 218              		@ sp needed
 219 0024 BDE8F083 		pop	{r4, r5, r6, r7, r8, r9, pc}
 220              	.LVL6:
 221              	.L20:
 222              	.LCFI5:
 223              		.cfi_restore_state
 102:Core/Src/usart.c **** 
 224              		.loc 1 102 5 is_stmt 1 view .LVU56
 225              	.LBB2:
 102:Core/Src/usart.c **** 
 226              		.loc 1 102 5 view .LVU57
 227 0028 0025     		movs	r5, #0
 228 002a 0095     		str	r5, [sp]
 102:Core/Src/usart.c **** 
 229              		.loc 1 102 5 view .LVU58
 230 002c 5E4B     		ldr	r3, .L25+8
 231 002e 1A6C     		ldr	r2, [r3, #64]
 232 0030 42F48022 		orr	r2, r2, #262144
 233 0034 1A64     		str	r2, [r3, #64]
 102:Core/Src/usart.c **** 
 234              		.loc 1 102 5 view .LVU59
 235 0036 1A6C     		ldr	r2, [r3, #64]
 236 0038 02F48022 		and	r2, r2, #262144
 237 003c 0092     		str	r2, [sp]
 102:Core/Src/usart.c **** 
 238              		.loc 1 102 5 view .LVU60
 239 003e 009A     		ldr	r2, [sp]
 240              	.LBE2:
 102:Core/Src/usart.c **** 
 241              		.loc 1 102 5 view .LVU61
 104:Core/Src/usart.c ****     __HAL_RCC_GPIOC_CLK_ENABLE();
ARM GAS  C:\Users\30806\AppData\Local\Temp\ccwH5lsZ.s 			page 9


 242              		.loc 1 104 5 view .LVU62
 243              	.LBB3:
 104:Core/Src/usart.c ****     __HAL_RCC_GPIOC_CLK_ENABLE();
 244              		.loc 1 104 5 view .LVU63
 245 0040 0195     		str	r5, [sp, #4]
 104:Core/Src/usart.c ****     __HAL_RCC_GPIOC_CLK_ENABLE();
 246              		.loc 1 104 5 view .LVU64
 247 0042 1A6B     		ldr	r2, [r3, #48]
 248 0044 42F00202 		orr	r2, r2, #2
 249 0048 1A63     		str	r2, [r3, #48]
 104:Core/Src/usart.c ****     __HAL_RCC_GPIOC_CLK_ENABLE();
 250              		.loc 1 104 5 view .LVU65
 251 004a 1A6B     		ldr	r2, [r3, #48]
 252 004c 02F00202 		and	r2, r2, #2
 253 0050 0192     		str	r2, [sp, #4]
 104:Core/Src/usart.c ****     __HAL_RCC_GPIOC_CLK_ENABLE();
 254              		.loc 1 104 5 view .LVU66
 255 0052 019A     		ldr	r2, [sp, #4]
 256              	.LBE3:
 104:Core/Src/usart.c ****     __HAL_RCC_GPIOC_CLK_ENABLE();
 257              		.loc 1 104 5 view .LVU67
 105:Core/Src/usart.c ****     /**USART3 GPIO Configuration
 258              		.loc 1 105 5 view .LVU68
 259              	.LBB4:
 105:Core/Src/usart.c ****     /**USART3 GPIO Configuration
 260              		.loc 1 105 5 view .LVU69
 261 0054 0295     		str	r5, [sp, #8]
 105:Core/Src/usart.c ****     /**USART3 GPIO Configuration
 262              		.loc 1 105 5 view .LVU70
 263 0056 1A6B     		ldr	r2, [r3, #48]
 264 0058 42F00402 		orr	r2, r2, #4
 265 005c 1A63     		str	r2, [r3, #48]
 105:Core/Src/usart.c ****     /**USART3 GPIO Configuration
 266              		.loc 1 105 5 view .LVU71
 267 005e 1B6B     		ldr	r3, [r3, #48]
 268 0060 03F00403 		and	r3, r3, #4
 269 0064 0293     		str	r3, [sp, #8]
 105:Core/Src/usart.c ****     /**USART3 GPIO Configuration
 270              		.loc 1 105 5 view .LVU72
 271 0066 029B     		ldr	r3, [sp, #8]
 272              	.LBE4:
 105:Core/Src/usart.c ****     /**USART3 GPIO Configuration
 273              		.loc 1 105 5 view .LVU73
 110:Core/Src/usart.c ****     GPIO_InitStruct.Mode = GPIO_MODE_AF_PP;
 274              		.loc 1 110 5 view .LVU74
 110:Core/Src/usart.c ****     GPIO_InitStruct.Mode = GPIO_MODE_AF_PP;
 275              		.loc 1 110 25 is_stmt 0 view .LVU75
 276 0068 4FF40063 		mov	r3, #2048
 277 006c 0593     		str	r3, [sp, #20]
 111:Core/Src/usart.c ****     GPIO_InitStruct.Pull = GPIO_NOPULL;
 278              		.loc 1 111 5 is_stmt 1 view .LVU76
 111:Core/Src/usart.c ****     GPIO_InitStruct.Pull = GPIO_NOPULL;
 279              		.loc 1 111 26 is_stmt 0 view .LVU77
 280 006e 4FF00209 		mov	r9, #2
 281 0072 CDF81890 		str	r9, [sp, #24]
 112:Core/Src/usart.c ****     GPIO_InitStruct.Speed = GPIO_SPEED_FREQ_VERY_HIGH;
 282              		.loc 1 112 5 is_stmt 1 view .LVU78
ARM GAS  C:\Users\30806\AppData\Local\Temp\ccwH5lsZ.s 			page 10


 113:Core/Src/usart.c ****     GPIO_InitStruct.Alternate = GPIO_AF7_USART3;
 283              		.loc 1 113 5 view .LVU79
 113:Core/Src/usart.c ****     GPIO_InitStruct.Alternate = GPIO_AF7_USART3;
 284              		.loc 1 113 27 is_stmt 0 view .LVU80
 285 0076 4FF00308 		mov	r8, #3
 286 007a CDF82080 		str	r8, [sp, #32]
 114:Core/Src/usart.c ****     HAL_GPIO_Init(GPIOB, &GPIO_InitStruct);
 287              		.loc 1 114 5 is_stmt 1 view .LVU81
 114:Core/Src/usart.c ****     HAL_GPIO_Init(GPIOB, &GPIO_InitStruct);
 288              		.loc 1 114 31 is_stmt 0 view .LVU82
 289 007e 0727     		movs	r7, #7
 290 0080 0997     		str	r7, [sp, #36]
 115:Core/Src/usart.c **** 
 291              		.loc 1 115 5 is_stmt 1 view .LVU83
 292 0082 05A9     		add	r1, sp, #20
 293 0084 4948     		ldr	r0, .L25+12
 294              	.LVL7:
 115:Core/Src/usart.c **** 
 295              		.loc 1 115 5 is_stmt 0 view .LVU84
 296 0086 FFF7FEFF 		bl	HAL_GPIO_Init
 297              	.LVL8:
 117:Core/Src/usart.c ****     GPIO_InitStruct.Mode = GPIO_MODE_AF_PP;
 298              		.loc 1 117 5 is_stmt 1 view .LVU85
 117:Core/Src/usart.c ****     GPIO_InitStruct.Mode = GPIO_MODE_AF_PP;
 299              		.loc 1 117 25 is_stmt 0 view .LVU86
 300 008a 4FF48066 		mov	r6, #1024
 301 008e 0596     		str	r6, [sp, #20]
 118:Core/Src/usart.c ****     GPIO_InitStruct.Pull = GPIO_NOPULL;
 302              		.loc 1 118 5 is_stmt 1 view .LVU87
 118:Core/Src/usart.c ****     GPIO_InitStruct.Pull = GPIO_NOPULL;
 303              		.loc 1 118 26 is_stmt 0 view .LVU88
 304 0090 CDF81890 		str	r9, [sp, #24]
 119:Core/Src/usart.c ****     GPIO_InitStruct.Speed = GPIO_SPEED_FREQ_VERY_HIGH;
 305              		.loc 1 119 5 is_stmt 1 view .LVU89
 119:Core/Src/usart.c ****     GPIO_InitStruct.Speed = GPIO_SPEED_FREQ_VERY_HIGH;
 306              		.loc 1 119 26 is_stmt 0 view .LVU90
 307 0094 0795     		str	r5, [sp, #28]
 120:Core/Src/usart.c ****     GPIO_InitStruct.Alternate = GPIO_AF7_USART3;
 308              		.loc 1 120 5 is_stmt 1 view .LVU91
 120:Core/Src/usart.c ****     GPIO_InitStruct.Alternate = GPIO_AF7_USART3;
 309              		.loc 1 120 27 is_stmt 0 view .LVU92
 310 0096 CDF82080 		str	r8, [sp, #32]
 121:Core/Src/usart.c ****     HAL_GPIO_Init(GPIOC, &GPIO_InitStruct);
 311              		.loc 1 121 5 is_stmt 1 view .LVU93
 121:Core/Src/usart.c ****     HAL_GPIO_Init(GPIOC, &GPIO_InitStruct);
 312              		.loc 1 121 31 is_stmt 0 view .LVU94
 313 009a 0997     		str	r7, [sp, #36]
 122:Core/Src/usart.c **** 
 314              		.loc 1 122 5 is_stmt 1 view .LVU95
 315 009c 05A9     		add	r1, sp, #20
 316 009e 4448     		ldr	r0, .L25+16
 317 00a0 FFF7FEFF 		bl	HAL_GPIO_Init
 318              	.LVL9:
 126:Core/Src/usart.c ****     hdma_usart3_rx.Init.Channel = DMA_CHANNEL_4;
 319              		.loc 1 126 5 view .LVU96
 126:Core/Src/usart.c ****     hdma_usart3_rx.Init.Channel = DMA_CHANNEL_4;
 320              		.loc 1 126 29 is_stmt 0 view .LVU97
ARM GAS  C:\Users\30806\AppData\Local\Temp\ccwH5lsZ.s 			page 11


 321 00a4 4348     		ldr	r0, .L25+20
 322 00a6 444B     		ldr	r3, .L25+24
 323 00a8 0360     		str	r3, [r0]
 127:Core/Src/usart.c ****     hdma_usart3_rx.Init.Direction = DMA_PERIPH_TO_MEMORY;
 324              		.loc 1 127 5 is_stmt 1 view .LVU98
 127:Core/Src/usart.c ****     hdma_usart3_rx.Init.Direction = DMA_PERIPH_TO_MEMORY;
 325              		.loc 1 127 33 is_stmt 0 view .LVU99
 326 00aa 4FF00063 		mov	r3, #134217728
 327 00ae 4360     		str	r3, [r0, #4]
 128:Core/Src/usart.c ****     hdma_usart3_rx.Init.PeriphInc = DMA_PINC_DISABLE;
 328              		.loc 1 128 5 is_stmt 1 view .LVU100
 128:Core/Src/usart.c ****     hdma_usart3_rx.Init.PeriphInc = DMA_PINC_DISABLE;
 329              		.loc 1 128 35 is_stmt 0 view .LVU101
 330 00b0 8560     		str	r5, [r0, #8]
 129:Core/Src/usart.c ****     hdma_usart3_rx.Init.MemInc = DMA_MINC_ENABLE;
 331              		.loc 1 129 5 is_stmt 1 view .LVU102
 129:Core/Src/usart.c ****     hdma_usart3_rx.Init.MemInc = DMA_MINC_ENABLE;
 332              		.loc 1 129 35 is_stmt 0 view .LVU103
 333 00b2 C560     		str	r5, [r0, #12]
 130:Core/Src/usart.c ****     hdma_usart3_rx.Init.PeriphDataAlignment = DMA_PDATAALIGN_BYTE;
 334              		.loc 1 130 5 is_stmt 1 view .LVU104
 130:Core/Src/usart.c ****     hdma_usart3_rx.Init.PeriphDataAlignment = DMA_PDATAALIGN_BYTE;
 335              		.loc 1 130 32 is_stmt 0 view .LVU105
 336 00b4 0661     		str	r6, [r0, #16]
 131:Core/Src/usart.c ****     hdma_usart3_rx.Init.MemDataAlignment = DMA_MDATAALIGN_BYTE;
 337              		.loc 1 131 5 is_stmt 1 view .LVU106
 131:Core/Src/usart.c ****     hdma_usart3_rx.Init.MemDataAlignment = DMA_MDATAALIGN_BYTE;
 338              		.loc 1 131 45 is_stmt 0 view .LVU107
 339 00b6 4561     		str	r5, [r0, #20]
 132:Core/Src/usart.c ****     hdma_usart3_rx.Init.Mode = DMA_CIRCULAR;
 340              		.loc 1 132 5 is_stmt 1 view .LVU108
 132:Core/Src/usart.c ****     hdma_usart3_rx.Init.Mode = DMA_CIRCULAR;
 341              		.loc 1 132 42 is_stmt 0 view .LVU109
 342 00b8 8561     		str	r5, [r0, #24]
 133:Core/Src/usart.c ****     hdma_usart3_rx.Init.Priority = DMA_PRIORITY_VERY_HIGH;
 343              		.loc 1 133 5 is_stmt 1 view .LVU110
 133:Core/Src/usart.c ****     hdma_usart3_rx.Init.Priority = DMA_PRIORITY_VERY_HIGH;
 344              		.loc 1 133 30 is_stmt 0 view .LVU111
 345 00ba 4FF48073 		mov	r3, #256
 346 00be C361     		str	r3, [r0, #28]
 134:Core/Src/usart.c ****     hdma_usart3_rx.Init.FIFOMode = DMA_FIFOMODE_DISABLE;
 347              		.loc 1 134 5 is_stmt 1 view .LVU112
 134:Core/Src/usart.c ****     hdma_usart3_rx.Init.FIFOMode = DMA_FIFOMODE_DISABLE;
 348              		.loc 1 134 34 is_stmt 0 view .LVU113
 349 00c0 4FF44033 		mov	r3, #196608
 350 00c4 0362     		str	r3, [r0, #32]
 135:Core/Src/usart.c ****     if (HAL_DMA_Init(&hdma_usart3_rx) != HAL_OK)
 351              		.loc 1 135 5 is_stmt 1 view .LVU114
 135:Core/Src/usart.c ****     if (HAL_DMA_Init(&hdma_usart3_rx) != HAL_OK)
 352              		.loc 1 135 34 is_stmt 0 view .LVU115
 353 00c6 4562     		str	r5, [r0, #36]
 136:Core/Src/usart.c ****     {
 354              		.loc 1 136 5 is_stmt 1 view .LVU116
 136:Core/Src/usart.c ****     {
 355              		.loc 1 136 9 is_stmt 0 view .LVU117
 356 00c8 FFF7FEFF 		bl	HAL_DMA_Init
 357              	.LVL10:
ARM GAS  C:\Users\30806\AppData\Local\Temp\ccwH5lsZ.s 			page 12


 136:Core/Src/usart.c ****     {
 358              		.loc 1 136 8 view .LVU118
 359 00cc 58B9     		cbnz	r0, .L22
 360              	.L15:
 141:Core/Src/usart.c **** 
 361              		.loc 1 141 5 is_stmt 1 view .LVU119
 141:Core/Src/usart.c **** 
 362              		.loc 1 141 5 view .LVU120
 363 00ce 394B     		ldr	r3, .L25+20
 364 00d0 E363     		str	r3, [r4, #60]
 141:Core/Src/usart.c **** 
 365              		.loc 1 141 5 view .LVU121
 366 00d2 9C63     		str	r4, [r3, #56]
 141:Core/Src/usart.c **** 
 367              		.loc 1 141 5 view .LVU122
 144:Core/Src/usart.c ****     HAL_NVIC_EnableIRQ(USART3_IRQn);
 368              		.loc 1 144 5 view .LVU123
 369 00d4 0022     		movs	r2, #0
 370 00d6 0521     		movs	r1, #5
 371 00d8 2720     		movs	r0, #39
 372 00da FFF7FEFF 		bl	HAL_NVIC_SetPriority
 373              	.LVL11:
 145:Core/Src/usart.c ****   /* USER CODE BEGIN USART3_MspInit 1 */
 374              		.loc 1 145 5 view .LVU124
 375 00de 2720     		movs	r0, #39
 376 00e0 FFF7FEFF 		bl	HAL_NVIC_EnableIRQ
 377              	.LVL12:
 378 00e4 9DE7     		b	.L13
 379              	.L22:
 138:Core/Src/usart.c ****     }
 380              		.loc 1 138 7 view .LVU125
 381 00e6 FFF7FEFF 		bl	Error_Handler
 382              	.LVL13:
 383 00ea F0E7     		b	.L15
 384              	.LVL14:
 385              	.L21:
 156:Core/Src/usart.c **** 
 386              		.loc 1 156 5 view .LVU126
 387              	.LBB5:
 156:Core/Src/usart.c **** 
 388              		.loc 1 156 5 view .LVU127
 389 00ec 0025     		movs	r5, #0
 390 00ee 0395     		str	r5, [sp, #12]
 156:Core/Src/usart.c **** 
 391              		.loc 1 156 5 view .LVU128
 392 00f0 2D4B     		ldr	r3, .L25+8
 393 00f2 5A6C     		ldr	r2, [r3, #68]
 394 00f4 42F02002 		orr	r2, r2, #32
 395 00f8 5A64     		str	r2, [r3, #68]
 156:Core/Src/usart.c **** 
 396              		.loc 1 156 5 view .LVU129
 397 00fa 5A6C     		ldr	r2, [r3, #68]
 398 00fc 02F02002 		and	r2, r2, #32
 399 0100 0392     		str	r2, [sp, #12]
 156:Core/Src/usart.c **** 
 400              		.loc 1 156 5 view .LVU130
 401 0102 039A     		ldr	r2, [sp, #12]
ARM GAS  C:\Users\30806\AppData\Local\Temp\ccwH5lsZ.s 			page 13


 402              	.LBE5:
 156:Core/Src/usart.c **** 
 403              		.loc 1 156 5 view .LVU131
 158:Core/Src/usart.c ****     /**USART6 GPIO Configuration
 404              		.loc 1 158 5 view .LVU132
 405              	.LBB6:
 158:Core/Src/usart.c ****     /**USART6 GPIO Configuration
 406              		.loc 1 158 5 view .LVU133
 407 0104 0495     		str	r5, [sp, #16]
 158:Core/Src/usart.c ****     /**USART6 GPIO Configuration
 408              		.loc 1 158 5 view .LVU134
 409 0106 1A6B     		ldr	r2, [r3, #48]
 410 0108 42F00402 		orr	r2, r2, #4
 411 010c 1A63     		str	r2, [r3, #48]
 158:Core/Src/usart.c ****     /**USART6 GPIO Configuration
 412              		.loc 1 158 5 view .LVU135
 413 010e 1B6B     		ldr	r3, [r3, #48]
 414 0110 03F00403 		and	r3, r3, #4
 415 0114 0493     		str	r3, [sp, #16]
 158:Core/Src/usart.c ****     /**USART6 GPIO Configuration
 416              		.loc 1 158 5 view .LVU136
 417 0116 049B     		ldr	r3, [sp, #16]
 418              	.LBE6:
 158:Core/Src/usart.c ****     /**USART6 GPIO Configuration
 419              		.loc 1 158 5 view .LVU137
 163:Core/Src/usart.c ****     GPIO_InitStruct.Mode = GPIO_MODE_AF_PP;
 420              		.loc 1 163 5 view .LVU138
 163:Core/Src/usart.c ****     GPIO_InitStruct.Mode = GPIO_MODE_AF_PP;
 421              		.loc 1 163 25 is_stmt 0 view .LVU139
 422 0118 C023     		movs	r3, #192
 423 011a 0593     		str	r3, [sp, #20]
 164:Core/Src/usart.c ****     GPIO_InitStruct.Pull = GPIO_NOPULL;
 424              		.loc 1 164 5 is_stmt 1 view .LVU140
 164:Core/Src/usart.c ****     GPIO_InitStruct.Pull = GPIO_NOPULL;
 425              		.loc 1 164 26 is_stmt 0 view .LVU141
 426 011c 0223     		movs	r3, #2
 427 011e 0693     		str	r3, [sp, #24]
 165:Core/Src/usart.c ****     GPIO_InitStruct.Speed = GPIO_SPEED_FREQ_VERY_HIGH;
 428              		.loc 1 165 5 is_stmt 1 view .LVU142
 166:Core/Src/usart.c ****     GPIO_InitStruct.Alternate = GPIO_AF8_USART6;
 429              		.loc 1 166 5 view .LVU143
 166:Core/Src/usart.c ****     GPIO_InitStruct.Alternate = GPIO_AF8_USART6;
 430              		.loc 1 166 27 is_stmt 0 view .LVU144
 431 0120 0323     		movs	r3, #3
 432 0122 0893     		str	r3, [sp, #32]
 167:Core/Src/usart.c ****     HAL_GPIO_Init(GPIOC, &GPIO_InitStruct);
 433              		.loc 1 167 5 is_stmt 1 view .LVU145
 167:Core/Src/usart.c ****     HAL_GPIO_Init(GPIOC, &GPIO_InitStruct);
 434              		.loc 1 167 31 is_stmt 0 view .LVU146
 435 0124 0823     		movs	r3, #8
 436 0126 0993     		str	r3, [sp, #36]
 168:Core/Src/usart.c **** 
 437              		.loc 1 168 5 is_stmt 1 view .LVU147
 438 0128 05A9     		add	r1, sp, #20
 439 012a 2148     		ldr	r0, .L25+16
 440              	.LVL15:
 168:Core/Src/usart.c **** 
ARM GAS  C:\Users\30806\AppData\Local\Temp\ccwH5lsZ.s 			page 14


 441              		.loc 1 168 5 is_stmt 0 view .LVU148
 442 012c FFF7FEFF 		bl	HAL_GPIO_Init
 443              	.LVL16:
 172:Core/Src/usart.c ****     hdma_usart6_rx.Init.Channel = DMA_CHANNEL_5;
 444              		.loc 1 172 5 is_stmt 1 view .LVU149
 172:Core/Src/usart.c ****     hdma_usart6_rx.Init.Channel = DMA_CHANNEL_5;
 445              		.loc 1 172 29 is_stmt 0 view .LVU150
 446 0130 2248     		ldr	r0, .L25+28
 447 0132 234B     		ldr	r3, .L25+32
 448 0134 0360     		str	r3, [r0]
 173:Core/Src/usart.c ****     hdma_usart6_rx.Init.Direction = DMA_PERIPH_TO_MEMORY;
 449              		.loc 1 173 5 is_stmt 1 view .LVU151
 173:Core/Src/usart.c ****     hdma_usart6_rx.Init.Direction = DMA_PERIPH_TO_MEMORY;
 450              		.loc 1 173 33 is_stmt 0 view .LVU152
 451 0136 4FF02063 		mov	r3, #167772160
 452 013a 4360     		str	r3, [r0, #4]
 174:Core/Src/usart.c ****     hdma_usart6_rx.Init.PeriphInc = DMA_PINC_DISABLE;
 453              		.loc 1 174 5 is_stmt 1 view .LVU153
 174:Core/Src/usart.c ****     hdma_usart6_rx.Init.PeriphInc = DMA_PINC_DISABLE;
 454              		.loc 1 174 35 is_stmt 0 view .LVU154
 455 013c 8560     		str	r5, [r0, #8]
 175:Core/Src/usart.c ****     hdma_usart6_rx.Init.MemInc = DMA_MINC_ENABLE;
 456              		.loc 1 175 5 is_stmt 1 view .LVU155
 175:Core/Src/usart.c ****     hdma_usart6_rx.Init.MemInc = DMA_MINC_ENABLE;
 457              		.loc 1 175 35 is_stmt 0 view .LVU156
 458 013e C560     		str	r5, [r0, #12]
 176:Core/Src/usart.c ****     hdma_usart6_rx.Init.PeriphDataAlignment = DMA_PDATAALIGN_BYTE;
 459              		.loc 1 176 5 is_stmt 1 view .LVU157
 176:Core/Src/usart.c ****     hdma_usart6_rx.Init.PeriphDataAlignment = DMA_PDATAALIGN_BYTE;
 460              		.loc 1 176 32 is_stmt 0 view .LVU158
 461 0140 4FF48063 		mov	r3, #1024
 462 0144 0361     		str	r3, [r0, #16]
 177:Core/Src/usart.c ****     hdma_usart6_rx.Init.MemDataAlignment = DMA_MDATAALIGN_BYTE;
 463              		.loc 1 177 5 is_stmt 1 view .LVU159
 177:Core/Src/usart.c ****     hdma_usart6_rx.Init.MemDataAlignment = DMA_MDATAALIGN_BYTE;
 464              		.loc 1 177 45 is_stmt 0 view .LVU160
 465 0146 4561     		str	r5, [r0, #20]
 178:Core/Src/usart.c ****     hdma_usart6_rx.Init.Mode = DMA_CIRCULAR;
 466              		.loc 1 178 5 is_stmt 1 view .LVU161
 178:Core/Src/usart.c ****     hdma_usart6_rx.Init.Mode = DMA_CIRCULAR;
 467              		.loc 1 178 42 is_stmt 0 view .LVU162
 468 0148 8561     		str	r5, [r0, #24]
 179:Core/Src/usart.c ****     hdma_usart6_rx.Init.Priority = DMA_PRIORITY_LOW;
 469              		.loc 1 179 5 is_stmt 1 view .LVU163
 179:Core/Src/usart.c ****     hdma_usart6_rx.Init.Priority = DMA_PRIORITY_LOW;
 470              		.loc 1 179 30 is_stmt 0 view .LVU164
 471 014a 4FF48073 		mov	r3, #256
 472 014e C361     		str	r3, [r0, #28]
 180:Core/Src/usart.c ****     hdma_usart6_rx.Init.FIFOMode = DMA_FIFOMODE_DISABLE;
 473              		.loc 1 180 5 is_stmt 1 view .LVU165
 180:Core/Src/usart.c ****     hdma_usart6_rx.Init.FIFOMode = DMA_FIFOMODE_DISABLE;
 474              		.loc 1 180 34 is_stmt 0 view .LVU166
 475 0150 0562     		str	r5, [r0, #32]
 181:Core/Src/usart.c ****     if (HAL_DMA_Init(&hdma_usart6_rx) != HAL_OK)
 476              		.loc 1 181 5 is_stmt 1 view .LVU167
 181:Core/Src/usart.c ****     if (HAL_DMA_Init(&hdma_usart6_rx) != HAL_OK)
 477              		.loc 1 181 34 is_stmt 0 view .LVU168
ARM GAS  C:\Users\30806\AppData\Local\Temp\ccwH5lsZ.s 			page 15


 478 0152 4562     		str	r5, [r0, #36]
 182:Core/Src/usart.c ****     {
 479              		.loc 1 182 5 is_stmt 1 view .LVU169
 182:Core/Src/usart.c ****     {
 480              		.loc 1 182 9 is_stmt 0 view .LVU170
 481 0154 FFF7FEFF 		bl	HAL_DMA_Init
 482              	.LVL17:
 182:Core/Src/usart.c ****     {
 483              		.loc 1 182 8 view .LVU171
 484 0158 D8B9     		cbnz	r0, .L23
 485              	.L17:
 187:Core/Src/usart.c **** 
 486              		.loc 1 187 5 is_stmt 1 view .LVU172
 187:Core/Src/usart.c **** 
 487              		.loc 1 187 5 view .LVU173
 488 015a 184B     		ldr	r3, .L25+28
 489 015c E363     		str	r3, [r4, #60]
 187:Core/Src/usart.c **** 
 490              		.loc 1 187 5 view .LVU174
 491 015e 9C63     		str	r4, [r3, #56]
 187:Core/Src/usart.c **** 
 492              		.loc 1 187 5 view .LVU175
 190:Core/Src/usart.c ****     hdma_usart6_tx.Init.Channel = DMA_CHANNEL_5;
 493              		.loc 1 190 5 view .LVU176
 190:Core/Src/usart.c ****     hdma_usart6_tx.Init.Channel = DMA_CHANNEL_5;
 494              		.loc 1 190 29 is_stmt 0 view .LVU177
 495 0160 1848     		ldr	r0, .L25+36
 496 0162 194B     		ldr	r3, .L25+40
 497 0164 0360     		str	r3, [r0]
 191:Core/Src/usart.c ****     hdma_usart6_tx.Init.Direction = DMA_MEMORY_TO_PERIPH;
 498              		.loc 1 191 5 is_stmt 1 view .LVU178
 191:Core/Src/usart.c ****     hdma_usart6_tx.Init.Direction = DMA_MEMORY_TO_PERIPH;
 499              		.loc 1 191 33 is_stmt 0 view .LVU179
 500 0166 4FF02063 		mov	r3, #167772160
 501 016a 4360     		str	r3, [r0, #4]
 192:Core/Src/usart.c ****     hdma_usart6_tx.Init.PeriphInc = DMA_PINC_DISABLE;
 502              		.loc 1 192 5 is_stmt 1 view .LVU180
 192:Core/Src/usart.c ****     hdma_usart6_tx.Init.PeriphInc = DMA_PINC_DISABLE;
 503              		.loc 1 192 35 is_stmt 0 view .LVU181
 504 016c 4023     		movs	r3, #64
 505 016e 8360     		str	r3, [r0, #8]
 193:Core/Src/usart.c ****     hdma_usart6_tx.Init.MemInc = DMA_MINC_ENABLE;
 506              		.loc 1 193 5 is_stmt 1 view .LVU182
 193:Core/Src/usart.c ****     hdma_usart6_tx.Init.MemInc = DMA_MINC_ENABLE;
 507              		.loc 1 193 35 is_stmt 0 view .LVU183
 508 0170 0023     		movs	r3, #0
 509 0172 C360     		str	r3, [r0, #12]
 194:Core/Src/usart.c ****     hdma_usart6_tx.Init.PeriphDataAlignment = DMA_PDATAALIGN_BYTE;
 510              		.loc 1 194 5 is_stmt 1 view .LVU184
 194:Core/Src/usart.c ****     hdma_usart6_tx.Init.PeriphDataAlignment = DMA_PDATAALIGN_BYTE;
 511              		.loc 1 194 32 is_stmt 0 view .LVU185
 512 0174 4FF48062 		mov	r2, #1024
 513 0178 0261     		str	r2, [r0, #16]
 195:Core/Src/usart.c ****     hdma_usart6_tx.Init.MemDataAlignment = DMA_MDATAALIGN_BYTE;
 514              		.loc 1 195 5 is_stmt 1 view .LVU186
 195:Core/Src/usart.c ****     hdma_usart6_tx.Init.MemDataAlignment = DMA_MDATAALIGN_BYTE;
 515              		.loc 1 195 45 is_stmt 0 view .LVU187
ARM GAS  C:\Users\30806\AppData\Local\Temp\ccwH5lsZ.s 			page 16


 516 017a 4361     		str	r3, [r0, #20]
 196:Core/Src/usart.c ****     hdma_usart6_tx.Init.Mode = DMA_NORMAL;
 517              		.loc 1 196 5 is_stmt 1 view .LVU188
 196:Core/Src/usart.c ****     hdma_usart6_tx.Init.Mode = DMA_NORMAL;
 518              		.loc 1 196 42 is_stmt 0 view .LVU189
 519 017c 8361     		str	r3, [r0, #24]
 197:Core/Src/usart.c ****     hdma_usart6_tx.Init.Priority = DMA_PRIORITY_LOW;
 520              		.loc 1 197 5 is_stmt 1 view .LVU190
 197:Core/Src/usart.c ****     hdma_usart6_tx.Init.Priority = DMA_PRIORITY_LOW;
 521              		.loc 1 197 30 is_stmt 0 view .LVU191
 522 017e C361     		str	r3, [r0, #28]
 198:Core/Src/usart.c ****     hdma_usart6_tx.Init.FIFOMode = DMA_FIFOMODE_DISABLE;
 523              		.loc 1 198 5 is_stmt 1 view .LVU192
 198:Core/Src/usart.c ****     hdma_usart6_tx.Init.FIFOMode = DMA_FIFOMODE_DISABLE;
 524              		.loc 1 198 34 is_stmt 0 view .LVU193
 525 0180 0362     		str	r3, [r0, #32]
 199:Core/Src/usart.c ****     if (HAL_DMA_Init(&hdma_usart6_tx) != HAL_OK)
 526              		.loc 1 199 5 is_stmt 1 view .LVU194
 199:Core/Src/usart.c ****     if (HAL_DMA_Init(&hdma_usart6_tx) != HAL_OK)
 527              		.loc 1 199 34 is_stmt 0 view .LVU195
 528 0182 4362     		str	r3, [r0, #36]
 200:Core/Src/usart.c ****     {
 529              		.loc 1 200 5 is_stmt 1 view .LVU196
 200:Core/Src/usart.c ****     {
 530              		.loc 1 200 9 is_stmt 0 view .LVU197
 531 0184 FFF7FEFF 		bl	HAL_DMA_Init
 532              	.LVL18:
 200:Core/Src/usart.c ****     {
 533              		.loc 1 200 8 view .LVU198
 534 0188 30B9     		cbnz	r0, .L24
 535              	.L18:
 205:Core/Src/usart.c **** 
 536              		.loc 1 205 5 is_stmt 1 view .LVU199
 205:Core/Src/usart.c **** 
 537              		.loc 1 205 5 view .LVU200
 538 018a 0E4B     		ldr	r3, .L25+36
 539 018c A363     		str	r3, [r4, #56]
 205:Core/Src/usart.c **** 
 540              		.loc 1 205 5 view .LVU201
 541 018e 9C63     		str	r4, [r3, #56]
 205:Core/Src/usart.c **** 
 542              		.loc 1 205 5 view .LVU202
 543              		.loc 1 211 1 is_stmt 0 view .LVU203
 544 0190 47E7     		b	.L13
 545              	.L23:
 184:Core/Src/usart.c ****     }
 546              		.loc 1 184 7 is_stmt 1 view .LVU204
 547 0192 FFF7FEFF 		bl	Error_Handler
 548              	.LVL19:
 549 0196 E0E7     		b	.L17
 550              	.L24:
 202:Core/Src/usart.c ****     }
 551              		.loc 1 202 7 view .LVU205
 552 0198 FFF7FEFF 		bl	Error_Handler
 553              	.LVL20:
 554 019c F5E7     		b	.L18
 555              	.L26:
ARM GAS  C:\Users\30806\AppData\Local\Temp\ccwH5lsZ.s 			page 17


 556 019e 00BF     		.align	2
 557              	.L25:
 558 01a0 00480040 		.word	1073760256
 559 01a4 00140140 		.word	1073812480
 560 01a8 00380240 		.word	1073887232
 561 01ac 00040240 		.word	1073873920
 562 01b0 00080240 		.word	1073874944
 563 01b4 00000000 		.word	.LANCHOR2
 564 01b8 28600240 		.word	1073897512
 565 01bc 00000000 		.word	.LANCHOR3
 566 01c0 28640240 		.word	1073898536
 567 01c4 00000000 		.word	.LANCHOR4
 568 01c8 A0640240 		.word	1073898656
 569              		.cfi_endproc
 570              	.LFE145:
 572              		.section	.text.HAL_UART_MspDeInit,"ax",%progbits
 573              		.align	1
 574              		.global	HAL_UART_MspDeInit
 575              		.syntax unified
 576              		.thumb
 577              		.thumb_func
 579              	HAL_UART_MspDeInit:
 580              	.LVL21:
 581              	.LFB146:
 212:Core/Src/usart.c **** 
 213:Core/Src/usart.c **** void HAL_UART_MspDeInit(UART_HandleTypeDef* uartHandle)
 214:Core/Src/usart.c **** {
 582              		.loc 1 214 1 view -0
 583              		.cfi_startproc
 584              		@ args = 0, pretend = 0, frame = 0
 585              		@ frame_needed = 0, uses_anonymous_args = 0
 586              		.loc 1 214 1 is_stmt 0 view .LVU207
 587 0000 10B5     		push	{r4, lr}
 588              	.LCFI6:
 589              		.cfi_def_cfa_offset 8
 590              		.cfi_offset 4, -8
 591              		.cfi_offset 14, -4
 592 0002 0446     		mov	r4, r0
 215:Core/Src/usart.c **** 
 216:Core/Src/usart.c ****   if(uartHandle->Instance==USART3)
 593              		.loc 1 216 3 is_stmt 1 view .LVU208
 594              		.loc 1 216 16 is_stmt 0 view .LVU209
 595 0004 0368     		ldr	r3, [r0]
 596              		.loc 1 216 5 view .LVU210
 597 0006 174A     		ldr	r2, .L33
 598 0008 9342     		cmp	r3, r2
 599 000a 03D0     		beq	.L31
 217:Core/Src/usart.c ****   {
 218:Core/Src/usart.c ****   /* USER CODE BEGIN USART3_MspDeInit 0 */
 219:Core/Src/usart.c **** 
 220:Core/Src/usart.c ****   /* USER CODE END USART3_MspDeInit 0 */
 221:Core/Src/usart.c ****     /* Peripheral clock disable */
 222:Core/Src/usart.c ****     __HAL_RCC_USART3_CLK_DISABLE();
 223:Core/Src/usart.c **** 
 224:Core/Src/usart.c ****     /**USART3 GPIO Configuration
 225:Core/Src/usart.c ****     PB11     ------> USART3_RX
 226:Core/Src/usart.c ****     PC10     ------> USART3_TX
ARM GAS  C:\Users\30806\AppData\Local\Temp\ccwH5lsZ.s 			page 18


 227:Core/Src/usart.c ****     */
 228:Core/Src/usart.c ****     HAL_GPIO_DeInit(GPIOB, GPIO_PIN_11);
 229:Core/Src/usart.c **** 
 230:Core/Src/usart.c ****     HAL_GPIO_DeInit(GPIOC, GPIO_PIN_10);
 231:Core/Src/usart.c **** 
 232:Core/Src/usart.c ****     /* USART3 DMA DeInit */
 233:Core/Src/usart.c ****     HAL_DMA_DeInit(uartHandle->hdmarx);
 234:Core/Src/usart.c **** 
 235:Core/Src/usart.c ****     /* USART3 interrupt Deinit */
 236:Core/Src/usart.c ****     HAL_NVIC_DisableIRQ(USART3_IRQn);
 237:Core/Src/usart.c ****   /* USER CODE BEGIN USART3_MspDeInit 1 */
 238:Core/Src/usart.c **** 
 239:Core/Src/usart.c ****   /* USER CODE END USART3_MspDeInit 1 */
 240:Core/Src/usart.c ****   }
 241:Core/Src/usart.c ****   else if(uartHandle->Instance==USART6)
 600              		.loc 1 241 8 is_stmt 1 view .LVU211
 601              		.loc 1 241 10 is_stmt 0 view .LVU212
 602 000c 164A     		ldr	r2, .L33+4
 603 000e 9342     		cmp	r3, r2
 604 0010 17D0     		beq	.L32
 605              	.LVL22:
 606              	.L27:
 242:Core/Src/usart.c ****   {
 243:Core/Src/usart.c ****   /* USER CODE BEGIN USART6_MspDeInit 0 */
 244:Core/Src/usart.c **** 
 245:Core/Src/usart.c ****   /* USER CODE END USART6_MspDeInit 0 */
 246:Core/Src/usart.c ****     /* Peripheral clock disable */
 247:Core/Src/usart.c ****     __HAL_RCC_USART6_CLK_DISABLE();
 248:Core/Src/usart.c **** 
 249:Core/Src/usart.c ****     /**USART6 GPIO Configuration
 250:Core/Src/usart.c ****     PC6     ------> USART6_TX
 251:Core/Src/usart.c ****     PC7     ------> USART6_RX
 252:Core/Src/usart.c ****     */
 253:Core/Src/usart.c ****     HAL_GPIO_DeInit(GPIOC, GPIO_PIN_6|GPIO_PIN_7);
 254:Core/Src/usart.c **** 
 255:Core/Src/usart.c ****     /* USART6 DMA DeInit */
 256:Core/Src/usart.c ****     HAL_DMA_DeInit(uartHandle->hdmarx);
 257:Core/Src/usart.c ****     HAL_DMA_DeInit(uartHandle->hdmatx);
 258:Core/Src/usart.c ****   /* USER CODE BEGIN USART6_MspDeInit 1 */
 259:Core/Src/usart.c **** 
 260:Core/Src/usart.c ****   /* USER CODE END USART6_MspDeInit 1 */
 261:Core/Src/usart.c ****   }
 262:Core/Src/usart.c **** }
 607              		.loc 1 262 1 view .LVU213
 608 0012 10BD     		pop	{r4, pc}
 609              	.LVL23:
 610              	.L31:
 222:Core/Src/usart.c **** 
 611              		.loc 1 222 5 is_stmt 1 view .LVU214
 612 0014 02F5F832 		add	r2, r2, #126976
 613 0018 136C     		ldr	r3, [r2, #64]
 614 001a 23F48023 		bic	r3, r3, #262144
 615 001e 1364     		str	r3, [r2, #64]
 228:Core/Src/usart.c **** 
 616              		.loc 1 228 5 view .LVU215
 617 0020 4FF40061 		mov	r1, #2048
 618 0024 1148     		ldr	r0, .L33+8
ARM GAS  C:\Users\30806\AppData\Local\Temp\ccwH5lsZ.s 			page 19


 619              	.LVL24:
 228:Core/Src/usart.c **** 
 620              		.loc 1 228 5 is_stmt 0 view .LVU216
 621 0026 FFF7FEFF 		bl	HAL_GPIO_DeInit
 622              	.LVL25:
 230:Core/Src/usart.c **** 
 623              		.loc 1 230 5 is_stmt 1 view .LVU217
 624 002a 4FF48061 		mov	r1, #1024
 625 002e 1048     		ldr	r0, .L33+12
 626 0030 FFF7FEFF 		bl	HAL_GPIO_DeInit
 627              	.LVL26:
 233:Core/Src/usart.c **** 
 628              		.loc 1 233 5 view .LVU218
 629 0034 E06B     		ldr	r0, [r4, #60]
 630 0036 FFF7FEFF 		bl	HAL_DMA_DeInit
 631              	.LVL27:
 236:Core/Src/usart.c ****   /* USER CODE BEGIN USART3_MspDeInit 1 */
 632              		.loc 1 236 5 view .LVU219
 633 003a 2720     		movs	r0, #39
 634 003c FFF7FEFF 		bl	HAL_NVIC_DisableIRQ
 635              	.LVL28:
 636 0040 E7E7     		b	.L27
 637              	.LVL29:
 638              	.L32:
 247:Core/Src/usart.c **** 
 639              		.loc 1 247 5 view .LVU220
 640 0042 02F59232 		add	r2, r2, #74752
 641 0046 536C     		ldr	r3, [r2, #68]
 642 0048 23F02003 		bic	r3, r3, #32
 643 004c 5364     		str	r3, [r2, #68]
 253:Core/Src/usart.c **** 
 644              		.loc 1 253 5 view .LVU221
 645 004e C021     		movs	r1, #192
 646 0050 0748     		ldr	r0, .L33+12
 647              	.LVL30:
 253:Core/Src/usart.c **** 
 648              		.loc 1 253 5 is_stmt 0 view .LVU222
 649 0052 FFF7FEFF 		bl	HAL_GPIO_DeInit
 650              	.LVL31:
 256:Core/Src/usart.c ****     HAL_DMA_DeInit(uartHandle->hdmatx);
 651              		.loc 1 256 5 is_stmt 1 view .LVU223
 652 0056 E06B     		ldr	r0, [r4, #60]
 653 0058 FFF7FEFF 		bl	HAL_DMA_DeInit
 654              	.LVL32:
 257:Core/Src/usart.c ****   /* USER CODE BEGIN USART6_MspDeInit 1 */
 655              		.loc 1 257 5 view .LVU224
 656 005c A06B     		ldr	r0, [r4, #56]
 657 005e FFF7FEFF 		bl	HAL_DMA_DeInit
 658              	.LVL33:
 659              		.loc 1 262 1 is_stmt 0 view .LVU225
 660 0062 D6E7     		b	.L27
 661              	.L34:
 662              		.align	2
 663              	.L33:
 664 0064 00480040 		.word	1073760256
 665 0068 00140140 		.word	1073812480
 666 006c 00040240 		.word	1073873920
ARM GAS  C:\Users\30806\AppData\Local\Temp\ccwH5lsZ.s 			page 20


 667 0070 00080240 		.word	1073874944
 668              		.cfi_endproc
 669              	.LFE146:
 671              		.global	hdma_usart6_tx
 672              		.global	hdma_usart6_rx
 673              		.global	hdma_usart3_rx
 674              		.global	huart6
 675              		.global	huart3
 676              		.section	.bss.hdma_usart3_rx,"aw",%nobits
 677              		.align	2
 678              		.set	.LANCHOR2,. + 0
 681              	hdma_usart3_rx:
 682 0000 00000000 		.space	96
 682      00000000 
 682      00000000 
 682      00000000 
 682      00000000 
 683              		.section	.bss.hdma_usart6_rx,"aw",%nobits
 684              		.align	2
 685              		.set	.LANCHOR3,. + 0
 688              	hdma_usart6_rx:
 689 0000 00000000 		.space	96
 689      00000000 
 689      00000000 
 689      00000000 
 689      00000000 
 690              		.section	.bss.hdma_usart6_tx,"aw",%nobits
 691              		.align	2
 692              		.set	.LANCHOR4,. + 0
 695              	hdma_usart6_tx:
 696 0000 00000000 		.space	96
 696      00000000 
 696      00000000 
 696      00000000 
 696      00000000 
 697              		.section	.bss.huart3,"aw",%nobits
 698              		.align	2
 699              		.set	.LANCHOR0,. + 0
 702              	huart3:
 703 0000 00000000 		.space	72
 703      00000000 
 703      00000000 
 703      00000000 
 703      00000000 
 704              		.section	.bss.huart6,"aw",%nobits
 705              		.align	2
 706              		.set	.LANCHOR1,. + 0
 709              	huart6:
 710 0000 00000000 		.space	72
 710      00000000 
 710      00000000 
 710      00000000 
 710      00000000 
 711              		.text
 712              	.Letext0:
 713              		.file 2 "d:\\stm_for_vs\\gcc-arm-none-eabi-10.3-2021.10\\arm-none-eabi\\include\\machine\\_default
 714              		.file 3 "d:\\stm_for_vs\\gcc-arm-none-eabi-10.3-2021.10\\arm-none-eabi\\include\\sys\\_stdint.h"
ARM GAS  C:\Users\30806\AppData\Local\Temp\ccwH5lsZ.s 			page 21


 715              		.file 4 "Drivers/CMSIS/Device/ST/STM32F4xx/Include/stm32f405xx.h"
 716              		.file 5 "Drivers/STM32F4xx_HAL_Driver/Inc/stm32f4xx_hal_def.h"
 717              		.file 6 "Drivers/STM32F4xx_HAL_Driver/Inc/stm32f4xx_hal_gpio.h"
 718              		.file 7 "Drivers/STM32F4xx_HAL_Driver/Inc/stm32f4xx_hal_dma.h"
 719              		.file 8 "Drivers/STM32F4xx_HAL_Driver/Inc/stm32f4xx_hal_uart.h"
 720              		.file 9 "Core/Inc/usart.h"
 721              		.file 10 "Drivers/STM32F4xx_HAL_Driver/Inc/stm32f4xx_hal_cortex.h"
 722              		.file 11 "Core/Inc/main.h"
ARM GAS  C:\Users\30806\AppData\Local\Temp\ccwH5lsZ.s 			page 22


DEFINED SYMBOLS
                            *ABS*:00000000 usart.c
C:\Users\30806\AppData\Local\Temp\ccwH5lsZ.s:20     .text.MX_USART3_UART_Init:00000000 $t
C:\Users\30806\AppData\Local\Temp\ccwH5lsZ.s:26     .text.MX_USART3_UART_Init:00000000 MX_USART3_UART_Init
C:\Users\30806\AppData\Local\Temp\ccwH5lsZ.s:86     .text.MX_USART3_UART_Init:00000030 $d
C:\Users\30806\AppData\Local\Temp\ccwH5lsZ.s:93     .text.MX_USART6_UART_Init:00000000 $t
C:\Users\30806\AppData\Local\Temp\ccwH5lsZ.s:99     .text.MX_USART6_UART_Init:00000000 MX_USART6_UART_Init
C:\Users\30806\AppData\Local\Temp\ccwH5lsZ.s:157    .text.MX_USART6_UART_Init:0000002c $d
C:\Users\30806\AppData\Local\Temp\ccwH5lsZ.s:163    .text.HAL_UART_MspInit:00000000 $t
C:\Users\30806\AppData\Local\Temp\ccwH5lsZ.s:169    .text.HAL_UART_MspInit:00000000 HAL_UART_MspInit
C:\Users\30806\AppData\Local\Temp\ccwH5lsZ.s:558    .text.HAL_UART_MspInit:000001a0 $d
C:\Users\30806\AppData\Local\Temp\ccwH5lsZ.s:573    .text.HAL_UART_MspDeInit:00000000 $t
C:\Users\30806\AppData\Local\Temp\ccwH5lsZ.s:579    .text.HAL_UART_MspDeInit:00000000 HAL_UART_MspDeInit
C:\Users\30806\AppData\Local\Temp\ccwH5lsZ.s:664    .text.HAL_UART_MspDeInit:00000064 $d
C:\Users\30806\AppData\Local\Temp\ccwH5lsZ.s:695    .bss.hdma_usart6_tx:00000000 hdma_usart6_tx
C:\Users\30806\AppData\Local\Temp\ccwH5lsZ.s:688    .bss.hdma_usart6_rx:00000000 hdma_usart6_rx
C:\Users\30806\AppData\Local\Temp\ccwH5lsZ.s:681    .bss.hdma_usart3_rx:00000000 hdma_usart3_rx
C:\Users\30806\AppData\Local\Temp\ccwH5lsZ.s:709    .bss.huart6:00000000 huart6
C:\Users\30806\AppData\Local\Temp\ccwH5lsZ.s:702    .bss.huart3:00000000 huart3
C:\Users\30806\AppData\Local\Temp\ccwH5lsZ.s:677    .bss.hdma_usart3_rx:00000000 $d
C:\Users\30806\AppData\Local\Temp\ccwH5lsZ.s:684    .bss.hdma_usart6_rx:00000000 $d
C:\Users\30806\AppData\Local\Temp\ccwH5lsZ.s:691    .bss.hdma_usart6_tx:00000000 $d
C:\Users\30806\AppData\Local\Temp\ccwH5lsZ.s:698    .bss.huart3:00000000 $d
C:\Users\30806\AppData\Local\Temp\ccwH5lsZ.s:705    .bss.huart6:00000000 $d

UNDEFINED SYMBOLS
HAL_UART_Init
Error_Handler
HAL_GPIO_Init
HAL_DMA_Init
HAL_NVIC_SetPriority
HAL_NVIC_EnableIRQ
HAL_GPIO_DeInit
HAL_DMA_DeInit
HAL_NVIC_DisableIRQ
