ARM GAS  C:\Users\30806\AppData\Local\Temp\ccO3qJyO.s 			page 1


   1              		.cpu cortex-m4
   2              		.arch armv7e-m
   3              		.fpu fpv4-sp-d16
   4              		.eabi_attribute 27, 1
   5              		.eabi_attribute 28, 1
   6              		.eabi_attribute 20, 1
   7              		.eabi_attribute 21, 1
   8              		.eabi_attribute 23, 3
   9              		.eabi_attribute 24, 1
  10              		.eabi_attribute 25, 1
  11              		.eabi_attribute 26, 1
  12              		.eabi_attribute 30, 1
  13              		.eabi_attribute 34, 1
  14              		.eabi_attribute 18, 4
  15              		.file	"usbd_cdc_if.c"
  16              		.text
  17              	.Ltext0:
  18              		.cfi_sections	.debug_frame
  19              		.section	.text.CDC_DeInit_FS,"ax",%progbits
  20              		.align	1
  21              		.syntax unified
  22              		.thumb
  23              		.thumb_func
  25              	CDC_DeInit_FS:
  26              	.LFB165:
  27              		.file 1 "USB_DEVICE/App/usbd_cdc_if.c"
   1:USB_DEVICE/App/usbd_cdc_if.c **** /* USER CODE BEGIN Header */
   2:USB_DEVICE/App/usbd_cdc_if.c **** /**
   3:USB_DEVICE/App/usbd_cdc_if.c ****   ******************************************************************************
   4:USB_DEVICE/App/usbd_cdc_if.c ****   * @file           : usbd_cdc_if.c
   5:USB_DEVICE/App/usbd_cdc_if.c ****   * @version        : v1.0_Cube
   6:USB_DEVICE/App/usbd_cdc_if.c ****   * @brief          : Usb device for Virtual Com Port.
   7:USB_DEVICE/App/usbd_cdc_if.c ****   ******************************************************************************
   8:USB_DEVICE/App/usbd_cdc_if.c ****   * @attention
   9:USB_DEVICE/App/usbd_cdc_if.c ****   *
  10:USB_DEVICE/App/usbd_cdc_if.c ****   * Copyright (c) 2024 STMicroelectronics.
  11:USB_DEVICE/App/usbd_cdc_if.c ****   * All rights reserved.
  12:USB_DEVICE/App/usbd_cdc_if.c ****   *
  13:USB_DEVICE/App/usbd_cdc_if.c ****   * This software is licensed under terms that can be found in the LICENSE file
  14:USB_DEVICE/App/usbd_cdc_if.c ****   * in the root directory of this software component.
  15:USB_DEVICE/App/usbd_cdc_if.c ****   * If no LICENSE file comes with this software, it is provided AS-IS.
  16:USB_DEVICE/App/usbd_cdc_if.c ****   *
  17:USB_DEVICE/App/usbd_cdc_if.c ****   ******************************************************************************
  18:USB_DEVICE/App/usbd_cdc_if.c ****   */
  19:USB_DEVICE/App/usbd_cdc_if.c **** /* USER CODE END Header */
  20:USB_DEVICE/App/usbd_cdc_if.c **** 
  21:USB_DEVICE/App/usbd_cdc_if.c **** /* Includes ------------------------------------------------------------------*/
  22:USB_DEVICE/App/usbd_cdc_if.c **** #include "usbd_cdc_if.h"
  23:USB_DEVICE/App/usbd_cdc_if.c **** 
  24:USB_DEVICE/App/usbd_cdc_if.c **** /* USER CODE BEGIN INCLUDE */
  25:USB_DEVICE/App/usbd_cdc_if.c **** #include "Vision.h"
  26:USB_DEVICE/App/usbd_cdc_if.c **** extern fifo_s_t *usb_info;
  27:USB_DEVICE/App/usbd_cdc_if.c **** /* USER CODE END INCLUDE */
  28:USB_DEVICE/App/usbd_cdc_if.c **** 
  29:USB_DEVICE/App/usbd_cdc_if.c **** /* Private typedef -----------------------------------------------------------*/
  30:USB_DEVICE/App/usbd_cdc_if.c **** /* Private define ------------------------------------------------------------*/
  31:USB_DEVICE/App/usbd_cdc_if.c **** /* Private macro -------------------------------------------------------------*/
ARM GAS  C:\Users\30806\AppData\Local\Temp\ccO3qJyO.s 			page 2


  32:USB_DEVICE/App/usbd_cdc_if.c **** 
  33:USB_DEVICE/App/usbd_cdc_if.c **** /* USER CODE BEGIN PV */
  34:USB_DEVICE/App/usbd_cdc_if.c **** /* Private variables ---------------------------------------------------------*/
  35:USB_DEVICE/App/usbd_cdc_if.c **** 
  36:USB_DEVICE/App/usbd_cdc_if.c **** /* USER CODE END PV */
  37:USB_DEVICE/App/usbd_cdc_if.c **** 
  38:USB_DEVICE/App/usbd_cdc_if.c **** /** @addtogroup STM32_USB_OTG_DEVICE_LIBRARY
  39:USB_DEVICE/App/usbd_cdc_if.c ****   * @brief Usb device library.
  40:USB_DEVICE/App/usbd_cdc_if.c ****   * @{
  41:USB_DEVICE/App/usbd_cdc_if.c ****   */
  42:USB_DEVICE/App/usbd_cdc_if.c **** 
  43:USB_DEVICE/App/usbd_cdc_if.c **** /** @addtogroup USBD_CDC_IF
  44:USB_DEVICE/App/usbd_cdc_if.c ****   * @{
  45:USB_DEVICE/App/usbd_cdc_if.c ****   */
  46:USB_DEVICE/App/usbd_cdc_if.c **** 
  47:USB_DEVICE/App/usbd_cdc_if.c **** /** @defgroup USBD_CDC_IF_Private_TypesDefinitions USBD_CDC_IF_Private_TypesDefinitions
  48:USB_DEVICE/App/usbd_cdc_if.c ****   * @brief Private types.
  49:USB_DEVICE/App/usbd_cdc_if.c ****   * @{
  50:USB_DEVICE/App/usbd_cdc_if.c ****   */
  51:USB_DEVICE/App/usbd_cdc_if.c **** 
  52:USB_DEVICE/App/usbd_cdc_if.c **** /* USER CODE BEGIN PRIVATE_TYPES */
  53:USB_DEVICE/App/usbd_cdc_if.c **** 
  54:USB_DEVICE/App/usbd_cdc_if.c **** /* USER CODE END PRIVATE_TYPES */
  55:USB_DEVICE/App/usbd_cdc_if.c **** 
  56:USB_DEVICE/App/usbd_cdc_if.c **** /**
  57:USB_DEVICE/App/usbd_cdc_if.c ****   * @}
  58:USB_DEVICE/App/usbd_cdc_if.c ****   */
  59:USB_DEVICE/App/usbd_cdc_if.c **** 
  60:USB_DEVICE/App/usbd_cdc_if.c **** /** @defgroup USBD_CDC_IF_Private_Defines USBD_CDC_IF_Private_Defines
  61:USB_DEVICE/App/usbd_cdc_if.c ****   * @brief Private defines.
  62:USB_DEVICE/App/usbd_cdc_if.c ****   * @{
  63:USB_DEVICE/App/usbd_cdc_if.c ****   */
  64:USB_DEVICE/App/usbd_cdc_if.c **** 
  65:USB_DEVICE/App/usbd_cdc_if.c **** /* USER CODE BEGIN PRIVATE_DEFINES */
  66:USB_DEVICE/App/usbd_cdc_if.c **** /* USER CODE END PRIVATE_DEFINES */
  67:USB_DEVICE/App/usbd_cdc_if.c **** 
  68:USB_DEVICE/App/usbd_cdc_if.c **** /**
  69:USB_DEVICE/App/usbd_cdc_if.c ****   * @}
  70:USB_DEVICE/App/usbd_cdc_if.c ****   */
  71:USB_DEVICE/App/usbd_cdc_if.c **** 
  72:USB_DEVICE/App/usbd_cdc_if.c **** /** @defgroup USBD_CDC_IF_Private_Macros USBD_CDC_IF_Private_Macros
  73:USB_DEVICE/App/usbd_cdc_if.c ****   * @brief Private macros.
  74:USB_DEVICE/App/usbd_cdc_if.c ****   * @{
  75:USB_DEVICE/App/usbd_cdc_if.c ****   */
  76:USB_DEVICE/App/usbd_cdc_if.c **** 
  77:USB_DEVICE/App/usbd_cdc_if.c **** /* USER CODE BEGIN PRIVATE_MACRO */
  78:USB_DEVICE/App/usbd_cdc_if.c **** 
  79:USB_DEVICE/App/usbd_cdc_if.c **** /* USER CODE END PRIVATE_MACRO */
  80:USB_DEVICE/App/usbd_cdc_if.c **** 
  81:USB_DEVICE/App/usbd_cdc_if.c **** /**
  82:USB_DEVICE/App/usbd_cdc_if.c ****   * @}
  83:USB_DEVICE/App/usbd_cdc_if.c ****   */
  84:USB_DEVICE/App/usbd_cdc_if.c **** 
  85:USB_DEVICE/App/usbd_cdc_if.c **** /** @defgroup USBD_CDC_IF_Private_Variables USBD_CDC_IF_Private_Variables
  86:USB_DEVICE/App/usbd_cdc_if.c ****   * @brief Private variables.
  87:USB_DEVICE/App/usbd_cdc_if.c ****   * @{
  88:USB_DEVICE/App/usbd_cdc_if.c ****   */
ARM GAS  C:\Users\30806\AppData\Local\Temp\ccO3qJyO.s 			page 3


  89:USB_DEVICE/App/usbd_cdc_if.c **** /* Create buffer for reception and transmission           */
  90:USB_DEVICE/App/usbd_cdc_if.c **** /* It's up to user to redefine and/or remove those define */
  91:USB_DEVICE/App/usbd_cdc_if.c **** /** Received data over USB are stored in this buffer      */
  92:USB_DEVICE/App/usbd_cdc_if.c **** uint8_t UserRxBufferFS[APP_RX_DATA_SIZE];
  93:USB_DEVICE/App/usbd_cdc_if.c **** 
  94:USB_DEVICE/App/usbd_cdc_if.c **** /** Data to send over USB CDC are stored in this buffer   */
  95:USB_DEVICE/App/usbd_cdc_if.c **** uint8_t UserTxBufferFS[APP_TX_DATA_SIZE];
  96:USB_DEVICE/App/usbd_cdc_if.c **** 
  97:USB_DEVICE/App/usbd_cdc_if.c **** /* USER CODE BEGIN PRIVATE_VARIABLES */
  98:USB_DEVICE/App/usbd_cdc_if.c **** 
  99:USB_DEVICE/App/usbd_cdc_if.c **** /* USER CODE END PRIVATE_VARIABLES */
 100:USB_DEVICE/App/usbd_cdc_if.c **** 
 101:USB_DEVICE/App/usbd_cdc_if.c **** /**
 102:USB_DEVICE/App/usbd_cdc_if.c ****   * @}
 103:USB_DEVICE/App/usbd_cdc_if.c ****   */
 104:USB_DEVICE/App/usbd_cdc_if.c **** 
 105:USB_DEVICE/App/usbd_cdc_if.c **** /** @defgroup USBD_CDC_IF_Exported_Variables USBD_CDC_IF_Exported_Variables
 106:USB_DEVICE/App/usbd_cdc_if.c ****   * @brief Public variables.
 107:USB_DEVICE/App/usbd_cdc_if.c ****   * @{
 108:USB_DEVICE/App/usbd_cdc_if.c ****   */
 109:USB_DEVICE/App/usbd_cdc_if.c **** 
 110:USB_DEVICE/App/usbd_cdc_if.c **** extern USBD_HandleTypeDef hUsbDeviceFS;
 111:USB_DEVICE/App/usbd_cdc_if.c **** 
 112:USB_DEVICE/App/usbd_cdc_if.c **** /* USER CODE BEGIN EXPORTED_VARIABLES */
 113:USB_DEVICE/App/usbd_cdc_if.c **** 
 114:USB_DEVICE/App/usbd_cdc_if.c **** /* USER CODE END EXPORTED_VARIABLES */
 115:USB_DEVICE/App/usbd_cdc_if.c **** 
 116:USB_DEVICE/App/usbd_cdc_if.c **** /**
 117:USB_DEVICE/App/usbd_cdc_if.c ****   * @}
 118:USB_DEVICE/App/usbd_cdc_if.c ****   */
 119:USB_DEVICE/App/usbd_cdc_if.c **** 
 120:USB_DEVICE/App/usbd_cdc_if.c **** /** @defgroup USBD_CDC_IF_Private_FunctionPrototypes USBD_CDC_IF_Private_FunctionPrototypes
 121:USB_DEVICE/App/usbd_cdc_if.c ****   * @brief Private functions declaration.
 122:USB_DEVICE/App/usbd_cdc_if.c ****   * @{
 123:USB_DEVICE/App/usbd_cdc_if.c ****   */
 124:USB_DEVICE/App/usbd_cdc_if.c **** 
 125:USB_DEVICE/App/usbd_cdc_if.c **** static int8_t CDC_Init_FS(void);
 126:USB_DEVICE/App/usbd_cdc_if.c **** static int8_t CDC_DeInit_FS(void);
 127:USB_DEVICE/App/usbd_cdc_if.c **** static int8_t CDC_Control_FS(uint8_t cmd, uint8_t* pbuf, uint16_t length);
 128:USB_DEVICE/App/usbd_cdc_if.c **** static int8_t CDC_Receive_FS(uint8_t* pbuf, uint32_t *Len);
 129:USB_DEVICE/App/usbd_cdc_if.c **** static int8_t CDC_TransmitCplt_FS(uint8_t *pbuf, uint32_t *Len, uint8_t epnum);
 130:USB_DEVICE/App/usbd_cdc_if.c **** 
 131:USB_DEVICE/App/usbd_cdc_if.c **** /* USER CODE BEGIN PRIVATE_FUNCTIONS_DECLARATION */
 132:USB_DEVICE/App/usbd_cdc_if.c **** 
 133:USB_DEVICE/App/usbd_cdc_if.c **** /* USER CODE END PRIVATE_FUNCTIONS_DECLARATION */
 134:USB_DEVICE/App/usbd_cdc_if.c **** 
 135:USB_DEVICE/App/usbd_cdc_if.c **** /**
 136:USB_DEVICE/App/usbd_cdc_if.c ****   * @}
 137:USB_DEVICE/App/usbd_cdc_if.c ****   */
 138:USB_DEVICE/App/usbd_cdc_if.c **** 
 139:USB_DEVICE/App/usbd_cdc_if.c **** USBD_CDC_ItfTypeDef USBD_Interface_fops_FS =
 140:USB_DEVICE/App/usbd_cdc_if.c **** {
 141:USB_DEVICE/App/usbd_cdc_if.c ****   CDC_Init_FS,
 142:USB_DEVICE/App/usbd_cdc_if.c ****   CDC_DeInit_FS,
 143:USB_DEVICE/App/usbd_cdc_if.c ****   CDC_Control_FS,
 144:USB_DEVICE/App/usbd_cdc_if.c ****   CDC_Receive_FS,
 145:USB_DEVICE/App/usbd_cdc_if.c ****   CDC_TransmitCplt_FS
ARM GAS  C:\Users\30806\AppData\Local\Temp\ccO3qJyO.s 			page 4


 146:USB_DEVICE/App/usbd_cdc_if.c **** };
 147:USB_DEVICE/App/usbd_cdc_if.c **** 
 148:USB_DEVICE/App/usbd_cdc_if.c **** /* Private functions ---------------------------------------------------------*/
 149:USB_DEVICE/App/usbd_cdc_if.c **** /**
 150:USB_DEVICE/App/usbd_cdc_if.c ****   * @brief  Initializes the CDC media low layer over the FS USB IP
 151:USB_DEVICE/App/usbd_cdc_if.c ****   * @retval USBD_OK if all operations are OK else USBD_FAIL
 152:USB_DEVICE/App/usbd_cdc_if.c ****   */
 153:USB_DEVICE/App/usbd_cdc_if.c **** static int8_t CDC_Init_FS(void)
 154:USB_DEVICE/App/usbd_cdc_if.c **** {
 155:USB_DEVICE/App/usbd_cdc_if.c ****   /* USER CODE BEGIN 3 */
 156:USB_DEVICE/App/usbd_cdc_if.c ****   /* Set Application Buffers */
 157:USB_DEVICE/App/usbd_cdc_if.c ****   USBD_CDC_SetTxBuffer(&hUsbDeviceFS, UserTxBufferFS, 0);
 158:USB_DEVICE/App/usbd_cdc_if.c ****   USBD_CDC_SetRxBuffer(&hUsbDeviceFS, UserRxBufferFS);
 159:USB_DEVICE/App/usbd_cdc_if.c ****   return (USBD_OK);
 160:USB_DEVICE/App/usbd_cdc_if.c ****   /* USER CODE END 3 */
 161:USB_DEVICE/App/usbd_cdc_if.c **** }
 162:USB_DEVICE/App/usbd_cdc_if.c **** 
 163:USB_DEVICE/App/usbd_cdc_if.c **** /**
 164:USB_DEVICE/App/usbd_cdc_if.c ****   * @brief  DeInitializes the CDC media low layer
 165:USB_DEVICE/App/usbd_cdc_if.c ****   * @retval USBD_OK if all operations are OK else USBD_FAIL
 166:USB_DEVICE/App/usbd_cdc_if.c ****   */
 167:USB_DEVICE/App/usbd_cdc_if.c **** static int8_t CDC_DeInit_FS(void)
 168:USB_DEVICE/App/usbd_cdc_if.c **** {
  28              		.loc 1 168 1 view -0
  29              		.cfi_startproc
  30              		@ args = 0, pretend = 0, frame = 0
  31              		@ frame_needed = 0, uses_anonymous_args = 0
  32              		@ link register save eliminated.
 169:USB_DEVICE/App/usbd_cdc_if.c ****   /* USER CODE BEGIN 4 */
 170:USB_DEVICE/App/usbd_cdc_if.c ****   return (USBD_OK);
  33              		.loc 1 170 3 view .LVU1
 171:USB_DEVICE/App/usbd_cdc_if.c ****   /* USER CODE END 4 */
 172:USB_DEVICE/App/usbd_cdc_if.c **** }
  34              		.loc 1 172 1 is_stmt 0 view .LVU2
  35 0000 0020     		movs	r0, #0
  36 0002 7047     		bx	lr
  37              		.cfi_endproc
  38              	.LFE165:
  40              		.section	.text.CDC_Control_FS,"ax",%progbits
  41              		.align	1
  42              		.syntax unified
  43              		.thumb
  44              		.thumb_func
  46              	CDC_Control_FS:
  47              	.LVL0:
  48              	.LFB166:
 173:USB_DEVICE/App/usbd_cdc_if.c **** 
 174:USB_DEVICE/App/usbd_cdc_if.c **** /**
 175:USB_DEVICE/App/usbd_cdc_if.c ****   * @brief  Manage the CDC class requests
 176:USB_DEVICE/App/usbd_cdc_if.c ****   * @param  cmd: Command code
 177:USB_DEVICE/App/usbd_cdc_if.c ****   * @param  pbuf: Buffer containing command data (request parameters)
 178:USB_DEVICE/App/usbd_cdc_if.c ****   * @param  length: Number of data to be sent (in bytes)
 179:USB_DEVICE/App/usbd_cdc_if.c ****   * @retval Result of the operation: USBD_OK if all operations are OK else USBD_FAIL
 180:USB_DEVICE/App/usbd_cdc_if.c ****   */
 181:USB_DEVICE/App/usbd_cdc_if.c **** static int8_t CDC_Control_FS(uint8_t cmd, uint8_t* pbuf, uint16_t length)
 182:USB_DEVICE/App/usbd_cdc_if.c **** {
  49              		.loc 1 182 1 is_stmt 1 view -0
ARM GAS  C:\Users\30806\AppData\Local\Temp\ccO3qJyO.s 			page 5


  50              		.cfi_startproc
  51              		@ args = 0, pretend = 0, frame = 0
  52              		@ frame_needed = 0, uses_anonymous_args = 0
  53              		@ link register save eliminated.
 183:USB_DEVICE/App/usbd_cdc_if.c ****   /* USER CODE BEGIN 5 */
 184:USB_DEVICE/App/usbd_cdc_if.c ****   switch(cmd)
  54              		.loc 1 184 3 view .LVU4
 185:USB_DEVICE/App/usbd_cdc_if.c ****   {
 186:USB_DEVICE/App/usbd_cdc_if.c ****     case CDC_SEND_ENCAPSULATED_COMMAND:
 187:USB_DEVICE/App/usbd_cdc_if.c **** 
 188:USB_DEVICE/App/usbd_cdc_if.c ****     break;
 189:USB_DEVICE/App/usbd_cdc_if.c **** 
 190:USB_DEVICE/App/usbd_cdc_if.c ****     case CDC_GET_ENCAPSULATED_RESPONSE:
 191:USB_DEVICE/App/usbd_cdc_if.c **** 
 192:USB_DEVICE/App/usbd_cdc_if.c ****     break;
 193:USB_DEVICE/App/usbd_cdc_if.c **** 
 194:USB_DEVICE/App/usbd_cdc_if.c ****     case CDC_SET_COMM_FEATURE:
 195:USB_DEVICE/App/usbd_cdc_if.c **** 
 196:USB_DEVICE/App/usbd_cdc_if.c ****     break;
 197:USB_DEVICE/App/usbd_cdc_if.c **** 
 198:USB_DEVICE/App/usbd_cdc_if.c ****     case CDC_GET_COMM_FEATURE:
 199:USB_DEVICE/App/usbd_cdc_if.c **** 
 200:USB_DEVICE/App/usbd_cdc_if.c ****     break;
 201:USB_DEVICE/App/usbd_cdc_if.c **** 
 202:USB_DEVICE/App/usbd_cdc_if.c ****     case CDC_CLEAR_COMM_FEATURE:
 203:USB_DEVICE/App/usbd_cdc_if.c **** 
 204:USB_DEVICE/App/usbd_cdc_if.c ****     break;
 205:USB_DEVICE/App/usbd_cdc_if.c **** 
 206:USB_DEVICE/App/usbd_cdc_if.c ****   /*******************************************************************************/
 207:USB_DEVICE/App/usbd_cdc_if.c ****   /* Line Coding Structure                                                       */
 208:USB_DEVICE/App/usbd_cdc_if.c ****   /*-----------------------------------------------------------------------------*/
 209:USB_DEVICE/App/usbd_cdc_if.c ****   /* Offset | Field       | Size | Value  | Description                          */
 210:USB_DEVICE/App/usbd_cdc_if.c ****   /* 0      | dwDTERate   |   4  | Number |Data terminal rate, in bits per second*/
 211:USB_DEVICE/App/usbd_cdc_if.c ****   /* 4      | bCharFormat |   1  | Number | Stop bits                            */
 212:USB_DEVICE/App/usbd_cdc_if.c ****   /*                                        0 - 1 Stop bit                       */
 213:USB_DEVICE/App/usbd_cdc_if.c ****   /*                                        1 - 1.5 Stop bits                    */
 214:USB_DEVICE/App/usbd_cdc_if.c ****   /*                                        2 - 2 Stop bits                      */
 215:USB_DEVICE/App/usbd_cdc_if.c ****   /* 5      | bParityType |  1   | Number | Parity                               */
 216:USB_DEVICE/App/usbd_cdc_if.c ****   /*                                        0 - None                             */
 217:USB_DEVICE/App/usbd_cdc_if.c ****   /*                                        1 - Odd                              */
 218:USB_DEVICE/App/usbd_cdc_if.c ****   /*                                        2 - Even                             */
 219:USB_DEVICE/App/usbd_cdc_if.c ****   /*                                        3 - Mark                             */
 220:USB_DEVICE/App/usbd_cdc_if.c ****   /*                                        4 - Space                            */
 221:USB_DEVICE/App/usbd_cdc_if.c ****   /* 6      | bDataBits  |   1   | Number Data bits (5, 6, 7, 8 or 16).          */
 222:USB_DEVICE/App/usbd_cdc_if.c ****   /*******************************************************************************/
 223:USB_DEVICE/App/usbd_cdc_if.c ****     case CDC_SET_LINE_CODING:
 224:USB_DEVICE/App/usbd_cdc_if.c **** 
 225:USB_DEVICE/App/usbd_cdc_if.c ****     break;
 226:USB_DEVICE/App/usbd_cdc_if.c **** 
 227:USB_DEVICE/App/usbd_cdc_if.c ****     case CDC_GET_LINE_CODING:
 228:USB_DEVICE/App/usbd_cdc_if.c **** 
 229:USB_DEVICE/App/usbd_cdc_if.c ****     break;
 230:USB_DEVICE/App/usbd_cdc_if.c **** 
 231:USB_DEVICE/App/usbd_cdc_if.c ****     case CDC_SET_CONTROL_LINE_STATE:
 232:USB_DEVICE/App/usbd_cdc_if.c **** 
 233:USB_DEVICE/App/usbd_cdc_if.c ****     break;
 234:USB_DEVICE/App/usbd_cdc_if.c **** 
ARM GAS  C:\Users\30806\AppData\Local\Temp\ccO3qJyO.s 			page 6


 235:USB_DEVICE/App/usbd_cdc_if.c ****     case CDC_SEND_BREAK:
 236:USB_DEVICE/App/usbd_cdc_if.c **** 
 237:USB_DEVICE/App/usbd_cdc_if.c ****     break;
 238:USB_DEVICE/App/usbd_cdc_if.c **** 
 239:USB_DEVICE/App/usbd_cdc_if.c ****   default:
 240:USB_DEVICE/App/usbd_cdc_if.c ****     break;
 241:USB_DEVICE/App/usbd_cdc_if.c ****   }
 242:USB_DEVICE/App/usbd_cdc_if.c **** 
 243:USB_DEVICE/App/usbd_cdc_if.c ****   return (USBD_OK);
  55              		.loc 1 243 3 view .LVU5
 244:USB_DEVICE/App/usbd_cdc_if.c ****   /* USER CODE END 5 */
 245:USB_DEVICE/App/usbd_cdc_if.c **** }
  56              		.loc 1 245 1 is_stmt 0 view .LVU6
  57 0000 0020     		movs	r0, #0
  58              	.LVL1:
  59              		.loc 1 245 1 view .LVU7
  60 0002 7047     		bx	lr
  61              		.cfi_endproc
  62              	.LFE166:
  64              		.section	.text.CDC_TransmitCplt_FS,"ax",%progbits
  65              		.align	1
  66              		.syntax unified
  67              		.thumb
  68              		.thumb_func
  70              	CDC_TransmitCplt_FS:
  71              	.LVL2:
  72              	.LFB169:
 246:USB_DEVICE/App/usbd_cdc_if.c **** 
 247:USB_DEVICE/App/usbd_cdc_if.c **** /**
 248:USB_DEVICE/App/usbd_cdc_if.c ****   * @brief  Data received over USB OUT endpoint are sent over CDC interface
 249:USB_DEVICE/App/usbd_cdc_if.c ****   *         through this function.
 250:USB_DEVICE/App/usbd_cdc_if.c ****   *
 251:USB_DEVICE/App/usbd_cdc_if.c ****   *         @note
 252:USB_DEVICE/App/usbd_cdc_if.c ****   *         This function will issue a NAK packet on any OUT packet received on
 253:USB_DEVICE/App/usbd_cdc_if.c ****   *         USB endpoint until exiting this function. If you exit this function
 254:USB_DEVICE/App/usbd_cdc_if.c ****   *         before transfer is complete on CDC interface (ie. using DMA controller)
 255:USB_DEVICE/App/usbd_cdc_if.c ****   *         it will result in receiving more data while previous ones are still
 256:USB_DEVICE/App/usbd_cdc_if.c ****   *         not sent.
 257:USB_DEVICE/App/usbd_cdc_if.c ****   *
 258:USB_DEVICE/App/usbd_cdc_if.c ****   * @param  Buf: Buffer of data to be received
 259:USB_DEVICE/App/usbd_cdc_if.c ****   * @param  Len: Number of data received (in bytes)
 260:USB_DEVICE/App/usbd_cdc_if.c ****   * @retval Result of the operation: USBD_OK if all operations are OK else USBD_FAIL
 261:USB_DEVICE/App/usbd_cdc_if.c ****   */
 262:USB_DEVICE/App/usbd_cdc_if.c **** static int8_t CDC_Receive_FS(uint8_t* Buf, uint32_t *Len)
 263:USB_DEVICE/App/usbd_cdc_if.c **** {
 264:USB_DEVICE/App/usbd_cdc_if.c ****   /* USER CODE BEGIN 6 */
 265:USB_DEVICE/App/usbd_cdc_if.c ****   USBD_CDC_SetRxBuffer(&hUsbDeviceFS, &Buf[0]);
 266:USB_DEVICE/App/usbd_cdc_if.c ****   USBD_CDC_ReceivePacket(&hUsbDeviceFS);
 267:USB_DEVICE/App/usbd_cdc_if.c ****   if(usb_info != NULL)
 268:USB_DEVICE/App/usbd_cdc_if.c **** 	{
 269:USB_DEVICE/App/usbd_cdc_if.c **** 		fifo_s_puts(usb_info ,(char*)Buf,*Len);
 270:USB_DEVICE/App/usbd_cdc_if.c **** 	}
 271:USB_DEVICE/App/usbd_cdc_if.c ****   return (USBD_OK);
 272:USB_DEVICE/App/usbd_cdc_if.c ****   /* USER CODE END 6 */
 273:USB_DEVICE/App/usbd_cdc_if.c **** }
 274:USB_DEVICE/App/usbd_cdc_if.c **** 
 275:USB_DEVICE/App/usbd_cdc_if.c **** /**
ARM GAS  C:\Users\30806\AppData\Local\Temp\ccO3qJyO.s 			page 7


 276:USB_DEVICE/App/usbd_cdc_if.c ****   * @brief  CDC_Transmit_FS
 277:USB_DEVICE/App/usbd_cdc_if.c ****   *         Data to send over USB IN endpoint are sent over CDC interface
 278:USB_DEVICE/App/usbd_cdc_if.c ****   *         through this function.
 279:USB_DEVICE/App/usbd_cdc_if.c ****   *         @note
 280:USB_DEVICE/App/usbd_cdc_if.c ****   *
 281:USB_DEVICE/App/usbd_cdc_if.c ****   *
 282:USB_DEVICE/App/usbd_cdc_if.c ****   * @param  Buf: Buffer of data to be sent
 283:USB_DEVICE/App/usbd_cdc_if.c ****   * @param  Len: Number of data to be sent (in bytes)
 284:USB_DEVICE/App/usbd_cdc_if.c ****   * @retval USBD_OK if all operations are OK else USBD_FAIL or USBD_BUSY
 285:USB_DEVICE/App/usbd_cdc_if.c ****   */
 286:USB_DEVICE/App/usbd_cdc_if.c **** uint8_t CDC_Transmit_FS(uint8_t* Buf, uint16_t Len)
 287:USB_DEVICE/App/usbd_cdc_if.c **** {
 288:USB_DEVICE/App/usbd_cdc_if.c ****   uint8_t result = USBD_OK;
 289:USB_DEVICE/App/usbd_cdc_if.c ****   /* USER CODE BEGIN 7 */
 290:USB_DEVICE/App/usbd_cdc_if.c ****   USBD_CDC_HandleTypeDef *hcdc = (USBD_CDC_HandleTypeDef*)hUsbDeviceFS.pClassData;
 291:USB_DEVICE/App/usbd_cdc_if.c ****   if (hcdc->TxState != 0){
 292:USB_DEVICE/App/usbd_cdc_if.c ****     return USBD_BUSY;
 293:USB_DEVICE/App/usbd_cdc_if.c ****   }
 294:USB_DEVICE/App/usbd_cdc_if.c ****   USBD_CDC_SetTxBuffer(&hUsbDeviceFS, Buf, Len);
 295:USB_DEVICE/App/usbd_cdc_if.c ****   result = USBD_CDC_TransmitPacket(&hUsbDeviceFS);
 296:USB_DEVICE/App/usbd_cdc_if.c ****   /* USER CODE END 7 */
 297:USB_DEVICE/App/usbd_cdc_if.c ****   return result;
 298:USB_DEVICE/App/usbd_cdc_if.c **** }
 299:USB_DEVICE/App/usbd_cdc_if.c **** 
 300:USB_DEVICE/App/usbd_cdc_if.c **** /**
 301:USB_DEVICE/App/usbd_cdc_if.c ****   * @brief  CDC_TransmitCplt_FS
 302:USB_DEVICE/App/usbd_cdc_if.c ****   *         Data transmitted callback
 303:USB_DEVICE/App/usbd_cdc_if.c ****   *
 304:USB_DEVICE/App/usbd_cdc_if.c ****   *         @note
 305:USB_DEVICE/App/usbd_cdc_if.c ****   *         This function is IN transfer complete callback used to inform user that
 306:USB_DEVICE/App/usbd_cdc_if.c ****   *         the submitted Data is successfully sent over USB.
 307:USB_DEVICE/App/usbd_cdc_if.c ****   *
 308:USB_DEVICE/App/usbd_cdc_if.c ****   * @param  Buf: Buffer of data to be received
 309:USB_DEVICE/App/usbd_cdc_if.c ****   * @param  Len: Number of data received (in bytes)
 310:USB_DEVICE/App/usbd_cdc_if.c ****   * @retval Result of the operation: USBD_OK if all operations are OK else USBD_FAIL
 311:USB_DEVICE/App/usbd_cdc_if.c ****   */
 312:USB_DEVICE/App/usbd_cdc_if.c **** static int8_t CDC_TransmitCplt_FS(uint8_t *Buf, uint32_t *Len, uint8_t epnum)
 313:USB_DEVICE/App/usbd_cdc_if.c **** {
  73              		.loc 1 313 1 is_stmt 1 view -0
  74              		.cfi_startproc
  75              		@ args = 0, pretend = 0, frame = 0
  76              		@ frame_needed = 0, uses_anonymous_args = 0
  77              		@ link register save eliminated.
 314:USB_DEVICE/App/usbd_cdc_if.c ****   uint8_t result = USBD_OK;
  78              		.loc 1 314 3 view .LVU9
 315:USB_DEVICE/App/usbd_cdc_if.c ****   /* USER CODE BEGIN 13 */
 316:USB_DEVICE/App/usbd_cdc_if.c ****   UNUSED(Buf);
  79              		.loc 1 316 3 view .LVU10
 317:USB_DEVICE/App/usbd_cdc_if.c ****   UNUSED(Len);
  80              		.loc 1 317 3 view .LVU11
 318:USB_DEVICE/App/usbd_cdc_if.c ****   UNUSED(epnum);
  81              		.loc 1 318 3 view .LVU12
 319:USB_DEVICE/App/usbd_cdc_if.c ****   /* USER CODE END 13 */
 320:USB_DEVICE/App/usbd_cdc_if.c ****   return result;
  82              		.loc 1 320 3 view .LVU13
 321:USB_DEVICE/App/usbd_cdc_if.c **** }
  83              		.loc 1 321 1 is_stmt 0 view .LVU14
ARM GAS  C:\Users\30806\AppData\Local\Temp\ccO3qJyO.s 			page 8


  84 0000 0020     		movs	r0, #0
  85              	.LVL3:
  86              		.loc 1 321 1 view .LVU15
  87 0002 7047     		bx	lr
  88              		.cfi_endproc
  89              	.LFE169:
  91              		.section	.text.CDC_Receive_FS,"ax",%progbits
  92              		.align	1
  93              		.syntax unified
  94              		.thumb
  95              		.thumb_func
  97              	CDC_Receive_FS:
  98              	.LVL4:
  99              	.LFB167:
 263:USB_DEVICE/App/usbd_cdc_if.c ****   /* USER CODE BEGIN 6 */
 100              		.loc 1 263 1 is_stmt 1 view -0
 101              		.cfi_startproc
 102              		@ args = 0, pretend = 0, frame = 0
 103              		@ frame_needed = 0, uses_anonymous_args = 0
 263:USB_DEVICE/App/usbd_cdc_if.c ****   /* USER CODE BEGIN 6 */
 104              		.loc 1 263 1 is_stmt 0 view .LVU17
 105 0000 70B5     		push	{r4, r5, r6, lr}
 106              	.LCFI0:
 107              		.cfi_def_cfa_offset 16
 108              		.cfi_offset 4, -16
 109              		.cfi_offset 5, -12
 110              		.cfi_offset 6, -8
 111              		.cfi_offset 14, -4
 112 0002 0446     		mov	r4, r0
 113 0004 0D46     		mov	r5, r1
 265:USB_DEVICE/App/usbd_cdc_if.c ****   USBD_CDC_ReceivePacket(&hUsbDeviceFS);
 114              		.loc 1 265 3 is_stmt 1 view .LVU18
 115 0006 084E     		ldr	r6, .L7
 116 0008 0146     		mov	r1, r0
 117              	.LVL5:
 265:USB_DEVICE/App/usbd_cdc_if.c ****   USBD_CDC_ReceivePacket(&hUsbDeviceFS);
 118              		.loc 1 265 3 is_stmt 0 view .LVU19
 119 000a 3046     		mov	r0, r6
 120              	.LVL6:
 265:USB_DEVICE/App/usbd_cdc_if.c ****   USBD_CDC_ReceivePacket(&hUsbDeviceFS);
 121              		.loc 1 265 3 view .LVU20
 122 000c FFF7FEFF 		bl	USBD_CDC_SetRxBuffer
 123              	.LVL7:
 266:USB_DEVICE/App/usbd_cdc_if.c ****   if(usb_info != NULL)
 124              		.loc 1 266 3 is_stmt 1 view .LVU21
 125 0010 3046     		mov	r0, r6
 126 0012 FFF7FEFF 		bl	USBD_CDC_ReceivePacket
 127              	.LVL8:
 267:USB_DEVICE/App/usbd_cdc_if.c **** 	{
 128              		.loc 1 267 3 view .LVU22
 267:USB_DEVICE/App/usbd_cdc_if.c **** 	{
 129              		.loc 1 267 15 is_stmt 0 view .LVU23
 130 0016 054B     		ldr	r3, .L7+4
 131 0018 1868     		ldr	r0, [r3]
 267:USB_DEVICE/App/usbd_cdc_if.c **** 	{
 132              		.loc 1 267 5 view .LVU24
 133 001a 18B1     		cbz	r0, .L5
ARM GAS  C:\Users\30806\AppData\Local\Temp\ccO3qJyO.s 			page 9


 269:USB_DEVICE/App/usbd_cdc_if.c **** 	}
 134              		.loc 1 269 3 is_stmt 1 view .LVU25
 135 001c 2A68     		ldr	r2, [r5]
 136 001e 2146     		mov	r1, r4
 137 0020 FFF7FEFF 		bl	fifo_s_puts
 138              	.LVL9:
 139              	.L5:
 271:USB_DEVICE/App/usbd_cdc_if.c ****   /* USER CODE END 6 */
 140              		.loc 1 271 3 view .LVU26
 273:USB_DEVICE/App/usbd_cdc_if.c **** 
 141              		.loc 1 273 1 is_stmt 0 view .LVU27
 142 0024 0020     		movs	r0, #0
 143 0026 70BD     		pop	{r4, r5, r6, pc}
 144              	.LVL10:
 145              	.L8:
 273:USB_DEVICE/App/usbd_cdc_if.c **** 
 146              		.loc 1 273 1 view .LVU28
 147              		.align	2
 148              	.L7:
 149 0028 00000000 		.word	hUsbDeviceFS
 150 002c 00000000 		.word	usb_info
 151              		.cfi_endproc
 152              	.LFE167:
 154              		.section	.text.CDC_Init_FS,"ax",%progbits
 155              		.align	1
 156              		.syntax unified
 157              		.thumb
 158              		.thumb_func
 160              	CDC_Init_FS:
 161              	.LFB164:
 154:USB_DEVICE/App/usbd_cdc_if.c ****   /* USER CODE BEGIN 3 */
 162              		.loc 1 154 1 is_stmt 1 view -0
 163              		.cfi_startproc
 164              		@ args = 0, pretend = 0, frame = 0
 165              		@ frame_needed = 0, uses_anonymous_args = 0
 166 0000 10B5     		push	{r4, lr}
 167              	.LCFI1:
 168              		.cfi_def_cfa_offset 8
 169              		.cfi_offset 4, -8
 170              		.cfi_offset 14, -4
 157:USB_DEVICE/App/usbd_cdc_if.c ****   USBD_CDC_SetRxBuffer(&hUsbDeviceFS, UserRxBufferFS);
 171              		.loc 1 157 3 view .LVU30
 172 0002 064C     		ldr	r4, .L11
 173 0004 0022     		movs	r2, #0
 174 0006 0649     		ldr	r1, .L11+4
 175 0008 2046     		mov	r0, r4
 176 000a FFF7FEFF 		bl	USBD_CDC_SetTxBuffer
 177              	.LVL11:
 158:USB_DEVICE/App/usbd_cdc_if.c ****   return (USBD_OK);
 178              		.loc 1 158 3 view .LVU31
 179 000e 0549     		ldr	r1, .L11+8
 180 0010 2046     		mov	r0, r4
 181 0012 FFF7FEFF 		bl	USBD_CDC_SetRxBuffer
 182              	.LVL12:
 159:USB_DEVICE/App/usbd_cdc_if.c ****   /* USER CODE END 3 */
 183              		.loc 1 159 3 view .LVU32
 161:USB_DEVICE/App/usbd_cdc_if.c **** 
ARM GAS  C:\Users\30806\AppData\Local\Temp\ccO3qJyO.s 			page 10


 184              		.loc 1 161 1 is_stmt 0 view .LVU33
 185 0016 0020     		movs	r0, #0
 186 0018 10BD     		pop	{r4, pc}
 187              	.L12:
 188 001a 00BF     		.align	2
 189              	.L11:
 190 001c 00000000 		.word	hUsbDeviceFS
 191 0020 00000000 		.word	.LANCHOR0
 192 0024 00000000 		.word	.LANCHOR1
 193              		.cfi_endproc
 194              	.LFE164:
 196              		.section	.text.CDC_Transmit_FS,"ax",%progbits
 197              		.align	1
 198              		.global	CDC_Transmit_FS
 199              		.syntax unified
 200              		.thumb
 201              		.thumb_func
 203              	CDC_Transmit_FS:
 204              	.LVL13:
 205              	.LFB168:
 287:USB_DEVICE/App/usbd_cdc_if.c ****   uint8_t result = USBD_OK;
 206              		.loc 1 287 1 is_stmt 1 view -0
 207              		.cfi_startproc
 208              		@ args = 0, pretend = 0, frame = 0
 209              		@ frame_needed = 0, uses_anonymous_args = 0
 288:USB_DEVICE/App/usbd_cdc_if.c ****   /* USER CODE BEGIN 7 */
 210              		.loc 1 288 3 view .LVU35
 290:USB_DEVICE/App/usbd_cdc_if.c ****   if (hcdc->TxState != 0){
 211              		.loc 1 290 3 view .LVU36
 290:USB_DEVICE/App/usbd_cdc_if.c ****   if (hcdc->TxState != 0){
 212              		.loc 1 290 27 is_stmt 0 view .LVU37
 213 0000 094B     		ldr	r3, .L21
 214 0002 D3F8BC32 		ldr	r3, [r3, #700]
 215              	.LVL14:
 291:USB_DEVICE/App/usbd_cdc_if.c ****     return USBD_BUSY;
 216              		.loc 1 291 3 is_stmt 1 view .LVU38
 291:USB_DEVICE/App/usbd_cdc_if.c ****     return USBD_BUSY;
 217              		.loc 1 291 11 is_stmt 0 view .LVU39
 218 0006 D3F81432 		ldr	r3, [r3, #532]
 219              	.LVL15:
 291:USB_DEVICE/App/usbd_cdc_if.c ****     return USBD_BUSY;
 220              		.loc 1 291 6 view .LVU40
 221 000a 0BB1     		cbz	r3, .L20
 292:USB_DEVICE/App/usbd_cdc_if.c ****   }
 222              		.loc 1 292 12 view .LVU41
 223 000c 0120     		movs	r0, #1
 224              	.LVL16:
 298:USB_DEVICE/App/usbd_cdc_if.c **** 
 225              		.loc 1 298 1 view .LVU42
 226 000e 7047     		bx	lr
 227              	.LVL17:
 228              	.L20:
 287:USB_DEVICE/App/usbd_cdc_if.c ****   uint8_t result = USBD_OK;
 229              		.loc 1 287 1 view .LVU43
 230 0010 10B5     		push	{r4, lr}
 231              	.LCFI2:
 232              		.cfi_def_cfa_offset 8
ARM GAS  C:\Users\30806\AppData\Local\Temp\ccO3qJyO.s 			page 11


 233              		.cfi_offset 4, -8
 234              		.cfi_offset 14, -4
 294:USB_DEVICE/App/usbd_cdc_if.c ****   result = USBD_CDC_TransmitPacket(&hUsbDeviceFS);
 235              		.loc 1 294 3 is_stmt 1 view .LVU44
 236 0012 054C     		ldr	r4, .L21
 237              	.LVL18:
 294:USB_DEVICE/App/usbd_cdc_if.c ****   result = USBD_CDC_TransmitPacket(&hUsbDeviceFS);
 238              		.loc 1 294 3 is_stmt 0 view .LVU45
 239 0014 0A46     		mov	r2, r1
 240 0016 0146     		mov	r1, r0
 241              	.LVL19:
 294:USB_DEVICE/App/usbd_cdc_if.c ****   result = USBD_CDC_TransmitPacket(&hUsbDeviceFS);
 242              		.loc 1 294 3 view .LVU46
 243 0018 2046     		mov	r0, r4
 244              	.LVL20:
 294:USB_DEVICE/App/usbd_cdc_if.c ****   result = USBD_CDC_TransmitPacket(&hUsbDeviceFS);
 245              		.loc 1 294 3 view .LVU47
 246 001a FFF7FEFF 		bl	USBD_CDC_SetTxBuffer
 247              	.LVL21:
 295:USB_DEVICE/App/usbd_cdc_if.c ****   /* USER CODE END 7 */
 248              		.loc 1 295 3 is_stmt 1 view .LVU48
 295:USB_DEVICE/App/usbd_cdc_if.c ****   /* USER CODE END 7 */
 249              		.loc 1 295 12 is_stmt 0 view .LVU49
 250 001e 2046     		mov	r0, r4
 251 0020 FFF7FEFF 		bl	USBD_CDC_TransmitPacket
 252              	.LVL22:
 297:USB_DEVICE/App/usbd_cdc_if.c **** }
 253              		.loc 1 297 3 is_stmt 1 view .LVU50
 298:USB_DEVICE/App/usbd_cdc_if.c **** 
 254              		.loc 1 298 1 is_stmt 0 view .LVU51
 255 0024 10BD     		pop	{r4, pc}
 256              	.L22:
 257 0026 00BF     		.align	2
 258              	.L21:
 259 0028 00000000 		.word	hUsbDeviceFS
 260              		.cfi_endproc
 261              	.LFE168:
 263              		.global	USBD_Interface_fops_FS
 264              		.global	UserTxBufferFS
 265              		.global	UserRxBufferFS
 266              		.section	.bss.UserRxBufferFS,"aw",%nobits
 267              		.align	2
 268              		.set	.LANCHOR1,. + 0
 271              	UserRxBufferFS:
 272 0000 00000000 		.space	2048
 272      00000000 
 272      00000000 
 272      00000000 
 272      00000000 
 273              		.section	.bss.UserTxBufferFS,"aw",%nobits
 274              		.align	2
 275              		.set	.LANCHOR0,. + 0
 278              	UserTxBufferFS:
 279 0000 00000000 		.space	2048
 279      00000000 
 279      00000000 
 279      00000000 
ARM GAS  C:\Users\30806\AppData\Local\Temp\ccO3qJyO.s 			page 12


 279      00000000 
 280              		.section	.data.USBD_Interface_fops_FS,"aw"
 281              		.align	2
 284              	USBD_Interface_fops_FS:
 285 0000 00000000 		.word	CDC_Init_FS
 286 0004 00000000 		.word	CDC_DeInit_FS
 287 0008 00000000 		.word	CDC_Control_FS
 288 000c 00000000 		.word	CDC_Receive_FS
 289 0010 00000000 		.word	CDC_TransmitCplt_FS
 290              		.text
 291              	.Letext0:
 292              		.file 2 "d:\\stm_for_vs\\gcc-arm-none-eabi-10.3-2021.10\\arm-none-eabi\\include\\machine\\_default
 293              		.file 3 "d:\\stm_for_vs\\gcc-arm-none-eabi-10.3-2021.10\\arm-none-eabi\\include\\sys\\_stdint.h"
 294              		.file 4 "Middlewares/ST/STM32_USB_Device_Library/Core/Inc/usbd_def.h"
 295              		.file 5 "Middlewares/ST/STM32_USB_Device_Library/Class/CDC/Inc/usbd_cdc.h"
 296              		.file 6 "App/C_virtual/fifo.h"
 297              		.file 7 "USB_DEVICE/App/usbd_cdc_if.h"
ARM GAS  C:\Users\30806\AppData\Local\Temp\ccO3qJyO.s 			page 13


DEFINED SYMBOLS
                            *ABS*:00000000 usbd_cdc_if.c
C:\Users\30806\AppData\Local\Temp\ccO3qJyO.s:20     .text.CDC_DeInit_FS:00000000 $t
C:\Users\30806\AppData\Local\Temp\ccO3qJyO.s:25     .text.CDC_DeInit_FS:00000000 CDC_DeInit_FS
C:\Users\30806\AppData\Local\Temp\ccO3qJyO.s:41     .text.CDC_Control_FS:00000000 $t
C:\Users\30806\AppData\Local\Temp\ccO3qJyO.s:46     .text.CDC_Control_FS:00000000 CDC_Control_FS
C:\Users\30806\AppData\Local\Temp\ccO3qJyO.s:65     .text.CDC_TransmitCplt_FS:00000000 $t
C:\Users\30806\AppData\Local\Temp\ccO3qJyO.s:70     .text.CDC_TransmitCplt_FS:00000000 CDC_TransmitCplt_FS
C:\Users\30806\AppData\Local\Temp\ccO3qJyO.s:92     .text.CDC_Receive_FS:00000000 $t
C:\Users\30806\AppData\Local\Temp\ccO3qJyO.s:97     .text.CDC_Receive_FS:00000000 CDC_Receive_FS
C:\Users\30806\AppData\Local\Temp\ccO3qJyO.s:149    .text.CDC_Receive_FS:00000028 $d
C:\Users\30806\AppData\Local\Temp\ccO3qJyO.s:155    .text.CDC_Init_FS:00000000 $t
C:\Users\30806\AppData\Local\Temp\ccO3qJyO.s:160    .text.CDC_Init_FS:00000000 CDC_Init_FS
C:\Users\30806\AppData\Local\Temp\ccO3qJyO.s:190    .text.CDC_Init_FS:0000001c $d
C:\Users\30806\AppData\Local\Temp\ccO3qJyO.s:197    .text.CDC_Transmit_FS:00000000 $t
C:\Users\30806\AppData\Local\Temp\ccO3qJyO.s:203    .text.CDC_Transmit_FS:00000000 CDC_Transmit_FS
C:\Users\30806\AppData\Local\Temp\ccO3qJyO.s:259    .text.CDC_Transmit_FS:00000028 $d
C:\Users\30806\AppData\Local\Temp\ccO3qJyO.s:284    .data.USBD_Interface_fops_FS:00000000 USBD_Interface_fops_FS
C:\Users\30806\AppData\Local\Temp\ccO3qJyO.s:278    .bss.UserTxBufferFS:00000000 UserTxBufferFS
C:\Users\30806\AppData\Local\Temp\ccO3qJyO.s:271    .bss.UserRxBufferFS:00000000 UserRxBufferFS
C:\Users\30806\AppData\Local\Temp\ccO3qJyO.s:267    .bss.UserRxBufferFS:00000000 $d
C:\Users\30806\AppData\Local\Temp\ccO3qJyO.s:274    .bss.UserTxBufferFS:00000000 $d
C:\Users\30806\AppData\Local\Temp\ccO3qJyO.s:281    .data.USBD_Interface_fops_FS:00000000 $d

UNDEFINED SYMBOLS
USBD_CDC_SetRxBuffer
USBD_CDC_ReceivePacket
fifo_s_puts
hUsbDeviceFS
usb_info
USBD_CDC_SetTxBuffer
USBD_CDC_TransmitPacket
