ARM GAS  C:\Users\30806\AppData\Local\Temp\ccGPMWaq.s 			page 1


   1              		.cpu cortex-m4
   2              		.eabi_attribute 27, 1
   3              		.eabi_attribute 28, 1
   4              		.eabi_attribute 20, 1
   5              		.eabi_attribute 21, 1
   6              		.eabi_attribute 23, 3
   7              		.eabi_attribute 24, 1
   8              		.eabi_attribute 25, 1
   9              		.eabi_attribute 26, 1
  10              		.eabi_attribute 30, 1
  11              		.eabi_attribute 34, 1
  12              		.eabi_attribute 18, 4
  13              		.file	"usart.c"
  14              		.text
  15              	.Ltext0:
  16              		.cfi_sections	.debug_frame
  17              		.section	.text.MX_USART2_UART_Init,"ax",%progbits
  18              		.align	1
  19              		.global	MX_USART2_UART_Init
  20              		.arch armv7e-m
  21              		.syntax unified
  22              		.thumb
  23              		.thumb_func
  24              		.fpu fpv4-sp-d16
  26              	MX_USART2_UART_Init:
  27              	.LFB134:
  28              		.file 1 "Core/Src/usart.c"
   1:Core/Src/usart.c **** /* USER CODE BEGIN Header */
   2:Core/Src/usart.c **** /**
   3:Core/Src/usart.c ****   ******************************************************************************
   4:Core/Src/usart.c ****   * @file    usart.c
   5:Core/Src/usart.c ****   * @brief   This file provides code for the configuration
   6:Core/Src/usart.c ****   *          of the USART instances.
   7:Core/Src/usart.c ****   ******************************************************************************
   8:Core/Src/usart.c ****   * @attention
   9:Core/Src/usart.c ****   *
  10:Core/Src/usart.c ****   * Copyright (c) 2024 STMicroelectronics.
  11:Core/Src/usart.c ****   * All rights reserved.
  12:Core/Src/usart.c ****   *
  13:Core/Src/usart.c ****   * This software is licensed under terms that can be found in the LICENSE file
  14:Core/Src/usart.c ****   * in the root directory of this software component.
  15:Core/Src/usart.c ****   * If no LICENSE file comes with this software, it is provided AS-IS.
  16:Core/Src/usart.c ****   *
  17:Core/Src/usart.c ****   ******************************************************************************
  18:Core/Src/usart.c ****   */
  19:Core/Src/usart.c **** /* USER CODE END Header */
  20:Core/Src/usart.c **** /* Includes ------------------------------------------------------------------*/
  21:Core/Src/usart.c **** #include "usart.h"
  22:Core/Src/usart.c **** 
  23:Core/Src/usart.c **** /* USER CODE BEGIN 0 */
  24:Core/Src/usart.c **** 
  25:Core/Src/usart.c **** /* USER CODE END 0 */
  26:Core/Src/usart.c **** 
  27:Core/Src/usart.c **** UART_HandleTypeDef huart2;
  28:Core/Src/usart.c **** UART_HandleTypeDef huart3;
  29:Core/Src/usart.c **** DMA_HandleTypeDef hdma_usart2_rx;
  30:Core/Src/usart.c **** DMA_HandleTypeDef hdma_usart2_tx;
ARM GAS  C:\Users\30806\AppData\Local\Temp\ccGPMWaq.s 			page 2


  31:Core/Src/usart.c **** DMA_HandleTypeDef hdma_usart3_rx;
  32:Core/Src/usart.c **** 
  33:Core/Src/usart.c **** /* USART2 init function */
  34:Core/Src/usart.c **** 
  35:Core/Src/usart.c **** void MX_USART2_UART_Init(void)
  36:Core/Src/usart.c **** {
  29              		.loc 1 36 1 view -0
  30              		.cfi_startproc
  31              		@ args = 0, pretend = 0, frame = 0
  32              		@ frame_needed = 0, uses_anonymous_args = 0
  33 0000 08B5     		push	{r3, lr}
  34              		.cfi_def_cfa_offset 8
  35              		.cfi_offset 3, -8
  36              		.cfi_offset 14, -4
  37:Core/Src/usart.c **** 
  38:Core/Src/usart.c ****   /* USER CODE BEGIN USART2_Init 0 */
  39:Core/Src/usart.c **** 
  40:Core/Src/usart.c ****   /* USER CODE END USART2_Init 0 */
  41:Core/Src/usart.c **** 
  42:Core/Src/usart.c ****   /* USER CODE BEGIN USART2_Init 1 */
  43:Core/Src/usart.c **** 
  44:Core/Src/usart.c ****   /* USER CODE END USART2_Init 1 */
  45:Core/Src/usart.c ****   huart2.Instance = USART2;
  37              		.loc 1 45 3 view .LVU1
  38              		.loc 1 45 19 is_stmt 0 view .LVU2
  39 0002 0A48     		ldr	r0, .L5
  40 0004 0A4B     		ldr	r3, .L5+4
  41 0006 0360     		str	r3, [r0]
  46:Core/Src/usart.c ****   huart2.Init.BaudRate = 115200;
  42              		.loc 1 46 3 is_stmt 1 view .LVU3
  43              		.loc 1 46 24 is_stmt 0 view .LVU4
  44 0008 4FF4E133 		mov	r3, #115200
  45 000c 4360     		str	r3, [r0, #4]
  47:Core/Src/usart.c ****   huart2.Init.WordLength = UART_WORDLENGTH_8B;
  46              		.loc 1 47 3 is_stmt 1 view .LVU5
  47              		.loc 1 47 26 is_stmt 0 view .LVU6
  48 000e 0023     		movs	r3, #0
  49 0010 8360     		str	r3, [r0, #8]
  48:Core/Src/usart.c ****   huart2.Init.StopBits = UART_STOPBITS_1;
  50              		.loc 1 48 3 is_stmt 1 view .LVU7
  51              		.loc 1 48 24 is_stmt 0 view .LVU8
  52 0012 C360     		str	r3, [r0, #12]
  49:Core/Src/usart.c ****   huart2.Init.Parity = UART_PARITY_NONE;
  53              		.loc 1 49 3 is_stmt 1 view .LVU9
  54              		.loc 1 49 22 is_stmt 0 view .LVU10
  55 0014 0361     		str	r3, [r0, #16]
  50:Core/Src/usart.c ****   huart2.Init.Mode = UART_MODE_TX_RX;
  56              		.loc 1 50 3 is_stmt 1 view .LVU11
  57              		.loc 1 50 20 is_stmt 0 view .LVU12
  58 0016 0C22     		movs	r2, #12
  59 0018 4261     		str	r2, [r0, #20]
  51:Core/Src/usart.c ****   huart2.Init.HwFlowCtl = UART_HWCONTROL_NONE;
  60              		.loc 1 51 3 is_stmt 1 view .LVU13
  61              		.loc 1 51 25 is_stmt 0 view .LVU14
  62 001a 8361     		str	r3, [r0, #24]
  52:Core/Src/usart.c ****   huart2.Init.OverSampling = UART_OVERSAMPLING_16;
  63              		.loc 1 52 3 is_stmt 1 view .LVU15
ARM GAS  C:\Users\30806\AppData\Local\Temp\ccGPMWaq.s 			page 3


  64              		.loc 1 52 28 is_stmt 0 view .LVU16
  65 001c C361     		str	r3, [r0, #28]
  53:Core/Src/usart.c ****   if (HAL_UART_Init(&huart2) != HAL_OK)
  66              		.loc 1 53 3 is_stmt 1 view .LVU17
  67              		.loc 1 53 7 is_stmt 0 view .LVU18
  68 001e FFF7FEFF 		bl	HAL_UART_Init
  69              	.LVL0:
  70              		.loc 1 53 6 view .LVU19
  71 0022 00B9     		cbnz	r0, .L4
  72              	.L1:
  54:Core/Src/usart.c ****   {
  55:Core/Src/usart.c ****     Error_Handler();
  56:Core/Src/usart.c ****   }
  57:Core/Src/usart.c ****   /* USER CODE BEGIN USART2_Init 2 */
  58:Core/Src/usart.c **** 
  59:Core/Src/usart.c ****   /* USER CODE END USART2_Init 2 */
  60:Core/Src/usart.c **** 
  61:Core/Src/usart.c **** }
  73              		.loc 1 61 1 view .LVU20
  74 0024 08BD     		pop	{r3, pc}
  75              	.L4:
  55:Core/Src/usart.c ****   }
  76              		.loc 1 55 5 is_stmt 1 view .LVU21
  77 0026 FFF7FEFF 		bl	Error_Handler
  78              	.LVL1:
  79              		.loc 1 61 1 is_stmt 0 view .LVU22
  80 002a FBE7     		b	.L1
  81              	.L6:
  82              		.align	2
  83              	.L5:
  84 002c 00000000 		.word	.LANCHOR0
  85 0030 00440040 		.word	1073759232
  86              		.cfi_endproc
  87              	.LFE134:
  89              		.section	.text.MX_USART3_UART_Init,"ax",%progbits
  90              		.align	1
  91              		.global	MX_USART3_UART_Init
  92              		.syntax unified
  93              		.thumb
  94              		.thumb_func
  95              		.fpu fpv4-sp-d16
  97              	MX_USART3_UART_Init:
  98              	.LFB135:
  62:Core/Src/usart.c **** /* USART3 init function */
  63:Core/Src/usart.c **** 
  64:Core/Src/usart.c **** void MX_USART3_UART_Init(void)
  65:Core/Src/usart.c **** {
  99              		.loc 1 65 1 is_stmt 1 view -0
 100              		.cfi_startproc
 101              		@ args = 0, pretend = 0, frame = 0
 102              		@ frame_needed = 0, uses_anonymous_args = 0
 103 0000 08B5     		push	{r3, lr}
 104              		.cfi_def_cfa_offset 8
 105              		.cfi_offset 3, -8
 106              		.cfi_offset 14, -4
  66:Core/Src/usart.c **** 
  67:Core/Src/usart.c ****   /* USER CODE BEGIN USART3_Init 0 */
ARM GAS  C:\Users\30806\AppData\Local\Temp\ccGPMWaq.s 			page 4


  68:Core/Src/usart.c **** 
  69:Core/Src/usart.c ****   /* USER CODE END USART3_Init 0 */
  70:Core/Src/usart.c **** 
  71:Core/Src/usart.c ****   /* USER CODE BEGIN USART3_Init 1 */
  72:Core/Src/usart.c **** 
  73:Core/Src/usart.c ****   /* USER CODE END USART3_Init 1 */
  74:Core/Src/usart.c ****   huart3.Instance = USART3;
 107              		.loc 1 74 3 view .LVU24
 108              		.loc 1 74 19 is_stmt 0 view .LVU25
 109 0002 0B48     		ldr	r0, .L11
 110 0004 0B4B     		ldr	r3, .L11+4
 111 0006 0360     		str	r3, [r0]
  75:Core/Src/usart.c ****   huart3.Init.BaudRate = 100000;
 112              		.loc 1 75 3 is_stmt 1 view .LVU26
 113              		.loc 1 75 24 is_stmt 0 view .LVU27
 114 0008 0B4B     		ldr	r3, .L11+8
 115 000a 4360     		str	r3, [r0, #4]
  76:Core/Src/usart.c ****   huart3.Init.WordLength = UART_WORDLENGTH_8B;
 116              		.loc 1 76 3 is_stmt 1 view .LVU28
 117              		.loc 1 76 26 is_stmt 0 view .LVU29
 118 000c 0023     		movs	r3, #0
 119 000e 8360     		str	r3, [r0, #8]
  77:Core/Src/usart.c ****   huart3.Init.StopBits = UART_STOPBITS_1;
 120              		.loc 1 77 3 is_stmt 1 view .LVU30
 121              		.loc 1 77 24 is_stmt 0 view .LVU31
 122 0010 C360     		str	r3, [r0, #12]
  78:Core/Src/usart.c ****   huart3.Init.Parity = UART_PARITY_EVEN;
 123              		.loc 1 78 3 is_stmt 1 view .LVU32
 124              		.loc 1 78 22 is_stmt 0 view .LVU33
 125 0012 4FF48062 		mov	r2, #1024
 126 0016 0261     		str	r2, [r0, #16]
  79:Core/Src/usart.c ****   huart3.Init.Mode = UART_MODE_RX;
 127              		.loc 1 79 3 is_stmt 1 view .LVU34
 128              		.loc 1 79 20 is_stmt 0 view .LVU35
 129 0018 0422     		movs	r2, #4
 130 001a 4261     		str	r2, [r0, #20]
  80:Core/Src/usart.c ****   huart3.Init.HwFlowCtl = UART_HWCONTROL_NONE;
 131              		.loc 1 80 3 is_stmt 1 view .LVU36
 132              		.loc 1 80 25 is_stmt 0 view .LVU37
 133 001c 8361     		str	r3, [r0, #24]
  81:Core/Src/usart.c ****   huart3.Init.OverSampling = UART_OVERSAMPLING_16;
 134              		.loc 1 81 3 is_stmt 1 view .LVU38
 135              		.loc 1 81 28 is_stmt 0 view .LVU39
 136 001e C361     		str	r3, [r0, #28]
  82:Core/Src/usart.c ****   if (HAL_UART_Init(&huart3) != HAL_OK)
 137              		.loc 1 82 3 is_stmt 1 view .LVU40
 138              		.loc 1 82 7 is_stmt 0 view .LVU41
 139 0020 FFF7FEFF 		bl	HAL_UART_Init
 140              	.LVL2:
 141              		.loc 1 82 6 view .LVU42
 142 0024 00B9     		cbnz	r0, .L10
 143              	.L7:
  83:Core/Src/usart.c ****   {
  84:Core/Src/usart.c ****     Error_Handler();
  85:Core/Src/usart.c ****   }
  86:Core/Src/usart.c ****   /* USER CODE BEGIN USART3_Init 2 */
  87:Core/Src/usart.c **** 
ARM GAS  C:\Users\30806\AppData\Local\Temp\ccGPMWaq.s 			page 5


  88:Core/Src/usart.c ****   /* USER CODE END USART3_Init 2 */
  89:Core/Src/usart.c **** 
  90:Core/Src/usart.c **** }
 144              		.loc 1 90 1 view .LVU43
 145 0026 08BD     		pop	{r3, pc}
 146              	.L10:
  84:Core/Src/usart.c ****   }
 147              		.loc 1 84 5 is_stmt 1 view .LVU44
 148 0028 FFF7FEFF 		bl	Error_Handler
 149              	.LVL3:
 150              		.loc 1 90 1 is_stmt 0 view .LVU45
 151 002c FBE7     		b	.L7
 152              	.L12:
 153 002e 00BF     		.align	2
 154              	.L11:
 155 0030 00000000 		.word	.LANCHOR1
 156 0034 00480040 		.word	1073760256
 157 0038 A0860100 		.word	100000
 158              		.cfi_endproc
 159              	.LFE135:
 161              		.section	.text.HAL_UART_MspInit,"ax",%progbits
 162              		.align	1
 163              		.global	HAL_UART_MspInit
 164              		.syntax unified
 165              		.thumb
 166              		.thumb_func
 167              		.fpu fpv4-sp-d16
 169              	HAL_UART_MspInit:
 170              	.LVL4:
 171              	.LFB136:
  91:Core/Src/usart.c **** 
  92:Core/Src/usart.c **** void HAL_UART_MspInit(UART_HandleTypeDef* uartHandle)
  93:Core/Src/usart.c **** {
 172              		.loc 1 93 1 is_stmt 1 view -0
 173              		.cfi_startproc
 174              		@ args = 0, pretend = 0, frame = 40
 175              		@ frame_needed = 0, uses_anonymous_args = 0
 176              		.loc 1 93 1 is_stmt 0 view .LVU47
 177 0000 30B5     		push	{r4, r5, lr}
 178              		.cfi_def_cfa_offset 12
 179              		.cfi_offset 4, -12
 180              		.cfi_offset 5, -8
 181              		.cfi_offset 14, -4
 182 0002 8BB0     		sub	sp, sp, #44
 183              		.cfi_def_cfa_offset 56
 184 0004 0446     		mov	r4, r0
  94:Core/Src/usart.c **** 
  95:Core/Src/usart.c ****   GPIO_InitTypeDef GPIO_InitStruct = {0};
 185              		.loc 1 95 3 is_stmt 1 view .LVU48
 186              		.loc 1 95 20 is_stmt 0 view .LVU49
 187 0006 0023     		movs	r3, #0
 188 0008 0593     		str	r3, [sp, #20]
 189 000a 0693     		str	r3, [sp, #24]
 190 000c 0793     		str	r3, [sp, #28]
 191 000e 0893     		str	r3, [sp, #32]
 192 0010 0993     		str	r3, [sp, #36]
  96:Core/Src/usart.c ****   if(uartHandle->Instance==USART2)
ARM GAS  C:\Users\30806\AppData\Local\Temp\ccGPMWaq.s 			page 6


 193              		.loc 1 96 3 is_stmt 1 view .LVU50
 194              		.loc 1 96 16 is_stmt 0 view .LVU51
 195 0012 0368     		ldr	r3, [r0]
 196              		.loc 1 96 5 view .LVU52
 197 0014 584A     		ldr	r2, .L25
 198 0016 9342     		cmp	r3, r2
 199 0018 04D0     		beq	.L20
  97:Core/Src/usart.c ****   {
  98:Core/Src/usart.c ****   /* USER CODE BEGIN USART2_MspInit 0 */
  99:Core/Src/usart.c **** 
 100:Core/Src/usart.c ****   /* USER CODE END USART2_MspInit 0 */
 101:Core/Src/usart.c ****     /* USART2 clock enable */
 102:Core/Src/usart.c ****     __HAL_RCC_USART2_CLK_ENABLE();
 103:Core/Src/usart.c **** 
 104:Core/Src/usart.c ****     __HAL_RCC_GPIOA_CLK_ENABLE();
 105:Core/Src/usart.c ****     /**USART2 GPIO Configuration
 106:Core/Src/usart.c ****     PA2     ------> USART2_TX
 107:Core/Src/usart.c ****     PA3     ------> USART2_RX
 108:Core/Src/usart.c ****     */
 109:Core/Src/usart.c ****     GPIO_InitStruct.Pin = GPIO_PIN_2|GPIO_PIN_3;
 110:Core/Src/usart.c ****     GPIO_InitStruct.Mode = GPIO_MODE_AF_PP;
 111:Core/Src/usart.c ****     GPIO_InitStruct.Pull = GPIO_NOPULL;
 112:Core/Src/usart.c ****     GPIO_InitStruct.Speed = GPIO_SPEED_FREQ_VERY_HIGH;
 113:Core/Src/usart.c ****     GPIO_InitStruct.Alternate = GPIO_AF7_USART2;
 114:Core/Src/usart.c ****     HAL_GPIO_Init(GPIOA, &GPIO_InitStruct);
 115:Core/Src/usart.c **** 
 116:Core/Src/usart.c ****     /* USART2 DMA Init */
 117:Core/Src/usart.c ****     /* USART2_RX Init */
 118:Core/Src/usart.c ****     hdma_usart2_rx.Instance = DMA1_Stream5;
 119:Core/Src/usart.c ****     hdma_usart2_rx.Init.Channel = DMA_CHANNEL_4;
 120:Core/Src/usart.c ****     hdma_usart2_rx.Init.Direction = DMA_PERIPH_TO_MEMORY;
 121:Core/Src/usart.c ****     hdma_usart2_rx.Init.PeriphInc = DMA_PINC_DISABLE;
 122:Core/Src/usart.c ****     hdma_usart2_rx.Init.MemInc = DMA_MINC_ENABLE;
 123:Core/Src/usart.c ****     hdma_usart2_rx.Init.PeriphDataAlignment = DMA_PDATAALIGN_BYTE;
 124:Core/Src/usart.c ****     hdma_usart2_rx.Init.MemDataAlignment = DMA_MDATAALIGN_BYTE;
 125:Core/Src/usart.c ****     hdma_usart2_rx.Init.Mode = DMA_CIRCULAR;
 126:Core/Src/usart.c ****     hdma_usart2_rx.Init.Priority = DMA_PRIORITY_LOW;
 127:Core/Src/usart.c ****     hdma_usart2_rx.Init.FIFOMode = DMA_FIFOMODE_DISABLE;
 128:Core/Src/usart.c ****     if (HAL_DMA_Init(&hdma_usart2_rx) != HAL_OK)
 129:Core/Src/usart.c ****     {
 130:Core/Src/usart.c ****       Error_Handler();
 131:Core/Src/usart.c ****     }
 132:Core/Src/usart.c **** 
 133:Core/Src/usart.c ****     __HAL_LINKDMA(uartHandle,hdmarx,hdma_usart2_rx);
 134:Core/Src/usart.c **** 
 135:Core/Src/usart.c ****     /* USART2_TX Init */
 136:Core/Src/usart.c ****     hdma_usart2_tx.Instance = DMA1_Stream6;
 137:Core/Src/usart.c ****     hdma_usart2_tx.Init.Channel = DMA_CHANNEL_4;
 138:Core/Src/usart.c ****     hdma_usart2_tx.Init.Direction = DMA_MEMORY_TO_PERIPH;
 139:Core/Src/usart.c ****     hdma_usart2_tx.Init.PeriphInc = DMA_PINC_DISABLE;
 140:Core/Src/usart.c ****     hdma_usart2_tx.Init.MemInc = DMA_MINC_ENABLE;
 141:Core/Src/usart.c ****     hdma_usart2_tx.Init.PeriphDataAlignment = DMA_PDATAALIGN_BYTE;
 142:Core/Src/usart.c ****     hdma_usart2_tx.Init.MemDataAlignment = DMA_MDATAALIGN_BYTE;
 143:Core/Src/usart.c ****     hdma_usart2_tx.Init.Mode = DMA_NORMAL;
 144:Core/Src/usart.c ****     hdma_usart2_tx.Init.Priority = DMA_PRIORITY_LOW;
 145:Core/Src/usart.c ****     hdma_usart2_tx.Init.FIFOMode = DMA_FIFOMODE_DISABLE;
 146:Core/Src/usart.c ****     if (HAL_DMA_Init(&hdma_usart2_tx) != HAL_OK)
ARM GAS  C:\Users\30806\AppData\Local\Temp\ccGPMWaq.s 			page 7


 147:Core/Src/usart.c ****     {
 148:Core/Src/usart.c ****       Error_Handler();
 149:Core/Src/usart.c ****     }
 150:Core/Src/usart.c **** 
 151:Core/Src/usart.c ****     __HAL_LINKDMA(uartHandle,hdmatx,hdma_usart2_tx);
 152:Core/Src/usart.c **** 
 153:Core/Src/usart.c ****     /* USART2 interrupt Init */
 154:Core/Src/usart.c ****     HAL_NVIC_SetPriority(USART2_IRQn, 5, 0);
 155:Core/Src/usart.c ****     HAL_NVIC_EnableIRQ(USART2_IRQn);
 156:Core/Src/usart.c ****   /* USER CODE BEGIN USART2_MspInit 1 */
 157:Core/Src/usart.c **** 
 158:Core/Src/usart.c ****   /* USER CODE END USART2_MspInit 1 */
 159:Core/Src/usart.c ****   }
 160:Core/Src/usart.c ****   else if(uartHandle->Instance==USART3)
 200              		.loc 1 160 8 is_stmt 1 view .LVU53
 201              		.loc 1 160 10 is_stmt 0 view .LVU54
 202 001a 584A     		ldr	r2, .L25+4
 203 001c 9342     		cmp	r3, r2
 204 001e 62D0     		beq	.L21
 205              	.LVL5:
 206              	.L13:
 161:Core/Src/usart.c ****   {
 162:Core/Src/usart.c ****   /* USER CODE BEGIN USART3_MspInit 0 */
 163:Core/Src/usart.c **** 
 164:Core/Src/usart.c ****   /* USER CODE END USART3_MspInit 0 */
 165:Core/Src/usart.c ****     /* USART3 clock enable */
 166:Core/Src/usart.c ****     __HAL_RCC_USART3_CLK_ENABLE();
 167:Core/Src/usart.c **** 
 168:Core/Src/usart.c ****     __HAL_RCC_GPIOB_CLK_ENABLE();
 169:Core/Src/usart.c ****     /**USART3 GPIO Configuration
 170:Core/Src/usart.c ****     PB10     ------> USART3_TX
 171:Core/Src/usart.c ****     PB11     ------> USART3_RX
 172:Core/Src/usart.c ****     */
 173:Core/Src/usart.c ****     GPIO_InitStruct.Pin = GPIO_PIN_10|GPIO_PIN_11;
 174:Core/Src/usart.c ****     GPIO_InitStruct.Mode = GPIO_MODE_AF_PP;
 175:Core/Src/usart.c ****     GPIO_InitStruct.Pull = GPIO_NOPULL;
 176:Core/Src/usart.c ****     GPIO_InitStruct.Speed = GPIO_SPEED_FREQ_VERY_HIGH;
 177:Core/Src/usart.c ****     GPIO_InitStruct.Alternate = GPIO_AF7_USART3;
 178:Core/Src/usart.c ****     HAL_GPIO_Init(GPIOB, &GPIO_InitStruct);
 179:Core/Src/usart.c **** 
 180:Core/Src/usart.c ****     /* USART3 DMA Init */
 181:Core/Src/usart.c ****     /* USART3_RX Init */
 182:Core/Src/usart.c ****     hdma_usart3_rx.Instance = DMA1_Stream1;
 183:Core/Src/usart.c ****     hdma_usart3_rx.Init.Channel = DMA_CHANNEL_4;
 184:Core/Src/usart.c ****     hdma_usart3_rx.Init.Direction = DMA_PERIPH_TO_MEMORY;
 185:Core/Src/usart.c ****     hdma_usart3_rx.Init.PeriphInc = DMA_PINC_DISABLE;
 186:Core/Src/usart.c ****     hdma_usart3_rx.Init.MemInc = DMA_MINC_ENABLE;
 187:Core/Src/usart.c ****     hdma_usart3_rx.Init.PeriphDataAlignment = DMA_PDATAALIGN_BYTE;
 188:Core/Src/usart.c ****     hdma_usart3_rx.Init.MemDataAlignment = DMA_MDATAALIGN_BYTE;
 189:Core/Src/usart.c ****     hdma_usart3_rx.Init.Mode = DMA_CIRCULAR;
 190:Core/Src/usart.c ****     hdma_usart3_rx.Init.Priority = DMA_PRIORITY_VERY_HIGH;
 191:Core/Src/usart.c ****     hdma_usart3_rx.Init.FIFOMode = DMA_FIFOMODE_DISABLE;
 192:Core/Src/usart.c ****     if (HAL_DMA_Init(&hdma_usart3_rx) != HAL_OK)
 193:Core/Src/usart.c ****     {
 194:Core/Src/usart.c ****       Error_Handler();
 195:Core/Src/usart.c ****     }
 196:Core/Src/usart.c **** 
ARM GAS  C:\Users\30806\AppData\Local\Temp\ccGPMWaq.s 			page 8


 197:Core/Src/usart.c ****     __HAL_LINKDMA(uartHandle,hdmarx,hdma_usart3_rx);
 198:Core/Src/usart.c **** 
 199:Core/Src/usart.c ****     /* USART3 interrupt Init */
 200:Core/Src/usart.c ****     HAL_NVIC_SetPriority(USART3_IRQn, 5, 0);
 201:Core/Src/usart.c ****     HAL_NVIC_EnableIRQ(USART3_IRQn);
 202:Core/Src/usart.c ****   /* USER CODE BEGIN USART3_MspInit 1 */
 203:Core/Src/usart.c **** 
 204:Core/Src/usart.c ****   /* USER CODE END USART3_MspInit 1 */
 205:Core/Src/usart.c ****   }
 206:Core/Src/usart.c **** }
 207              		.loc 1 206 1 view .LVU55
 208 0020 0BB0     		add	sp, sp, #44
 209              		.cfi_remember_state
 210              		.cfi_def_cfa_offset 12
 211              		@ sp needed
 212 0022 30BD     		pop	{r4, r5, pc}
 213              	.LVL6:
 214              	.L20:
 215              		.cfi_restore_state
 102:Core/Src/usart.c **** 
 216              		.loc 1 102 5 is_stmt 1 view .LVU56
 217              	.LBB2:
 102:Core/Src/usart.c **** 
 218              		.loc 1 102 5 view .LVU57
 219 0024 0025     		movs	r5, #0
 220 0026 0195     		str	r5, [sp, #4]
 102:Core/Src/usart.c **** 
 221              		.loc 1 102 5 view .LVU58
 222 0028 554B     		ldr	r3, .L25+8
 223 002a 1A6C     		ldr	r2, [r3, #64]
 224 002c 42F40032 		orr	r2, r2, #131072
 225 0030 1A64     		str	r2, [r3, #64]
 102:Core/Src/usart.c **** 
 226              		.loc 1 102 5 view .LVU59
 227 0032 1A6C     		ldr	r2, [r3, #64]
 228 0034 02F40032 		and	r2, r2, #131072
 229 0038 0192     		str	r2, [sp, #4]
 102:Core/Src/usart.c **** 
 230              		.loc 1 102 5 view .LVU60
 231 003a 019A     		ldr	r2, [sp, #4]
 232              	.LBE2:
 102:Core/Src/usart.c **** 
 233              		.loc 1 102 5 view .LVU61
 104:Core/Src/usart.c ****     /**USART2 GPIO Configuration
 234              		.loc 1 104 5 view .LVU62
 235              	.LBB3:
 104:Core/Src/usart.c ****     /**USART2 GPIO Configuration
 236              		.loc 1 104 5 view .LVU63
 237 003c 0295     		str	r5, [sp, #8]
 104:Core/Src/usart.c ****     /**USART2 GPIO Configuration
 238              		.loc 1 104 5 view .LVU64
 239 003e 1A6B     		ldr	r2, [r3, #48]
 240 0040 42F00102 		orr	r2, r2, #1
 241 0044 1A63     		str	r2, [r3, #48]
 104:Core/Src/usart.c ****     /**USART2 GPIO Configuration
 242              		.loc 1 104 5 view .LVU65
 243 0046 1B6B     		ldr	r3, [r3, #48]
ARM GAS  C:\Users\30806\AppData\Local\Temp\ccGPMWaq.s 			page 9


 244 0048 03F00103 		and	r3, r3, #1
 245 004c 0293     		str	r3, [sp, #8]
 104:Core/Src/usart.c ****     /**USART2 GPIO Configuration
 246              		.loc 1 104 5 view .LVU66
 247 004e 029B     		ldr	r3, [sp, #8]
 248              	.LBE3:
 104:Core/Src/usart.c ****     /**USART2 GPIO Configuration
 249              		.loc 1 104 5 view .LVU67
 109:Core/Src/usart.c ****     GPIO_InitStruct.Mode = GPIO_MODE_AF_PP;
 250              		.loc 1 109 5 view .LVU68
 109:Core/Src/usart.c ****     GPIO_InitStruct.Mode = GPIO_MODE_AF_PP;
 251              		.loc 1 109 25 is_stmt 0 view .LVU69
 252 0050 0C23     		movs	r3, #12
 253 0052 0593     		str	r3, [sp, #20]
 110:Core/Src/usart.c ****     GPIO_InitStruct.Pull = GPIO_NOPULL;
 254              		.loc 1 110 5 is_stmt 1 view .LVU70
 110:Core/Src/usart.c ****     GPIO_InitStruct.Pull = GPIO_NOPULL;
 255              		.loc 1 110 26 is_stmt 0 view .LVU71
 256 0054 0223     		movs	r3, #2
 257 0056 0693     		str	r3, [sp, #24]
 111:Core/Src/usart.c ****     GPIO_InitStruct.Speed = GPIO_SPEED_FREQ_VERY_HIGH;
 258              		.loc 1 111 5 is_stmt 1 view .LVU72
 112:Core/Src/usart.c ****     GPIO_InitStruct.Alternate = GPIO_AF7_USART2;
 259              		.loc 1 112 5 view .LVU73
 112:Core/Src/usart.c ****     GPIO_InitStruct.Alternate = GPIO_AF7_USART2;
 260              		.loc 1 112 27 is_stmt 0 view .LVU74
 261 0058 0323     		movs	r3, #3
 262 005a 0893     		str	r3, [sp, #32]
 113:Core/Src/usart.c ****     HAL_GPIO_Init(GPIOA, &GPIO_InitStruct);
 263              		.loc 1 113 5 is_stmt 1 view .LVU75
 113:Core/Src/usart.c ****     HAL_GPIO_Init(GPIOA, &GPIO_InitStruct);
 264              		.loc 1 113 31 is_stmt 0 view .LVU76
 265 005c 0723     		movs	r3, #7
 266 005e 0993     		str	r3, [sp, #36]
 114:Core/Src/usart.c **** 
 267              		.loc 1 114 5 is_stmt 1 view .LVU77
 268 0060 05A9     		add	r1, sp, #20
 269 0062 4848     		ldr	r0, .L25+12
 270              	.LVL7:
 114:Core/Src/usart.c **** 
 271              		.loc 1 114 5 is_stmt 0 view .LVU78
 272 0064 FFF7FEFF 		bl	HAL_GPIO_Init
 273              	.LVL8:
 118:Core/Src/usart.c ****     hdma_usart2_rx.Init.Channel = DMA_CHANNEL_4;
 274              		.loc 1 118 5 is_stmt 1 view .LVU79
 118:Core/Src/usart.c ****     hdma_usart2_rx.Init.Channel = DMA_CHANNEL_4;
 275              		.loc 1 118 29 is_stmt 0 view .LVU80
 276 0068 4748     		ldr	r0, .L25+16
 277 006a 484B     		ldr	r3, .L25+20
 278 006c 0360     		str	r3, [r0]
 119:Core/Src/usart.c ****     hdma_usart2_rx.Init.Direction = DMA_PERIPH_TO_MEMORY;
 279              		.loc 1 119 5 is_stmt 1 view .LVU81
 119:Core/Src/usart.c ****     hdma_usart2_rx.Init.Direction = DMA_PERIPH_TO_MEMORY;
 280              		.loc 1 119 33 is_stmt 0 view .LVU82
 281 006e 4FF00063 		mov	r3, #134217728
 282 0072 4360     		str	r3, [r0, #4]
 120:Core/Src/usart.c ****     hdma_usart2_rx.Init.PeriphInc = DMA_PINC_DISABLE;
ARM GAS  C:\Users\30806\AppData\Local\Temp\ccGPMWaq.s 			page 10


 283              		.loc 1 120 5 is_stmt 1 view .LVU83
 120:Core/Src/usart.c ****     hdma_usart2_rx.Init.PeriphInc = DMA_PINC_DISABLE;
 284              		.loc 1 120 35 is_stmt 0 view .LVU84
 285 0074 8560     		str	r5, [r0, #8]
 121:Core/Src/usart.c ****     hdma_usart2_rx.Init.MemInc = DMA_MINC_ENABLE;
 286              		.loc 1 121 5 is_stmt 1 view .LVU85
 121:Core/Src/usart.c ****     hdma_usart2_rx.Init.MemInc = DMA_MINC_ENABLE;
 287              		.loc 1 121 35 is_stmt 0 view .LVU86
 288 0076 C560     		str	r5, [r0, #12]
 122:Core/Src/usart.c ****     hdma_usart2_rx.Init.PeriphDataAlignment = DMA_PDATAALIGN_BYTE;
 289              		.loc 1 122 5 is_stmt 1 view .LVU87
 122:Core/Src/usart.c ****     hdma_usart2_rx.Init.PeriphDataAlignment = DMA_PDATAALIGN_BYTE;
 290              		.loc 1 122 32 is_stmt 0 view .LVU88
 291 0078 4FF48063 		mov	r3, #1024
 292 007c 0361     		str	r3, [r0, #16]
 123:Core/Src/usart.c ****     hdma_usart2_rx.Init.MemDataAlignment = DMA_MDATAALIGN_BYTE;
 293              		.loc 1 123 5 is_stmt 1 view .LVU89
 123:Core/Src/usart.c ****     hdma_usart2_rx.Init.MemDataAlignment = DMA_MDATAALIGN_BYTE;
 294              		.loc 1 123 45 is_stmt 0 view .LVU90
 295 007e 4561     		str	r5, [r0, #20]
 124:Core/Src/usart.c ****     hdma_usart2_rx.Init.Mode = DMA_CIRCULAR;
 296              		.loc 1 124 5 is_stmt 1 view .LVU91
 124:Core/Src/usart.c ****     hdma_usart2_rx.Init.Mode = DMA_CIRCULAR;
 297              		.loc 1 124 42 is_stmt 0 view .LVU92
 298 0080 8561     		str	r5, [r0, #24]
 125:Core/Src/usart.c ****     hdma_usart2_rx.Init.Priority = DMA_PRIORITY_LOW;
 299              		.loc 1 125 5 is_stmt 1 view .LVU93
 125:Core/Src/usart.c ****     hdma_usart2_rx.Init.Priority = DMA_PRIORITY_LOW;
 300              		.loc 1 125 30 is_stmt 0 view .LVU94
 301 0082 4FF48073 		mov	r3, #256
 302 0086 C361     		str	r3, [r0, #28]
 126:Core/Src/usart.c ****     hdma_usart2_rx.Init.FIFOMode = DMA_FIFOMODE_DISABLE;
 303              		.loc 1 126 5 is_stmt 1 view .LVU95
 126:Core/Src/usart.c ****     hdma_usart2_rx.Init.FIFOMode = DMA_FIFOMODE_DISABLE;
 304              		.loc 1 126 34 is_stmt 0 view .LVU96
 305 0088 0562     		str	r5, [r0, #32]
 127:Core/Src/usart.c ****     if (HAL_DMA_Init(&hdma_usart2_rx) != HAL_OK)
 306              		.loc 1 127 5 is_stmt 1 view .LVU97
 127:Core/Src/usart.c ****     if (HAL_DMA_Init(&hdma_usart2_rx) != HAL_OK)
 307              		.loc 1 127 34 is_stmt 0 view .LVU98
 308 008a 4562     		str	r5, [r0, #36]
 128:Core/Src/usart.c ****     {
 309              		.loc 1 128 5 is_stmt 1 view .LVU99
 128:Core/Src/usart.c ****     {
 310              		.loc 1 128 9 is_stmt 0 view .LVU100
 311 008c FFF7FEFF 		bl	HAL_DMA_Init
 312              	.LVL9:
 128:Core/Src/usart.c ****     {
 313              		.loc 1 128 8 view .LVU101
 314 0090 18BB     		cbnz	r0, .L22
 315              	.L15:
 133:Core/Src/usart.c **** 
 316              		.loc 1 133 5 is_stmt 1 view .LVU102
 133:Core/Src/usart.c **** 
 317              		.loc 1 133 5 view .LVU103
 318 0092 3D4B     		ldr	r3, .L25+16
 319 0094 E363     		str	r3, [r4, #60]
ARM GAS  C:\Users\30806\AppData\Local\Temp\ccGPMWaq.s 			page 11


 133:Core/Src/usart.c **** 
 320              		.loc 1 133 5 view .LVU104
 321 0096 9C63     		str	r4, [r3, #56]
 133:Core/Src/usart.c **** 
 322              		.loc 1 133 5 view .LVU105
 136:Core/Src/usart.c ****     hdma_usart2_tx.Init.Channel = DMA_CHANNEL_4;
 323              		.loc 1 136 5 view .LVU106
 136:Core/Src/usart.c ****     hdma_usart2_tx.Init.Channel = DMA_CHANNEL_4;
 324              		.loc 1 136 29 is_stmt 0 view .LVU107
 325 0098 3D48     		ldr	r0, .L25+24
 326 009a 3E4B     		ldr	r3, .L25+28
 327 009c 0360     		str	r3, [r0]
 137:Core/Src/usart.c ****     hdma_usart2_tx.Init.Direction = DMA_MEMORY_TO_PERIPH;
 328              		.loc 1 137 5 is_stmt 1 view .LVU108
 137:Core/Src/usart.c ****     hdma_usart2_tx.Init.Direction = DMA_MEMORY_TO_PERIPH;
 329              		.loc 1 137 33 is_stmt 0 view .LVU109
 330 009e 4FF00063 		mov	r3, #134217728
 331 00a2 4360     		str	r3, [r0, #4]
 138:Core/Src/usart.c ****     hdma_usart2_tx.Init.PeriphInc = DMA_PINC_DISABLE;
 332              		.loc 1 138 5 is_stmt 1 view .LVU110
 138:Core/Src/usart.c ****     hdma_usart2_tx.Init.PeriphInc = DMA_PINC_DISABLE;
 333              		.loc 1 138 35 is_stmt 0 view .LVU111
 334 00a4 4023     		movs	r3, #64
 335 00a6 8360     		str	r3, [r0, #8]
 139:Core/Src/usart.c ****     hdma_usart2_tx.Init.MemInc = DMA_MINC_ENABLE;
 336              		.loc 1 139 5 is_stmt 1 view .LVU112
 139:Core/Src/usart.c ****     hdma_usart2_tx.Init.MemInc = DMA_MINC_ENABLE;
 337              		.loc 1 139 35 is_stmt 0 view .LVU113
 338 00a8 0023     		movs	r3, #0
 339 00aa C360     		str	r3, [r0, #12]
 140:Core/Src/usart.c ****     hdma_usart2_tx.Init.PeriphDataAlignment = DMA_PDATAALIGN_BYTE;
 340              		.loc 1 140 5 is_stmt 1 view .LVU114
 140:Core/Src/usart.c ****     hdma_usart2_tx.Init.PeriphDataAlignment = DMA_PDATAALIGN_BYTE;
 341              		.loc 1 140 32 is_stmt 0 view .LVU115
 342 00ac 4FF48062 		mov	r2, #1024
 343 00b0 0261     		str	r2, [r0, #16]
 141:Core/Src/usart.c ****     hdma_usart2_tx.Init.MemDataAlignment = DMA_MDATAALIGN_BYTE;
 344              		.loc 1 141 5 is_stmt 1 view .LVU116
 141:Core/Src/usart.c ****     hdma_usart2_tx.Init.MemDataAlignment = DMA_MDATAALIGN_BYTE;
 345              		.loc 1 141 45 is_stmt 0 view .LVU117
 346 00b2 4361     		str	r3, [r0, #20]
 142:Core/Src/usart.c ****     hdma_usart2_tx.Init.Mode = DMA_NORMAL;
 347              		.loc 1 142 5 is_stmt 1 view .LVU118
 142:Core/Src/usart.c ****     hdma_usart2_tx.Init.Mode = DMA_NORMAL;
 348              		.loc 1 142 42 is_stmt 0 view .LVU119
 349 00b4 8361     		str	r3, [r0, #24]
 143:Core/Src/usart.c ****     hdma_usart2_tx.Init.Priority = DMA_PRIORITY_LOW;
 350              		.loc 1 143 5 is_stmt 1 view .LVU120
 143:Core/Src/usart.c ****     hdma_usart2_tx.Init.Priority = DMA_PRIORITY_LOW;
 351              		.loc 1 143 30 is_stmt 0 view .LVU121
 352 00b6 C361     		str	r3, [r0, #28]
 144:Core/Src/usart.c ****     hdma_usart2_tx.Init.FIFOMode = DMA_FIFOMODE_DISABLE;
 353              		.loc 1 144 5 is_stmt 1 view .LVU122
 144:Core/Src/usart.c ****     hdma_usart2_tx.Init.FIFOMode = DMA_FIFOMODE_DISABLE;
 354              		.loc 1 144 34 is_stmt 0 view .LVU123
 355 00b8 0362     		str	r3, [r0, #32]
 145:Core/Src/usart.c ****     if (HAL_DMA_Init(&hdma_usart2_tx) != HAL_OK)
ARM GAS  C:\Users\30806\AppData\Local\Temp\ccGPMWaq.s 			page 12


 356              		.loc 1 145 5 is_stmt 1 view .LVU124
 145:Core/Src/usart.c ****     if (HAL_DMA_Init(&hdma_usart2_tx) != HAL_OK)
 357              		.loc 1 145 34 is_stmt 0 view .LVU125
 358 00ba 4362     		str	r3, [r0, #36]
 146:Core/Src/usart.c ****     {
 359              		.loc 1 146 5 is_stmt 1 view .LVU126
 146:Core/Src/usart.c ****     {
 360              		.loc 1 146 9 is_stmt 0 view .LVU127
 361 00bc FFF7FEFF 		bl	HAL_DMA_Init
 362              	.LVL10:
 146:Core/Src/usart.c ****     {
 363              		.loc 1 146 8 view .LVU128
 364 00c0 70B9     		cbnz	r0, .L23
 365              	.L16:
 151:Core/Src/usart.c **** 
 366              		.loc 1 151 5 is_stmt 1 view .LVU129
 151:Core/Src/usart.c **** 
 367              		.loc 1 151 5 view .LVU130
 368 00c2 334B     		ldr	r3, .L25+24
 369 00c4 A363     		str	r3, [r4, #56]
 151:Core/Src/usart.c **** 
 370              		.loc 1 151 5 view .LVU131
 371 00c6 9C63     		str	r4, [r3, #56]
 151:Core/Src/usart.c **** 
 372              		.loc 1 151 5 view .LVU132
 154:Core/Src/usart.c ****     HAL_NVIC_EnableIRQ(USART2_IRQn);
 373              		.loc 1 154 5 view .LVU133
 374 00c8 0022     		movs	r2, #0
 375 00ca 0521     		movs	r1, #5
 376 00cc 2620     		movs	r0, #38
 377 00ce FFF7FEFF 		bl	HAL_NVIC_SetPriority
 378              	.LVL11:
 155:Core/Src/usart.c ****   /* USER CODE BEGIN USART2_MspInit 1 */
 379              		.loc 1 155 5 view .LVU134
 380 00d2 2620     		movs	r0, #38
 381 00d4 FFF7FEFF 		bl	HAL_NVIC_EnableIRQ
 382              	.LVL12:
 383 00d8 A2E7     		b	.L13
 384              	.L22:
 130:Core/Src/usart.c ****     }
 385              		.loc 1 130 7 view .LVU135
 386 00da FFF7FEFF 		bl	Error_Handler
 387              	.LVL13:
 388 00de D8E7     		b	.L15
 389              	.L23:
 148:Core/Src/usart.c ****     }
 390              		.loc 1 148 7 view .LVU136
 391 00e0 FFF7FEFF 		bl	Error_Handler
 392              	.LVL14:
 393 00e4 EDE7     		b	.L16
 394              	.LVL15:
 395              	.L21:
 166:Core/Src/usart.c **** 
 396              		.loc 1 166 5 view .LVU137
 397              	.LBB4:
 166:Core/Src/usart.c **** 
 398              		.loc 1 166 5 view .LVU138
ARM GAS  C:\Users\30806\AppData\Local\Temp\ccGPMWaq.s 			page 13


 399 00e6 0025     		movs	r5, #0
 400 00e8 0395     		str	r5, [sp, #12]
 166:Core/Src/usart.c **** 
 401              		.loc 1 166 5 view .LVU139
 402 00ea 254B     		ldr	r3, .L25+8
 403 00ec 1A6C     		ldr	r2, [r3, #64]
 404 00ee 42F48022 		orr	r2, r2, #262144
 405 00f2 1A64     		str	r2, [r3, #64]
 166:Core/Src/usart.c **** 
 406              		.loc 1 166 5 view .LVU140
 407 00f4 1A6C     		ldr	r2, [r3, #64]
 408 00f6 02F48022 		and	r2, r2, #262144
 409 00fa 0392     		str	r2, [sp, #12]
 166:Core/Src/usart.c **** 
 410              		.loc 1 166 5 view .LVU141
 411 00fc 039A     		ldr	r2, [sp, #12]
 412              	.LBE4:
 166:Core/Src/usart.c **** 
 413              		.loc 1 166 5 view .LVU142
 168:Core/Src/usart.c ****     /**USART3 GPIO Configuration
 414              		.loc 1 168 5 view .LVU143
 415              	.LBB5:
 168:Core/Src/usart.c ****     /**USART3 GPIO Configuration
 416              		.loc 1 168 5 view .LVU144
 417 00fe 0495     		str	r5, [sp, #16]
 168:Core/Src/usart.c ****     /**USART3 GPIO Configuration
 418              		.loc 1 168 5 view .LVU145
 419 0100 1A6B     		ldr	r2, [r3, #48]
 420 0102 42F00202 		orr	r2, r2, #2
 421 0106 1A63     		str	r2, [r3, #48]
 168:Core/Src/usart.c ****     /**USART3 GPIO Configuration
 422              		.loc 1 168 5 view .LVU146
 423 0108 1B6B     		ldr	r3, [r3, #48]
 424 010a 03F00203 		and	r3, r3, #2
 425 010e 0493     		str	r3, [sp, #16]
 168:Core/Src/usart.c ****     /**USART3 GPIO Configuration
 426              		.loc 1 168 5 view .LVU147
 427 0110 049B     		ldr	r3, [sp, #16]
 428              	.LBE5:
 168:Core/Src/usart.c ****     /**USART3 GPIO Configuration
 429              		.loc 1 168 5 view .LVU148
 173:Core/Src/usart.c ****     GPIO_InitStruct.Mode = GPIO_MODE_AF_PP;
 430              		.loc 1 173 5 view .LVU149
 173:Core/Src/usart.c ****     GPIO_InitStruct.Mode = GPIO_MODE_AF_PP;
 431              		.loc 1 173 25 is_stmt 0 view .LVU150
 432 0112 4FF44063 		mov	r3, #3072
 433 0116 0593     		str	r3, [sp, #20]
 174:Core/Src/usart.c ****     GPIO_InitStruct.Pull = GPIO_NOPULL;
 434              		.loc 1 174 5 is_stmt 1 view .LVU151
 174:Core/Src/usart.c ****     GPIO_InitStruct.Pull = GPIO_NOPULL;
 435              		.loc 1 174 26 is_stmt 0 view .LVU152
 436 0118 0223     		movs	r3, #2
 437 011a 0693     		str	r3, [sp, #24]
 175:Core/Src/usart.c ****     GPIO_InitStruct.Speed = GPIO_SPEED_FREQ_VERY_HIGH;
 438              		.loc 1 175 5 is_stmt 1 view .LVU153
 176:Core/Src/usart.c ****     GPIO_InitStruct.Alternate = GPIO_AF7_USART3;
 439              		.loc 1 176 5 view .LVU154
ARM GAS  C:\Users\30806\AppData\Local\Temp\ccGPMWaq.s 			page 14


 176:Core/Src/usart.c ****     GPIO_InitStruct.Alternate = GPIO_AF7_USART3;
 440              		.loc 1 176 27 is_stmt 0 view .LVU155
 441 011c 0323     		movs	r3, #3
 442 011e 0893     		str	r3, [sp, #32]
 177:Core/Src/usart.c ****     HAL_GPIO_Init(GPIOB, &GPIO_InitStruct);
 443              		.loc 1 177 5 is_stmt 1 view .LVU156
 177:Core/Src/usart.c ****     HAL_GPIO_Init(GPIOB, &GPIO_InitStruct);
 444              		.loc 1 177 31 is_stmt 0 view .LVU157
 445 0120 0723     		movs	r3, #7
 446 0122 0993     		str	r3, [sp, #36]
 178:Core/Src/usart.c **** 
 447              		.loc 1 178 5 is_stmt 1 view .LVU158
 448 0124 05A9     		add	r1, sp, #20
 449 0126 1C48     		ldr	r0, .L25+32
 450              	.LVL16:
 178:Core/Src/usart.c **** 
 451              		.loc 1 178 5 is_stmt 0 view .LVU159
 452 0128 FFF7FEFF 		bl	HAL_GPIO_Init
 453              	.LVL17:
 182:Core/Src/usart.c ****     hdma_usart3_rx.Init.Channel = DMA_CHANNEL_4;
 454              		.loc 1 182 5 is_stmt 1 view .LVU160
 182:Core/Src/usart.c ****     hdma_usart3_rx.Init.Channel = DMA_CHANNEL_4;
 455              		.loc 1 182 29 is_stmt 0 view .LVU161
 456 012c 1B48     		ldr	r0, .L25+36
 457 012e 1C4B     		ldr	r3, .L25+40
 458 0130 0360     		str	r3, [r0]
 183:Core/Src/usart.c ****     hdma_usart3_rx.Init.Direction = DMA_PERIPH_TO_MEMORY;
 459              		.loc 1 183 5 is_stmt 1 view .LVU162
 183:Core/Src/usart.c ****     hdma_usart3_rx.Init.Direction = DMA_PERIPH_TO_MEMORY;
 460              		.loc 1 183 33 is_stmt 0 view .LVU163
 461 0132 4FF00063 		mov	r3, #134217728
 462 0136 4360     		str	r3, [r0, #4]
 184:Core/Src/usart.c ****     hdma_usart3_rx.Init.PeriphInc = DMA_PINC_DISABLE;
 463              		.loc 1 184 5 is_stmt 1 view .LVU164
 184:Core/Src/usart.c ****     hdma_usart3_rx.Init.PeriphInc = DMA_PINC_DISABLE;
 464              		.loc 1 184 35 is_stmt 0 view .LVU165
 465 0138 8560     		str	r5, [r0, #8]
 185:Core/Src/usart.c ****     hdma_usart3_rx.Init.MemInc = DMA_MINC_ENABLE;
 466              		.loc 1 185 5 is_stmt 1 view .LVU166
 185:Core/Src/usart.c ****     hdma_usart3_rx.Init.MemInc = DMA_MINC_ENABLE;
 467              		.loc 1 185 35 is_stmt 0 view .LVU167
 468 013a C560     		str	r5, [r0, #12]
 186:Core/Src/usart.c ****     hdma_usart3_rx.Init.PeriphDataAlignment = DMA_PDATAALIGN_BYTE;
 469              		.loc 1 186 5 is_stmt 1 view .LVU168
 186:Core/Src/usart.c ****     hdma_usart3_rx.Init.PeriphDataAlignment = DMA_PDATAALIGN_BYTE;
 470              		.loc 1 186 32 is_stmt 0 view .LVU169
 471 013c 4FF48063 		mov	r3, #1024
 472 0140 0361     		str	r3, [r0, #16]
 187:Core/Src/usart.c ****     hdma_usart3_rx.Init.MemDataAlignment = DMA_MDATAALIGN_BYTE;
 473              		.loc 1 187 5 is_stmt 1 view .LVU170
 187:Core/Src/usart.c ****     hdma_usart3_rx.Init.MemDataAlignment = DMA_MDATAALIGN_BYTE;
 474              		.loc 1 187 45 is_stmt 0 view .LVU171
 475 0142 4561     		str	r5, [r0, #20]
 188:Core/Src/usart.c ****     hdma_usart3_rx.Init.Mode = DMA_CIRCULAR;
 476              		.loc 1 188 5 is_stmt 1 view .LVU172
 188:Core/Src/usart.c ****     hdma_usart3_rx.Init.Mode = DMA_CIRCULAR;
 477              		.loc 1 188 42 is_stmt 0 view .LVU173
ARM GAS  C:\Users\30806\AppData\Local\Temp\ccGPMWaq.s 			page 15


 478 0144 8561     		str	r5, [r0, #24]
 189:Core/Src/usart.c ****     hdma_usart3_rx.Init.Priority = DMA_PRIORITY_VERY_HIGH;
 479              		.loc 1 189 5 is_stmt 1 view .LVU174
 189:Core/Src/usart.c ****     hdma_usart3_rx.Init.Priority = DMA_PRIORITY_VERY_HIGH;
 480              		.loc 1 189 30 is_stmt 0 view .LVU175
 481 0146 4FF48073 		mov	r3, #256
 482 014a C361     		str	r3, [r0, #28]
 190:Core/Src/usart.c ****     hdma_usart3_rx.Init.FIFOMode = DMA_FIFOMODE_DISABLE;
 483              		.loc 1 190 5 is_stmt 1 view .LVU176
 190:Core/Src/usart.c ****     hdma_usart3_rx.Init.FIFOMode = DMA_FIFOMODE_DISABLE;
 484              		.loc 1 190 34 is_stmt 0 view .LVU177
 485 014c 4FF44033 		mov	r3, #196608
 486 0150 0362     		str	r3, [r0, #32]
 191:Core/Src/usart.c ****     if (HAL_DMA_Init(&hdma_usart3_rx) != HAL_OK)
 487              		.loc 1 191 5 is_stmt 1 view .LVU178
 191:Core/Src/usart.c ****     if (HAL_DMA_Init(&hdma_usart3_rx) != HAL_OK)
 488              		.loc 1 191 34 is_stmt 0 view .LVU179
 489 0152 4562     		str	r5, [r0, #36]
 192:Core/Src/usart.c ****     {
 490              		.loc 1 192 5 is_stmt 1 view .LVU180
 192:Core/Src/usart.c ****     {
 491              		.loc 1 192 9 is_stmt 0 view .LVU181
 492 0154 FFF7FEFF 		bl	HAL_DMA_Init
 493              	.LVL18:
 192:Core/Src/usart.c ****     {
 494              		.loc 1 192 8 view .LVU182
 495 0158 58B9     		cbnz	r0, .L24
 496              	.L18:
 197:Core/Src/usart.c **** 
 497              		.loc 1 197 5 is_stmt 1 view .LVU183
 197:Core/Src/usart.c **** 
 498              		.loc 1 197 5 view .LVU184
 499 015a 104B     		ldr	r3, .L25+36
 500 015c E363     		str	r3, [r4, #60]
 197:Core/Src/usart.c **** 
 501              		.loc 1 197 5 view .LVU185
 502 015e 9C63     		str	r4, [r3, #56]
 197:Core/Src/usart.c **** 
 503              		.loc 1 197 5 view .LVU186
 200:Core/Src/usart.c ****     HAL_NVIC_EnableIRQ(USART3_IRQn);
 504              		.loc 1 200 5 view .LVU187
 505 0160 0022     		movs	r2, #0
 506 0162 0521     		movs	r1, #5
 507 0164 2720     		movs	r0, #39
 508 0166 FFF7FEFF 		bl	HAL_NVIC_SetPriority
 509              	.LVL19:
 201:Core/Src/usart.c ****   /* USER CODE BEGIN USART3_MspInit 1 */
 510              		.loc 1 201 5 view .LVU188
 511 016a 2720     		movs	r0, #39
 512 016c FFF7FEFF 		bl	HAL_NVIC_EnableIRQ
 513              	.LVL20:
 514              		.loc 1 206 1 is_stmt 0 view .LVU189
 515 0170 56E7     		b	.L13
 516              	.L24:
 194:Core/Src/usart.c ****     }
 517              		.loc 1 194 7 is_stmt 1 view .LVU190
 518 0172 FFF7FEFF 		bl	Error_Handler
ARM GAS  C:\Users\30806\AppData\Local\Temp\ccGPMWaq.s 			page 16


 519              	.LVL21:
 520 0176 F0E7     		b	.L18
 521              	.L26:
 522              		.align	2
 523              	.L25:
 524 0178 00440040 		.word	1073759232
 525 017c 00480040 		.word	1073760256
 526 0180 00380240 		.word	1073887232
 527 0184 00000240 		.word	1073872896
 528 0188 00000000 		.word	.LANCHOR2
 529 018c 88600240 		.word	1073897608
 530 0190 00000000 		.word	.LANCHOR3
 531 0194 A0600240 		.word	1073897632
 532 0198 00040240 		.word	1073873920
 533 019c 00000000 		.word	.LANCHOR4
 534 01a0 28600240 		.word	1073897512
 535              		.cfi_endproc
 536              	.LFE136:
 538              		.section	.text.HAL_UART_MspDeInit,"ax",%progbits
 539              		.align	1
 540              		.global	HAL_UART_MspDeInit
 541              		.syntax unified
 542              		.thumb
 543              		.thumb_func
 544              		.fpu fpv4-sp-d16
 546              	HAL_UART_MspDeInit:
 547              	.LVL22:
 548              	.LFB137:
 207:Core/Src/usart.c **** 
 208:Core/Src/usart.c **** void HAL_UART_MspDeInit(UART_HandleTypeDef* uartHandle)
 209:Core/Src/usart.c **** {
 549              		.loc 1 209 1 view -0
 550              		.cfi_startproc
 551              		@ args = 0, pretend = 0, frame = 0
 552              		@ frame_needed = 0, uses_anonymous_args = 0
 553              		.loc 1 209 1 is_stmt 0 view .LVU192
 554 0000 10B5     		push	{r4, lr}
 555              		.cfi_def_cfa_offset 8
 556              		.cfi_offset 4, -8
 557              		.cfi_offset 14, -4
 558 0002 0446     		mov	r4, r0
 210:Core/Src/usart.c **** 
 211:Core/Src/usart.c ****   if(uartHandle->Instance==USART2)
 559              		.loc 1 211 3 is_stmt 1 view .LVU193
 560              		.loc 1 211 16 is_stmt 0 view .LVU194
 561 0004 0368     		ldr	r3, [r0]
 562              		.loc 1 211 5 view .LVU195
 563 0006 164A     		ldr	r2, .L33
 564 0008 9342     		cmp	r3, r2
 565 000a 03D0     		beq	.L31
 212:Core/Src/usart.c ****   {
 213:Core/Src/usart.c ****   /* USER CODE BEGIN USART2_MspDeInit 0 */
 214:Core/Src/usart.c **** 
 215:Core/Src/usart.c ****   /* USER CODE END USART2_MspDeInit 0 */
 216:Core/Src/usart.c ****     /* Peripheral clock disable */
 217:Core/Src/usart.c ****     __HAL_RCC_USART2_CLK_DISABLE();
 218:Core/Src/usart.c **** 
ARM GAS  C:\Users\30806\AppData\Local\Temp\ccGPMWaq.s 			page 17


 219:Core/Src/usart.c ****     /**USART2 GPIO Configuration
 220:Core/Src/usart.c ****     PA2     ------> USART2_TX
 221:Core/Src/usart.c ****     PA3     ------> USART2_RX
 222:Core/Src/usart.c ****     */
 223:Core/Src/usart.c ****     HAL_GPIO_DeInit(GPIOA, GPIO_PIN_2|GPIO_PIN_3);
 224:Core/Src/usart.c **** 
 225:Core/Src/usart.c ****     /* USART2 DMA DeInit */
 226:Core/Src/usart.c ****     HAL_DMA_DeInit(uartHandle->hdmarx);
 227:Core/Src/usart.c ****     HAL_DMA_DeInit(uartHandle->hdmatx);
 228:Core/Src/usart.c **** 
 229:Core/Src/usart.c ****     /* USART2 interrupt Deinit */
 230:Core/Src/usart.c ****     HAL_NVIC_DisableIRQ(USART2_IRQn);
 231:Core/Src/usart.c ****   /* USER CODE BEGIN USART2_MspDeInit 1 */
 232:Core/Src/usart.c **** 
 233:Core/Src/usart.c ****   /* USER CODE END USART2_MspDeInit 1 */
 234:Core/Src/usart.c ****   }
 235:Core/Src/usart.c ****   else if(uartHandle->Instance==USART3)
 566              		.loc 1 235 8 is_stmt 1 view .LVU196
 567              		.loc 1 235 10 is_stmt 0 view .LVU197
 568 000c 154A     		ldr	r2, .L33+4
 569 000e 9342     		cmp	r3, r2
 570 0010 14D0     		beq	.L32
 571              	.LVL23:
 572              	.L27:
 236:Core/Src/usart.c ****   {
 237:Core/Src/usart.c ****   /* USER CODE BEGIN USART3_MspDeInit 0 */
 238:Core/Src/usart.c **** 
 239:Core/Src/usart.c ****   /* USER CODE END USART3_MspDeInit 0 */
 240:Core/Src/usart.c ****     /* Peripheral clock disable */
 241:Core/Src/usart.c ****     __HAL_RCC_USART3_CLK_DISABLE();
 242:Core/Src/usart.c **** 
 243:Core/Src/usart.c ****     /**USART3 GPIO Configuration
 244:Core/Src/usart.c ****     PB10     ------> USART3_TX
 245:Core/Src/usart.c ****     PB11     ------> USART3_RX
 246:Core/Src/usart.c ****     */
 247:Core/Src/usart.c ****     HAL_GPIO_DeInit(GPIOB, GPIO_PIN_10|GPIO_PIN_11);
 248:Core/Src/usart.c **** 
 249:Core/Src/usart.c ****     /* USART3 DMA DeInit */
 250:Core/Src/usart.c ****     HAL_DMA_DeInit(uartHandle->hdmarx);
 251:Core/Src/usart.c **** 
 252:Core/Src/usart.c ****     /* USART3 interrupt Deinit */
 253:Core/Src/usart.c ****     HAL_NVIC_DisableIRQ(USART3_IRQn);
 254:Core/Src/usart.c ****   /* USER CODE BEGIN USART3_MspDeInit 1 */
 255:Core/Src/usart.c **** 
 256:Core/Src/usart.c ****   /* USER CODE END USART3_MspDeInit 1 */
 257:Core/Src/usart.c ****   }
 258:Core/Src/usart.c **** }
 573              		.loc 1 258 1 view .LVU198
 574 0012 10BD     		pop	{r4, pc}
 575              	.LVL24:
 576              	.L31:
 217:Core/Src/usart.c **** 
 577              		.loc 1 217 5 is_stmt 1 view .LVU199
 578 0014 02F5FA32 		add	r2, r2, #128000
 579 0018 136C     		ldr	r3, [r2, #64]
 580 001a 23F40033 		bic	r3, r3, #131072
 581 001e 1364     		str	r3, [r2, #64]
ARM GAS  C:\Users\30806\AppData\Local\Temp\ccGPMWaq.s 			page 18


 223:Core/Src/usart.c **** 
 582              		.loc 1 223 5 view .LVU200
 583 0020 0C21     		movs	r1, #12
 584 0022 1148     		ldr	r0, .L33+8
 585              	.LVL25:
 223:Core/Src/usart.c **** 
 586              		.loc 1 223 5 is_stmt 0 view .LVU201
 587 0024 FFF7FEFF 		bl	HAL_GPIO_DeInit
 588              	.LVL26:
 226:Core/Src/usart.c ****     HAL_DMA_DeInit(uartHandle->hdmatx);
 589              		.loc 1 226 5 is_stmt 1 view .LVU202
 590 0028 E06B     		ldr	r0, [r4, #60]
 591 002a FFF7FEFF 		bl	HAL_DMA_DeInit
 592              	.LVL27:
 227:Core/Src/usart.c **** 
 593              		.loc 1 227 5 view .LVU203
 594 002e A06B     		ldr	r0, [r4, #56]
 595 0030 FFF7FEFF 		bl	HAL_DMA_DeInit
 596              	.LVL28:
 230:Core/Src/usart.c ****   /* USER CODE BEGIN USART2_MspDeInit 1 */
 597              		.loc 1 230 5 view .LVU204
 598 0034 2620     		movs	r0, #38
 599 0036 FFF7FEFF 		bl	HAL_NVIC_DisableIRQ
 600              	.LVL29:
 601 003a EAE7     		b	.L27
 602              	.LVL30:
 603              	.L32:
 241:Core/Src/usart.c **** 
 604              		.loc 1 241 5 view .LVU205
 605 003c 02F5F832 		add	r2, r2, #126976
 606 0040 136C     		ldr	r3, [r2, #64]
 607 0042 23F48023 		bic	r3, r3, #262144
 608 0046 1364     		str	r3, [r2, #64]
 247:Core/Src/usart.c **** 
 609              		.loc 1 247 5 view .LVU206
 610 0048 4FF44061 		mov	r1, #3072
 611 004c 0748     		ldr	r0, .L33+12
 612              	.LVL31:
 247:Core/Src/usart.c **** 
 613              		.loc 1 247 5 is_stmt 0 view .LVU207
 614 004e FFF7FEFF 		bl	HAL_GPIO_DeInit
 615              	.LVL32:
 250:Core/Src/usart.c **** 
 616              		.loc 1 250 5 is_stmt 1 view .LVU208
 617 0052 E06B     		ldr	r0, [r4, #60]
 618 0054 FFF7FEFF 		bl	HAL_DMA_DeInit
 619              	.LVL33:
 253:Core/Src/usart.c ****   /* USER CODE BEGIN USART3_MspDeInit 1 */
 620              		.loc 1 253 5 view .LVU209
 621 0058 2720     		movs	r0, #39
 622 005a FFF7FEFF 		bl	HAL_NVIC_DisableIRQ
 623              	.LVL34:
 624              		.loc 1 258 1 is_stmt 0 view .LVU210
 625 005e D8E7     		b	.L27
 626              	.L34:
 627              		.align	2
 628              	.L33:
ARM GAS  C:\Users\30806\AppData\Local\Temp\ccGPMWaq.s 			page 19


 629 0060 00440040 		.word	1073759232
 630 0064 00480040 		.word	1073760256
 631 0068 00000240 		.word	1073872896
 632 006c 00040240 		.word	1073873920
 633              		.cfi_endproc
 634              	.LFE137:
 636              		.global	hdma_usart3_rx
 637              		.global	hdma_usart2_tx
 638              		.global	hdma_usart2_rx
 639              		.global	huart3
 640              		.global	huart2
 641              		.section	.bss.hdma_usart2_rx,"aw",%nobits
 642              		.align	2
 643              		.set	.LANCHOR2,. + 0
 646              	hdma_usart2_rx:
 647 0000 00000000 		.space	96
 647      00000000 
 647      00000000 
 647      00000000 
 647      00000000 
 648              		.section	.bss.hdma_usart2_tx,"aw",%nobits
 649              		.align	2
 650              		.set	.LANCHOR3,. + 0
 653              	hdma_usart2_tx:
 654 0000 00000000 		.space	96
 654      00000000 
 654      00000000 
 654      00000000 
 654      00000000 
 655              		.section	.bss.hdma_usart3_rx,"aw",%nobits
 656              		.align	2
 657              		.set	.LANCHOR4,. + 0
 660              	hdma_usart3_rx:
 661 0000 00000000 		.space	96
 661      00000000 
 661      00000000 
 661      00000000 
 661      00000000 
 662              		.section	.bss.huart2,"aw",%nobits
 663              		.align	2
 664              		.set	.LANCHOR0,. + 0
 667              	huart2:
 668 0000 00000000 		.space	72
 668      00000000 
 668      00000000 
 668      00000000 
 668      00000000 
 669              		.section	.bss.huart3,"aw",%nobits
 670              		.align	2
 671              		.set	.LANCHOR1,. + 0
 674              	huart3:
 675 0000 00000000 		.space	72
 675      00000000 
 675      00000000 
 675      00000000 
 675      00000000 
 676              		.text
ARM GAS  C:\Users\30806\AppData\Local\Temp\ccGPMWaq.s 			page 20


 677              	.Letext0:
 678              		.file 2 "c:\\users\\30806\\.eide\\tools\\gcc_arm\\arm-none-eabi\\include\\machine\\_default_types.
 679              		.file 3 "c:\\users\\30806\\.eide\\tools\\gcc_arm\\arm-none-eabi\\include\\sys\\_stdint.h"
 680              		.file 4 "Drivers/CMSIS/Device/ST/STM32F4xx/Include/stm32f405xx.h"
 681              		.file 5 "Drivers/STM32F4xx_HAL_Driver/Inc/stm32f4xx_hal_def.h"
 682              		.file 6 "Drivers/STM32F4xx_HAL_Driver/Inc/stm32f4xx_hal_gpio.h"
 683              		.file 7 "Drivers/STM32F4xx_HAL_Driver/Inc/stm32f4xx_hal_dma.h"
 684              		.file 8 "Drivers/STM32F4xx_HAL_Driver/Inc/stm32f4xx_hal_uart.h"
 685              		.file 9 "Core/Inc/usart.h"
 686              		.file 10 "Drivers/STM32F4xx_HAL_Driver/Inc/stm32f4xx_hal_cortex.h"
 687              		.file 11 "Core/Inc/main.h"
ARM GAS  C:\Users\30806\AppData\Local\Temp\ccGPMWaq.s 			page 21


DEFINED SYMBOLS
                            *ABS*:00000000 usart.c
C:\Users\30806\AppData\Local\Temp\ccGPMWaq.s:18     .text.MX_USART2_UART_Init:00000000 $t
C:\Users\30806\AppData\Local\Temp\ccGPMWaq.s:26     .text.MX_USART2_UART_Init:00000000 MX_USART2_UART_Init
C:\Users\30806\AppData\Local\Temp\ccGPMWaq.s:84     .text.MX_USART2_UART_Init:0000002c $d
C:\Users\30806\AppData\Local\Temp\ccGPMWaq.s:90     .text.MX_USART3_UART_Init:00000000 $t
C:\Users\30806\AppData\Local\Temp\ccGPMWaq.s:97     .text.MX_USART3_UART_Init:00000000 MX_USART3_UART_Init
C:\Users\30806\AppData\Local\Temp\ccGPMWaq.s:155    .text.MX_USART3_UART_Init:00000030 $d
C:\Users\30806\AppData\Local\Temp\ccGPMWaq.s:162    .text.HAL_UART_MspInit:00000000 $t
C:\Users\30806\AppData\Local\Temp\ccGPMWaq.s:169    .text.HAL_UART_MspInit:00000000 HAL_UART_MspInit
C:\Users\30806\AppData\Local\Temp\ccGPMWaq.s:524    .text.HAL_UART_MspInit:00000178 $d
C:\Users\30806\AppData\Local\Temp\ccGPMWaq.s:539    .text.HAL_UART_MspDeInit:00000000 $t
C:\Users\30806\AppData\Local\Temp\ccGPMWaq.s:546    .text.HAL_UART_MspDeInit:00000000 HAL_UART_MspDeInit
C:\Users\30806\AppData\Local\Temp\ccGPMWaq.s:629    .text.HAL_UART_MspDeInit:00000060 $d
C:\Users\30806\AppData\Local\Temp\ccGPMWaq.s:660    .bss.hdma_usart3_rx:00000000 hdma_usart3_rx
C:\Users\30806\AppData\Local\Temp\ccGPMWaq.s:653    .bss.hdma_usart2_tx:00000000 hdma_usart2_tx
C:\Users\30806\AppData\Local\Temp\ccGPMWaq.s:646    .bss.hdma_usart2_rx:00000000 hdma_usart2_rx
C:\Users\30806\AppData\Local\Temp\ccGPMWaq.s:674    .bss.huart3:00000000 huart3
C:\Users\30806\AppData\Local\Temp\ccGPMWaq.s:667    .bss.huart2:00000000 huart2
C:\Users\30806\AppData\Local\Temp\ccGPMWaq.s:642    .bss.hdma_usart2_rx:00000000 $d
C:\Users\30806\AppData\Local\Temp\ccGPMWaq.s:649    .bss.hdma_usart2_tx:00000000 $d
C:\Users\30806\AppData\Local\Temp\ccGPMWaq.s:656    .bss.hdma_usart3_rx:00000000 $d
C:\Users\30806\AppData\Local\Temp\ccGPMWaq.s:663    .bss.huart2:00000000 $d
C:\Users\30806\AppData\Local\Temp\ccGPMWaq.s:670    .bss.huart3:00000000 $d

UNDEFINED SYMBOLS
HAL_UART_Init
Error_Handler
HAL_GPIO_Init
HAL_DMA_Init
HAL_NVIC_SetPriority
HAL_NVIC_EnableIRQ
HAL_GPIO_DeInit
HAL_DMA_DeInit
HAL_NVIC_DisableIRQ
